2024-02-01 16:16:21,928 - [  INFO] - flags: []
2024-02-01 16:16:21,928 - [  INFO] - # POSITIONING TEST COMPANION (v1.21)
2024-02-01 16:16:21,929 - [  INFO] - # What a beautiful day to stick some anti-pigeon spikes into plastic!
2024-02-01 16:16:21,931 - [  INFO] - # BEGIN POSITIONING TEST FOR A CANDIDATE, ONE SINGLE PHASE (f8003f)
2024-02-01 16:16:21,932 - [  INFO] - # 2024/02/01 - 16:16:21
2024-02-01 16:16:21,932 - [  INFO] - DATA COLLECTION - TEST - (f8003f)
2024-02-01 16:16:23,775 - [ DEBUG] - |-- phase [INTEGER]:                	|0|
2024-02-01 16:16:25,216 - [ DEBUG] - |-- phantom id [STRING]:            	|02|
2024-02-01 16:16:28,899 - [ DEBUG] - |-- name [STRING]:                  	|mario|
2024-02-01 16:16:38,090 - [ DEBUG] - |-- surname [STRING]:               	|ciancia|
2024-02-01 16:16:39,633 - [ DEBUG] - |-- gender [M/F]:                   	|m|
2024-02-01 16:16:41,822 - [ DEBUG] - |-- right-handed [Y/N]:             	|y|
2024-02-01 16:16:44,778 - [ DEBUG] - |-- age [INTEGER]:                  	|29|
2024-02-01 16:16:46,627 - [ DEBUG] - |-- medsurg year        [-1 : 6]:   	|-1|
2024-02-01 16:16:48,864 - [ DEBUG] - |-- specialization year [-1 : 5]:   	|3|
2024-02-01 16:16:49,818 - [ DEBUG] - |-- surgeon year        [-1 : 100]: 	|-1|
2024-02-01 16:17:06,429 - [ DEBUG] - |-- exp operation count [INTEGER]:  	|15|
2024-02-01 16:17:09,411 - [ DEBUG] - |-- glasses [Y/N]:                  	|n|
2024-02-01 16:17:10,791 - [ DEBUG] - |-- glasses type [None [] / Myopia (Nearsightedness) [M] / Hyperopia (Farsightedness) [H] / Astigmatism [AS] / Presbyopia [P] / Strabismus [S] / Amblyopia (Lazy Eye) [AM] / Cataract [C]: 	||
2024-02-01 16:17:12,010 - [ DEBUG] - |-- glasses power [-1 : 100]:       	|-1|
2024-02-01 16:17:27,739 - [ DEBUG] - |-- exp Virtual Reality   [0 : 5]:  	|0|
2024-02-01 16:17:53,844 - [ DEBUG] - |-- exp Augmented Reality [0 : 5]:  	|0|
2024-02-01 16:18:14,599 - [ DEBUG] - |-- exp 3D editors        [0 : 5]:  	|0|
2024-02-01 16:18:16,233 - [ DEBUG] - TECHNICAL:	 is data entered correct? [Y/N]: 	|y|
2024-02-01 16:18:16,234 - [  INFO] - ########################
2024-02-01 16:18:16,234 - [  INFO] - ECP1 START! (34aabcad)
2024-02-01 16:18:16,235 - [  INFO] - ------------------------
2024-02-01 16:18:16,236 - [  INFO] - PA1.1 START! (41d00729ac)
2024-02-01 16:18:17,410 - [ DEBUG] - PERFORM:	 reset x-ray machine [ENTER when done]: 	||
2024-02-01 16:21:15,090 - [ DEBUG] - PERFORM:	 give instruction to insert k-wire [ENTER when instruction given]: 	||
2024-02-01 16:24:58,118 - [ DEBUG] - CANDIDATE:	 inserting k-wire... -> checks it and declares it failed [f] or successful [s] (restart timer [r]): 	|f|
2024-02-01 16:24:58,118 - [  INFO] - \_candidate has FAILED positioning attempt!
2024-02-01 16:24:58,118 - [  INFO] - DATA COLLECTION - PA1.1 - (41d00729ac)
2024-02-01 16:25:58,577 - [ DEBUG] - |-- CANDIDATE: entrance point distance from entrance point target? [FLOAT]: 	|7|
2024-02-01 16:26:46,118 - [ DEBUG] - |-- CANDIDATE: confidence on angle in deg? [FLOAT]:                         	|25|
2024-02-01 16:27:19,547 - [ DEBUG] - |-- CANDIDATE: estimate structures hit [Y/N]?:                              	|y|
2024-02-01 16:27:45,245 - [ DEBUG] - |-- RADIATION picture count       [INT]  : 	|24|
2024-02-01 16:30:26,064 - [ DEBUG] - |-- P1M:2 [FLOAT]: 	|77.86|
2024-02-01 16:30:40,784 - [ DEBUG] - |-- P1M:3 [FLOAT]: 	|51.05|
2024-02-01 16:30:59,046 - [ DEBUG] - |-- P1M:7 [FLOAT]: 	|105.88|
2024-02-01 16:31:13,615 - [ DEBUG] - |-- P1M:8 [FLOAT]: 	|92.46|
2024-02-01 16:31:39,857 - [ DEBUG] - |-- P2M:2 [FLOAT]: 	|66.04|
2024-02-01 16:31:50,984 - [ DEBUG] - |-- P2M:3 [FLOAT]: 	|54.56|
2024-02-01 16:32:13,311 - [ DEBUG] - |-- P2M:7 [FLOAT]: 	|78.14|
2024-02-01 16:32:24,164 - [ DEBUG] - |-- P2M:8 [FLOAT]: 	|69.18|
2024-02-01 16:32:34,228 - [ DEBUG] - |-- P1M:2 virtual [FLOAT]: 	|77.771|
2024-02-01 16:32:34,229 - [ DEBUG] - |-- P1M:3 virtual [FLOAT]: 	|52.029|
2024-02-01 16:32:34,230 - [ DEBUG] - |-- P1M:7 virtual [FLOAT]: 	|106.906|
2024-02-01 16:32:34,230 - [ DEBUG] - |-- P1M:8 virtual [FLOAT]: 	|91.809|
2024-02-01 16:32:34,231 - [ DEBUG] - |-- P2M:2 virtual [FLOAT]: 	|69.181|
2024-02-01 16:32:34,231 - [ DEBUG] - |-- P2M:3 virtual [FLOAT]: 	|61.823|
2024-02-01 16:32:34,231 - [ DEBUG] - |-- P2M:7 virtual [FLOAT]: 	|71.519|
2024-02-01 16:32:35,377 - [ DEBUG] - |-- P2M:8 virtual [FLOAT]: 	|62.726|
2024-02-01 16:32:37,043 - [ DEBUG] - TECHNICAL:	 is data entered correct? [Y/N]: 	|y|
2024-02-01 16:32:37,049 - [  INFO] - PERFORM:	 test following string on fusion 360 (already copied in clipboard) -> 
{"datatype": "PA", "TEST_id": "f8003f", "ECP_id": "34aabcad", "id": "41d00729ac", "comment": "", "time_init": 1706800875.09, "phase": 0, "ECP_number": 1, "PA_number": 1, "success": false, "PA_D": -1.0, "PA_RPC": 24, "P1A": 77.06, "P1B": 50.25, "P1C": 105.08, "P1D": 91.66, "P2A": 65.24000000000001, "P2B": 53.760000000000005, "P2C": 77.34, "P2D": 68.38000000000001, "P1A_F": -1.0, "P1B_F": -1.0, "P1C_F": -1.0, "P1D_F": -1.0, "P2A_F": -1.0, "P2B_F": -1.0, "P2C_F": -1.0, "P2D_F": -1.0, "P2eA": -1.0, "P2eB": -1.0, "P2eC": -1.0, "P2eD": -1.0, "P1A_U": 77.771, "P1B_U": 52.029, "P1C_U": 106.906, "P1D_U": 91.809, "P2eA_U": 69.181, "P2eB_U": 61.823, "P2eC_U": 71.519, "P2eD_U": 62.726, "P1_mean_max": 1.0, "P1_mean": -1.0, "P2_mean_max": 2.0, "P2_mean": -1.0, "confidence_position": 7.0, "confidence_angle": 25.0, "estimate_hit": true, "target": "ECP:1", "markers": {"A": "M:2", "B": "M:3", "C": "M:7", "D": "M:8"}, "fusion_computed": false, "anatomy": {"basilic vein": -1.0, "brachial artery": -1.0, "brachial vein": -1.0, "cephalic vein": -1.0, "inferior ulnar collateral artery": -1.0, "median antebrachial vein": -1.0, "median cubital vein": -1.0, "median cubital vein 1": -1.0, "middle collateral artery": -1.0, "radial artery": -1.0, "radial collateral artery": -1.0, "radial veins": -1.0, "random artery 1": -1.0, "random artery 2": -1.0, "ulnar artery": -1.0, "ulnar veins": -1.0, "anterior branch of medial antebrachial cutaneous nerve": -1.0, "anterior interosseous nerve of forearm": -1.0, "deep branch of radial nerve": -1.0, "lateral antebrachial cutaneous nerve": -1.0, "median nerve": -1.0, "muscular branches of radial nerve": -1.0, "musculocutaneous nerve": -1.0, "posterior antebrachial cutaneous nerve": -1.0, "posterior branch of medial antebrachial cutaneous nerve": -1.0, "radial nerve": -1.0, "superficial branch of radial nerve": -1.0, "ulnar nerve": -1.0}, "angle_PA_target": -1.0, "distance_P1_PA_target": -1.0, "distance_P1_PA_target_X": -1.0, "distance_P1_PA_target_Y": -1.0, "distance_P1_PA_target_Z": -1.0, "distance_P2_PA_target": -1.0, "distance_P2_PA_target_X": -1.0, "distance_P2_PA_target_Y": -1.0, "distance_P2_PA_target_Z": -1.0, "distance_P2e_PA_target": -1.0, "distance_P2e_PA_target_X": -1.0, "distance_P2e_PA_target_Y": -1.0, "distance_P2e_PA_target_Z": -1.0, "delta_id_PA_target": -1.0}
2024-02-01 16:32:52,364 - [ DEBUG] - PERFORM:	 enter data from fusion 360: 	|{"datatype": "PA", "TEST_id": "f8003f", "ECP_id": "34aabcad", "id": "41d00729ac", "comment": "", "time_init": 1706800875.09, "phase": 0, "ECP_number": 1, "PA_number": 1, "success": false, "PA_D": -1.0, "PA_RPC": 24, "P1A": 77.06, "P1B": 50.25, "P1C": 105.08, "P1D": 91.66, "P2A": 65.24000000000001, "P2B": 53.760000000000005, "P2C": 77.34, "P2D": 68.38000000000001, "P1A_F": 76.237, "P1B_F": 51.247, "P1C_F": 105.556, "P1D_F": 90.979, "P2A_F": 65.196, "P2B_F": 54.112, "P2C_F": 78.282, "P2D_F": 68.386, "P2eA": 65.133, "P2eB": 51.155, "P2eC": 81.741, "P2eD": 70.712, "P1A_U": 77.771, "P1B_U": 52.029, "P1C_U": 106.906, "P1D_U": 91.809, "P2eA_U": 69.181, "P2eB_U": 61.823, "P2eC_U": 71.519, "P2eD_U": 62.726, "P1_mean_max": 1.0, "P1_mean": 2.976, "P2_mean_max": 2.0, "P2_mean": 1.431, "confidence_position": 7.0, "confidence_angle": 25.0, "estimate_hit": true, "target": "ECP:1", "markers": {"A": "M:2", "B": "M:3", "C": "M:7", "D": "M:8"}, "fusion_computed": true, "anatomy": {"basilic vein": 19.717, "brachial artery": 16.253, "brachial vein": 12.14, "cephalic vein": 21.815, "inferior ulnar collateral artery": 14.93, "median antebrachial vein": 35.283, "median cubital vein": 19.439, "median cubital vein 1": 21.88, "middle collateral artery": 18.423, "radial artery": 17.699, "radial collateral artery": 3.201, "radial veins": 24.887, "random artery 1": 5.291, "random artery 2": 27.353, "ulnar artery": 17.699, "ulnar veins": 24.886, "anterior branch of medial antebrachial cutaneous nerve": 27.399, "anterior interosseous nerve of forearm": 20.638, "deep branch of radial nerve": 12.875, "lateral antebrachial cutaneous nerve": 15.433, "median nerve": 19.958, "muscular branches of radial nerve": 12.747, "musculocutaneous nerve": 13.791, "posterior antebrachial cutaneous nerve": 2.996, "posterior branch of medial antebrachial cutaneous nerve": 6.826, "radial nerve": 12.361, "superficial branch of radial nerve": 13.361, "ulnar nerve": 0.702}, "angle_PA_target": 14.272, "distance_P1_PA_target": 20.878, "distance_P1_PA_target_X": 1.52, "distance_P1_PA_target_Y": -19.462, "distance_P1_PA_target_Z": 7.404, "distance_P2_PA_target": 10.465, "distance_P2_PA_target_X": -3.513, "distance_P2_PA_target_Y": -8.699, "distance_P2_PA_target_Z": 4.636, "distance_P2e_PA_target": 7.603, "distance_P2e_PA_target_X": -0.936, "distance_P2e_PA_target_Y": -7.308, "distance_P2e_PA_target_Z": -1.873, "delta_id_PA_target": 11.428}|
2024-02-01 16:32:52,364 - [  INFO] - TECHNICAL:	 ATTENTION: P1 measurement error is above max allowed! Please take measurement again:
2024-02-01 16:33:38,351 - [ DEBUG] - |-- P1M:2 [FLOAT]: 	|76.48|
2024-02-01 16:33:53,558 - [ DEBUG] - |-- P1M:3 [FLOAT]: 	|52.43|
2024-02-01 16:34:00,877 - [ DEBUG] - |-- P1M:7 [FLOAT]: 	|1|
2024-02-01 16:34:01,106 - [ DEBUG] - |-- P1M:8 [FLOAT]: 	|1|
2024-02-01 16:34:01,110 - [  INFO] - PERFORM:	 test following string on fusion 360 (already copied in clipboard) -> 
{"datatype": "PA", "TEST_id": "f8003f", "ECP_id": "34aabcad", "id": "41d00729ac", "comment": "", "time_init": 1706800875.09, "phase": 0, "ECP_number": 1, "PA_number": 1, "success": false, "PA_D": -1.0, "PA_RPC": 24, "P1A": 76.48, "P1B": 52.43, "P1C": 1.0, "P1D": 1.0, "P2A": 65.24000000000001, "P2B": 53.760000000000005, "P2C": 77.34, "P2D": 68.38000000000001, "P1A_F": 76.237, "P1B_F": 51.247, "P1C_F": 105.556, "P1D_F": 90.979, "P2A_F": 65.196, "P2B_F": 54.112, "P2C_F": 78.282, "P2D_F": 68.386, "P2eA": 65.133, "P2eB": 51.155, "P2eC": 81.741, "P2eD": 70.712, "P1A_U": 77.771, "P1B_U": 52.029, "P1C_U": 106.906, "P1D_U": 91.809, "P2eA_U": 69.181, "P2eB_U": 61.823, "P2eC_U": 71.519, "P2eD_U": 62.726, "P1_mean_max": 1.0, "P1_mean": 2.976, "P2_mean_max": 2.0, "P2_mean": 1.431, "confidence_position": 7.0, "confidence_angle": 25.0, "estimate_hit": true, "target": "ECP:1", "markers": {"A": "M:2", "B": "M:3", "C": "M:7", "D": "M:8"}, "fusion_computed": true, "anatomy": {"basilic vein": 19.717, "brachial artery": 16.253, "brachial vein": 12.14, "cephalic vein": 21.815, "inferior ulnar collateral artery": 14.93, "median antebrachial vein": 35.283, "median cubital vein": 19.439, "median cubital vein 1": 21.88, "middle collateral artery": 18.423, "radial artery": 17.699, "radial collateral artery": 3.201, "radial veins": 24.887, "random artery 1": 5.291, "random artery 2": 27.353, "ulnar artery": 17.699, "ulnar veins": 24.886, "anterior branch of medial antebrachial cutaneous nerve": 27.399, "anterior interosseous nerve of forearm": 20.638, "deep branch of radial nerve": 12.875, "lateral antebrachial cutaneous nerve": 15.433, "median nerve": 19.958, "muscular branches of radial nerve": 12.747, "musculocutaneous nerve": 13.791, "posterior antebrachial cutaneous nerve": 2.996, "posterior branch of medial antebrachial cutaneous nerve": 6.826, "radial nerve": 12.361, "superficial branch of radial nerve": 13.361, "ulnar nerve": 0.702}, "angle_PA_target": 14.272, "distance_P1_PA_target": 20.878, "distance_P1_PA_target_X": 1.52, "distance_P1_PA_target_Y": -19.462, "distance_P1_PA_target_Z": 7.404, "distance_P2_PA_target": 10.465, "distance_P2_PA_target_X": -3.513, "distance_P2_PA_target_Y": -8.699, "distance_P2_PA_target_Z": 4.636, "distance_P2e_PA_target": 7.603, "distance_P2e_PA_target_X": -0.936, "distance_P2e_PA_target_Y": -7.308, "distance_P2e_PA_target_Z": -1.873, "delta_id_PA_target": 11.428}
2024-02-01 16:34:03,603 - [ DEBUG] - PERFORM:	 enter data from fusion 360: 	|{"datatype": "PA", "TEST_id": "f8003f", "ECP_id": "34aabcad", "id": "41d00729ac", "comment": "", "time_init": 1706800875.09, "phase": 0, "ECP_number": 1, "PA_number": 1, "success": false, "PA_D": -1.0, "PA_RPC": 24, "P1A": 76.48, "P1B": 52.43, "P1C": 1.0, "P1D": 1.0, "P2A": 65.24000000000001, "P2B": 53.760000000000005, "P2C": 77.34, "P2D": 68.38000000000001, "P1A_F": 76.237, "P1B_F": 51.247, "P1C_F": 105.556, "P1D_F": 90.979, "P2A_F": 65.196, "P2B_F": 54.112, "P2C_F": 78.282, "P2D_F": 68.386, "P2eA": 65.133, "P2eB": 51.155, "P2eC": 81.741, "P2eD": 70.712, "P1A_U": 77.771, "P1B_U": 52.029, "P1C_U": 106.906, "P1D_U": 91.809, "P2eA_U": 69.181, "P2eB_U": 61.823, "P2eC_U": 71.519, "P2eD_U": 62.726, "P1_mean_max": 1.0, "P1_mean": 2.976, "P2_mean_max": 2.0, "P2_mean": 1.431, "confidence_position": 7.0, "confidence_angle": 25.0, "estimate_hit": true, "target": "ECP:1", "markers": {"A": "M:2", "B": "M:3", "C": "M:7", "D": "M:8"}, "fusion_computed": true, "anatomy": {"basilic vein": 19.717, "brachial artery": 16.253, "brachial vein": 12.14, "cephalic vein": 21.815, "inferior ulnar collateral artery": 14.93, "median antebrachial vein": 35.283, "median cubital vein": 19.439, "median cubital vein 1": 21.88, "middle collateral artery": 18.423, "radial artery": 17.699, "radial collateral artery": 3.201, "radial veins": 24.887, "random artery 1": 5.291, "random artery 2": 27.353, "ulnar artery": 17.699, "ulnar veins": 24.886, "anterior branch of medial antebrachial cutaneous nerve": 27.399, "anterior interosseous nerve of forearm": 20.638, "deep branch of radial nerve": 12.875, "lateral antebrachial cutaneous nerve": 15.433, "median nerve": 19.958, "muscular branches of radial nerve": 12.747, "musculocutaneous nerve": 13.791, "posterior antebrachial cutaneous nerve": 2.996, "posterior branch of medial antebrachial cutaneous nerve": 6.826, "radial nerve": 12.361, "superficial branch of radial nerve": 13.361, "ulnar nerve": 0.702}, "angle_PA_target": 14.272, "distance_P1_PA_target": 20.878, "distance_P1_PA_target_X": 1.52, "distance_P1_PA_target_Y": -19.462, "distance_P1_PA_target_Z": 7.404, "distance_P2_PA_target": 10.465, "distance_P2_PA_target_X": -3.513, "distance_P2_PA_target_Y": -8.699, "distance_P2_PA_target_Z": 4.636, "distance_P2e_PA_target": 7.603, "distance_P2e_PA_target_X": -0.936, "distance_P2e_PA_target_Y": -7.308, "distance_P2e_PA_target_Z": -1.873, "delta_id_PA_target": 11.428}|
2024-02-01 16:34:03,603 - [  INFO] - TECHNICAL:	 ATTENTION: P1 measurement error is above max allowed! Please take measurement again:
2024-02-01 16:34:09,513 - [ DEBUG] - |-- P1M:2 [FLOAT]: 	|76.48|
2024-02-01 16:34:14,717 - [ DEBUG] - |-- P1M:3 [FLOAT]: 	|52.23|
2024-02-01 16:34:22,580 - [ DEBUG] - |-- P1M:7 [FLOAT]: 	|105.76|
2024-02-01 16:34:30,817 - [ DEBUG] - |-- P1M:8 [FLOAT]: 	|92.37|
2024-02-01 16:34:30,820 - [  INFO] - PERFORM:	 test following string on fusion 360 (already copied in clipboard) -> 
{"datatype": "PA", "TEST_id": "f8003f", "ECP_id": "34aabcad", "id": "41d00729ac", "comment": "", "time_init": 1706800875.09, "phase": 0, "ECP_number": 1, "PA_number": 1, "success": false, "PA_D": -1.0, "PA_RPC": 24, "P1A": 76.48, "P1B": 52.23, "P1C": 105.76, "P1D": 92.37, "P2A": 65.24000000000001, "P2B": 53.760000000000005, "P2C": 77.34, "P2D": 68.38000000000001, "P1A_F": 76.237, "P1B_F": 51.247, "P1C_F": 105.556, "P1D_F": 90.979, "P2A_F": 65.196, "P2B_F": 54.112, "P2C_F": 78.282, "P2D_F": 68.386, "P2eA": 65.133, "P2eB": 51.155, "P2eC": 81.741, "P2eD": 70.712, "P1A_U": 77.771, "P1B_U": 52.029, "P1C_U": 106.906, "P1D_U": 91.809, "P2eA_U": 69.181, "P2eB_U": 61.823, "P2eC_U": 71.519, "P2eD_U": 62.726, "P1_mean_max": 1.0, "P1_mean": 2.976, "P2_mean_max": 2.0, "P2_mean": 1.431, "confidence_position": 7.0, "confidence_angle": 25.0, "estimate_hit": true, "target": "ECP:1", "markers": {"A": "M:2", "B": "M:3", "C": "M:7", "D": "M:8"}, "fusion_computed": true, "anatomy": {"basilic vein": 19.717, "brachial artery": 16.253, "brachial vein": 12.14, "cephalic vein": 21.815, "inferior ulnar collateral artery": 14.93, "median antebrachial vein": 35.283, "median cubital vein": 19.439, "median cubital vein 1": 21.88, "middle collateral artery": 18.423, "radial artery": 17.699, "radial collateral artery": 3.201, "radial veins": 24.887, "random artery 1": 5.291, "random artery 2": 27.353, "ulnar artery": 17.699, "ulnar veins": 24.886, "anterior branch of medial antebrachial cutaneous nerve": 27.399, "anterior interosseous nerve of forearm": 20.638, "deep branch of radial nerve": 12.875, "lateral antebrachial cutaneous nerve": 15.433, "median nerve": 19.958, "muscular branches of radial nerve": 12.747, "musculocutaneous nerve": 13.791, "posterior antebrachial cutaneous nerve": 2.996, "posterior branch of medial antebrachial cutaneous nerve": 6.826, "radial nerve": 12.361, "superficial branch of radial nerve": 13.361, "ulnar nerve": 0.702}, "angle_PA_target": 14.272, "distance_P1_PA_target": 20.878, "distance_P1_PA_target_X": 1.52, "distance_P1_PA_target_Y": -19.462, "distance_P1_PA_target_Z": 7.404, "distance_P2_PA_target": 10.465, "distance_P2_PA_target_X": -3.513, "distance_P2_PA_target_Y": -8.699, "distance_P2_PA_target_Z": 4.636, "distance_P2e_PA_target": 7.603, "distance_P2e_PA_target_X": -0.936, "distance_P2e_PA_target_Y": -7.308, "distance_P2e_PA_target_Z": -1.873, "delta_id_PA_target": 11.428}
2024-02-01 16:34:42,079 - [ DEBUG] - PERFORM:	 enter data from fusion 360: 	|{"datatype": "PA", "TEST_id": "f8003f", "ECP_id": "34aabcad", "id": "41d00729ac", "comment": "", "time_init": 1706800875.09, "phase": 0, "ECP_number": 1, "PA_number": 1, "success": false, "PA_D": -1.0, "PA_RPC": 24, "P1A": 76.48, "P1B": 52.23, "P1C": 105.76, "P1D": 92.37, "P2A": 65.24000000000001, "P2B": 53.760000000000005, "P2C": 77.34, "P2D": 68.38000000000001, "P1A_F": 76.239, "P1B_F": 52.547, "P1C_F": 105.915, "P1D_F": 92.175, "P2A_F": 65.196, "P2B_F": 54.112, "P2C_F": 78.282, "P2D_F": 68.386, "P2eA": 64.982, "P2eB": 51.268, "P2eC": 81.58, "P2eD": 70.739, "P1A_U": 77.771, "P1B_U": 52.029, "P1C_U": 106.906, "P1D_U": 91.809, "P2eA_U": 69.181, "P2eB_U": 61.823, "P2eC_U": 71.519, "P2eD_U": 62.726, "P1_mean_max": 1.0, "P1_mean": 0.893, "P2_mean_max": 2.0, "P2_mean": 1.431, "confidence_position": 7.0, "confidence_angle": 25.0, "estimate_hit": true, "target": "ECP:1", "markers": {"A": "M:2", "B": "M:3", "C": "M:7", "D": "M:8"}, "fusion_computed": true, "anatomy": {"basilic vein": 20.2, "brachial artery": 17.885, "brachial vein": 13.741, "cephalic vein": 24.007, "inferior ulnar collateral artery": 15.239, "median antebrachial vein": 35.619, "median cubital vein": 21.137, "median cubital vein 1": 23.278, "middle collateral artery": 16.591, "radial artery": 19.377, "radial collateral artery": 6.177, "radial veins": 26.222, "random artery 1": 4.96, "random artery 2": 27.662, "ulnar artery": 19.377, "ulnar veins": 26.186, "anterior branch of medial antebrachial cutaneous nerve": 28.098, "anterior interosseous nerve of forearm": 21.947, "deep branch of radial nerve": 14.894, "lateral antebrachial cutaneous nerve": 17.022, "median nerve": 21.2, "muscular branches of radial nerve": 11.061, "musculocutaneous nerve": 15.304, "posterior antebrachial cutaneous nerve": 3.749, "posterior branch of medial antebrachial cutaneous nerve": 6.669, "radial nerve": 14.431, "superficial branch of radial nerve": 15.392, "ulnar nerve": 0.893}, "angle_PA_target": 12.281, "distance_P1_PA_target": 18.571, "distance_P1_PA_target_X": 1.975, "distance_P1_PA_target_Y": -17.329, "distance_P1_PA_target_Z": 6.381, "distance_P2_PA_target": 10.465, "distance_P2_PA_target_X": -3.513, "distance_P2_PA_target_Y": -8.699, "distance_P2_PA_target_Z": 4.636, "distance_P2e_PA_target": 7.313, "distance_P2e_PA_target_X": -0.95, "distance_P2e_PA_target_Y": -7.019, "distance_P2e_PA_target_Z": -1.819, "delta_id_PA_target": 9.885}|
2024-02-01 16:34:44,170 - [ DEBUG] - TECHNICAL:	 want to remeasure P1? [Y/N]: 	|n|
2024-02-01 16:34:44,757 - [ DEBUG] - TECHNICAL:	 want to remeasure P2? [Y/N]: 	|n|
2024-02-01 16:34:46,431 - [ DEBUG] - TECHNICAL:	 comment on PA (41d00729ac) [STRING]: 	||
2024-02-01 16:36:11,856 - [ DEBUG] - TECHNICAL:	 remove kwire from phanotm [ENTER when done]: 	||
2024-02-01 16:36:11,856 - [  INFO] - PA1.1 FINISHED!
2024-02-01 16:36:11,858 - [  INFO] - ------------------------
2024-02-01 16:36:11,858 - [  INFO] - PA1.2 START! (8a258b936c)
2024-02-01 16:36:13,283 - [ DEBUG] - PERFORM:	 reset x-ray machine [ENTER when done]: 	||
2024-02-01 16:36:15,308 - [ DEBUG] - PERFORM:	 give instruction to insert k-wire [ENTER when instruction given]: 	||
2024-02-01 16:38:01,843 - [ DEBUG] - CANDIDATE:	 inserting k-wire... -> checks it and declares it failed [f] or successful [s] (restart timer [r]): 	|s|
2024-02-01 16:38:01,843 - [  INFO] - \_candidate has performed SUCCESSFUL positioning attempt!
2024-02-01 16:38:01,843 - [  INFO] - DATA COLLECTION - PA1.2 - (8a258b936c)
2024-02-01 16:38:35,645 - [ DEBUG] - |-- CANDIDATE: entrance point distance from entrance point target? [FLOAT]: 	|4|
2024-02-01 16:38:44,275 - [ DEBUG] - |-- CANDIDATE: confidence on angle in deg? [FLOAT]:                         	|5|
2024-02-01 16:38:50,072 - [ DEBUG] - |-- CANDIDATE: estimate structures hit [Y/N]?:                              	|n|
2024-02-01 16:38:59,908 - [ DEBUG] - |-- RADIATION picture count       [INT]  : 	|6|
2024-02-01 16:40:47,822 - [ DEBUG] - |-- P1M:2 [FLOAT]: 	|70.26|
2024-02-01 16:41:00,877 - [ DEBUG] - |-- P1M:3 [FLOAT]: 	|59.69|
2024-02-01 16:41:19,012 - [ DEBUG] - |-- P1M:7 [FLOAT]: 	|88.03|
2024-02-01 16:41:33,508 - [ DEBUG] - |-- P1M:8 [FLOAT]: 	|85.94|
2024-02-01 16:41:49,018 - [ DEBUG] - |-- P2M:2 [FLOAT]: 	|61.89|
2024-02-01 16:42:27,390 - [ DEBUG] - |-- P2M:3 [FLOAT]: 	|53.84|
2024-02-01 16:43:06,305 - [ DEBUG] - |-- P2M:7 [FLOAT]: 	|78.69|
2024-02-01 16:43:19,983 - [ DEBUG] - |-- P2M:8 [FLOAT]: 	|74.68|
2024-02-01 16:43:35,724 - [ DEBUG] - |-- P1M:2 virtual [FLOAT]: 	|73.552|
2024-02-01 16:43:35,725 - [ DEBUG] - |-- P1M:3 virtual [FLOAT]: 	|59.939|
2024-02-01 16:43:35,726 - [ DEBUG] - |-- P1M:7 virtual [FLOAT]: 	|95.629|
2024-02-01 16:43:35,727 - [ DEBUG] - |-- P1M:8 virtual [FLOAT]: 	|86.991|
2024-02-01 16:43:35,727 - [ DEBUG] - |-- P2M:2 virtual [FLOAT]: 	|65.029|
2024-02-01 16:43:35,727 - [ DEBUG] - |-- P2M:3 virtual [FLOAT]: 	|58.423|
2024-02-01 16:43:35,728 - [ DEBUG] - |-- P2M:7 virtual [FLOAT]: 	|75.955|
2024-02-01 16:43:38,672 - [ DEBUG] - |-- P2M:8 virtual [FLOAT]: 	|68.604|
2024-02-01 16:43:40,189 - [ DEBUG] - TECHNICAL:	 is data entered correct? [Y/N]: 	|y|
2024-02-01 16:43:40,192 - [  INFO] - PERFORM:	 test following string on fusion 360 (already copied in clipboard) -> 
{"datatype": "PA", "TEST_id": "f8003f", "ECP_id": "34aabcad", "id": "8a258b936c", "comment": "", "time_init": 1706801775.31, "phase": 0, "ECP_number": 1, "PA_number": 2, "success": true, "PA_D": -1.0, "PA_RPC": 6, "P1A": 69.46000000000001, "P1B": 58.89, "P1C": 87.23, "P1D": 85.14, "P2A": 61.09, "P2B": 53.040000000000006, "P2C": 77.89, "P2D": 73.88000000000001, "P1A_F": -1.0, "P1B_F": -1.0, "P1C_F": -1.0, "P1D_F": -1.0, "P2A_F": -1.0, "P2B_F": -1.0, "P2C_F": -1.0, "P2D_F": -1.0, "P2eA": -1.0, "P2eB": -1.0, "P2eC": -1.0, "P2eD": -1.0, "P1A_U": 73.552, "P1B_U": 59.939, "P1C_U": 95.629, "P1D_U": 86.991, "P2eA_U": 65.029, "P2eB_U": 58.423, "P2eC_U": 75.955, "P2eD_U": 68.604, "P1_mean_max": 1.0, "P1_mean": -1.0, "P2_mean_max": 2.0, "P2_mean": -1.0, "confidence_position": 4.0, "confidence_angle": 5.0, "estimate_hit": false, "target": "ECP:1", "markers": {"A": "M:2", "B": "M:3", "C": "M:7", "D": "M:8"}, "fusion_computed": false, "anatomy": {"basilic vein": -1.0, "brachial artery": -1.0, "brachial vein": -1.0, "cephalic vein": -1.0, "inferior ulnar collateral artery": -1.0, "median antebrachial vein": -1.0, "median cubital vein": -1.0, "median cubital vein 1": -1.0, "middle collateral artery": -1.0, "radial artery": -1.0, "radial collateral artery": -1.0, "radial veins": -1.0, "random artery 1": -1.0, "random artery 2": -1.0, "ulnar artery": -1.0, "ulnar veins": -1.0, "anterior branch of medial antebrachial cutaneous nerve": -1.0, "anterior interosseous nerve of forearm": -1.0, "deep branch of radial nerve": -1.0, "lateral antebrachial cutaneous nerve": -1.0, "median nerve": -1.0, "muscular branches of radial nerve": -1.0, "musculocutaneous nerve": -1.0, "posterior antebrachial cutaneous nerve": -1.0, "posterior branch of medial antebrachial cutaneous nerve": -1.0, "radial nerve": -1.0, "superficial branch of radial nerve": -1.0, "ulnar nerve": -1.0}, "angle_PA_target": -1.0, "distance_P1_PA_target": -1.0, "distance_P1_PA_target_X": -1.0, "distance_P1_PA_target_Y": -1.0, "distance_P1_PA_target_Z": -1.0, "distance_P2_PA_target": -1.0, "distance_P2_PA_target_X": -1.0, "distance_P2_PA_target_Y": -1.0, "distance_P2_PA_target_Z": -1.0, "distance_P2e_PA_target": -1.0, "distance_P2e_PA_target_X": -1.0, "distance_P2e_PA_target_Y": -1.0, "distance_P2e_PA_target_Z": -1.0, "delta_id_PA_target": -1.0}
2024-02-01 16:44:30,702 - [ DEBUG] - PERFORM:	 enter data from fusion 360: 	|{"datatype": "PA", "TEST_id": "f8003f", "ECP_id": "34aabcad", "id": "8a258b936c", "comment": "", "time_init": 1706801775.31, "phase": 0, "ECP_number": 1, "PA_number": 2, "success": true, "PA_D": -1.0, "PA_RPC": 6, "P1A": 69.46000000000001, "P1B": 58.89, "P1C": 87.23, "P1D": 85.14, "P2A": 61.09, "P2B": 53.040000000000006, "P2C": 77.89, "P2D": 73.88000000000001, "P1A_F": 67.605, "P1B_F": 60.445, "P1C_F": 88.23, "P1D_F": 83.692, "P2A_F": 59.458, "P2B_F": 53.273, "P2C_F": 78.16, "P2D_F": 72.604, "P2eA": 59.624, "P2eB": 53.054, "P2eC": 79.083, "P2eD": 73.673, "P1A_U": 73.552, "P1B_U": 59.939, "P1C_U": 95.629, "P1D_U": 86.991, "P2eA_U": 65.029, "P2eB_U": 58.423, "P2eC_U": 75.955, "P2eD_U": 68.604, "P1_mean_max": 1.0, "P1_mean": 5.301, "P2_mean_max": 2.0, "P2_mean": 3.534, "confidence_position": 4.0, "confidence_angle": 5.0, "estimate_hit": false, "target": "ECP:1", "markers": {"A": "M:2", "B": "M:3", "C": "M:7", "D": "M:8"}, "fusion_computed": true, "anatomy": {"basilic vein": 16.674, "brachial artery": 22.426, "brachial vein": 18.513, "cephalic vein": 30.002, "inferior ulnar collateral artery": 22.233, "median antebrachial vein": 36.813, "median cubital vein": 21.039, "median cubital vein 1": 25.53, "middle collateral artery": 9.739, "radial artery": 30.965, "radial collateral artery": 13.447, "radial veins": 42.187, "random artery 1": 7.801, "random artery 2": 34.665, "ulnar artery": 30.965, "ulnar veins": 42.182, "anterior branch of medial antebrachial cutaneous nerve": 25.456, "anterior interosseous nerve of forearm": 28.655, "deep branch of radial nerve": 29.66, "lateral antebrachial cutaneous nerve": 27.834, "median nerve": 22.454, "muscular branches of radial nerve": 8.596, "musculocutaneous nerve": 19.849, "posterior antebrachial cutaneous nerve": 20.556, "posterior branch of medial antebrachial cutaneous nerve": 0.703, "radial nerve": 23.919, "superficial branch of radial nerve": 29.939, "ulnar nerve": 7.325}, "angle_PA_target": 9.792, "distance_P1_PA_target": 21.68, "distance_P1_PA_target_X": -6.924, "distance_P1_PA_target_Y": -4.435, "distance_P1_PA_target_Z": 20.061, "distance_P2_PA_target": 6.712, "distance_P2_PA_target_X": -0.241, "distance_P2_PA_target_Y": -3.125, "distance_P2_PA_target_Z": 5.935, "distance_P2e_PA_target": 0.766, "distance_P2e_PA_target_X": 0.567, "distance_P2e_PA_target_Y": 0.399, "distance_P2e_PA_target_Z": 0.327, "delta_id_PA_target": 20.747}|
2024-02-01 16:44:30,702 - [  INFO] - TECHNICAL:	 ATTENTION: P1 measurement error is above max allowed! Please take measurement again:
2024-02-01 16:45:02,383 - [ DEBUG] - |-- P1M:2 [FLOAT]: 	|73.552|
2024-02-01 16:45:02,383 - [ DEBUG] - |-- P1M:3 [FLOAT]: 	|59.939|
2024-02-01 16:45:02,384 - [ DEBUG] - |-- P1M:7 [FLOAT]: 	|95.629|
2024-02-01 16:45:02,384 - [ DEBUG] - |-- P1M:8 [FLOAT]: 	|86.991|
2024-02-01 16:45:02,388 - [  INFO] - PERFORM:	 test following string on fusion 360 (already copied in clipboard) -> 
{"datatype": "PA", "TEST_id": "f8003f", "ECP_id": "34aabcad", "id": "8a258b936c", "comment": "", "time_init": 1706801775.31, "phase": 0, "ECP_number": 1, "PA_number": 2, "success": true, "PA_D": -1.0, "PA_RPC": 6, "P1A": 73.552, "P1B": 59.939, "P1C": 95.629, "P1D": 86.991, "P2A": 61.09, "P2B": 53.040000000000006, "P2C": 77.89, "P2D": 73.88000000000001, "P1A_F": 67.605, "P1B_F": 60.445, "P1C_F": 88.23, "P1D_F": 83.692, "P2A_F": 59.458, "P2B_F": 53.273, "P2C_F": 78.16, "P2D_F": 72.604, "P2eA": 59.624, "P2eB": 53.054, "P2eC": 79.083, "P2eD": 73.673, "P1A_U": 73.552, "P1B_U": 59.939, "P1C_U": 95.629, "P1D_U": 86.991, "P2eA_U": 65.029, "P2eB_U": 58.423, "P2eC_U": 75.955, "P2eD_U": 68.604, "P1_mean_max": 1.0, "P1_mean": 5.301, "P2_mean_max": 2.0, "P2_mean": 3.534, "confidence_position": 4.0, "confidence_angle": 5.0, "estimate_hit": false, "target": "ECP:1", "markers": {"A": "M:2", "B": "M:3", "C": "M:7", "D": "M:8"}, "fusion_computed": true, "anatomy": {"basilic vein": 16.674, "brachial artery": 22.426, "brachial vein": 18.513, "cephalic vein": 30.002, "inferior ulnar collateral artery": 22.233, "median antebrachial vein": 36.813, "median cubital vein": 21.039, "median cubital vein 1": 25.53, "middle collateral artery": 9.739, "radial artery": 30.965, "radial collateral artery": 13.447, "radial veins": 42.187, "random artery 1": 7.801, "random artery 2": 34.665, "ulnar artery": 30.965, "ulnar veins": 42.182, "anterior branch of medial antebrachial cutaneous nerve": 25.456, "anterior interosseous nerve of forearm": 28.655, "deep branch of radial nerve": 29.66, "lateral antebrachial cutaneous nerve": 27.834, "median nerve": 22.454, "muscular branches of radial nerve": 8.596, "musculocutaneous nerve": 19.849, "posterior antebrachial cutaneous nerve": 20.556, "posterior branch of medial antebrachial cutaneous nerve": 0.703, "radial nerve": 23.919, "superficial branch of radial nerve": 29.939, "ulnar nerve": 7.325}, "angle_PA_target": 9.792, "distance_P1_PA_target": 21.68, "distance_P1_PA_target_X": -6.924, "distance_P1_PA_target_Y": -4.435, "distance_P1_PA_target_Z": 20.061, "distance_P2_PA_target": 6.712, "distance_P2_PA_target_X": -0.241, "distance_P2_PA_target_Y": -3.125, "distance_P2_PA_target_Z": 5.935, "distance_P2e_PA_target": 0.766, "distance_P2e_PA_target_X": 0.567, "distance_P2e_PA_target_Y": 0.399, "distance_P2e_PA_target_Z": 0.327, "delta_id_PA_target": 20.747}
2024-02-01 16:45:14,020 - [ DEBUG] - PERFORM:	 enter data from fusion 360: 	|{"datatype": "PA", "TEST_id": "f8003f", "ECP_id": "34aabcad", "id": "8a258b936c", "comment": "", "time_init": 1706801775.31, "phase": 0, "ECP_number": 1, "PA_number": 2, "success": true, "PA_D": -1.0, "PA_RPC": 6, "P1A": 73.552, "P1B": 59.939, "P1C": 95.629, "P1D": 86.991, "P2A": 61.09, "P2B": 53.040000000000006, "P2C": 77.89, "P2D": 73.88000000000001, "P1A_F": 73.552, "P1B_F": 59.939, "P1C_F": 95.629, "P1D_F": 86.991, "P2A_F": 59.458, "P2B_F": 53.273, "P2C_F": 78.16, "P2D_F": 72.604, "P2eA": 60.093, "P2eB": 52.308, "P2eC": 79.807, "P2eD": 73.581, "P1A_U": 73.552, "P1B_U": 59.939, "P1C_U": 95.629, "P1D_U": 86.991, "P2eA_U": 65.029, "P2eB_U": 58.423, "P2eC_U": 75.955, "P2eD_U": 68.604, "P1_mean_max": 1.0, "P1_mean": 0.0, "P2_mean_max": 2.0, "P2_mean": 3.534, "confidence_position": 4.0, "confidence_angle": 5.0, "estimate_hit": false, "target": "ECP:1", "markers": {"A": "M:2", "B": "M:3", "C": "M:7", "D": "M:8"}, "fusion_computed": true, "anatomy": {"basilic vein": 14.902, "brachial artery": 16.264, "brachial vein": 13.03, "cephalic vein": 21.3, "inferior ulnar collateral artery": 19.313, "median antebrachial vein": 36.717, "median cubital vein": 18.566, "median cubital vein 1": 20.183, "middle collateral artery": 18.058, "radial artery": 25.361, "radial collateral artery": 5.497, "radial veins": 37.567, "random artery 1": 9.598, "random artery 2": 33.802, "ulnar artery": 25.361, "ulnar veins": 37.547, "anterior branch of medial antebrachial cutaneous nerve": 23.415, "anterior interosseous nerve of forearm": 24.266, "deep branch of radial nerve": 22.7, "lateral antebrachial cutaneous nerve": 22.487, "median nerve": 18.984, "muscular branches of radial nerve": 0.0, "musculocutaneous nerve": 13.815, "posterior antebrachial cutaneous nerve": 11.363, "posterior branch of medial antebrachial cutaneous nerve": 1.423, "radial nerve": 14.545, "superficial branch of radial nerve": 23.031, "ulnar nerve": 6.972}, "angle_PA_target": 4.901, "distance_P1_PA_target": 14.435, "distance_P1_PA_target_X": -4.741, "distance_P1_PA_target_Y": -7.683, "distance_P1_PA_target_Z": 11.263, "distance_P2_PA_target": 6.712, "distance_P2_PA_target_X": -0.241, "distance_P2_PA_target_Y": -3.125, "distance_P2_PA_target_Z": 5.935, "distance_P2e_PA_target": 1.092, "distance_P2e_PA_target_X": 0.76, "distance_P2e_PA_target_Y": -0.785, "distance_P2e_PA_target_Z": -0.006, "delta_id_PA_target": 13.885}|
2024-02-01 16:45:14,020 - [  INFO] - TECHNICAL:	 ATTENTION: P2 measurement error is above max allowed! Please take measurement again:
2024-02-01 16:45:21,366 - [ DEBUG] - |-- P2M:2 [FLOAT]: 	|65.029|
2024-02-01 16:45:21,367 - [ DEBUG] - |-- P2M:3 [FLOAT]: 	|58.423|
2024-02-01 16:45:21,368 - [ DEBUG] - |-- P2M:7 [FLOAT]: 	|75.955|
2024-02-01 16:45:24,535 - [ DEBUG] - |-- P2M:8 [FLOAT]: 	|68.604|
2024-02-01 16:45:24,539 - [  INFO] - PERFORM:	 test following string on fusion 360 (already copied in clipboard) -> 
{"datatype": "PA", "TEST_id": "f8003f", "ECP_id": "34aabcad", "id": "8a258b936c", "comment": "", "time_init": 1706801775.31, "phase": 0, "ECP_number": 1, "PA_number": 2, "success": true, "PA_D": -1.0, "PA_RPC": 6, "P1A": 73.552, "P1B": 59.939, "P1C": 95.629, "P1D": 86.991, "P2A": 65.029, "P2B": 58.423, "P2C": 75.955, "P2D": 68.604, "P1A_F": 73.552, "P1B_F": 59.939, "P1C_F": 95.629, "P1D_F": 86.991, "P2A_F": 59.458, "P2B_F": 53.273, "P2C_F": 78.16, "P2D_F": 72.604, "P2eA": 60.093, "P2eB": 52.308, "P2eC": 79.807, "P2eD": 73.581, "P1A_U": 73.552, "P1B_U": 59.939, "P1C_U": 95.629, "P1D_U": 86.991, "P2eA_U": 65.029, "P2eB_U": 58.423, "P2eC_U": 75.955, "P2eD_U": 68.604, "P1_mean_max": 1.0, "P1_mean": 0.0, "P2_mean_max": 2.0, "P2_mean": 3.534, "confidence_position": 4.0, "confidence_angle": 5.0, "estimate_hit": false, "target": "ECP:1", "markers": {"A": "M:2", "B": "M:3", "C": "M:7", "D": "M:8"}, "fusion_computed": true, "anatomy": {"basilic vein": 14.902, "brachial artery": 16.264, "brachial vein": 13.03, "cephalic vein": 21.3, "inferior ulnar collateral artery": 19.313, "median antebrachial vein": 36.717, "median cubital vein": 18.566, "median cubital vein 1": 20.183, "middle collateral artery": 18.058, "radial artery": 25.361, "radial collateral artery": 5.497, "radial veins": 37.567, "random artery 1": 9.598, "random artery 2": 33.802, "ulnar artery": 25.361, "ulnar veins": 37.547, "anterior branch of medial antebrachial cutaneous nerve": 23.415, "anterior interosseous nerve of forearm": 24.266, "deep branch of radial nerve": 22.7, "lateral antebrachial cutaneous nerve": 22.487, "median nerve": 18.984, "muscular branches of radial nerve": 0.0, "musculocutaneous nerve": 13.815, "posterior antebrachial cutaneous nerve": 11.363, "posterior branch of medial antebrachial cutaneous nerve": 1.423, "radial nerve": 14.545, "superficial branch of radial nerve": 23.031, "ulnar nerve": 6.972}, "angle_PA_target": 4.901, "distance_P1_PA_target": 14.435, "distance_P1_PA_target_X": -4.741, "distance_P1_PA_target_Y": -7.683, "distance_P1_PA_target_Z": 11.263, "distance_P2_PA_target": 6.712, "distance_P2_PA_target_X": -0.241, "distance_P2_PA_target_Y": -3.125, "distance_P2_PA_target_Z": 5.935, "distance_P2e_PA_target": 1.092, "distance_P2e_PA_target_X": 0.76, "distance_P2e_PA_target_Y": -0.785, "distance_P2e_PA_target_Z": -0.006, "delta_id_PA_target": 13.885}
2024-02-01 16:47:15,246 - [ DEBUG] - PERFORM:	 enter data from fusion 360: 	|{"datatype": "PA", "TEST_id": "f8003f", "ECP_id": "34aabcad", "id": "8a258b936c", "comment": "", "time_init": 1706801775.31, "phase": 0, "ECP_number": 1, "PA_number": 2, "success": true, "PA_D": -1.0, "PA_RPC": 6, "P1A": 73.552, "P1B": 59.939, "P1C": 95.629, "P1D": 86.991, "P2A": 65.029, "P2B": 58.423, "P2C": 75.955, "P2D": 68.604, "P1A_F": 73.552, "P1B_F": 59.939, "P1C_F": 95.629, "P1D_F": 86.991, "P2A_F": 65.029, "P2B_F": 58.423, "P2C_F": 75.955, "P2D_F": 68.604, "P2eA": 63.102, "P2eB": 52.952, "P2eC": 79.474, "P2eD": 71.184, "P1A_U": 73.552, "P1B_U": 59.939, "P1C_U": 95.629, "P1D_U": 86.991, "P2eA_U": 65.029, "P2eB_U": 58.423, "P2eC_U": 75.955, "P2eD_U": 68.604, "P1_mean_max": 1.0, "P1_mean": 0.0, "P2_mean_max": 2.0, "P2_mean": 0.0, "confidence_position": 4.0, "confidence_angle": 5.0, "estimate_hit": false, "target": "ECP:1", "markers": {"A": "M:2", "B": "M:3", "C": "M:7", "D": "M:8"}, "fusion_computed": true, "anatomy": {"basilic vein": 19.092, "brachial artery": 22.031, "brachial vein": 18.059, "cephalic vein": 29.286, "inferior ulnar collateral artery": 18.901, "median antebrachial vein": 36.351, "median cubital vein": 24.073, "median cubital vein 1": 25.788, "middle collateral artery": 11.431, "radial artery": 27.0, "radial collateral artery": 14.843, "radial veins": 36.371, "random artery 1": 5.931, "random artery 2": 31.435, "ulnar artery": 27.0, "ulnar veins": 36.404, "anterior branch of medial antebrachial cutaneous nerve": 27.768, "anterior interosseous nerve of forearm": 26.583, "deep branch of radial nerve": 24.538, "lateral antebrachial cutaneous nerve": 24.056, "median nerve": 23.583, "muscular branches of radial nerve": 2.108, "musculocutaneous nerve": 19.202, "posterior antebrachial cutaneous nerve": 11.605, "posterior branch of medial antebrachial cutaneous nerve": 3.379, "radial nerve": 21.204, "superficial branch of radial nerve": 24.781, "ulnar nerve": 4.189}, "angle_PA_target": 1.776, "distance_P1_PA_target": 14.435, "distance_P1_PA_target_X": -4.741, "distance_P1_PA_target_Y": -7.683, "distance_P1_PA_target_Z": 11.263, "distance_P2_PA_target": 20.381, "distance_P2_PA_target_X": -5.268, "distance_P2_PA_target_Y": -11.442, "distance_P2_PA_target_Z": 16.022, "distance_P2e_PA_target": 3.511, "distance_P2e_PA_target_X": -1.168, "distance_P2e_PA_target_Y": -3.096, "distance_P2e_PA_target_Z": -1.174, "delta_id_PA_target": 13.671}|
2024-02-01 16:47:16,198 - [ DEBUG] - TECHNICAL:	 want to remeasure P1? [Y/N]: 	|n|
2024-02-01 16:47:16,445 - [ DEBUG] - TECHNICAL:	 want to remeasure P2? [Y/N]: 	|n|
2024-02-01 16:47:28,543 - [ DEBUG] - TECHNICAL:	 comment on PA (8a258b936c) [STRING]: 	|p1/p2-markers distances from unity|
2024-02-01 16:47:32,958 - [ DEBUG] - TECHNICAL:	 remove kwire from phanotm [ENTER when done]: 	||
2024-02-01 16:47:32,958 - [  INFO] - PA1.2 FINISHED!
2024-02-01 16:47:32,958 - [  INFO] - DATA COLLECTION - ECP1 - (34aabcad)
2024-02-01 16:48:22,691 - [ DEBUG] - |-- ease of placement [0 difficult - 5 easy]: 	|1|
2024-02-01 16:48:22,693 - [  INFO] - ########################
2024-02-01 16:48:22,693 - [  INFO] - ECP2 START! (3d4aa79b)
2024-02-01 16:48:22,694 - [  INFO] - ------------------------
2024-02-01 16:48:22,695 - [  INFO] - PA2.1 START! (cfe089b7af)
2024-02-01 16:48:24,542 - [ DEBUG] - PERFORM:	 reset x-ray machine [ENTER when done]: 	||
2024-02-01 16:48:59,702 - [ DEBUG] - PERFORM:	 give instruction to insert k-wire [ENTER when instruction given]: 	||
2024-02-01 16:51:37,808 - [ DEBUG] - CANDIDATE:	 inserting k-wire... -> checks it and declares it failed [f] or successful [s] (restart timer [r]): 	|s|
2024-02-01 16:51:37,808 - [  INFO] - \_candidate has performed SUCCESSFUL positioning attempt!
2024-02-01 16:51:37,808 - [  INFO] - DATA COLLECTION - PA2.1 - (cfe089b7af)
2024-02-01 16:52:06,022 - [ DEBUG] - |-- CANDIDATE: entrance point distance from entrance point target? [FLOAT]: 	|7|
2024-02-01 16:52:13,367 - [ DEBUG] - |-- CANDIDATE: confidence on angle in deg? [FLOAT]:                         	|5|
2024-02-01 16:52:16,920 - [ DEBUG] - |-- CANDIDATE: estimate structures hit [Y/N]?:                              	|n|
2024-02-01 16:52:21,767 - [ DEBUG] - |-- RADIATION picture count       [INT]  : 	|5|
2024-02-01 16:53:35,065 - [ DEBUG] - |-- P1M:3 [FLOAT]: 	|63.705|
2024-02-01 16:53:35,065 - [ DEBUG] - |-- P1M:4 [FLOAT]: 	|51.831|
2024-02-01 16:53:35,066 - [ DEBUG] - |-- P1M:8 [FLOAT]: 	|117.917|
2024-02-01 16:53:35,066 - [ DEBUG] - |-- P1M:9 [FLOAT]: 	|112.410|
2024-02-01 16:53:35,067 - [ DEBUG] - |-- P2M:3 [FLOAT]: 	|60.032|
2024-02-01 16:53:35,067 - [ DEBUG] - |-- P2M:4 [FLOAT]: 	|55.091|
2024-02-01 16:53:35,076 - [ DEBUG] - |-- P2M:8 [FLOAT]: 	|72.064|
2024-02-01 16:53:37,476 - [ DEBUG] - |-- P2M:9 [FLOAT]: 	|67.228|
2024-02-01 16:53:40,350 - [ DEBUG] - |-- P1M:3 virtual [FLOAT]: 	|63.705|
2024-02-01 16:53:40,351 - [ DEBUG] - |-- P1M:4 virtual [FLOAT]: 	|51.831|
2024-02-01 16:53:40,352 - [ DEBUG] - |-- P1M:8 virtual [FLOAT]: 	|117.917|
2024-02-01 16:53:40,352 - [ DEBUG] - |-- P1M:9 virtual [FLOAT]: 	|112.410|
2024-02-01 16:53:40,353 - [ DEBUG] - |-- P2M:3 virtual [FLOAT]: 	|60.032|
2024-02-01 16:53:40,353 - [ DEBUG] - |-- P2M:4 virtual [FLOAT]: 	|55.091|
2024-02-01 16:53:40,356 - [ DEBUG] - |-- P2M:8 virtual [FLOAT]: 	|72.064|
2024-02-01 16:53:43,043 - [ DEBUG] - |-- P2M:9 virtual [FLOAT]: 	|67.228|
2024-02-01 16:53:44,414 - [ DEBUG] - TECHNICAL:	 is data entered correct? [Y/N]: 	|n|
2024-02-01 16:53:53,049 - [ DEBUG] - |-- CANDIDATE: entrance point distance from entrance point target? [FLOAT]: 	|7|
2024-02-01 16:53:55,654 - [ DEBUG] - |-- CANDIDATE: confidence on angle in deg? [FLOAT]:                         	|15|
2024-02-01 16:53:57,212 - [ DEBUG] - |-- CANDIDATE: estimate structures hit [Y/N]?:                              	|n|
2024-02-01 16:54:01,678 - [ DEBUG] - |-- RADIATION picture count       [INT]  : 	|6|
2024-02-01 16:54:03,079 - [ DEBUG] - |-- P1M:3 [FLOAT]: 	|63.705|
2024-02-01 16:54:03,080 - [ DEBUG] - |-- P1M:4 [FLOAT]: 	|51.831|
2024-02-01 16:54:03,080 - [ DEBUG] - |-- P1M:8 [FLOAT]: 	|117.917|
2024-02-01 16:54:03,081 - [ DEBUG] - |-- P1M:9 [FLOAT]: 	|112.410|
2024-02-01 16:54:03,081 - [ DEBUG] - |-- P2M:3 [FLOAT]: 	|60.032|
2024-02-01 16:54:03,082 - [ DEBUG] - |-- P2M:4 [FLOAT]: 	|55.091|
2024-02-01 16:54:03,089 - [ DEBUG] - |-- P2M:8 [FLOAT]: 	|72.064|
2024-02-01 16:54:06,270 - [ DEBUG] - |-- P2M:9 [FLOAT]: 	|67.228|
2024-02-01 16:54:07,296 - [ DEBUG] - |-- P1M:3 virtual [FLOAT]: 	|63.705|
2024-02-01 16:54:07,297 - [ DEBUG] - |-- P1M:4 virtual [FLOAT]: 	|51.831|
2024-02-01 16:54:07,298 - [ DEBUG] - |-- P1M:8 virtual [FLOAT]: 	|117.917|
2024-02-01 16:54:07,298 - [ DEBUG] - |-- P1M:9 virtual [FLOAT]: 	|112.410|
2024-02-01 16:54:07,299 - [ DEBUG] - |-- P2M:3 virtual [FLOAT]: 	|60.032|
2024-02-01 16:54:07,300 - [ DEBUG] - |-- P2M:4 virtual [FLOAT]: 	|55.091|
2024-02-01 16:54:07,315 - [ DEBUG] - |-- P2M:8 virtual [FLOAT]: 	|72.064|
2024-02-01 16:54:07,991 - [ DEBUG] - |-- P2M:9 virtual [FLOAT]: 	|67.228|
2024-02-01 16:54:16,070 - [ DEBUG] - TECHNICAL:	 is data entered correct? [Y/N]: 	|y|
2024-02-01 16:54:16,074 - [  INFO] - PERFORM:	 test following string on fusion 360 (already copied in clipboard) -> 
{"datatype": "PA", "TEST_id": "f8003f", "ECP_id": "3d4aa79b", "id": "cfe089b7af", "comment": "", "time_init": 1706802539.7, "phase": 0, "ECP_number": 2, "PA_number": 1, "success": true, "PA_D": -1.0, "PA_RPC": 6, "P1A": 62.905, "P1B": 51.031000000000006, "P1C": 117.117, "P1D": 111.61, "P2A": 59.232, "P2B": 54.291000000000004, "P2C": 71.264, "P2D": 66.428, "P1A_F": -1.0, "P1B_F": -1.0, "P1C_F": -1.0, "P1D_F": -1.0, "P2A_F": -1.0, "P2B_F": -1.0, "P2C_F": -1.0, "P2D_F": -1.0, "P2eA": -1.0, "P2eB": -1.0, "P2eC": -1.0, "P2eD": -1.0, "P1A_U": 63.705, "P1B_U": 51.831, "P1C_U": 117.917, "P1D_U": 112.41, "P2eA_U": 60.032, "P2eB_U": 55.091, "P2eC_U": 72.064, "P2eD_U": 67.228, "P1_mean_max": 1.0, "P1_mean": -1.0, "P2_mean_max": 2.0, "P2_mean": -1.0, "confidence_position": 7.0, "confidence_angle": 15.0, "estimate_hit": false, "target": "ECP:2", "markers": {"A": "M:3", "B": "M:4", "C": "M:8", "D": "M:9"}, "fusion_computed": false, "anatomy": {"basilic vein": -1.0, "brachial artery": -1.0, "brachial vein": -1.0, "cephalic vein": -1.0, "inferior ulnar collateral artery": -1.0, "median antebrachial vein": -1.0, "median cubital vein": -1.0, "median cubital vein 1": -1.0, "middle collateral artery": -1.0, "radial artery": -1.0, "radial collateral artery": -1.0, "radial veins": -1.0, "random artery 1": -1.0, "random artery 2": -1.0, "ulnar artery": -1.0, "ulnar veins": -1.0, "anterior branch of medial antebrachial cutaneous nerve": -1.0, "anterior interosseous nerve of forearm": -1.0, "deep branch of radial nerve": -1.0, "lateral antebrachial cutaneous nerve": -1.0, "median nerve": -1.0, "muscular branches of radial nerve": -1.0, "musculocutaneous nerve": -1.0, "posterior antebrachial cutaneous nerve": -1.0, "posterior branch of medial antebrachial cutaneous nerve": -1.0, "radial nerve": -1.0, "superficial branch of radial nerve": -1.0, "ulnar nerve": -1.0}, "angle_PA_target": -1.0, "distance_P1_PA_target": -1.0, "distance_P1_PA_target_X": -1.0, "distance_P1_PA_target_Y": -1.0, "distance_P1_PA_target_Z": -1.0, "distance_P2_PA_target": -1.0, "distance_P2_PA_target_X": -1.0, "distance_P2_PA_target_Y": -1.0, "distance_P2_PA_target_Z": -1.0, "distance_P2e_PA_target": -1.0, "distance_P2e_PA_target_X": -1.0, "distance_P2e_PA_target_Y": -1.0, "distance_P2e_PA_target_Z": -1.0, "delta_id_PA_target": -1.0}
2024-02-01 16:56:14,111 - [ DEBUG] - PERFORM:	 enter data from fusion 360: 	|{"datatype": "PA", "TEST_id": "f8003f", "ECP_id": "3d4aa79b", "id": "cfe089b7af", "comment": "", "time_init": 1706802539.7, "phase": 0, "ECP_number": 2, "PA_number": 1, "success": true, "PA_D": -1.0, "PA_RPC": 6, "P1A": 62.905, "P1B": 51.031000000000006, "P1C": 117.117, "P1D": 111.61, "P2A": 59.232, "P2B": 54.291000000000004, "P2C": 71.264, "P2D": 66.428, "P1A_F": 62.917, "P1B_F": 51.017, "P1C_F": 117.111, "P1D_F": 111.616, "P2A_F": 60.195, "P2B_F": 55.048, "P2C_F": 72.007, "P2D_F": 66.949, "P2eA": 55.518, "P2eB": 48.066, "P2eC": 81.019, "P2eD": 75.706, "P1A_U": 63.705, "P1B_U": 51.831, "P1C_U": 117.917, "P1D_U": 112.41, "P2eA_U": 60.032, "P2eB_U": 55.091, "P2eC_U": 72.064, "P2eD_U": 67.228, "P1_mean_max": 1.0, "P1_mean": 0.039, "P2_mean_max": 2.0, "P2_mean": 0.963, "confidence_position": 7.0, "confidence_angle": 15.0, "estimate_hit": false, "target": "ECP:2", "markers": {"A": "M:3", "B": "M:4", "C": "M:8", "D": "M:9"}, "fusion_computed": true, "anatomy": {"basilic vein": 35.983, "brachial artery": 14.206, "brachial vein": 8.934, "cephalic vein": 25.19, "inferior ulnar collateral artery": 17.666, "median antebrachial vein": 37.808, "median cubital vein": 24.499, "median cubital vein 1": 20.0, "middle collateral artery": 14.352, "radial artery": 12.783, "radial collateral artery": 23.748, "radial veins": 13.942, "random artery 1": 18.658, "random artery 2": 23.418, "ulnar artery": 12.242, "ulnar veins": 13.98, "anterior branch of medial antebrachial cutaneous nerve": 30.875, "anterior interosseous nerve of forearm": 13.501, "deep branch of radial nerve": 14.049, "lateral antebrachial cutaneous nerve": 12.823, "median nerve": 14.601, "muscular branches of radial nerve": 13.961, "musculocutaneous nerve": 13.565, "posterior antebrachial cutaneous nerve": 27.528, "posterior branch of medial antebrachial cutaneous nerve": 36.805, "radial nerve": 14.828, "superficial branch of radial nerve": 14.731, "ulnar nerve": 31.22}, "angle_PA_target": 10.387, "distance_P1_PA_target": 9.812, "distance_P1_PA_target_X": -2.076, "distance_P1_PA_target_Y": -2.934, "distance_P1_PA_target_Z": -9.13, "distance_P2_PA_target": 13.787, "distance_P2_PA_target_X": -7.383, "distance_P2_PA_target_Y": 9.585, "distance_P2_PA_target_Z": 6.61, "distance_P2e_PA_target": 1.179, "distance_P2e_PA_target_X": -0.022, "distance_P2e_PA_target_Y": 0.72, "distance_P2e_PA_target_Z": -0.933, "delta_id_PA_target": -5.089}|
2024-02-01 16:56:15,248 - [ DEBUG] - TECHNICAL:	 want to remeasure P1? [Y/N]: 	|n|
2024-02-01 16:56:15,476 - [ DEBUG] - TECHNICAL:	 want to remeasure P2? [Y/N]: 	|n|
2024-02-01 16:56:19,974 - [ DEBUG] - TECHNICAL:	 comment on PA (cfe089b7af) [STRING]: 	|p1/p2-markers distances from unity|
2024-02-01 16:56:21,763 - [ DEBUG] - TECHNICAL:	 remove kwire from phanotm [ENTER when done]: 	||
2024-02-01 16:56:21,763 - [  INFO] - PA2.1 FINISHED!
2024-02-01 16:56:21,763 - [  INFO] - DATA COLLECTION - ECP2 - (3d4aa79b)
2024-02-01 16:57:03,093 - [ DEBUG] - |-- ease of placement [0 difficult - 5 easy]: 	|1|
2024-02-01 16:57:03,095 - [  INFO] - ########################
2024-02-01 16:57:03,095 - [  INFO] - ECP3 START! (a08f0988)
2024-02-01 16:57:03,096 - [  INFO] - ------------------------
2024-02-01 16:57:03,097 - [  INFO] - PA3.1 START! (f057ceb4ed)
2024-02-01 16:57:03,948 - [ DEBUG] - PERFORM:	 reset x-ray machine [ENTER when done]: 	||
2024-02-01 16:57:17,882 - [ DEBUG] - PERFORM:	 give instruction to insert k-wire [ENTER when instruction given]: 	||
2024-02-01 17:03:04,167 - [ DEBUG] - CANDIDATE:	 inserting k-wire... -> checks it and declares it failed [f] or successful [s] (restart timer [r]): 	|r|
2024-02-01 17:03:04,168 - [  INFO] - \_restart timer!
2024-02-01 17:05:25,593 - [ DEBUG] - CANDIDATE:	 inserting k-wire... -> checks it and declares it failed [f] or successful [s] (restart timer [r]): 	|f|
2024-02-01 17:05:25,594 - [  INFO] - \_candidate has FAILED positioning attempt!
2024-02-01 17:05:25,594 - [  INFO] - DATA COLLECTION - PA3.1 - (f057ceb4ed)
2024-02-01 17:05:48,422 - [ DEBUG] - |-- CANDIDATE: entrance point distance from entrance point target? [FLOAT]: 	|10|
2024-02-01 17:05:54,337 - [ DEBUG] - |-- CANDIDATE: confidence on angle in deg? [FLOAT]:                         	|15|
2024-02-01 17:06:33,171 - [ DEBUG] - |-- CANDIDATE: estimate structures hit [Y/N]?:                              	|n|
2024-02-01 17:06:38,782 - [ DEBUG] - |-- RADIATION picture count       [INT]  : 	|8|
2024-02-01 17:07:22,408 - [ DEBUG] - |-- P1M:2 [FLOAT]: 	|92.166|
2024-02-01 17:07:22,409 - [ DEBUG] - |-- P1M:3 [FLOAT]: 	|84.559|
2024-02-01 17:07:22,410 - [ DEBUG] - |-- P1M:7 [FLOAT]: 	|70.856|
2024-02-01 17:07:22,411 - [ DEBUG] - |-- P1M:8 [FLOAT]: 	|61.371|
2024-02-01 17:07:22,412 - [ DEBUG] - |-- P2M:2 [FLOAT]: 	|58.653|
2024-02-01 17:07:22,412 - [ DEBUG] - |-- P2M:3 [FLOAT]: 	|46.683|
2024-02-01 17:07:22,413 - [ DEBUG] - |-- P2M:7 [FLOAT]: 	|86.320|
2024-02-01 17:07:23,851 - [ DEBUG] - |-- P2M:8 [FLOAT]: 	|77.683|
2024-02-01 17:07:25,051 - [ DEBUG] - |-- P1M:2 virtual [FLOAT]: 	|92.166|
2024-02-01 17:07:25,052 - [ DEBUG] - |-- P1M:3 virtual [FLOAT]: 	|84.559|
2024-02-01 17:07:25,053 - [ DEBUG] - |-- P1M:7 virtual [FLOAT]: 	|70.856|
2024-02-01 17:07:25,053 - [ DEBUG] - |-- P1M:8 virtual [FLOAT]: 	|61.371|
2024-02-01 17:07:25,054 - [ DEBUG] - |-- P2M:2 virtual [FLOAT]: 	|58.653|
2024-02-01 17:07:25,055 - [ DEBUG] - |-- P2M:3 virtual [FLOAT]: 	|46.683|
2024-02-01 17:07:25,055 - [ DEBUG] - |-- P2M:7 virtual [FLOAT]: 	|86.320|
2024-02-01 17:07:25,861 - [ DEBUG] - |-- P2M:8 virtual [FLOAT]: 	|77.683|
2024-02-01 17:07:28,784 - [ DEBUG] - TECHNICAL:	 is data entered correct? [Y/N]: 	|y|
2024-02-01 17:07:28,788 - [  INFO] - PERFORM:	 test following string on fusion 360 (already copied in clipboard) -> 
{"datatype": "PA", "TEST_id": "f8003f", "ECP_id": "a08f0988", "id": "f057ceb4ed", "comment": "", "time_init": 1706803384.17, "phase": 0, "ECP_number": 3, "PA_number": 1, "success": false, "PA_D": -1.0, "PA_RPC": 8, "P1A": 91.366, "P1B": 83.759, "P1C": 70.056, "P1D": 60.571000000000005, "P2A": 57.853, "P2B": 45.883, "P2C": 85.52, "P2D": 76.88300000000001, "P1A_F": -1.0, "P1B_F": -1.0, "P1C_F": -1.0, "P1D_F": -1.0, "P2A_F": -1.0, "P2B_F": -1.0, "P2C_F": -1.0, "P2D_F": -1.0, "P2eA": -1.0, "P2eB": -1.0, "P2eC": -1.0, "P2eD": -1.0, "P1A_U": 92.166, "P1B_U": 84.559, "P1C_U": 70.856, "P1D_U": 61.371, "P2eA_U": 58.653, "P2eB_U": 46.683, "P2eC_U": 86.32, "P2eD_U": 77.683, "P1_mean_max": 1.0, "P1_mean": -1.0, "P2_mean_max": 2.0, "P2_mean": -1.0, "confidence_position": 10.0, "confidence_angle": 15.0, "estimate_hit": false, "target": "ECP:3", "markers": {"A": "M:2", "B": "M:3", "C": "M:7", "D": "M:8"}, "fusion_computed": false, "anatomy": {"basilic vein": -1.0, "brachial artery": -1.0, "brachial vein": -1.0, "cephalic vein": -1.0, "inferior ulnar collateral artery": -1.0, "median antebrachial vein": -1.0, "median cubital vein": -1.0, "median cubital vein 1": -1.0, "middle collateral artery": -1.0, "radial artery": -1.0, "radial collateral artery": -1.0, "radial veins": -1.0, "random artery 1": -1.0, "random artery 2": -1.0, "ulnar artery": -1.0, "ulnar veins": -1.0, "anterior branch of medial antebrachial cutaneous nerve": -1.0, "anterior interosseous nerve of forearm": -1.0, "deep branch of radial nerve": -1.0, "lateral antebrachial cutaneous nerve": -1.0, "median nerve": -1.0, "muscular branches of radial nerve": -1.0, "musculocutaneous nerve": -1.0, "posterior antebrachial cutaneous nerve": -1.0, "posterior branch of medial antebrachial cutaneous nerve": -1.0, "radial nerve": -1.0, "superficial branch of radial nerve": -1.0, "ulnar nerve": -1.0}, "angle_PA_target": -1.0, "distance_P1_PA_target": -1.0, "distance_P1_PA_target_X": -1.0, "distance_P1_PA_target_Y": -1.0, "distance_P1_PA_target_Z": -1.0, "distance_P2_PA_target": -1.0, "distance_P2_PA_target_X": -1.0, "distance_P2_PA_target_Y": -1.0, "distance_P2_PA_target_Z": -1.0, "distance_P2e_PA_target": -1.0, "distance_P2e_PA_target_X": -1.0, "distance_P2e_PA_target_Y": -1.0, "distance_P2e_PA_target_Z": -1.0, "delta_id_PA_target": -1.0}
2024-02-01 17:08:01,524 - [ DEBUG] - PERFORM:	 enter data from fusion 360: 	|{"datatype": "PA", "TEST_id": "f8003f", "ECP_id": "a08f0988", "id": "f057ceb4ed", "comment": "", "time_init": 1706803384.17, "phase": 0, "ECP_number": 3, "PA_number": 1, "success": false, "PA_D": -1.0, "PA_RPC": 8, "P1A": 91.366, "P1B": 83.759, "P1C": 70.056, "P1D": 60.571000000000005, "P2A": 57.853, "P2B": 45.883, "P2C": 85.52, "P2D": 76.88300000000001, "P1A_F": 91.345, "P1B_F": 83.781, "P1C_F": 70.081, "P1D_F": 60.54, "P2A_F": 58.22, "P2B_F": 46.05, "P2C_F": 85.718, "P2D_F": 77.244, "P2eA": 63.904, "P2eB": 52.934, "P2eC": 79.619, "P2eD": 70.635, "P1A_U": 92.166, "P1B_U": 84.559, "P1C_U": 70.856, "P1D_U": 61.371, "P2eA_U": 58.653, "P2eB_U": 46.683, "P2eC_U": 86.32, "P2eD_U": 77.683, "P1_mean_max": 1.0, "P1_mean": 0.091, "P2_mean_max": 2.0, "P2_mean": 0.981, "confidence_position": 10.0, "confidence_angle": 15.0, "estimate_hit": false, "target": "ECP:3", "markers": {"A": "M:2", "B": "M:3", "C": "M:7", "D": "M:8"}, "fusion_computed": true, "anatomy": {"basilic vein": 21.792, "brachial artery": 31.064, "brachial vein": 26.529, "cephalic vein": 35.873, "inferior ulnar collateral artery": 28.733, "median antebrachial vein": 31.8, "median cubital vein": 22.604, "median cubital vein 1": 37.819, "middle collateral artery": 0.0, "radial artery": 48.865, "radial collateral artery": 5.786, "radial veins": 60.258, "random artery 1": 0.271, "random artery 2": 37.105, "ulnar artery": 48.865, "ulnar veins": 60.268, "anterior branch of medial antebrachial cutaneous nerve": 29.902, "anterior interosseous nerve of forearm": 41.797, "deep branch of radial nerve": 53.785, "lateral antebrachial cutaneous nerve": 46.174, "median nerve": 28.056, "muscular branches of radial nerve": 3.545, "musculocutaneous nerve": 25.221, "posterior antebrachial cutaneous nerve": 46.175, "posterior branch of medial antebrachial cutaneous nerve": 4.439, "radial nerve": 26.543, "superficial branch of radial nerve": 53.812, "ulnar nerve": 2.226}, "angle_PA_target": 10.78, "distance_P1_PA_target": 20.595, "distance_P1_PA_target_X": 19.054, "distance_P1_PA_target_Y": 1.792, "distance_P1_PA_target_Z": 7.609, "distance_P2_PA_target": 22.759, "distance_P2_PA_target_X": 18.866, "distance_P2_PA_target_Y": -8.31, "distance_P2_PA_target_Z": 9.643, "distance_P2e_PA_target": 12.483, "distance_P2e_PA_target_X": 11.955, "distance_P2e_PA_target_Y": -2.916, "distance_P2e_PA_target_Z": 2.095, "delta_id_PA_target": 6.439}|
2024-02-01 17:08:02,457 - [ DEBUG] - TECHNICAL:	 want to remeasure P1? [Y/N]: 	|n|
2024-02-01 17:08:02,702 - [ DEBUG] - TECHNICAL:	 want to remeasure P2? [Y/N]: 	|n|
2024-02-01 17:08:06,443 - [ DEBUG] - TECHNICAL:	 comment on PA (f057ceb4ed) [STRING]: 	|p1/p2-markers distances from unity|
2024-02-01 17:08:07,321 - [ DEBUG] - TECHNICAL:	 remove kwire from phanotm [ENTER when done]: 	||
2024-02-01 17:08:07,321 - [  INFO] - PA3.1 FINISHED!
2024-02-01 17:08:07,323 - [  INFO] - ------------------------
2024-02-01 17:08:07,323 - [  INFO] - PA3.2 START! (5e828c3f88)
2024-02-01 17:08:09,663 - [ DEBUG] - PERFORM:	 reset x-ray machine [ENTER when done]: 	||
2024-02-01 17:08:47,443 - [ DEBUG] - PERFORM:	 give instruction to insert k-wire [ENTER when instruction given]: 	||
2024-02-01 17:11:33,344 - [ DEBUG] - CANDIDATE:	 inserting k-wire... -> checks it and declares it failed [f] or successful [s] (restart timer [r]): 	|s|
2024-02-01 17:11:33,345 - [  INFO] - \_candidate has performed SUCCESSFUL positioning attempt!
2024-02-01 17:11:33,345 - [  INFO] - DATA COLLECTION - PA3.2 - (5e828c3f88)
2024-02-01 17:11:51,211 - [ DEBUG] - |-- CANDIDATE: entrance point distance from entrance point target? [FLOAT]: 	|5|
2024-02-01 17:11:56,615 - [ DEBUG] - |-- CANDIDATE: confidence on angle in deg? [FLOAT]:                         	|7|
2024-02-01 17:12:00,705 - [ DEBUG] - |-- CANDIDATE: estimate structures hit [Y/N]?:                              	|n|
2024-02-01 17:12:05,195 - [ DEBUG] - |-- RADIATION picture count       [INT]  : 	|16|
2024-02-01 17:12:58,950 - [ DEBUG] - |-- P1M:2 [FLOAT]: 	|104.774|
2024-02-01 17:12:58,951 - [ DEBUG] - |-- P1M:3 [FLOAT]: 	|97.276|
2024-02-01 17:12:58,953 - [ DEBUG] - |-- P1M:7 [FLOAT]: 	|71.524|
2024-02-01 17:12:58,953 - [ DEBUG] - |-- P1M:8 [FLOAT]: 	|61.109|
2024-02-01 17:12:58,954 - [ DEBUG] - |-- P2M:2 [FLOAT]: 	|65.441|
2024-02-01 17:12:58,954 - [ DEBUG] - |-- P2M:3 [FLOAT]: 	|52.067|
2024-02-01 17:12:58,955 - [ DEBUG] - |-- P2M:7 [FLOAT]: 	|80.992|
2024-02-01 17:12:59,732 - [ DEBUG] - |-- P2M:8 [FLOAT]: 	|69.696|
2024-02-01 17:13:00,726 - [ DEBUG] - |-- P1M:2 virtual [FLOAT]: 	|104.774|
2024-02-01 17:13:00,727 - [ DEBUG] - |-- P1M:3 virtual [FLOAT]: 	|97.276|
2024-02-01 17:13:00,728 - [ DEBUG] - |-- P1M:7 virtual [FLOAT]: 	|71.524|
2024-02-01 17:13:00,728 - [ DEBUG] - |-- P1M:8 virtual [FLOAT]: 	|61.109|
2024-02-01 17:13:00,728 - [ DEBUG] - |-- P2M:2 virtual [FLOAT]: 	|65.441|
2024-02-01 17:13:00,729 - [ DEBUG] - |-- P2M:3 virtual [FLOAT]: 	|52.067|
2024-02-01 17:13:00,729 - [ DEBUG] - |-- P2M:7 virtual [FLOAT]: 	|80.992|
2024-02-01 17:13:01,230 - [ DEBUG] - |-- P2M:8 virtual [FLOAT]: 	|69.696|
2024-02-01 17:13:02,354 - [ DEBUG] - TECHNICAL:	 is data entered correct? [Y/N]: 	|y|
2024-02-01 17:13:02,357 - [  INFO] - PERFORM:	 test following string on fusion 360 (already copied in clipboard) -> 
{"datatype": "PA", "TEST_id": "f8003f", "ECP_id": "a08f0988", "id": "5e828c3f88", "comment": "", "time_init": 1706803727.44, "phase": 0, "ECP_number": 3, "PA_number": 2, "success": true, "PA_D": -1.0, "PA_RPC": 16, "P1A": 103.974, "P1B": 96.476, "P1C": 70.724, "P1D": 60.309000000000005, "P2A": 64.641, "P2B": 51.267, "P2C": 80.19200000000001, "P2D": 68.896, "P1A_F": -1.0, "P1B_F": -1.0, "P1C_F": -1.0, "P1D_F": -1.0, "P2A_F": -1.0, "P2B_F": -1.0, "P2C_F": -1.0, "P2D_F": -1.0, "P2eA": -1.0, "P2eB": -1.0, "P2eC": -1.0, "P2eD": -1.0, "P1A_U": 104.774, "P1B_U": 97.276, "P1C_U": 71.524, "P1D_U": 61.109, "P2eA_U": 65.441, "P2eB_U": 52.067, "P2eC_U": 80.992, "P2eD_U": 69.696, "P1_mean_max": 1.0, "P1_mean": -1.0, "P2_mean_max": 2.0, "P2_mean": -1.0, "confidence_position": 5.0, "confidence_angle": 7.0, "estimate_hit": false, "target": "ECP:3", "markers": {"A": "M:2", "B": "M:3", "C": "M:7", "D": "M:8"}, "fusion_computed": false, "anatomy": {"basilic vein": -1.0, "brachial artery": -1.0, "brachial vein": -1.0, "cephalic vein": -1.0, "inferior ulnar collateral artery": -1.0, "median antebrachial vein": -1.0, "median cubital vein": -1.0, "median cubital vein 1": -1.0, "middle collateral artery": -1.0, "radial artery": -1.0, "radial collateral artery": -1.0, "radial veins": -1.0, "random artery 1": -1.0, "random artery 2": -1.0, "ulnar artery": -1.0, "ulnar veins": -1.0, "anterior branch of medial antebrachial cutaneous nerve": -1.0, "anterior interosseous nerve of forearm": -1.0, "deep branch of radial nerve": -1.0, "lateral antebrachial cutaneous nerve": -1.0, "median nerve": -1.0, "muscular branches of radial nerve": -1.0, "musculocutaneous nerve": -1.0, "posterior antebrachial cutaneous nerve": -1.0, "posterior branch of medial antebrachial cutaneous nerve": -1.0, "radial nerve": -1.0, "superficial branch of radial nerve": -1.0, "ulnar nerve": -1.0}, "angle_PA_target": -1.0, "distance_P1_PA_target": -1.0, "distance_P1_PA_target_X": -1.0, "distance_P1_PA_target_Y": -1.0, "distance_P1_PA_target_Z": -1.0, "distance_P2_PA_target": -1.0, "distance_P2_PA_target_X": -1.0, "distance_P2_PA_target_Y": -1.0, "distance_P2_PA_target_Z": -1.0, "distance_P2e_PA_target": -1.0, "distance_P2e_PA_target_X": -1.0, "distance_P2e_PA_target_Y": -1.0, "distance_P2e_PA_target_Z": -1.0, "delta_id_PA_target": -1.0}
2024-02-01 17:13:31,891 - [ DEBUG] - PERFORM:	 enter data from fusion 360: 	|{"datatype": "PA", "TEST_id": "f8003f", "ECP_id": "a08f0988", "id": "5e828c3f88", "comment": "", "time_init": 1706803727.44, "phase": 0, "ECP_number": 3, "PA_number": 2, "success": true, "PA_D": -1.0, "PA_RPC": 16, "P1A": 103.974, "P1B": 96.476, "P1C": 70.724, "P1D": 60.309000000000005, "P2A": 64.641, "P2B": 51.267, "P2C": 80.19200000000001, "P2D": 68.896, "P1A_F": 103.956, "P1B_F": 96.495, "P1C_F": 70.748, "P1D_F": 60.279, "P2A_F": 65.335, "P2B_F": 51.871, "P2C_F": 80.801, "P2D_F": 69.638, "P2eA": 69.567, "P2eB": 57.22, "P2eC": 76.593, "P2eD": 65.071, "P1A_U": 104.774, "P1B_U": 97.276, "P1C_U": 71.524, "P1D_U": 61.109, "P2eA_U": 65.441, "P2eB_U": 52.067, "P2eC_U": 80.992, "P2eD_U": 69.696, "P1_mean_max": 1.0, "P1_mean": 0.083, "P2_mean_max": 2.0, "P2_mean": 0.844, "confidence_position": 5.0, "confidence_angle": 7.0, "estimate_hit": false, "target": "ECP:3", "markers": {"A": "M:2", "B": "M:3", "C": "M:7", "D": "M:8"}, "fusion_computed": true, "anatomy": {"basilic vein": 24.686, "brachial artery": 33.303, "brachial vein": 29.104, "cephalic vein": 39.092, "inferior ulnar collateral artery": 26.566, "median antebrachial vein": 30.859, "median cubital vein": 25.972, "median cubital vein 1": 38.027, "middle collateral artery": 0.0, "radial artery": 47.074, "radial collateral artery": 17.014, "radial veins": 57.727, "random artery 1": 0.0, "random artery 2": 34.276, "ulnar artery": 47.074, "ulnar veins": 57.703, "anterior branch of medial antebrachial cutaneous nerve": 33.162, "anterior interosseous nerve of forearm": 40.742, "deep branch of radial nerve": 51.444, "lateral antebrachial cutaneous nerve": 44.247, "median nerve": 30.894, "muscular branches of radial nerve": 0.0, "musculocutaneous nerve": 29.647, "posterior antebrachial cutaneous nerve": 44.842, "posterior branch of medial antebrachial cutaneous nerve": 4.786, "radial nerve": 36.753, "superficial branch of radial nerve": 51.507, "ulnar nerve": 0.136}, "angle_PA_target": 13.093, "distance_P1_PA_target": 11.245, "distance_P1_PA_target_X": 9.25, "distance_P1_PA_target_Y": 6.321, "distance_P1_PA_target_Z": -0.972, "distance_P2_PA_target": 15.911, "distance_P2_PA_target_X": 11.591, "distance_P2_PA_target_Y": -8.955, "distance_P2_PA_target_Z": 6.213, "distance_P2e_PA_target": 8.057, "distance_P2e_PA_target_X": 6.615, "distance_P2e_PA_target_Y": -4.582, "distance_P2e_PA_target_Z": 0.412, "delta_id_PA_target": -3.666}|
2024-02-01 17:13:48,591 - [ DEBUG] - TECHNICAL:	 want to remeasure P1? [Y/N]: 	|n|
2024-02-01 17:13:49,104 - [ DEBUG] - TECHNICAL:	 want to remeasure P2? [Y/N]: 	|n|
2024-02-01 17:13:55,902 - [ DEBUG] - TECHNICAL:	 comment on PA (5e828c3f88) [STRING]: 	|p1/p2-markers distances from unity|
2024-02-01 17:13:57,213 - [ DEBUG] - TECHNICAL:	 remove kwire from phanotm [ENTER when done]: 	||
2024-02-01 17:13:57,214 - [  INFO] - PA3.2 FINISHED!
2024-02-01 17:13:57,214 - [  INFO] - DATA COLLECTION - ECP3 - (a08f0988)
2024-02-01 17:14:24,666 - [ DEBUG] - |-- ease of placement [0 difficult - 5 easy]: 	|0|
2024-02-01 17:14:24,666 - [  INFO] - DATA COLLECTION - TEST - (f8003f)
2024-02-01 17:15:42,393 - [ DEBUG] - |-- realism xray    [-1 : 5]:            	|3|
2024-02-01 17:15:45,349 - [ DEBUG] - |-- simulation quality xray    [-1 : 5]: 	|3|
2024-02-01 17:15:59,461 - [ DEBUG] - |-- comfort xray [-1 : 5]:               	|5|
2024-02-01 17:16:02,692 - [ DEBUG] - |-- realism AR      [-1 : 5]:            	|-1|
2024-02-01 17:16:03,924 - [ DEBUG] - |-- simulation quality AR      [-1 : 5]: 	|-1|
2024-02-01 17:16:04,951 - [ DEBUG] - |-- comfort ar   [-1 : 5]:               	|-1|
2024-02-01 17:16:32,755 - [ DEBUG] - |-- realism phantom [-1 : 5]:            	|4|
2024-02-01 17:16:42,548 - [ DEBUG] - |-- simulation quality phantom [-1 : 5]: 	|4|
2024-02-01 17:16:43,541 - [ DEBUG] - TECHNICAL:	 comment on TEST (f8003f) [STRING]: 	||
2024-02-01 17:16:43,553 - [  INFO] - SAVED ON DATABASE!
2024-02-01 17:16:43,556 - [  INFO] - bye!
