2024-01-30 17:15:30,360 - [  INFO] - flags: []
2024-01-30 17:15:30,360 - [  INFO] - # POSITIONING TEST COMPANION (v1.21)
2024-01-30 17:15:30,361 - [  INFO] - # What a beautiful day to stick some anti-pigeon spikes into plastic!
2024-01-30 17:15:30,362 - [  INFO] - # BEGIN POSITIONING TEST FOR A CANDIDATE, ONE SINGLE PHASE (e72e0a)
2024-01-30 17:15:30,363 - [  INFO] - # 2024/01/30 - 17:15:30
2024-01-30 17:15:30,363 - [  INFO] - DATA COLLECTION - TEST - (e72e0a)
2024-01-30 17:15:33,204 - [ DEBUG] - |-- phase [INTEGER]:                	|0|
2024-01-30 17:15:34,431 - [ DEBUG] - |-- phantom id [STRING]:            	|01|
2024-01-30 17:15:53,439 - [ DEBUG] - |-- name [STRING]:                  	|pierpaolo|
2024-01-30 17:15:55,535 - [ DEBUG] - |-- surname [STRING]:               	|caputo|
2024-01-30 17:15:57,195 - [ DEBUG] - |-- gender [M/F]:                   	|m|
2024-01-30 17:16:00,624 - [ DEBUG] - |-- right-handed [Y/N]:             	|y|
2024-01-30 17:16:03,899 - [ DEBUG] - |-- age [INTEGER]:                  	|29|
2024-01-30 17:16:06,510 - [ DEBUG] - |-- medsurg year        [-1 : 6]:   	|-1|
2024-01-30 17:16:10,231 - [ DEBUG] - |-- specialization year [-1 : 5]:   	|4|
2024-01-30 17:16:12,153 - [ DEBUG] - |-- surgeon year        [-1 : 100]: 	|-1|
2024-01-30 17:16:31,479 - [ DEBUG] - |-- exp operation count [INTEGER]:  	|5|
2024-01-30 17:16:34,878 - [ DEBUG] - |-- glasses [Y/N]:                  	|y|
2024-01-30 17:16:43,977 - [ DEBUG] - |-- glasses type [None [] / Myopia (Nearsightedness) [M] / Hyperopia (Farsightedness) [H] / Astigmatism [AS] / Presbyopia [P] / Strabismus [S] / Amblyopia (Lazy Eye) [AM] / Cataract [C]: 	|m|
2024-01-30 17:17:01,147 - [ DEBUG] - |-- glasses power [-1 : 100]:       	|4|
2024-01-30 17:17:13,972 - [ DEBUG] - |-- exp Virtual Reality   [0 : 5]:  	|0|
2024-01-30 17:17:38,978 - [ DEBUG] - |-- exp Augmented Reality [0 : 5]:  	|0|
2024-01-30 17:17:49,902 - [ DEBUG] - |-- exp 3D editors        [0 : 5]:  	|0|
2024-01-30 17:17:56,894 - [ DEBUG] - TECHNICAL:	 is data entered correct? [Y/N]: 	|y|
2024-01-30 17:17:56,896 - [  INFO] - ########################
2024-01-30 17:17:56,896 - [  INFO] - ECP1 START! (761df7c0)
2024-01-30 17:17:56,897 - [  INFO] - ------------------------
2024-01-30 17:17:56,898 - [  INFO] - PA1.1 START! (47b74830ac)
2024-01-30 17:17:58,365 - [ DEBUG] - PERFORM:	 reset x-ray machine [ENTER when done]: 	||
2024-01-30 17:18:47,042 - [ DEBUG] - PERFORM:	 give instruction to insert k-wire [ENTER when instruction given]: 	||
2024-01-30 17:22:24,454 - [ DEBUG] - CANDIDATE:	 inserting k-wire... -> checks it and declares it failed [f] or successful [s]: 	|f|
2024-01-30 17:22:24,454 - [  INFO] - \_candidate has FAILED positioning attempt!
2024-01-30 17:22:24,454 - [  INFO] - DATA COLLECTION - PA1.1 - (47b74830ac)
2024-01-30 17:22:29,321 - [ DEBUG] - |-- RADIATION picture count       [INT]  : 	|11|
2024-01-30 17:24:50,991 - [ DEBUG] - |-- P1M:2 [FLOAT]: 	|54.05|
2024-01-30 17:25:24,260 - [ DEBUG] - |-- P1M:3 [FLOAT]: 	|49.65|
2024-01-30 17:25:51,267 - [ DEBUG] - |-- P1M:7 [FLOAT]: 	|105.15|
2024-01-30 17:26:03,943 - [ DEBUG] - |-- P1M:8 [FLOAT]: 	|104.05|
2024-01-30 17:26:26,142 - [ DEBUG] - |-- P2M:2 [FLOAT]: 	|50.39|
2024-01-30 17:27:58,305 - [ DEBUG] - |-- P2M:3 [FLOAT]: 	|37.90|
2024-01-30 17:29:51,950 - [ DEBUG] - |-- P2M:7 [FLOAT]: 	|93.18|
2024-01-30 17:30:24,913 - [ DEBUG] - |-- P2M:8 [FLOAT]: 	|87.53|
2024-01-30 17:38:03,007 - [ DEBUG] - |-- P1M:2 virtual [FLOAT]: 	|55.267|
2024-01-30 17:38:03,008 - [ DEBUG] - |-- P1M:3 virtual [FLOAT]: 	|49.067|
2024-01-30 17:38:03,009 - [ DEBUG] - |-- P1M:7 virtual [FLOAT]: 	|105.903|
2024-01-30 17:38:03,010 - [ DEBUG] - |-- P1M:8 virtual [FLOAT]: 	|103.789|
2024-01-30 17:38:03,011 - [ DEBUG] - |-- P2M:2 virtual [FLOAT]: 	|59.363|
2024-01-30 17:38:03,012 - [ DEBUG] - |-- P2M:3 virtual [FLOAT]: 	|41.371|
2024-01-30 17:38:03,013 - [ DEBUG] - |-- P2M:7 virtual [FLOAT]: 	|95.032|
2024-01-30 17:38:03,640 - [ DEBUG] - |-- P2M:8 virtual [FLOAT]: 	|84.068|
2024-01-30 17:38:48,148 - [ DEBUG] - |-- CANDIDATE: confidence on entrance position in mm? [FLOAT]: 	|5|
2024-01-30 17:39:02,728 - [ DEBUG] - |-- CANDIDATE: confidence on angle in deg? [FLOAT]:            	|30|
2024-01-30 17:39:16,466 - [ DEBUG] - |-- CANDIDATE: estimate structures hit [Y/N]?:                 	|n|
2024-01-30 17:39:18,449 - [ DEBUG] - TECHNICAL:	 is data entered correct? [Y/N]: 	|y|
2024-01-30 17:39:18,459 - [  INFO] - PERFORM:	 test following string on fusion 360 (already copied in clipboard) -> 
{"datatype": "PA", "TEST_id": "e72e0a", "ECP_id": "761df7c0", "id": "47b74830ac", "comment": "", "time_init": 1706631527.04, "phase": 0, "ECP_number": 1, "PA_number": 1, "success": false, "PA_D": -1.0, "PA_RPC": 11, "P1A": 53.25, "P1B": 48.85, "P1C": 104.35000000000001, "P1D": 103.25, "P2A": 49.59, "P2B": 37.1, "P2C": 92.38000000000001, "P2D": 86.73, "P1A_F": -1.0, "P1B_F": -1.0, "P1C_F": -1.0, "P1D_F": -1.0, "P2A_F": -1.0, "P2B_F": -1.0, "P2C_F": -1.0, "P2D_F": -1.0, "P2eA": -1.0, "P2eB": -1.0, "P2eC": -1.0, "P2eD": -1.0, "P1A_U": 55.267, "P1B_U": 49.067, "P1C_U": 105.903, "P1D_U": 103.789, "P2eA_U": 59.363, "P2eB_U": 41.371, "P2eC_U": 95.032, "P2eD_U": 84.068, "P1_mean_max": 1.0, "P1_mean": -1.0, "P2_mean_max": 2.0, "P2_mean": -1.0, "confidence_position": 5.0, "confidence_angle": 30.0, "estimate_hit": false, "target": "ECP:1", "markers": {"A": "M:2", "B": "M:3", "C": "M:7", "D": "M:8"}, "fusion_computed": false, "anatomy": {"basilic vein": -1.0, "brachial artery": -1.0, "brachial vein": -1.0, "cephalic vein": -1.0, "inferior ulnar collateral artery": -1.0, "median antebrachial vein": -1.0, "median cubital vein": -1.0, "median cubital vein 1": -1.0, "middle collateral artery": -1.0, "radial artery": -1.0, "radial collateral artery": -1.0, "radial veins": -1.0, "random artery 1": -1.0, "random artery 2": -1.0, "ulnar artery": -1.0, "ulnar veins": -1.0, "anterior branch of medial antebrachial cutaneous nerve": -1.0, "anterior interosseous nerve of forearm": -1.0, "deep branch of radial nerve": -1.0, "lateral antebrachial cutaneous nerve": -1.0, "median nerve": -1.0, "muscular branches of radial nerve": -1.0, "musculocutaneous nerve": -1.0, "posterior antebrachial cutaneous nerve": -1.0, "posterior branch of medial antebrachial cutaneous nerve": -1.0, "radial nerve": -1.0, "superficial branch of radial nerve": -1.0, "ulnar nerve": -1.0}, "angle_PA_target": -1.0, "distance_P1_PA_target": -1.0, "distance_P1_PA_target_X": -1.0, "distance_P1_PA_target_Y": -1.0, "distance_P1_PA_target_Z": -1.0, "distance_P2_PA_target": -1.0, "distance_P2_PA_target_X": -1.0, "distance_P2_PA_target_Y": -1.0, "distance_P2_PA_target_Z": -1.0, "distance_P2e_PA_target": -1.0, "distance_P2e_PA_target_X": -1.0, "distance_P2e_PA_target_Y": -1.0, "distance_P2e_PA_target_Z": -1.0, "delta_id_PA_target": -1.0}
2024-01-30 17:40:08,157 - [ DEBUG] - PERFORM:	 enter data from fusion 360: 	|{"datatype": "PA", "TEST_id": "e72e0a", "ECP_id": "761df7c0", "id": "47b74830ac", "comment": "", "time_init": 1706631527.04, "phase": 0, "ECP_number": 1, "PA_number": 1, "success": false, "PA_D": -1.0, "PA_RPC": 11, "P1A": 53.25, "P1B": 48.85, "P1C": 104.35000000000001, "P1D": 103.25, "P2A": 49.59, "P2B": 37.1, "P2C": 92.38000000000001, "P2D": 86.73, "P1A_F": 53.137, "P1B_F": 48.963, "P1C_F": 104.401, "P1D_F": 103.196, "P2A_F": 50.079, "P2B_F": 38.44, "P2C_F": 93.349, "P2D_F": 87.123, "P2eA": 48.42, "P2eB": 37.737, "P2eC": 94.29, "P2eD": 89.028, "P1A_U": 55.267, "P1B_U": 49.067, "P1C_U": 105.903, "P1D_U": 103.789, "P2eA_U": 59.363, "P2eB_U": 41.371, "P2eC_U": 95.032, "P2eD_U": 84.068, "P1_mean_max": 1.0, "P1_mean": 0.288, "P2_mean_max": 2.0, "P2_mean": 1.274, "confidence_position": 5.0, "confidence_angle": 30.0, "estimate_hit": false, "target": "ECP:1", "markers": {"A": "M:2", "B": "M:3", "C": "M:7", "D": "M:8"}, "fusion_computed": true, "anatomy": {"basilic vein": 20.736, "brachial artery": 30.712, "brachial vein": 26.246, "cephalic vein": 39.593, "inferior ulnar collateral artery": 27.894, "median antebrachial vein": 52.517, "median cubital vein": 21.668, "median cubital vein 1": 35.91, "middle collateral artery": 0.0, "radial artery": 45.427, "radial collateral artery": 21.172, "radial veins": 56.521, "random artery 1": 0.0, "random artery 2": 49.302, "ulnar artery": 45.427, "ulnar veins": 56.502, "anterior branch of medial antebrachial cutaneous nerve": 27.798, "anterior interosseous nerve of forearm": 42.439, "deep branch of radial nerve": 44.492, "lateral antebrachial cutaneous nerve": 42.29, "median nerve": 26.732, "muscular branches of radial nerve": 3.105, "musculocutaneous nerve": 28.614, "posterior antebrachial cutaneous nerve": 35.101, "posterior branch of medial antebrachial cutaneous nerve": 9.833, "radial nerve": 36.84, "superficial branch of radial nerve": 44.769, "ulnar nerve": 3.154}, "angle_PA_target": 18.397, "distance_P1_PA_target": 27.004, "distance_P1_PA_target_X": 14.047, "distance_P1_PA_target_Y": -1.825, "distance_P1_PA_target_Z": 22.991, "distance_P2_PA_target": 18.592, "distance_P2_PA_target_X": 15.067, "distance_P2_PA_target_Y": -8.002, "distance_P2_PA_target_Z": 7.391, "distance_P2e_PA_target": 17.354, "distance_P2e_PA_target_X": 16.847, "distance_P2e_PA_target_Y": -3.366, "distance_P2e_PA_target_Z": 2.449, "delta_id_PA_target": 16.644}|
2024-01-30 17:40:09,670 - [ DEBUG] - TECHNICAL:	 want to remeasure P1? [Y/N]: 	|n|
2024-01-30 17:40:10,016 - [ DEBUG] - TECHNICAL:	 want to remeasure P2? [Y/N]: 	|n|
2024-01-30 17:40:11,141 - [ DEBUG] - TECHNICAL:	 comment on PA (47b74830ac) [STRING]: 	||
2024-01-30 17:40:11,142 - [  INFO] - PA1.1 FINISHED!
2024-01-30 17:40:11,144 - [  INFO] - ------------------------
2024-01-30 17:40:11,144 - [  INFO] - PA1.2 START! (14ef4d79de)
2024-01-30 17:40:13,173 - [ DEBUG] - PERFORM:	 reset x-ray machine [ENTER when done]: 	||
2024-01-30 17:43:37,672 - [ DEBUG] - PERFORM:	 give instruction to insert k-wire [ENTER when instruction given]: 	||
2024-01-30 17:44:06,650 - [ DEBUG] - CANDIDATE:	 inserting k-wire... -> checks it and declares it failed [f] or successful [s]: 	|s|
2024-01-30 17:44:06,650 - [  INFO] - \_candidate has performed SUCCESSFUL positioning attempt!
2024-01-30 17:44:06,650 - [  INFO] - DATA COLLECTION - PA1.2 - (14ef4d79de)
2024-01-30 17:44:39,633 - [ DEBUG] - |-- RADIATION picture count       [INT]  : 	|17|
2024-01-30 17:45:20,596 - [ DEBUG] - |-- P1M:2 [FLOAT]: 	|84.71|
2024-01-30 17:45:45,323 - [ DEBUG] - |-- P1M:3 [FLOAT]: 	|62.91|
2024-01-30 17:46:09,183 - [ DEBUG] - |-- P1M:7 [FLOAT]: 	|109.17|
2024-01-30 17:46:41,662 - [ DEBUG] - |-- P1M:8 [FLOAT]: 	|95.97|
2024-01-30 17:47:06,931 - [ DEBUG] - |-- P2M:2 [FLOAT]: 	|63.73|
2024-01-30 17:47:19,219 - [ DEBUG] - |-- P2M:3 [FLOAT]: 	|47.30|
2024-01-30 17:47:45,989 - [ DEBUG] - |-- P2M:7 [FLOAT]: 	|85.92|
2024-01-30 17:48:04,665 - [ DEBUG] - |-- P2M:8 [FLOAT]: 	|75.16|
2024-01-30 17:48:15,871 - [ DEBUG] - |-- P1M:2 virtual [FLOAT]: 	|84.206|
2024-01-30 17:48:15,872 - [ DEBUG] - |-- P1M:3 virtual [FLOAT]: 	|59.897|
2024-01-30 17:48:15,873 - [ DEBUG] - |-- P1M:7 virtual [FLOAT]: 	|117.149|
2024-01-30 17:48:15,874 - [ DEBUG] - |-- P1M:8 virtual [FLOAT]: 	|103.417|
2024-01-30 17:48:15,875 - [ DEBUG] - |-- P2M:2 virtual [FLOAT]: 	|60.596|
2024-01-30 17:48:15,876 - [ DEBUG] - |-- P2M:3 virtual [FLOAT]: 	|46.600|
2024-01-30 17:48:15,877 - [ DEBUG] - |-- P2M:7 virtual [FLOAT]: 	|85.557|
2024-01-30 17:48:16,732 - [ DEBUG] - |-- P2M:8 virtual [FLOAT]: 	|75.595|
2024-01-30 17:48:32,757 - [ DEBUG] - |-- CANDIDATE: confidence on entrance position in mm? [FLOAT]: 	|5|
2024-01-30 17:48:39,575 - [ DEBUG] - |-- CANDIDATE: confidence on angle in deg? [FLOAT]:            	|5|
2024-01-30 17:48:43,839 - [ DEBUG] - |-- CANDIDATE: estimate structures hit [Y/N]?:                 	|n|
2024-01-30 17:48:45,265 - [ DEBUG] - TECHNICAL:	 is data entered correct? [Y/N]: 	|y|
2024-01-30 17:48:45,274 - [  INFO] - PERFORM:	 test following string on fusion 360 (already copied in clipboard) -> 
{"datatype": "PA", "TEST_id": "e72e0a", "ECP_id": "761df7c0", "id": "14ef4d79de", "comment": "", "time_init": 1706633017.67, "phase": 0, "ECP_number": 1, "PA_number": 2, "success": true, "PA_D": -1.0, "PA_RPC": 17, "P1A": 83.91, "P1B": 62.11, "P1C": 108.37, "P1D": 95.17, "P2A": 62.93, "P2B": 46.5, "P2C": 85.12, "P2D": 74.36, "P1A_F": -1.0, "P1B_F": -1.0, "P1C_F": -1.0, "P1D_F": -1.0, "P2A_F": -1.0, "P2B_F": -1.0, "P2C_F": -1.0, "P2D_F": -1.0, "P2eA": -1.0, "P2eB": -1.0, "P2eC": -1.0, "P2eD": -1.0, "P1A_U": 84.206, "P1B_U": 59.897, "P1C_U": 117.149, "P1D_U": 103.417, "P2eA_U": 60.596, "P2eB_U": 46.6, "P2eC_U": 85.557, "P2eD_U": 75.595, "P1_mean_max": 1.0, "P1_mean": -1.0, "P2_mean_max": 2.0, "P2_mean": -1.0, "confidence_position": 5.0, "confidence_angle": 5.0, "estimate_hit": false, "target": "ECP:1", "markers": {"A": "M:2", "B": "M:3", "C": "M:7", "D": "M:8"}, "fusion_computed": false, "anatomy": {"basilic vein": -1.0, "brachial artery": -1.0, "brachial vein": -1.0, "cephalic vein": -1.0, "inferior ulnar collateral artery": -1.0, "median antebrachial vein": -1.0, "median cubital vein": -1.0, "median cubital vein 1": -1.0, "middle collateral artery": -1.0, "radial artery": -1.0, "radial collateral artery": -1.0, "radial veins": -1.0, "random artery 1": -1.0, "random artery 2": -1.0, "ulnar artery": -1.0, "ulnar veins": -1.0, "anterior branch of medial antebrachial cutaneous nerve": -1.0, "anterior interosseous nerve of forearm": -1.0, "deep branch of radial nerve": -1.0, "lateral antebrachial cutaneous nerve": -1.0, "median nerve": -1.0, "muscular branches of radial nerve": -1.0, "musculocutaneous nerve": -1.0, "posterior antebrachial cutaneous nerve": -1.0, "posterior branch of medial antebrachial cutaneous nerve": -1.0, "radial nerve": -1.0, "superficial branch of radial nerve": -1.0, "ulnar nerve": -1.0}, "angle_PA_target": -1.0, "distance_P1_PA_target": -1.0, "distance_P1_PA_target_X": -1.0, "distance_P1_PA_target_Y": -1.0, "distance_P1_PA_target_Z": -1.0, "distance_P2_PA_target": -1.0, "distance_P2_PA_target_X": -1.0, "distance_P2_PA_target_Y": -1.0, "distance_P2_PA_target_Z": -1.0, "distance_P2e_PA_target": -1.0, "distance_P2e_PA_target_X": -1.0, "distance_P2e_PA_target_Y": -1.0, "distance_P2e_PA_target_Z": -1.0, "delta_id_PA_target": -1.0}
2024-01-30 17:49:56,158 - [ DEBUG] - PERFORM:	 enter data from fusion 360: 	|{"datatype": "PA", "TEST_id": "e72e0a", "ECP_id": "761df7c0", "id": "14ef4d79de", "comment": "", "time_init": 1706633017.67, "phase": 0, "ECP_number": 1, "PA_number": 2, "success": true, "PA_D": -1.0, "PA_RPC": 17, "P1A": 83.91, "P1B": 62.11, "P1C": 108.37, "P1D": 95.17, "P2A": 62.93, "P2B": 46.5, "P2C": 85.12, "P2D": 74.36, "P1A_F": 83.766, "P1B_F": 62.292, "P1C_F": 108.471, "P1D_F": 95.046, "P2A_F": 63.028, "P2B_F": 46.856, "P2C_F": 85.675, "P2D_F": 74.223, "P2eA": 63.191, "P2eB": 46.65, "P2eC": 86.03, "P2eD": 74.456, "P1A_U": 84.206, "P1B_U": 59.897, "P1C_U": 117.149, "P1D_U": 103.417, "P2eA_U": 60.596, "P2eB_U": 46.6, "P2eC_U": 85.557, "P2eD_U": 75.595, "P1_mean_max": 1.0, "P1_mean": 0.548, "P2_mean_max": 2.0, "P2_mean": 1.269, "confidence_position": 5.0, "confidence_angle": 5.0, "estimate_hit": false, "target": "ECP:1", "markers": {"A": "M:2", "B": "M:3", "C": "M:7", "D": "M:8"}, "fusion_computed": true, "anatomy": {"basilic vein": 23.202, "brachial artery": 25.021, "brachial vein": 22.02, "cephalic vein": 29.06, "inferior ulnar collateral artery": 25.775, "median antebrachial vein": 43.663, "median cubital vein": 25.519, "median cubital vein 1": 29.033, "middle collateral artery": 9.311, "radial artery": 33.483, "radial collateral artery": 11.87, "radial veins": 43.901, "random artery 1": 0.614, "random artery 2": 38.314, "ulnar artery": 33.483, "ulnar veins": 43.923, "anterior branch of medial antebrachial cutaneous nerve": 31.837, "anterior interosseous nerve of forearm": 32.902, "deep branch of radial nerve": 30.747, "lateral antebrachial cutaneous nerve": 30.587, "median nerve": 27.824, "muscular branches of radial nerve": 9.658, "musculocutaneous nerve": 22.679, "posterior antebrachial cutaneous nerve": 21.094, "posterior branch of medial antebrachial cutaneous nerve": 10.575, "radial nerve": 23.31, "superficial branch of radial nerve": 31.037, "ulnar nerve": 0.0}, "angle_PA_target": 5.032, "distance_P1_PA_target": 12.029, "distance_P1_PA_target_X": -0.412, "distance_P1_PA_target_Y": -11.719, "distance_P1_PA_target_Z": -2.682, "distance_P2_PA_target": 10.525, "distance_P2_PA_target_X": 2.875, "distance_P2_PA_target_Y": -10.121, "distance_P2_PA_target_Z": -0.281, "distance_P2e_PA_target": 10.216, "distance_P2e_PA_target_X": 3.095, "distance_P2e_PA_target_Y": -9.603, "distance_P2e_PA_target_Z": -1.602, "delta_id_PA_target": 0.493}|
2024-01-30 17:49:58,103 - [ DEBUG] - TECHNICAL:	 want to remeasure P1? [Y/N]: 	|n|
2024-01-30 17:49:58,398 - [ DEBUG] - TECHNICAL:	 want to remeasure P2? [Y/N]: 	|n|
2024-01-30 17:49:59,090 - [ DEBUG] - TECHNICAL:	 comment on PA (14ef4d79de) [STRING]: 	||
2024-01-30 17:49:59,090 - [  INFO] - PA1.2 FINISHED!
2024-01-30 17:49:59,090 - [  INFO] - DATA COLLECTION - ECP1 - (761df7c0)
2024-01-30 17:50:22,853 - [ DEBUG] - |-- ease of placement [0 difficult - 5 easy]: 	|4|
2024-01-30 17:50:22,854 - [  INFO] - ########################
2024-01-30 17:50:22,855 - [  INFO] - ECP2 START! (36f408d4)
2024-01-30 17:50:22,856 - [  INFO] - ------------------------
2024-01-30 17:50:22,856 - [  INFO] - PA2.1 START! (2606eae16b)
2024-01-30 17:50:23,793 - [ DEBUG] - PERFORM:	 reset x-ray machine [ENTER when done]: 	||
2024-01-30 17:50:41,357 - [ DEBUG] - PERFORM:	 give instruction to insert k-wire [ENTER when instruction given]: 	||
2024-01-30 17:55:34,244 - [ DEBUG] - CANDIDATE:	 inserting k-wire... -> checks it and declares it failed [f] or successful [s]: 	|s|
2024-01-30 17:55:34,244 - [  INFO] - \_candidate has performed SUCCESSFUL positioning attempt!
2024-01-30 17:55:34,244 - [  INFO] - DATA COLLECTION - PA2.1 - (2606eae16b)
2024-01-30 17:55:38,918 - [ DEBUG] - |-- RADIATION picture count       [INT]  : 	|21|
2024-01-30 17:56:31,272 - [ DEBUG] - |-- P1M:3 [FLOAT]: 	|58.10|
2024-01-30 17:57:04,406 - [ DEBUG] - |-- P1M:4 [FLOAT]: 	|38.56|
2024-01-30 17:57:19,925 - [ DEBUG] - |-- P1M:8 [FLOAT]: 	|118.00|
2024-01-30 17:57:35,862 - [ DEBUG] - |-- P1M:9 [FLOAT]: 	|109.80|
2024-01-30 17:57:56,027 - [ DEBUG] - |-- P2M:3 [FLOAT]: 	|61.01|
2024-01-30 17:58:08,066 - [ DEBUG] - |-- P2M:4 [FLOAT]: 	|48.05|
2024-01-30 17:58:16,877 - [ DEBUG] - |-- P2M:8 [FLOAT]: 	|81.55|
2024-01-30 17:58:37,356 - [ DEBUG] - |-- P2M:9 [FLOAT]: 	|72.56|
2024-01-30 17:59:14,828 - [ DEBUG] - |-- P1M:3 virtual [FLOAT]: 	|56.266|
2024-01-30 17:59:14,829 - [ DEBUG] - |-- P1M:4 virtual [FLOAT]: 	|37.150|
2024-01-30 17:59:14,830 - [ DEBUG] - |-- P1M:8 virtual [FLOAT]: 	|118.470|
2024-01-30 17:59:14,831 - [ DEBUG] - |-- P1M:9 virtual [FLOAT]: 	|111.157|
2024-01-30 17:59:14,831 - [ DEBUG] - |-- P2M:3 virtual [FLOAT]: 	|63.046|
2024-01-30 17:59:14,832 - [ DEBUG] - |-- P2M:4 virtual [FLOAT]: 	|56.281|
2024-01-30 17:59:14,833 - [ DEBUG] - |-- P2M:8 virtual [FLOAT]: 	|72.101|
2024-01-30 17:59:15,447 - [ DEBUG] - |-- P2M:9 virtual [FLOAT]: 	|65.435|
2024-01-30 17:59:28,608 - [ DEBUG] - |-- CANDIDATE: confidence on entrance position in mm? [FLOAT]: 	|5|
2024-01-30 17:59:37,692 - [ DEBUG] - |-- CANDIDATE: confidence on angle in deg? [FLOAT]:            	|10|
2024-01-30 17:59:42,172 - [ DEBUG] - |-- CANDIDATE: estimate structures hit [Y/N]?:                 	|n|
2024-01-30 17:59:43,516 - [ DEBUG] - TECHNICAL:	 is data entered correct? [Y/N]: 	|y|
2024-01-30 17:59:43,524 - [  INFO] - PERFORM:	 test following string on fusion 360 (already copied in clipboard) -> 
{"datatype": "PA", "TEST_id": "e72e0a", "ECP_id": "36f408d4", "id": "2606eae16b", "comment": "", "time_init": 1706633441.36, "phase": 0, "ECP_number": 2, "PA_number": 1, "success": true, "PA_D": -1.0, "PA_RPC": 21, "P1A": 57.300000000000004, "P1B": 37.760000000000005, "P1C": 117.2, "P1D": 109.0, "P2A": 60.21, "P2B": 47.25, "P2C": 80.75, "P2D": 71.76, "P1A_F": -1.0, "P1B_F": -1.0, "P1C_F": -1.0, "P1D_F": -1.0, "P2A_F": -1.0, "P2B_F": -1.0, "P2C_F": -1.0, "P2D_F": -1.0, "P2eA": -1.0, "P2eB": -1.0, "P2eC": -1.0, "P2eD": -1.0, "P1A_U": 56.266, "P1B_U": 37.15, "P1C_U": 118.47, "P1D_U": 111.157, "P2eA_U": 63.046, "P2eB_U": 56.281, "P2eC_U": 72.101, "P2eD_U": 65.435, "P1_mean_max": 1.0, "P1_mean": -1.0, "P2_mean_max": 2.0, "P2_mean": -1.0, "confidence_position": 5.0, "confidence_angle": 10.0, "estimate_hit": false, "target": "ECP:2", "markers": {"A": "M:3", "B": "M:4", "C": "M:8", "D": "M:9"}, "fusion_computed": false, "anatomy": {"basilic vein": -1.0, "brachial artery": -1.0, "brachial vein": -1.0, "cephalic vein": -1.0, "inferior ulnar collateral artery": -1.0, "median antebrachial vein": -1.0, "median cubital vein": -1.0, "median cubital vein 1": -1.0, "middle collateral artery": -1.0, "radial artery": -1.0, "radial collateral artery": -1.0, "radial veins": -1.0, "random artery 1": -1.0, "random artery 2": -1.0, "ulnar artery": -1.0, "ulnar veins": -1.0, "anterior branch of medial antebrachial cutaneous nerve": -1.0, "anterior interosseous nerve of forearm": -1.0, "deep branch of radial nerve": -1.0, "lateral antebrachial cutaneous nerve": -1.0, "median nerve": -1.0, "muscular branches of radial nerve": -1.0, "musculocutaneous nerve": -1.0, "posterior antebrachial cutaneous nerve": -1.0, "posterior branch of medial antebrachial cutaneous nerve": -1.0, "radial nerve": -1.0, "superficial branch of radial nerve": -1.0, "ulnar nerve": -1.0}, "angle_PA_target": -1.0, "distance_P1_PA_target": -1.0, "distance_P1_PA_target_X": -1.0, "distance_P1_PA_target_Y": -1.0, "distance_P1_PA_target_Z": -1.0, "distance_P2_PA_target": -1.0, "distance_P2_PA_target_X": -1.0, "distance_P2_PA_target_Y": -1.0, "distance_P2_PA_target_Z": -1.0, "distance_P2e_PA_target": -1.0, "distance_P2e_PA_target_X": -1.0, "distance_P2e_PA_target_Y": -1.0, "distance_P2e_PA_target_Z": -1.0, "delta_id_PA_target": -1.0}
2024-01-30 18:00:46,115 - [ DEBUG] - PERFORM:	 enter data from fusion 360: 	|{"datatype": "PA", "TEST_id": "e72e0a", "ECP_id": "36f408d4", "id": "2606eae16b", "comment": "", "time_init": 1706633441.36, "phase": 0, "ECP_number": 2, "PA_number": 1, "success": true, "PA_D": -1.0, "PA_RPC": 21, "P1A": 57.300000000000004, "P1B": 37.760000000000005, "P1C": 117.2, "P1D": 109.0, "P2A": 60.21, "P2B": 47.25, "P2C": 80.75, "P2D": 71.76, "P1A_F": 57.071, "P1B_F": 38.101, "P1C_F": 117.295, "P1D_F": 108.893, "P2A_F": 60.206, "P2B_F": 47.467, "P2C_F": 80.928, "P2D_F": 71.802, "P2eA": 57.071, "P2eB": 38.101, "P2eC": 117.295, "P2eD": 108.893, "P1A_U": 56.266, "P1B_U": 37.15, "P1C_U": 118.47, "P1D_U": 111.157, "P2eA_U": 63.046, "P2eB_U": 56.281, "P2eC_U": 72.101, "P2eD_U": 65.435, "P1_mean_max": 1.0, "P1_mean": 0.806, "P2_mean_max": 2.0, "P2_mean": 1.216, "confidence_position": 5.0, "confidence_angle": 10.0, "estimate_hit": false, "target": "ECP:2", "markers": {"A": "M:3", "B": "M:4", "C": "M:8", "D": "M:9"}, "fusion_computed": true, "anatomy": {"basilic vein": 44.218, "brachial artery": 41.55, "brachial vein": 41.575, "cephalic vein": 31.322, "inferior ulnar collateral artery": 45.446, "median antebrachial vein": 72.615, "median cubital vein": 46.2, "median cubital vein 1": 52.188, "middle collateral artery": 3.144, "radial artery": 60.462, "radial collateral artery": 4.063, "radial veins": 68.901, "random artery 1": 33.425, "random artery 2": 58.904, "ulnar artery": 60.462, "ulnar veins": 68.904, "anterior branch of medial antebrachial cutaneous nerve": 49.813, "anterior interosseous nerve of forearm": 60.05, "deep branch of radial nerve": 58.866, "lateral antebrachial cutaneous nerve": 57.458, "median nerve": 50.729, "muscular branches of radial nerve": 0.0, "musculocutaneous nerve": 27.541, "posterior antebrachial cutaneous nerve": 45.058, "posterior branch of medial antebrachial cutaneous nerve": 50.971, "radial nerve": 24.988, "superficial branch of radial nerve": 59.143, "ulnar nerve": 42.332}, "angle_PA_target": 91.947, "distance_P1_PA_target": 73.008, "distance_P1_PA_target_X": 5.899, "distance_P1_PA_target_Y": 44.158, "distance_P1_PA_target_Z": 57.84, "distance_P2_PA_target": 10.51, "distance_P2_PA_target_X": -2.009, "distance_P2_PA_target_Y": 1.369, "distance_P2_PA_target_Z": 10.225, "distance_P2e_PA_target": 55.613, "distance_P2e_PA_target_X": 32.008, "distance_P2e_PA_target_Y": 18.846, "distance_P2e_PA_target_Z": 41.39, "delta_id_PA_target": 39.912}|
2024-01-30 18:00:48,089 - [ DEBUG] - TECHNICAL:	 want to remeasure P1? [Y/N]: 	|y|
2024-01-30 18:01:15,964 - [ DEBUG] - |-- P1M:3 [FLOAT]: 	|58.57|
2024-01-30 18:01:37,125 - [ DEBUG] - |-- P1M:4 [FLOAT]: 	|38.42|
2024-01-30 18:02:04,044 - [ DEBUG] - |-- P1M:8 [FLOAT]: 	|117.83|
2024-01-30 18:02:20,021 - [ DEBUG] - |-- P1M:9 [FLOAT]: 	|109.64|
2024-01-30 18:02:20,031 - [  INFO] - PERFORM:	 test following string on fusion 360 (already copied in clipboard) -> 
{"datatype": "PA", "TEST_id": "e72e0a", "ECP_id": "36f408d4", "id": "2606eae16b", "comment": "", "time_init": 1706633441.36, "phase": 0, "ECP_number": 2, "PA_number": 1, "success": true, "PA_D": -1.0, "PA_RPC": 21, "P1A": 58.57, "P1B": 38.42, "P1C": 117.83, "P1D": 109.64, "P2A": 60.21, "P2B": 47.25, "P2C": 80.75, "P2D": 71.76, "P1A_F": 57.071, "P1B_F": 38.101, "P1C_F": 117.295, "P1D_F": 108.893, "P2A_F": 60.206, "P2B_F": 47.467, "P2C_F": 80.928, "P2D_F": 71.802, "P2eA": 57.071, "P2eB": 38.101, "P2eC": 117.295, "P2eD": 108.893, "P1A_U": 56.266, "P1B_U": 37.15, "P1C_U": 118.47, "P1D_U": 111.157, "P2eA_U": 63.046, "P2eB_U": 56.281, "P2eC_U": 72.101, "P2eD_U": 65.435, "P1_mean_max": 1.0, "P1_mean": 0.806, "P2_mean_max": 2.0, "P2_mean": 1.216, "confidence_position": 5.0, "confidence_angle": 10.0, "estimate_hit": false, "target": "ECP:2", "markers": {"A": "M:3", "B": "M:4", "C": "M:8", "D": "M:9"}, "fusion_computed": true, "anatomy": {"basilic vein": 44.218, "brachial artery": 41.55, "brachial vein": 41.575, "cephalic vein": 31.322, "inferior ulnar collateral artery": 45.446, "median antebrachial vein": 72.615, "median cubital vein": 46.2, "median cubital vein 1": 52.188, "middle collateral artery": 3.144, "radial artery": 60.462, "radial collateral artery": 4.063, "radial veins": 68.901, "random artery 1": 33.425, "random artery 2": 58.904, "ulnar artery": 60.462, "ulnar veins": 68.904, "anterior branch of medial antebrachial cutaneous nerve": 49.813, "anterior interosseous nerve of forearm": 60.05, "deep branch of radial nerve": 58.866, "lateral antebrachial cutaneous nerve": 57.458, "median nerve": 50.729, "muscular branches of radial nerve": 0.0, "musculocutaneous nerve": 27.541, "posterior antebrachial cutaneous nerve": 45.058, "posterior branch of medial antebrachial cutaneous nerve": 50.971, "radial nerve": 24.988, "superficial branch of radial nerve": 59.143, "ulnar nerve": 42.332}, "angle_PA_target": 91.947, "distance_P1_PA_target": 73.008, "distance_P1_PA_target_X": 5.899, "distance_P1_PA_target_Y": 44.158, "distance_P1_PA_target_Z": 57.84, "distance_P2_PA_target": 10.51, "distance_P2_PA_target_X": -2.009, "distance_P2_PA_target_Y": 1.369, "distance_P2_PA_target_Z": 10.225, "distance_P2e_PA_target": 55.613, "distance_P2e_PA_target_X": 32.008, "distance_P2e_PA_target_Y": 18.846, "distance_P2e_PA_target_Z": 41.39, "delta_id_PA_target": 39.912}
2024-01-30 18:02:59,146 - [ DEBUG] - PERFORM:	 enter data from fusion 360: 	|{"datatype": "PA", "TEST_id": "e72e0a", "ECP_id": "36f408d4", "id": "2606eae16b", "comment": "", "time_init": 1706633441.36, "phase": 0, "ECP_number": 2, "PA_number": 1, "success": true, "PA_D": -1.0, "PA_RPC": 21, "P1A": 58.57, "P1B": 38.42, "P1C": 117.83, "P1D": 109.64, "P2A": 60.21, "P2B": 47.25, "P2C": 80.75, "P2D": 71.76, "P1A_F": 58.655, "P1B_F": 38.292, "P1C_F": 117.791, "P1D_F": 109.681, "P2A_F": 60.206, "P2B_F": 47.467, "P2C_F": 80.928, "P2D_F": 71.802, "P2eA": 57.298, "P2eB": 42.49, "P2eC": 86.771, "P2eD": 77.82, "P1A_U": 56.266, "P1B_U": 37.15, "P1C_U": 118.47, "P1D_U": 111.157, "P2eA_U": 63.046, "P2eB_U": 56.281, "P2eC_U": 72.101, "P2eD_U": 65.435, "P1_mean_max": 1.0, "P1_mean": 0.307, "P2_mean_max": 2.0, "P2_mean": 1.216, "confidence_position": 5.0, "confidence_angle": 10.0, "estimate_hit": false, "target": "ECP:2", "markers": {"A": "M:3", "B": "M:4", "C": "M:8", "D": "M:9"}, "fusion_computed": true, "anatomy": {"basilic vein": 43.666, "brachial artery": 20.338, "brachial vein": 10.964, "cephalic vein": 23.796, "inferior ulnar collateral artery": 24.7, "median antebrachial vein": 43.212, "median cubital vein": 29.325, "median cubital vein 1": 23.992, "middle collateral artery": 6.988, "radial artery": 14.338, "radial collateral artery": 15.565, "radial veins": 11.174, "random artery 1": 26.278, "random artery 2": 26.341, "ulnar artery": 14.949, "ulnar veins": 11.237, "anterior branch of medial antebrachial cutaneous nerve": 36.832, "anterior interosseous nerve of forearm": 15.737, "deep branch of radial nerve": 11.074, "lateral antebrachial cutaneous nerve": 17.741, "median nerve": 17.24, "muscular branches of radial nerve": 6.758, "musculocutaneous nerve": 20.771, "posterior antebrachial cutaneous nerve": 21.329, "posterior branch of medial antebrachial cutaneous nerve": 44.312, "radial nerve": 17.682, "superficial branch of radial nerve": 16.251, "ulnar nerve": 38.866}, "angle_PA_target": 4.749, "distance_P1_PA_target": 4.569, "distance_P1_PA_target_X": 1.304, "distance_P1_PA_target_Y": -0.978, "distance_P1_PA_target_Z": 4.269, "distance_P2_PA_target": 10.51, "distance_P2_PA_target_X": -2.009, "distance_P2_PA_target_Y": 1.369, "distance_P2_PA_target_Z": 10.225, "distance_P2e_PA_target": 7.857, "distance_P2e_PA_target_X": 3.169, "distance_P2e_PA_target_Y": -3.498, "distance_P2e_PA_target_Z": 6.282, "delta_id_PA_target": 1.858}|
2024-01-30 18:03:00,694 - [ DEBUG] - TECHNICAL:	 want to remeasure P1? [Y/N]: 	|n|
2024-01-30 18:03:01,145 - [ DEBUG] - TECHNICAL:	 want to remeasure P2? [Y/N]: 	|n|
2024-01-30 18:03:04,595 - [ DEBUG] - TECHNICAL:	 comment on PA (2606eae16b) [STRING]: 	||
2024-01-30 18:03:04,595 - [  INFO] - PA2.1 FINISHED!
2024-01-30 18:03:04,596 - [  INFO] - DATA COLLECTION - ECP2 - (36f408d4)
2024-01-30 18:03:12,334 - [ DEBUG] - |-- ease of placement [0 difficult - 5 easy]: 	|4|
2024-01-30 18:03:12,336 - [  INFO] - ########################
2024-01-30 18:03:12,337 - [  INFO] - ECP3 START! (2fe51e13)
2024-01-30 18:03:12,338 - [  INFO] - ------------------------
2024-01-30 18:03:12,338 - [  INFO] - PA3.1 START! (924d42feab)
2024-01-30 18:03:14,005 - [ DEBUG] - PERFORM:	 reset x-ray machine [ENTER when done]: 	||
2024-01-30 18:03:35,625 - [ DEBUG] - PERFORM:	 give instruction to insert k-wire [ENTER when instruction given]: 	||
2024-01-30 18:07:46,143 - [ DEBUG] - CANDIDATE:	 inserting k-wire... -> checks it and declares it failed [f] or successful [s]: 	|s|
2024-01-30 18:07:46,144 - [  INFO] - \_candidate has performed SUCCESSFUL positioning attempt!
2024-01-30 18:07:46,144 - [  INFO] - DATA COLLECTION - PA3.1 - (924d42feab)
2024-01-30 18:07:52,463 - [ DEBUG] - |-- RADIATION picture count       [INT]  : 	|35|
2024-01-30 18:09:12,586 - [ DEBUG] - |-- P1M:2 [FLOAT]: 	|98.25|
2024-01-30 18:09:29,824 - [ DEBUG] - |-- P1M:3 [FLOAT]: 	|88.47|
2024-01-30 18:10:06,412 - [ DEBUG] - |-- P1M:7 [FLOAT]: 	|74.66|
2024-01-30 18:10:35,267 - [ DEBUG] - |-- P1M:8 [FLOAT]: 	|63.69|
2024-01-30 18:10:57,164 - [ DEBUG] - |-- P2M:2 [FLOAT]: 	|62.58|
2024-01-30 18:11:10,088 - [ DEBUG] - |-- P2M:3 [FLOAT]: 	|58.58|
2024-01-30 18:11:30,797 - [ DEBUG] - |-- P2M:7 [FLOAT]: 	|74.17|
2024-01-30 18:11:47,843 - [ DEBUG] - |-- P2M:8 [FLOAT]: 	|71.08|
2024-01-30 18:11:59,841 - [ DEBUG] - |-- P1M:2 virtual [FLOAT]: 	|102.699|
2024-01-30 18:11:59,843 - [ DEBUG] - |-- P1M:3 virtual [FLOAT]: 	|93.687|
2024-01-30 18:11:59,844 - [ DEBUG] - |-- P1M:7 virtual [FLOAT]: 	|73.350|
2024-01-30 18:11:59,845 - [ DEBUG] - |-- P1M:8 virtual [FLOAT]: 	|61.307|
2024-01-30 18:11:59,846 - [ DEBUG] - |-- P2M:2 virtual [FLOAT]: 	|56.204|
2024-01-30 18:11:59,846 - [ DEBUG] - |-- P2M:3 virtual [FLOAT]: 	|53.488|
2024-01-30 18:11:59,847 - [ DEBUG] - |-- P2M:7 virtual [FLOAT]: 	|78.669|
2024-01-30 18:12:00,691 - [ DEBUG] - |-- P2M:8 virtual [FLOAT]: 	|75.391|
2024-01-30 18:12:12,067 - [ DEBUG] - |-- CANDIDATE: confidence on entrance position in mm? [FLOAT]: 	|5|
2024-01-30 18:12:29,350 - [ DEBUG] - |-- CANDIDATE: confidence on angle in deg? [FLOAT]:            	|10|
2024-01-30 18:12:37,333 - [ DEBUG] - |-- CANDIDATE: estimate structures hit [Y/N]?:                 	|n|
2024-01-30 18:12:39,150 - [ DEBUG] - TECHNICAL:	 is data entered correct? [Y/N]: 	|y|
2024-01-30 18:12:39,159 - [  INFO] - PERFORM:	 test following string on fusion 360 (already copied in clipboard) -> 
{"datatype": "PA", "TEST_id": "e72e0a", "ECP_id": "2fe51e13", "id": "924d42feab", "comment": "", "time_init": 1706634215.63, "phase": 0, "ECP_number": 3, "PA_number": 1, "success": true, "PA_D": -1.0, "PA_RPC": 35, "P1A": 97.45, "P1B": 87.67, "P1C": 73.86, "P1D": 62.89, "P2A": 61.78, "P2B": 57.78, "P2C": 73.37, "P2D": 70.28, "P1A_F": -1.0, "P1B_F": -1.0, "P1C_F": -1.0, "P1D_F": -1.0, "P2A_F": -1.0, "P2B_F": -1.0, "P2C_F": -1.0, "P2D_F": -1.0, "P2eA": -1.0, "P2eB": -1.0, "P2eC": -1.0, "P2eD": -1.0, "P1A_U": 102.699, "P1B_U": 93.687, "P1C_U": 73.35, "P1D_U": 61.307, "P2eA_U": 56.204, "P2eB_U": 53.488, "P2eC_U": 78.669, "P2eD_U": 75.391, "P1_mean_max": 1.0, "P1_mean": -1.0, "P2_mean_max": 2.0, "P2_mean": -1.0, "confidence_position": 5.0, "confidence_angle": 10.0, "estimate_hit": false, "target": "ECP:3", "markers": {"A": "M:2", "B": "M:3", "C": "M:7", "D": "M:8"}, "fusion_computed": false, "anatomy": {"basilic vein": -1.0, "brachial artery": -1.0, "brachial vein": -1.0, "cephalic vein": -1.0, "inferior ulnar collateral artery": -1.0, "median antebrachial vein": -1.0, "median cubital vein": -1.0, "median cubital vein 1": -1.0, "middle collateral artery": -1.0, "radial artery": -1.0, "radial collateral artery": -1.0, "radial veins": -1.0, "random artery 1": -1.0, "random artery 2": -1.0, "ulnar artery": -1.0, "ulnar veins": -1.0, "anterior branch of medial antebrachial cutaneous nerve": -1.0, "anterior interosseous nerve of forearm": -1.0, "deep branch of radial nerve": -1.0, "lateral antebrachial cutaneous nerve": -1.0, "median nerve": -1.0, "muscular branches of radial nerve": -1.0, "musculocutaneous nerve": -1.0, "posterior antebrachial cutaneous nerve": -1.0, "posterior branch of medial antebrachial cutaneous nerve": -1.0, "radial nerve": -1.0, "superficial branch of radial nerve": -1.0, "ulnar nerve": -1.0}, "angle_PA_target": -1.0, "distance_P1_PA_target": -1.0, "distance_P1_PA_target_X": -1.0, "distance_P1_PA_target_Y": -1.0, "distance_P1_PA_target_Z": -1.0, "distance_P2_PA_target": -1.0, "distance_P2_PA_target_X": -1.0, "distance_P2_PA_target_Y": -1.0, "distance_P2_PA_target_Z": -1.0, "distance_P2e_PA_target": -1.0, "distance_P2e_PA_target_X": -1.0, "distance_P2e_PA_target_Y": -1.0, "distance_P2e_PA_target_Z": -1.0, "delta_id_PA_target": -1.0}
2024-01-30 18:15:53,755 - [ DEBUG] - PERFORM:	 enter data from fusion 360: 	|{"datatype": "PA", "TEST_id": "e72e0a", "ECP_id": "2fe51e13", "id": "924d42feab", "comment": "", "time_init": 1706634215.63, "phase": 0, "ECP_number": 3, "PA_number": 1, "success": true, "PA_D": -1.0, "PA_RPC": 35, "P1A": 97.45, "P1B": 87.67, "P1C": 73.86, "P1D": 62.89, "P2A": 61.78, "P2B": 57.78, "P2C": 73.37, "P2D": 70.28, "P1A_F": 97.222, "P1B_F": 87.907, "P1C_F": 74.124, "P1D_F": 62.539, "P2A_F": 61.459, "P2B_F": 58.152, "P2C_F": 73.682, "P2D_F": 70.004, "P2eA": 64.485, "P2eB": 60.257, "P2eC": 72.479, "P2eD": 67.971, "P1A_U": 102.699, "P1B_U": 93.687, "P1C_U": 73.35, "P1D_U": 61.307, "P2eA_U": 56.204, "P2eB_U": 53.488, "P2eC_U": 78.669, "P2eD_U": 75.391, "P1_mean_max": 1.0, "P1_mean": 1.0, "P2_mean_max": 2.0, "P2_mean": 2.412, "confidence_position": 5.0, "confidence_angle": 10.0, "estimate_hit": false, "target": "ECP:3", "markers": {"A": "M:2", "B": "M:3", "C": "M:7", "D": "M:8"}, "fusion_computed": true, "anatomy": {"basilic vein": 8.955, "brachial artery": 13.509, "brachial vein": 10.906, "cephalic vein": 12.614, "inferior ulnar collateral artery": 15.007, "median antebrachial vein": 29.277, "median cubital vein": 9.735, "median cubital vein 1": 23.822, "middle collateral artery": 21.733, "radial artery": 39.325, "radial collateral artery": 12.667, "radial veins": 53.524, "random artery 1": 13.153, "random artery 2": 34.507, "ulnar artery": 39.325, "ulnar veins": 53.548, "anterior branch of medial antebrachial cutaneous nerve": 17.742, "anterior interosseous nerve of forearm": 32.099, "deep branch of radial nerve": 43.314, "lateral antebrachial cutaneous nerve": 36.671, "median nerve": 14.734, "muscular branches of radial nerve": 16.412, "musculocutaneous nerve": 7.328, "posterior antebrachial cutaneous nerve": 29.381, "posterior branch of medial antebrachial cutaneous nerve": 0.943, "radial nerve": 13.57, "superficial branch of radial nerve": 43.292, "ulnar nerve": 11.015}, "angle_PA_target": 12.096, "distance_P1_PA_target": 17.158, "distance_P1_PA_target_X": 16.944, "distance_P1_PA_target_Y": 2.644, "distance_P1_PA_target_Z": 0.575, "distance_P2_PA_target": 12.13, "distance_P2_PA_target_X": 9.634, "distance_P2_PA_target_Y": 3.224, "distance_P2_PA_target_Z": 6.628, "distance_P2e_PA_target": 9.122, "distance_P2e_PA_target_X": 7.363, "distance_P2e_PA_target_Y": 4.488, "distance_P2e_PA_target_Z": 2.975, "delta_id_PA_target": 4.42}|
2024-01-30 18:15:53,755 - [  INFO] - TECHNICAL:	 ATTENTION: P2 measurement error is above max allowed! Please take measurement again:
2024-01-30 18:16:33,996 - [ DEBUG] - |-- P2M:2 [FLOAT]: 	|61.78|
2024-01-30 18:16:39,376 - [ DEBUG] - |-- P2M:3 [FLOAT]: 	|57.78|
2024-01-30 18:16:43,425 - [ DEBUG] - |-- P2M:7 [FLOAT]: 	|73.37|
2024-01-30 18:16:46,450 - [ DEBUG] - |-- P2M:8 [FLOAT]: 	|70.28|
2024-01-30 18:16:46,459 - [  INFO] - PERFORM:	 test following string on fusion 360 (already copied in clipboard) -> 
{"datatype": "PA", "TEST_id": "e72e0a", "ECP_id": "2fe51e13", "id": "924d42feab", "comment": "", "time_init": 1706634215.63, "phase": 0, "ECP_number": 3, "PA_number": 1, "success": true, "PA_D": -1.0, "PA_RPC": 35, "P1A": 97.45, "P1B": 87.67, "P1C": 73.86, "P1D": 62.89, "P2A": 61.78, "P2B": 57.78, "P2C": 73.37, "P2D": 70.28, "P1A_F": 97.222, "P1B_F": 87.907, "P1C_F": 74.124, "P1D_F": 62.539, "P2A_F": 61.459, "P2B_F": 58.152, "P2C_F": 73.682, "P2D_F": 70.004, "P2eA": 64.485, "P2eB": 60.257, "P2eC": 72.479, "P2eD": 67.971, "P1A_U": 102.699, "P1B_U": 93.687, "P1C_U": 73.35, "P1D_U": 61.307, "P2eA_U": 56.204, "P2eB_U": 53.488, "P2eC_U": 78.669, "P2eD_U": 75.391, "P1_mean_max": 1.0, "P1_mean": 1.0, "P2_mean_max": 2.0, "P2_mean": 2.412, "confidence_position": 5.0, "confidence_angle": 10.0, "estimate_hit": false, "target": "ECP:3", "markers": {"A": "M:2", "B": "M:3", "C": "M:7", "D": "M:8"}, "fusion_computed": true, "anatomy": {"basilic vein": 8.955, "brachial artery": 13.509, "brachial vein": 10.906, "cephalic vein": 12.614, "inferior ulnar collateral artery": 15.007, "median antebrachial vein": 29.277, "median cubital vein": 9.735, "median cubital vein 1": 23.822, "middle collateral artery": 21.733, "radial artery": 39.325, "radial collateral artery": 12.667, "radial veins": 53.524, "random artery 1": 13.153, "random artery 2": 34.507, "ulnar artery": 39.325, "ulnar veins": 53.548, "anterior branch of medial antebrachial cutaneous nerve": 17.742, "anterior interosseous nerve of forearm": 32.099, "deep branch of radial nerve": 43.314, "lateral antebrachial cutaneous nerve": 36.671, "median nerve": 14.734, "muscular branches of radial nerve": 16.412, "musculocutaneous nerve": 7.328, "posterior antebrachial cutaneous nerve": 29.381, "posterior branch of medial antebrachial cutaneous nerve": 0.943, "radial nerve": 13.57, "superficial branch of radial nerve": 43.292, "ulnar nerve": 11.015}, "angle_PA_target": 12.096, "distance_P1_PA_target": 17.158, "distance_P1_PA_target_X": 16.944, "distance_P1_PA_target_Y": 2.644, "distance_P1_PA_target_Z": 0.575, "distance_P2_PA_target": 12.13, "distance_P2_PA_target_X": 9.634, "distance_P2_PA_target_Y": 3.224, "distance_P2_PA_target_Z": 6.628, "distance_P2e_PA_target": 9.122, "distance_P2e_PA_target_X": 7.363, "distance_P2e_PA_target_Y": 4.488, "distance_P2e_PA_target_Z": 2.975, "delta_id_PA_target": 4.42}
2024-01-30 18:17:25,352 - [ DEBUG] - PERFORM:	 enter data from fusion 360: 	|{"datatype": "PA", "TEST_id": "e72e0a", "ECP_id": "2fe51e13", "id": "924d42feab", "comment": "", "time_init": 1706634215.63, "phase": 0, "ECP_number": 3, "PA_number": 1, "success": true, "PA_D": -1.0, "PA_RPC": 35, "P1A": 97.45, "P1B": 87.67, "P1C": 73.86, "P1D": 62.89, "P2A": 61.78, "P2B": 57.78, "P2C": 73.37, "P2D": 70.28, "P1A_F": 97.222, "P1B_F": 87.907, "P1C_F": 74.124, "P1D_F": 62.539, "P2A_F": 61.459, "P2B_F": 58.152, "P2C_F": 73.682, "P2D_F": 70.004, "P2eA": 64.485, "P2eB": 60.257, "P2eC": 72.479, "P2eD": 67.971, "P1A_U": 102.699, "P1B_U": 93.687, "P1C_U": 73.35, "P1D_U": 61.307, "P2eA_U": 56.204, "P2eB_U": 53.488, "P2eC_U": 78.669, "P2eD_U": 75.391, "P1_mean_max": 1.0, "P1_mean": 1.0, "P2_mean_max": 2.0, "P2_mean": -2.412, "confidence_position": 5.0, "confidence_angle": 10.0, "estimate_hit": false, "target": "ECP:3", "markers": {"A": "M:2", "B": "M:3", "C": "M:7", "D": "M:8"}, "fusion_computed": true, "anatomy": {"basilic vein": 8.955, "brachial artery": 13.509, "brachial vein": 10.906, "cephalic vein": 12.614, "inferior ulnar collateral artery": 15.007, "median antebrachial vein": 29.277, "median cubital vein": 9.735, "median cubital vein 1": 23.822, "middle collateral artery": 21.733, "radial artery": 39.325, "radial collateral artery": 12.667, "radial veins": 53.524, "random artery 1": 13.153, "random artery 2": 34.507, "ulnar artery": 39.325, "ulnar veins": 53.548, "anterior branch of medial antebrachial cutaneous nerve": 17.742, "anterior interosseous nerve of forearm": 32.099, "deep branch of radial nerve": 43.314, "lateral antebrachial cutaneous nerve": 36.671, "median nerve": 14.734, "muscular branches of radial nerve": 16.412, "musculocutaneous nerve": 7.328, "posterior antebrachial cutaneous nerve": 29.381, "posterior branch of medial antebrachial cutaneous nerve": 0.943, "radial nerve": 13.57, "superficial branch of radial nerve": 43.292, "ulnar nerve": 11.015}, "angle_PA_target": 12.096, "distance_P1_PA_target": 17.158, "distance_P1_PA_target_X": 16.944, "distance_P1_PA_target_Y": 2.644, "distance_P1_PA_target_Z": 0.575, "distance_P2_PA_target": 12.13, "distance_P2_PA_target_X": 9.634, "distance_P2_PA_target_Y": 3.224, "distance_P2_PA_target_Z": 6.628, "distance_P2e_PA_target": 9.122, "distance_P2e_PA_target_X": 7.363, "distance_P2e_PA_target_Y": 4.488, "distance_P2e_PA_target_Z": 2.975, "delta_id_PA_target": 4.42}|
2024-01-30 18:17:26,607 - [ DEBUG] - TECHNICAL:	 want to remeasure P1? [Y/N]: 	|n|
2024-01-30 18:17:27,035 - [ DEBUG] - TECHNICAL:	 want to remeasure P2? [Y/N]: 	|n|
2024-01-30 18:17:28,545 - [ DEBUG] - TECHNICAL:	 comment on PA (924d42feab) [STRING]: 	||
2024-01-30 18:17:28,545 - [  INFO] - PA3.1 FINISHED!
2024-01-30 18:17:28,546 - [  INFO] - DATA COLLECTION - ECP3 - (2fe51e13)
2024-01-30 18:17:41,542 - [ DEBUG] - |-- ease of placement [0 difficult - 5 easy]: 	|4|
2024-01-30 18:17:41,542 - [  INFO] - DATA COLLECTION - TEST - (e72e0a)
2024-01-30 18:18:12,399 - [ DEBUG] - |-- realism xray    [-1 : 5]:            	|4|
2024-01-30 18:18:14,716 - [ DEBUG] - |-- realism AR      [-1 : 5]:            	|-1|
2024-01-30 18:18:21,812 - [ DEBUG] - |-- realism phantom [-1 : 5]:            	|3|
2024-01-30 18:18:28,635 - [ DEBUG] - |-- simulation quality xray    [-1 : 5]: 	|3|
2024-01-30 18:18:30,470 - [ DEBUG] - |-- simulation quality AR      [-1 : 5]: 	|-1|
2024-01-30 18:18:39,164 - [ DEBUG] - |-- simulation quality phantom [-1 : 5]: 	|4|
2024-01-30 18:18:47,890 - [ DEBUG] - |-- comfort xray [-1 : 5]:               	|4|
2024-01-30 18:18:49,675 - [ DEBUG] - |-- comfort ar   [-1 : 5]:               	|-1|
2024-01-30 18:18:51,525 - [ DEBUG] - TECHNICAL:	 comment on TEST (e72e0a) [STRING]: 	||
2024-01-30 18:18:51,535 - [  INFO] - SAVED ON DATABASE!
2024-01-30 18:18:51,537 - [  INFO] - bye!
