2024-01-31 14:25:06,664 - [  INFO] - flags: []
2024-01-31 14:25:06,665 - [  INFO] - # POSITIONING TEST COMPANION (v1.21)
2024-01-31 14:25:06,665 - [  INFO] - # What a beautiful day to stick some anti-pigeon spikes into plastic!
2024-01-31 14:25:06,672 - [  INFO] - # BEGIN POSITIONING TEST FOR A CANDIDATE, ONE SINGLE PHASE (94d495)
2024-01-31 14:25:06,672 - [  INFO] - # 2024/01/31 - 14:25:06
2024-01-31 14:25:06,672 - [  INFO] - DATA COLLECTION - TEST - (94d495)
2024-01-31 14:25:08,631 - [ DEBUG] - |-- phase [INTEGER]:                	|0|
2024-01-31 14:25:10,408 - [ DEBUG] - |-- phantom id [STRING]:            	|02|
2024-01-31 14:25:14,423 - [ DEBUG] - |-- name [STRING]:                  	|federica|
2024-01-31 14:25:16,304 - [ DEBUG] - |-- surname [STRING]:               	|catalano|
2024-01-31 14:25:17,550 - [ DEBUG] - |-- gender [M/F]:                   	|f|
2024-01-31 14:25:19,916 - [ DEBUG] - |-- right-handed [Y/N]:             	|y|
2024-01-31 14:25:24,009 - [ DEBUG] - |-- age [INTEGER]:                  	|22|
2024-01-31 14:25:26,792 - [ DEBUG] - |-- medsurg year        [-1 : 6]:   	|4|
2024-01-31 14:25:28,244 - [ DEBUG] - |-- specialization year [-1 : 5]:   	|-1|
2024-01-31 14:25:29,086 - [ DEBUG] - |-- surgeon year        [-1 : 100]: 	|-1|
2024-01-31 14:25:31,222 - [ DEBUG] - |-- exp operation count [INTEGER]:  	|0|
2024-01-31 14:25:34,651 - [ DEBUG] - |-- glasses [Y/N]:                  	|n|
2024-01-31 14:25:36,134 - [ DEBUG] - |-- glasses type [None [] / Myopia (Nearsightedness) [M] / Hyperopia (Farsightedness) [H] / Astigmatism [AS] / Presbyopia [P] / Strabismus [S] / Amblyopia (Lazy Eye) [AM] / Cataract [C]: 	||
2024-01-31 14:25:38,770 - [ DEBUG] - |-- glasses power [-1 : 100]:       	|-1|
2024-01-31 14:25:57,300 - [ DEBUG] - |-- exp Virtual Reality   [0 : 5]:  	|0|
2024-01-31 14:26:00,863 - [ DEBUG] - |-- exp Augmented Reality [0 : 5]:  	|0|
2024-01-31 14:26:23,990 - [ DEBUG] - |-- exp 3D editors        [0 : 5]:  	|0|
2024-01-31 14:26:25,581 - [ DEBUG] - TECHNICAL:	 is data entered correct? [Y/N]: 	|y|
2024-01-31 14:26:25,582 - [  INFO] - ########################
2024-01-31 14:26:25,583 - [  INFO] - ECP1 START! (1c72f15b)
2024-01-31 14:26:25,584 - [  INFO] - ------------------------
2024-01-31 14:26:25,585 - [  INFO] - PA1.1 START! (df197cdfa7)
2024-01-31 14:26:26,496 - [ DEBUG] - PERFORM:	 reset x-ray machine [ENTER when done]: 	||
2024-01-31 14:26:42,287 - [ DEBUG] - PERFORM:	 give instruction to insert k-wire [ENTER when instruction given]: 	||
2024-01-31 14:28:58,928 - [ DEBUG] - CANDIDATE:	 inserting k-wire... -> checks it and declares it failed [f] or successful [s] (restart timer [r]): 	|s|
2024-01-31 14:28:58,928 - [  INFO] - \_candidate has performed SUCCESSFUL positioning attempt!
2024-01-31 14:28:58,929 - [  INFO] - DATA COLLECTION - PA1.1 - (df197cdfa7)
2024-01-31 14:29:27,677 - [ DEBUG] - |-- RADIATION picture count       [INT]  : 	|10|
2024-01-31 14:30:47,753 - [ DEBUG] - |-- P1M:2 [FLOAT]: 	|83.92|
2024-01-31 14:31:26,733 - [ DEBUG] - |-- P1M:3 [FLOAT]: 	|53.22|
2024-01-31 14:31:56,894 - [ DEBUG] - |-- P1M:7 [FLOAT]: 	|130.80|
2024-01-31 14:32:18,091 - [ DEBUG] - |-- P1M:8 [FLOAT]: 	|116.71|
2024-01-31 14:32:35,069 - [ DEBUG] - |-- P2M:2 [FLOAT]: 	|61.32|
2024-01-31 14:32:52,381 - [ DEBUG] - |-- P2M:3 [FLOAT]: 	|38.96|
2024-01-31 14:33:10,701 - [ DEBUG] - |-- P2M:7 [FLOAT]: 	|94.19|
2024-01-31 14:33:24,003 - [ DEBUG] - |-- P2M:8 [FLOAT]: 	|81.13|
2024-01-31 14:35:16,489 - [ DEBUG] - |-- P1M:2 virtual [FLOAT]: 	|83.937|
2024-01-31 14:35:16,490 - [ DEBUG] - |-- P1M:3 virtual [FLOAT]: 	|55.672|
2024-01-31 14:35:16,491 - [ DEBUG] - |-- P1M:7 virtual [FLOAT]: 	|131.976|
2024-01-31 14:35:16,491 - [ DEBUG] - |-- P1M:8 virtual [FLOAT]: 	|118.501|
2024-01-31 14:35:16,492 - [ DEBUG] - |-- P2M:2 virtual [FLOAT]: 	|65.454|
2024-01-31 14:35:16,493 - [ DEBUG] - |-- P2M:3 virtual [FLOAT]: 	|45.765|
2024-01-31 14:35:16,496 - [ DEBUG] - |-- P2M:7 virtual [FLOAT]: 	|93.301|
2024-01-31 14:35:17,166 - [ DEBUG] - |-- P2M:8 virtual [FLOAT]: 	|79.685|
2024-01-31 14:35:48,493 - [ DEBUG] - |-- CANDIDATE: confidence on entrance position in mm? [FLOAT]: 	|4|
2024-01-31 14:36:20,003 - [ DEBUG] - |-- CANDIDATE: confidence on angle in deg? [FLOAT]:            	|30|
2024-01-31 14:36:34,204 - [ DEBUG] - |-- CANDIDATE: estimate structures hit [Y/N]?:                 	|n|
2024-01-31 14:36:54,339 - [ DEBUG] - TECHNICAL:	 is data entered correct? [Y/N]: 	|y|
2024-01-31 14:36:54,347 - [  INFO] - PERFORM:	 test following string on fusion 360 (already copied in clipboard) -> 
{"datatype": "PA", "TEST_id": "94d495", "ECP_id": "1c72f15b", "id": "df197cdfa7", "comment": "", "time_init": 1706707602.29, "phase": 0, "ECP_number": 1, "PA_number": 1, "success": true, "PA_D": -1.0, "PA_RPC": 10, "P1A": 83.12, "P1B": 52.42, "P1C": 130.0, "P1D": 115.91, "P2A": 60.52, "P2B": 38.160000000000004, "P2C": 93.39, "P2D": 80.33, "P1A_F": -1.0, "P1B_F": -1.0, "P1C_F": -1.0, "P1D_F": -1.0, "P2A_F": -1.0, "P2B_F": -1.0, "P2C_F": -1.0, "P2D_F": -1.0, "P2eA": -1.0, "P2eB": -1.0, "P2eC": -1.0, "P2eD": -1.0, "P1A_U": 83.937, "P1B_U": 55.672, "P1C_U": 131.976, "P1D_U": 118.501, "P2eA_U": 65.454, "P2eB_U": 45.765, "P2eC_U": 93.301, "P2eD_U": 79.685, "P1_mean_max": 1.0, "P1_mean": -1.0, "P2_mean_max": 2.0, "P2_mean": -1.0, "confidence_position": 4.0, "confidence_angle": 30.0, "estimate_hit": false, "target": "ECP:1", "markers": {"A": "M:2", "B": "M:3", "C": "M:7", "D": "M:8"}, "fusion_computed": false, "anatomy": {"basilic vein": -1.0, "brachial artery": -1.0, "brachial vein": -1.0, "cephalic vein": -1.0, "inferior ulnar collateral artery": -1.0, "median antebrachial vein": -1.0, "median cubital vein": -1.0, "median cubital vein 1": -1.0, "middle collateral artery": -1.0, "radial artery": -1.0, "radial collateral artery": -1.0, "radial veins": -1.0, "random artery 1": -1.0, "random artery 2": -1.0, "ulnar artery": -1.0, "ulnar veins": -1.0, "anterior branch of medial antebrachial cutaneous nerve": -1.0, "anterior interosseous nerve of forearm": -1.0, "deep branch of radial nerve": -1.0, "lateral antebrachial cutaneous nerve": -1.0, "median nerve": -1.0, "muscular branches of radial nerve": -1.0, "musculocutaneous nerve": -1.0, "posterior antebrachial cutaneous nerve": -1.0, "posterior branch of medial antebrachial cutaneous nerve": -1.0, "radial nerve": -1.0, "superficial branch of radial nerve": -1.0, "ulnar nerve": -1.0}, "angle_PA_target": -1.0, "distance_P1_PA_target": -1.0, "distance_P1_PA_target_X": -1.0, "distance_P1_PA_target_Y": -1.0, "distance_P1_PA_target_Z": -1.0, "distance_P2_PA_target": -1.0, "distance_P2_PA_target_X": -1.0, "distance_P2_PA_target_Y": -1.0, "distance_P2_PA_target_Z": -1.0, "distance_P2e_PA_target": -1.0, "distance_P2e_PA_target_X": -1.0, "distance_P2e_PA_target_Y": -1.0, "distance_P2e_PA_target_Z": -1.0, "delta_id_PA_target": -1.0}
2024-01-31 14:38:07,898 - [ DEBUG] - PERFORM:	 enter data from fusion 360: 	|{"datatype": "PA", "TEST_id": "94d495", "ECP_id": "1c72f15b", "id": "df197cdfa7", "comment": "", "time_init": 1706707602.29, "phase": 0, "ECP_number": 1, "PA_number": 1, "success": true, "PA_D": -1.0, "PA_RPC": 10, "P1A": 83.12, "P1B": 52.42, "P1C": 130.0, "P1D": 115.91, "P2A": 60.52, "P2B": 38.160000000000004, "P2C": 93.39, "P2D": 80.33, "P1A_F": 82.884, "P1B_F": 52.757, "P1C_F": 130.136, "P1D_F": 115.746, "P2A_F": 61.183, "P2B_F": 38.761, "P2C_F": 94.024, "P2D_F": 81.064, "P2eA": 61.145, "P2eB": 37.051, "P2eC": 95.772, "P2eD": 82.567, "P1A_U": 83.937, "P1B_U": 55.672, "P1C_U": 131.976, "P1D_U": 118.501, "P2eA_U": 65.454, "P2eB_U": 45.765, "P2eC_U": 93.301, "P2eD_U": 79.685, "P1_mean_max": 1.0, "P1_mean": 0.929, "P2_mean_max": 2.0, "P2_mean": 0.612, "confidence_position": 4.0, "confidence_angle": 30.0, "estimate_hit": false, "target": "ECP:1", "markers": {"A": "M:2", "B": "M:3", "C": "M:7", "D": "M:8"}, "fusion_computed": true, "anatomy": {"basilic vein": 26.813, "brachial artery": 27.683, "brachial vein": 24.622, "cephalic vein": 33.107, "inferior ulnar collateral artery": 28.676, "median antebrachial vein": 49.84, "median cubital vein": 28.137, "median cubital vein 1": 31.912, "middle collateral artery": 7.049, "radial artery": 33.222, "radial collateral artery": 20.451, "radial veins": 41.298, "random artery 1": 1.502, "random artery 2": 41.121, "ulnar artery": 33.222, "ulnar veins": 41.328, "anterior branch of medial antebrachial cutaneous nerve": 35.509, "anterior interosseous nerve of forearm": 34.937, "deep branch of radial nerve": 29.759, "lateral antebrachial cutaneous nerve": 30.737, "median nerve": 31.469, "muscular branches of radial nerve": 10.924, "musculocutaneous nerve": 25.353, "posterior antebrachial cutaneous nerve": 25.597, "posterior branch of medial antebrachial cutaneous nerve": 17.772, "radial nerve": 25.917, "superficial branch of radial nerve": 30.006, "ulnar nerve": 3.816}, "angle_PA_target": 11.773, "distance_P1_PA_target": 29.886, "distance_P1_PA_target_X": 22.115, "distance_P1_PA_target_Y": -18.481, "distance_P1_PA_target_Z": -7.908, "distance_P2_PA_target": 18.656, "distance_P2_PA_target_X": 9.982, "distance_P2_PA_target_Y": -15.752, "distance_P2_PA_target_Z": 0.558, "distance_P2e_PA_target": 18.856, "distance_P2e_PA_target_X": 11.535, "distance_P2e_PA_target_Y": -14.629, "distance_P2e_PA_target_Z": -2.913, "delta_id_PA_target": -6.414}|
2024-01-31 14:38:09,208 - [ DEBUG] - TECHNICAL:	 want to remeasure P1? [Y/N]: 	|n|
2024-01-31 14:38:09,419 - [ DEBUG] - TECHNICAL:	 want to remeasure P2? [Y/N]: 	|n|
2024-01-31 14:38:10,065 - [ DEBUG] - TECHNICAL:	 comment on PA (df197cdfa7) [STRING]: 	||
2024-01-31 14:38:10,065 - [  INFO] - PA1.1 FINISHED!
2024-01-31 14:38:10,066 - [  INFO] - DATA COLLECTION - ECP1 - (1c72f15b)
2024-01-31 14:38:22,543 - [ DEBUG] - |-- ease of placement [0 difficult - 5 easy]: 	|4|
2024-01-31 14:38:22,545 - [  INFO] - ########################
2024-01-31 14:38:22,545 - [  INFO] - ECP2 START! (9542591b)
2024-01-31 14:38:22,546 - [  INFO] - ------------------------
2024-01-31 14:38:22,547 - [  INFO] - PA2.1 START! (87696519cd)
2024-01-31 14:38:25,370 - [ DEBUG] - PERFORM:	 reset x-ray machine [ENTER when done]: 	||
2024-01-31 14:39:56,938 - [ DEBUG] - PERFORM:	 give instruction to insert k-wire [ENTER when instruction given]: 	||
2024-01-31 14:43:03,535 - [ DEBUG] - CANDIDATE:	 inserting k-wire... -> checks it and declares it failed [f] or successful [s] (restart timer [r]): 	|f|
2024-01-31 14:43:03,535 - [  INFO] - \_candidate has FAILED positioning attempt!
2024-01-31 14:43:03,536 - [  INFO] - DATA COLLECTION - PA2.1 - (87696519cd)
2024-01-31 14:43:18,839 - [ DEBUG] - |-- RADIATION picture count       [INT]  : 	|19|
2024-01-31 14:43:54,273 - [ DEBUG] - |-- P1M:3 [FLOAT]: 	|86.33|
2024-01-31 14:44:06,306 - [ DEBUG] - |-- P1M:4 [FLOAT]: 	|45.78|
2024-01-31 14:44:22,370 - [ DEBUG] - |-- P1M:8 [FLOAT]: 	|127.48|
2024-01-31 14:44:34,135 - [ DEBUG] - |-- P1M:9 [FLOAT]: 	|106.94|
2024-01-31 14:44:52,926 - [ DEBUG] - |-- P2M:3 [FLOAT]: 	|74.98|
2024-01-31 14:45:01,151 - [ DEBUG] - |-- P2M:4 [FLOAT]: 	|55.19|
2024-01-31 14:45:20,767 - [ DEBUG] - |-- P2M:8 [FLOAT]: 	|80.66|
2024-01-31 14:45:36,994 - [ DEBUG] - |-- P2M:9 [FLOAT]: 	|63.15|
2024-01-31 14:46:49,751 - [ DEBUG] - |-- P1M:3 virtual [FLOAT]: 	|86.003|
2024-01-31 14:46:49,752 - [ DEBUG] - |-- P1M:4 virtual [FLOAT]: 	|46.178|
2024-01-31 14:46:49,752 - [ DEBUG] - |-- P1M:8 virtual [FLOAT]: 	|126.145|
2024-01-31 14:46:49,753 - [ DEBUG] - |-- P1M:9 virtual [FLOAT]: 	|105.305|
2024-01-31 14:46:49,754 - [ DEBUG] - |-- P2M:3 virtual [FLOAT]: 	|71.904|
2024-01-31 14:46:49,755 - [ DEBUG] - |-- P2M:4 virtual [FLOAT]: 	|57.986|
2024-01-31 14:46:49,770 - [ DEBUG] - |-- P2M:8 virtual [FLOAT]: 	|75.585|
2024-01-31 14:46:50,414 - [ DEBUG] - |-- P2M:9 virtual [FLOAT]: 	|62.390|
2024-01-31 14:47:47,246 - [ DEBUG] - |-- CANDIDATE: confidence on entrance position in mm? [FLOAT]: 	|2|
2024-01-31 14:47:57,821 - [ DEBUG] - |-- CANDIDATE: confidence on angle in deg? [FLOAT]:            	|20|
2024-01-31 14:48:01,476 - [ DEBUG] - |-- CANDIDATE: estimate structures hit [Y/N]?:                 	|n|
2024-01-31 14:48:02,826 - [ DEBUG] - TECHNICAL:	 is data entered correct? [Y/N]: 	|y|
2024-01-31 14:48:02,829 - [  INFO] - PERFORM:	 test following string on fusion 360 (already copied in clipboard) -> 
{"datatype": "PA", "TEST_id": "94d495", "ECP_id": "9542591b", "id": "87696519cd", "comment": "", "time_init": 1706708396.94, "phase": 0, "ECP_number": 2, "PA_number": 1, "success": false, "PA_D": -1.0, "PA_RPC": 19, "P1A": 85.53, "P1B": 44.980000000000004, "P1C": 126.68, "P1D": 106.14, "P2A": 74.18, "P2B": 54.39, "P2C": 79.86, "P2D": 62.35, "P1A_F": -1.0, "P1B_F": -1.0, "P1C_F": -1.0, "P1D_F": -1.0, "P2A_F": -1.0, "P2B_F": -1.0, "P2C_F": -1.0, "P2D_F": -1.0, "P2eA": -1.0, "P2eB": -1.0, "P2eC": -1.0, "P2eD": -1.0, "P1A_U": 86.003, "P1B_U": 46.178, "P1C_U": 126.145, "P1D_U": 105.305, "P2eA_U": 71.904, "P2eB_U": 57.986, "P2eC_U": 75.585, "P2eD_U": 62.39, "P1_mean_max": 1.0, "P1_mean": -1.0, "P2_mean_max": 2.0, "P2_mean": -1.0, "confidence_position": 2.0, "confidence_angle": 20.0, "estimate_hit": false, "target": "ECP:2", "markers": {"A": "M:3", "B": "M:4", "C": "M:8", "D": "M:9"}, "fusion_computed": false, "anatomy": {"basilic vein": -1.0, "brachial artery": -1.0, "brachial vein": -1.0, "cephalic vein": -1.0, "inferior ulnar collateral artery": -1.0, "median antebrachial vein": -1.0, "median cubital vein": -1.0, "median cubital vein 1": -1.0, "middle collateral artery": -1.0, "radial artery": -1.0, "radial collateral artery": -1.0, "radial veins": -1.0, "random artery 1": -1.0, "random artery 2": -1.0, "ulnar artery": -1.0, "ulnar veins": -1.0, "anterior branch of medial antebrachial cutaneous nerve": -1.0, "anterior interosseous nerve of forearm": -1.0, "deep branch of radial nerve": -1.0, "lateral antebrachial cutaneous nerve": -1.0, "median nerve": -1.0, "muscular branches of radial nerve": -1.0, "musculocutaneous nerve": -1.0, "posterior antebrachial cutaneous nerve": -1.0, "posterior branch of medial antebrachial cutaneous nerve": -1.0, "radial nerve": -1.0, "superficial branch of radial nerve": -1.0, "ulnar nerve": -1.0}, "angle_PA_target": -1.0, "distance_P1_PA_target": -1.0, "distance_P1_PA_target_X": -1.0, "distance_P1_PA_target_Y": -1.0, "distance_P1_PA_target_Z": -1.0, "distance_P2_PA_target": -1.0, "distance_P2_PA_target_X": -1.0, "distance_P2_PA_target_Y": -1.0, "distance_P2_PA_target_Z": -1.0, "distance_P2e_PA_target": -1.0, "distance_P2e_PA_target_X": -1.0, "distance_P2e_PA_target_Y": -1.0, "distance_P2e_PA_target_Z": -1.0, "delta_id_PA_target": -1.0}
2024-01-31 14:48:29,200 - [ DEBUG] - PERFORM:	 enter data from fusion 360: 	|{"datatype": "PA", "TEST_id": "94d495", "ECP_id": "9542591b", "id": "87696519cd", "comment": "", "time_init": 1706708396.94, "phase": 0, "ECP_number": 2, "PA_number": 1, "success": false, "PA_D": -1.0, "PA_RPC": 19, "P1A": 85.53, "P1B": 44.980000000000004, "P1C": 126.68, "P1D": 106.14, "P2A": 74.18, "P2B": 54.39, "P2C": 79.86, "P2D": 62.35, "P1A_F": 85.408, "P1B_F": 45.159, "P1C_F": 126.744, "P1D_F": 106.045, "P2A_F": 75.047, "P2B_F": 55.589, "P2C_F": 80.691, "P2D_F": 63.715, "P2eA": 74.925, "P2eB": 54.841, "P2eC": 81.729, "P2eD": 64.592, "P1A_U": 86.003, "P1B_U": 46.178, "P1C_U": 126.145, "P1D_U": 105.305, "P2eA_U": 71.904, "P2eB_U": 57.986, "P2eC_U": 75.585, "P2eD_U": 62.39, "P1_mean_max": 1.0, "P1_mean": 1.262, "P2_mean_max": 2.0, "P2_mean": 0.902, "confidence_position": 2.0, "confidence_angle": 20.0, "estimate_hit": false, "target": "ECP:2", "markers": {"A": "M:3", "B": "M:4", "C": "M:8", "D": "M:9"}, "fusion_computed": true, "anatomy": {"basilic vein": 31.338, "brachial artery": 27.537, "brachial vein": 18.174, "cephalic vein": 34.647, "inferior ulnar collateral artery": 18.008, "median antebrachial vein": 32.332, "median cubital vein": 39.189, "median cubital vein 1": 26.619, "middle collateral artery": 9.85, "radial artery": 20.82, "radial collateral artery": 32.948, "radial veins": 18.154, "random artery 1": 16.553, "random artery 2": 12.061, "ulnar artery": 14.559, "ulnar veins": 17.314, "anterior branch of medial antebrachial cutaneous nerve": 31.791, "anterior interosseous nerve of forearm": 13.995, "deep branch of radial nerve": 27.117, "lateral antebrachial cutaneous nerve": 26.059, "median nerve": 17.662, "muscular branches of radial nerve": 8.675, "musculocutaneous nerve": 27.191, "posterior antebrachial cutaneous nerve": 27.742, "posterior branch of medial antebrachial cutaneous nerve": 28.488, "radial nerve": 30.134, "superficial branch of radial nerve": 29.028, "ulnar nerve": 31.017}, "angle_PA_target": 25.573, "distance_P1_PA_target": 43.664, "distance_P1_PA_target_X": -5.779, "distance_P1_PA_target_Y": -18.648, "distance_P1_PA_target_Z": 39.056, "distance_P2_PA_target": 25.323, "distance_P2_PA_target_X": -10.674, "distance_P2_PA_target_Y": -4.816, "distance_P2_PA_target_Z": 22.453, "distance_P2e_PA_target": 25.221, "distance_P2e_PA_target_X": -9.939, "distance_P2e_PA_target_Y": -5.743, "distance_P2e_PA_target_Z": 22.457, "delta_id_PA_target": -8.84}|
2024-01-31 14:48:29,201 - [  INFO] - TECHNICAL:	 ATTENTION: P1 measurement error is above max allowed! Please take measurement again:
2024-01-31 14:48:49,411 - [ DEBUG] - |-- P1M:3 [FLOAT]: 	|85.45|
2024-01-31 14:49:02,700 - [ DEBUG] - |-- P1M:4 [FLOAT]: 	|45.63|
2024-01-31 14:49:14,245 - [ DEBUG] - |-- P1M:8 [FLOAT]: 	|127.39|
2024-01-31 14:49:28,613 - [ DEBUG] - |-- P1M:9 [FLOAT]: 	|106.55|
2024-01-31 14:49:28,616 - [  INFO] - PERFORM:	 test following string on fusion 360 (already copied in clipboard) -> 
{"datatype": "PA", "TEST_id": "94d495", "ECP_id": "9542591b", "id": "87696519cd", "comment": "", "time_init": 1706708396.94, "phase": 0, "ECP_number": 2, "PA_number": 1, "success": false, "PA_D": -1.0, "PA_RPC": 19, "P1A": 85.45, "P1B": 45.63, "P1C": 127.39, "P1D": 106.55, "P2A": 74.18, "P2B": 54.39, "P2C": 79.86, "P2D": 62.35, "P1A_F": 85.408, "P1B_F": 45.159, "P1C_F": 126.744, "P1D_F": 106.045, "P2A_F": 75.047, "P2B_F": 55.589, "P2C_F": 80.691, "P2D_F": 63.715, "P2eA": 74.925, "P2eB": 54.841, "P2eC": 81.729, "P2eD": 64.592, "P1A_U": 86.003, "P1B_U": 46.178, "P1C_U": 126.145, "P1D_U": 105.305, "P2eA_U": 71.904, "P2eB_U": 57.986, "P2eC_U": 75.585, "P2eD_U": 62.39, "P1_mean_max": 1.0, "P1_mean": 1.262, "P2_mean_max": 2.0, "P2_mean": 0.902, "confidence_position": 2.0, "confidence_angle": 20.0, "estimate_hit": false, "target": "ECP:2", "markers": {"A": "M:3", "B": "M:4", "C": "M:8", "D": "M:9"}, "fusion_computed": true, "anatomy": {"basilic vein": 31.338, "brachial artery": 27.537, "brachial vein": 18.174, "cephalic vein": 34.647, "inferior ulnar collateral artery": 18.008, "median antebrachial vein": 32.332, "median cubital vein": 39.189, "median cubital vein 1": 26.619, "middle collateral artery": 9.85, "radial artery": 20.82, "radial collateral artery": 32.948, "radial veins": 18.154, "random artery 1": 16.553, "random artery 2": 12.061, "ulnar artery": 14.559, "ulnar veins": 17.314, "anterior branch of medial antebrachial cutaneous nerve": 31.791, "anterior interosseous nerve of forearm": 13.995, "deep branch of radial nerve": 27.117, "lateral antebrachial cutaneous nerve": 26.059, "median nerve": 17.662, "muscular branches of radial nerve": 8.675, "musculocutaneous nerve": 27.191, "posterior antebrachial cutaneous nerve": 27.742, "posterior branch of medial antebrachial cutaneous nerve": 28.488, "radial nerve": 30.134, "superficial branch of radial nerve": 29.028, "ulnar nerve": 31.017}, "angle_PA_target": 25.573, "distance_P1_PA_target": 43.664, "distance_P1_PA_target_X": -5.779, "distance_P1_PA_target_Y": -18.648, "distance_P1_PA_target_Z": 39.056, "distance_P2_PA_target": 25.323, "distance_P2_PA_target_X": -10.674, "distance_P2_PA_target_Y": -4.816, "distance_P2_PA_target_Z": 22.453, "distance_P2e_PA_target": 25.221, "distance_P2e_PA_target_X": -9.939, "distance_P2e_PA_target_Y": -5.743, "distance_P2e_PA_target_Z": 22.457, "delta_id_PA_target": -8.84}
2024-01-31 14:50:14,615 - [ DEBUG] - PERFORM:	 enter data from fusion 360: 	|{"datatype": "PA", "TEST_id": "94d495", "ECP_id": "9542591b", "id": "87696519cd", "comment": "", "time_init": 1706708396.94, "phase": 0, "ECP_number": 2, "PA_number": 1, "success": false, "PA_D": -1.0, "PA_RPC": 19, "P1A": 85.45, "P1B": 45.63, "P1C": 127.39, "P1D": 106.55, "P2A": 74.18, "P2B": 54.39, "P2C": 79.86, "P2D": 62.35, "P1A_F": 85.389, "P1B_F": 45.741, "P1C_F": 127.421, "P1D_F": 106.509, "P2A_F": 75.047, "P2B_F": 55.589, "P2C_F": 80.691, "P2D_F": 63.715, "P2eA": 74.838, "P2eB": 54.058, "P2eC": 83.031, "P2eD": 65.706, "P1A_U": 86.003, "P1B_U": 46.178, "P1C_U": 126.145, "P1D_U": 105.305, "P2eA_U": 71.904, "P2eB_U": 57.986, "P2eC_U": 75.585, "P2eD_U": 62.39, "P1_mean_max": 1.0, "P1_mean": 0.637, "P2_mean_max": 2.0, "P2_mean": 0.902, "confidence_position": 2.0, "confidence_angle": 20.0, "estimate_hit": false, "target": "ECP:2", "markers": {"A": "M:3", "B": "M:4", "C": "M:8", "D": "M:9"}, "fusion_computed": true, "anatomy": {"basilic vein": 55.128, "brachial artery": 59.118, "brachial vein": 54.941, "cephalic vein": 59.684, "inferior ulnar collateral artery": 38.514, "median antebrachial vein": 59.898, "median cubital vein": 61.849, "median cubital vein 1": 63.795, "middle collateral artery": 20.619, "radial artery": 59.75, "radial collateral artery": 36.353, "radial veins": 59.759, "random artery 1": 36.251, "random artery 2": 45.287, "ulnar artery": 58.754, "ulnar veins": 59.517, "anterior branch of medial antebrachial cutaneous nerve": 69.637, "anterior interosseous nerve of forearm": 58.253, "deep branch of radial nerve": 56.552, "lateral antebrachial cutaneous nerve": 57.317, "median nerve": 60.64, "muscular branches of radial nerve": 17.321, "musculocutaneous nerve": 56.351, "posterior antebrachial cutaneous nerve": 41.605, "posterior branch of medial antebrachial cutaneous nerve": 35.777, "radial nerve": 52.635, "superficial branch of radial nerve": 58.571, "ulnar nerve": 36.38}, "angle_PA_target": 69.666, "distance_P1_PA_target": 71.905, "distance_P1_PA_target_X": -2.472, "distance_P1_PA_target_Y": 7.957, "distance_P1_PA_target_Z": 71.42, "distance_P2_PA_target": 25.323, "distance_P2_PA_target_X": -10.674, "distance_P2_PA_target_Y": -4.816, "distance_P2_PA_target_Z": 22.453, "distance_P2e_PA_target": 26.29, "distance_P2e_PA_target_X": -8.911, "distance_P2e_PA_target_Y": -5.46, "distance_P2e_PA_target_Z": 24.124, "delta_id_PA_target": -6.481}|
2024-01-31 14:50:17,705 - [ DEBUG] - TECHNICAL:	 want to remeasure P1? [Y/N]: 	|y|
2024-01-31 14:51:12,819 - [ DEBUG] - |-- P1M:3 [FLOAT]: 	|86.50|
2024-01-31 14:51:31,411 - [ DEBUG] - |-- P1M:4 [FLOAT]: 	|46.13|
2024-01-31 14:51:46,138 - [ DEBUG] - |-- P1M:8 [FLOAT]: 	|127.63|
2024-01-31 14:52:03,181 - [ DEBUG] - |-- P1M:9 [FLOAT]: 	|106.62|
2024-01-31 14:52:03,183 - [  INFO] - PERFORM:	 test following string on fusion 360 (already copied in clipboard) -> 
{"datatype": "PA", "TEST_id": "94d495", "ECP_id": "9542591b", "id": "87696519cd", "comment": "", "time_init": 1706708396.94, "phase": 0, "ECP_number": 2, "PA_number": 1, "success": false, "PA_D": -1.0, "PA_RPC": 19, "P1A": 86.5, "P1B": 46.13, "P1C": 127.63, "P1D": 106.62, "P2A": 74.18, "P2B": 54.39, "P2C": 79.86, "P2D": 62.35, "P1A_F": 85.389, "P1B_F": 45.741, "P1C_F": 127.421, "P1D_F": 106.509, "P2A_F": 75.047, "P2B_F": 55.589, "P2C_F": 80.691, "P2D_F": 63.715, "P2eA": 74.838, "P2eB": 54.058, "P2eC": 83.031, "P2eD": 65.706, "P1A_U": 86.003, "P1B_U": 46.178, "P1C_U": 126.145, "P1D_U": 105.305, "P2eA_U": 71.904, "P2eB_U": 57.986, "P2eC_U": 75.585, "P2eD_U": 62.39, "P1_mean_max": 1.0, "P1_mean": 0.637, "P2_mean_max": 2.0, "P2_mean": 0.902, "confidence_position": 2.0, "confidence_angle": 20.0, "estimate_hit": false, "target": "ECP:2", "markers": {"A": "M:3", "B": "M:4", "C": "M:8", "D": "M:9"}, "fusion_computed": true, "anatomy": {"basilic vein": 55.128, "brachial artery": 59.118, "brachial vein": 54.941, "cephalic vein": 59.684, "inferior ulnar collateral artery": 38.514, "median antebrachial vein": 59.898, "median cubital vein": 61.849, "median cubital vein 1": 63.795, "middle collateral artery": 20.619, "radial artery": 59.75, "radial collateral artery": 36.353, "radial veins": 59.759, "random artery 1": 36.251, "random artery 2": 45.287, "ulnar artery": 58.754, "ulnar veins": 59.517, "anterior branch of medial antebrachial cutaneous nerve": 69.637, "anterior interosseous nerve of forearm": 58.253, "deep branch of radial nerve": 56.552, "lateral antebrachial cutaneous nerve": 57.317, "median nerve": 60.64, "muscular branches of radial nerve": 17.321, "musculocutaneous nerve": 56.351, "posterior antebrachial cutaneous nerve": 41.605, "posterior branch of medial antebrachial cutaneous nerve": 35.777, "radial nerve": 52.635, "superficial branch of radial nerve": 58.571, "ulnar nerve": 36.38}, "angle_PA_target": 69.666, "distance_P1_PA_target": 71.905, "distance_P1_PA_target_X": -2.472, "distance_P1_PA_target_Y": 7.957, "distance_P1_PA_target_Z": 71.42, "distance_P2_PA_target": 25.323, "distance_P2_PA_target_X": -10.674, "distance_P2_PA_target_Y": -4.816, "distance_P2_PA_target_Z": 22.453, "distance_P2e_PA_target": 26.29, "distance_P2e_PA_target_X": -8.911, "distance_P2e_PA_target_Y": -5.46, "distance_P2e_PA_target_Z": 24.124, "delta_id_PA_target": -6.481}
2024-01-31 14:52:26,113 - [ DEBUG] - PERFORM:	 enter data from fusion 360: 	|{"datatype": "PA", "TEST_id": "94d495", "ECP_id": "9542591b", "id": "87696519cd", "comment": "", "time_init": 1706708396.94, "phase": 0, "ECP_number": 2, "PA_number": 1, "success": false, "PA_D": -1.0, "PA_RPC": 19, "P1A": 86.5, "P1B": 46.13, "P1C": 127.63, "P1D": 106.62, "P2A": 74.18, "P2B": 54.39, "P2C": 79.86, "P2D": 62.35, "P1A_F": 86.523, "P1B_F": 46.087, "P1C_F": 127.614, "P1D_F": 106.638, "P2A_F": 75.047, "P2B_F": 55.589, "P2C_F": 80.691, "P2D_F": 63.715, "P2eA": 74.944, "P2eB": 54.861, "P2eC": 81.72, "P2eD": 64.575, "P1A_U": 86.003, "P1B_U": 46.178, "P1C_U": 126.145, "P1D_U": 105.305, "P2eA_U": 71.904, "P2eB_U": 57.986, "P2eC_U": 75.585, "P2eD_U": 62.39, "P1_mean_max": 1.0, "P1_mean": 0.278, "P2_mean_max": 2.0, "P2_mean": 0.902, "confidence_position": 2.0, "confidence_angle": 20.0, "estimate_hit": false, "target": "ECP:2", "markers": {"A": "M:3", "B": "M:4", "C": "M:8", "D": "M:9"}, "fusion_computed": true, "anatomy": {"basilic vein": 31.04, "brachial artery": 27.322, "brachial vein": 18.696, "cephalic vein": 35.245, "inferior ulnar collateral artery": 17.237, "median antebrachial vein": 31.912, "median cubital vein": 38.979, "median cubital vein 1": 26.979, "middle collateral artery": 10.06, "radial artery": 21.345, "radial collateral artery": 33.638, "radial veins": 18.682, "random artery 1": 15.768, "random artery 2": 12.252, "ulnar artery": 15.246, "ulnar veins": 18.415, "anterior branch of medial antebrachial cutaneous nerve": 31.953, "anterior interosseous nerve of forearm": 14.802, "deep branch of radial nerve": 27.95, "lateral antebrachial cutaneous nerve": 25.903, "median nerve": 18.364, "muscular branches of radial nerve": 8.637, "musculocutaneous nerve": 26.939, "posterior antebrachial cutaneous nerve": 28.235, "posterior branch of medial antebrachial cutaneous nerve": 28.087, "radial nerve": 30.163, "superficial branch of radial nerve": 29.219, "ulnar nerve": 30.405}, "angle_PA_target": 26.361, "distance_P1_PA_target": 44.607, "distance_P1_PA_target_X": -5.702, "distance_P1_PA_target_Y": -19.705, "distance_P1_PA_target_Z": 39.611, "distance_P2_PA_target": 25.323, "distance_P2_PA_target_X": -10.674, "distance_P2_PA_target_Y": -4.816, "distance_P2_PA_target_Z": 22.453, "distance_P2e_PA_target": 25.239, "distance_P2e_PA_target_X": -9.957, "distance_P2e_PA_target_Y": -5.743, "distance_P2e_PA_target_Z": 22.469, "delta_id_PA_target": -9.736}|
2024-01-31 14:52:27,033 - [ DEBUG] - TECHNICAL:	 want to remeasure P1? [Y/N]: 	|n|
2024-01-31 14:52:27,265 - [ DEBUG] - TECHNICAL:	 want to remeasure P2? [Y/N]: 	|n|
2024-01-31 14:52:27,784 - [ DEBUG] - TECHNICAL:	 comment on PA (87696519cd) [STRING]: 	||
2024-01-31 14:52:27,784 - [  INFO] - PA2.1 FINISHED!
2024-01-31 14:52:27,786 - [  INFO] - ------------------------
2024-01-31 14:52:27,786 - [  INFO] - PA2.2 START! (7641c58d0f)
2024-01-31 14:52:28,909 - [ DEBUG] - PERFORM:	 reset x-ray machine [ENTER when done]: 	||
2024-01-31 14:52:59,949 - [ DEBUG] - PERFORM:	 give instruction to insert k-wire [ENTER when instruction given]: 	||
2024-01-31 14:57:49,090 - [ DEBUG] - CANDIDATE:	 inserting k-wire... -> checks it and declares it failed [f] or successful [s] (restart timer [r]): 	|s|
2024-01-31 14:57:49,090 - [  INFO] - \_candidate has performed SUCCESSFUL positioning attempt!
2024-01-31 14:57:49,090 - [  INFO] - DATA COLLECTION - PA2.2 - (7641c58d0f)
2024-01-31 14:58:11,299 - [ DEBUG] - |-- RADIATION picture count       [INT]  : 	|33|
2024-01-31 14:58:59,503 - [ DEBUG] - |-- P1M:3 [FLOAT]: 	|68.34|
2024-01-31 14:59:12,000 - [ DEBUG] - |-- P1M:4 [FLOAT]: 	|53.09|
2024-01-31 14:59:32,120 - [ DEBUG] - |-- P1M:8 [FLOAT]: 	|97.84|
2024-01-31 14:59:48,290 - [ DEBUG] - |-- P1M:9 [FLOAT]: 	|88.47|
2024-01-31 15:00:10,367 - [ DEBUG] - |-- P2M:3 [FLOAT]: 	|77.20|
2024-01-31 15:00:19,700 - [ DEBUG] - |-- P2M:4 [FLOAT]: 	|64.84|
2024-01-31 15:00:33,838 - [ DEBUG] - |-- P2M:8 [FLOAT]: 	|67.28|
2024-01-31 15:00:45,387 - [ DEBUG] - |-- P2M:9 [FLOAT]: 	|54.10|
2024-01-31 15:01:12,153 - [ DEBUG] - |-- P1M:3 virtual [FLOAT]: 	|68.993|
2024-01-31 15:01:12,154 - [ DEBUG] - |-- P1M:4 virtual [FLOAT]: 	|54.171|
2024-01-31 15:01:12,154 - [ DEBUG] - |-- P1M:8 virtual [FLOAT]: 	|97.553|
2024-01-31 15:01:12,155 - [ DEBUG] - |-- P1M:9 virtual [FLOAT]: 	|88.423|
2024-01-31 15:01:12,156 - [ DEBUG] - |-- P2M:3 virtual [FLOAT]: 	|81.095|
2024-01-31 15:01:12,156 - [ DEBUG] - |-- P2M:4 virtual [FLOAT]: 	|74.616|
2024-01-31 15:01:12,157 - [ DEBUG] - |-- P2M:8 virtual [FLOAT]: 	|59.383|
2024-01-31 15:01:12,754 - [ DEBUG] - |-- P2M:9 virtual [FLOAT]: 	|49.104|
2024-01-31 15:01:43,114 - [ DEBUG] - |-- CANDIDATE: confidence on entrance position in mm? [FLOAT]: 	|3|
2024-01-31 15:01:58,369 - [ DEBUG] - |-- CANDIDATE: confidence on angle in deg? [FLOAT]:            	|10|
2024-01-31 15:02:02,594 - [ DEBUG] - |-- CANDIDATE: estimate structures hit [Y/N]?:                 	|n|
2024-01-31 15:02:04,354 - [ DEBUG] - TECHNICAL:	 is data entered correct? [Y/N]: 	|y|
2024-01-31 15:02:04,356 - [  INFO] - PERFORM:	 test following string on fusion 360 (already copied in clipboard) -> 
{"datatype": "PA", "TEST_id": "94d495", "ECP_id": "9542591b", "id": "7641c58d0f", "comment": "", "time_init": 1706709179.95, "phase": 0, "ECP_number": 2, "PA_number": 2, "success": true, "PA_D": -1.0, "PA_RPC": 33, "P1A": 67.54, "P1B": 52.290000000000006, "P1C": 97.04, "P1D": 87.67, "P2A": 76.4, "P2B": 64.04, "P2C": 66.48, "P2D": 53.300000000000004, "P1A_F": -1.0, "P1B_F": -1.0, "P1C_F": -1.0, "P1D_F": -1.0, "P2A_F": -1.0, "P2B_F": -1.0, "P2C_F": -1.0, "P2D_F": -1.0, "P2eA": -1.0, "P2eB": -1.0, "P2eC": -1.0, "P2eD": -1.0, "P1A_U": 68.993, "P1B_U": 54.171, "P1C_U": 97.553, "P1D_U": 88.423, "P2eA_U": 81.095, "P2eB_U": 74.616, "P2eC_U": 59.383, "P2eD_U": 49.104, "P1_mean_max": 1.0, "P1_mean": -1.0, "P2_mean_max": 2.0, "P2_mean": -1.0, "confidence_position": 3.0, "confidence_angle": 10.0, "estimate_hit": false, "target": "ECP:2", "markers": {"A": "M:3", "B": "M:4", "C": "M:8", "D": "M:9"}, "fusion_computed": false, "anatomy": {"basilic vein": -1.0, "brachial artery": -1.0, "brachial vein": -1.0, "cephalic vein": -1.0, "inferior ulnar collateral artery": -1.0, "median antebrachial vein": -1.0, "median cubital vein": -1.0, "median cubital vein 1": -1.0, "middle collateral artery": -1.0, "radial artery": -1.0, "radial collateral artery": -1.0, "radial veins": -1.0, "random artery 1": -1.0, "random artery 2": -1.0, "ulnar artery": -1.0, "ulnar veins": -1.0, "anterior branch of medial antebrachial cutaneous nerve": -1.0, "anterior interosseous nerve of forearm": -1.0, "deep branch of radial nerve": -1.0, "lateral antebrachial cutaneous nerve": -1.0, "median nerve": -1.0, "muscular branches of radial nerve": -1.0, "musculocutaneous nerve": -1.0, "posterior antebrachial cutaneous nerve": -1.0, "posterior branch of medial antebrachial cutaneous nerve": -1.0, "radial nerve": -1.0, "superficial branch of radial nerve": -1.0, "ulnar nerve": -1.0}, "angle_PA_target": -1.0, "distance_P1_PA_target": -1.0, "distance_P1_PA_target_X": -1.0, "distance_P1_PA_target_Y": -1.0, "distance_P1_PA_target_Z": -1.0, "distance_P2_PA_target": -1.0, "distance_P2_PA_target_X": -1.0, "distance_P2_PA_target_Y": -1.0, "distance_P2_PA_target_Z": -1.0, "distance_P2e_PA_target": -1.0, "distance_P2e_PA_target_X": -1.0, "distance_P2e_PA_target_Y": -1.0, "distance_P2e_PA_target_Z": -1.0, "delta_id_PA_target": -1.0}
2024-01-31 15:02:43,708 - [ DEBUG] - PERFORM:	 enter data from fusion 360: 	|{"datatype": "PA", "TEST_id": "94d495", "ECP_id": "9542591b", "id": "7641c58d0f", "comment": "", "time_init": 1706709179.95, "phase": 0, "ECP_number": 2, "PA_number": 2, "success": true, "PA_D": -1.0, "PA_RPC": 33, "P1A": 67.54, "P1B": 52.290000000000006, "P1C": 97.04, "P1D": 87.67, "P2A": 76.4, "P2B": 64.04, "P2C": 66.48, "P2D": 53.300000000000004, "P1A_F": 67.589, "P1B_F": 52.228, "P1C_F": 97.009, "P1D_F": 87.704, "P2A_F": 76.535, "P2B_F": 65.014, "P2C_F": 67.102, "P2D_F": 53.684, "P2eA": 73.74, "P2eB": 61.445, "P2eC": 70.782, "P2eD": 58.093, "P1A_U": 68.993, "P1B_U": 54.171, "P1C_U": 97.553, "P1D_U": 88.423, "P2eA_U": 81.095, "P2eB_U": 74.616, "P2eC_U": 59.383, "P2eD_U": 49.104, "P1_mean_max": 1.0, "P1_mean": 0.194, "P2_mean_max": 2.0, "P2_mean": 1.477, "confidence_position": 3.0, "confidence_angle": 10.0, "estimate_hit": false, "target": "ECP:2", "markers": {"A": "M:3", "B": "M:4", "C": "M:8", "D": "M:9"}, "fusion_computed": true, "anatomy": {"basilic vein": 52.856, "brachial artery": 32.221, "brachial vein": 19.695, "cephalic vein": 23.725, "inferior ulnar collateral artery": 31.641, "median antebrachial vein": 45.837, "median cubital vein": 39.021, "median cubital vein 1": 31.265, "middle collateral artery": 0.502, "radial artery": 16.441, "radial collateral artery": 6.576, "radial veins": 13.987, "random artery 1": 33.332, "random artery 2": 29.117, "ulnar artery": 24.825, "ulnar veins": 14.511, "anterior branch of medial antebrachial cutaneous nerve": 44.49, "anterior interosseous nerve of forearm": 19.795, "deep branch of radial nerve": 0.977, "lateral antebrachial cutaneous nerve": 24.502, "median nerve": 23.254, "muscular branches of radial nerve": 14.813, "musculocutaneous nerve": 32.737, "posterior antebrachial cutaneous nerve": 14.361, "posterior branch of medial antebrachial cutaneous nerve": 47.238, "radial nerve": 28.412, "superficial branch of radial nerve": 23.772, "ulnar nerve": 44.786}, "angle_PA_target": 12.088, "distance_P1_PA_target": 22.627, "distance_P1_PA_target_X": -22.182, "distance_P1_PA_target_Y": 1.764, "distance_P1_PA_target_Z": 4.103, "distance_P2_PA_target": 23.779, "distance_P2_PA_target_X": -20.085, "distance_P2_PA_target_Y": 0.52, "distance_P2_PA_target_Z": 12.718, "distance_P2e_PA_target": 19.023, "distance_P2e_PA_target_X": -16.491, "distance_P2e_PA_target_Y": -3.082, "distance_P2e_PA_target_Z": 8.967, "delta_id_PA_target": 3.994}|
2024-01-31 15:02:44,841 - [ DEBUG] - TECHNICAL:	 want to remeasure P1? [Y/N]: 	|n|
2024-01-31 15:02:45,041 - [ DEBUG] - TECHNICAL:	 want to remeasure P2? [Y/N]: 	|n|
2024-01-31 15:02:45,736 - [ DEBUG] - TECHNICAL:	 comment on PA (7641c58d0f) [STRING]: 	||
2024-01-31 15:02:45,736 - [  INFO] - PA2.2 FINISHED!
2024-01-31 15:02:45,736 - [  INFO] - DATA COLLECTION - ECP2 - (9542591b)
2024-01-31 15:03:03,584 - [ DEBUG] - |-- ease of placement [0 difficult - 5 easy]: 	|2|
2024-01-31 15:03:03,585 - [  INFO] - ########################
2024-01-31 15:03:03,585 - [  INFO] - ECP3 START! (ab2231b0)
2024-01-31 15:03:03,587 - [  INFO] - ------------------------
2024-01-31 15:03:03,587 - [  INFO] - PA3.1 START! (9411d80818)
2024-01-31 15:03:08,100 - [ DEBUG] - PERFORM:	 reset x-ray machine [ENTER when done]: 	||
2024-01-31 15:04:26,197 - [ DEBUG] - PERFORM:	 give instruction to insert k-wire [ENTER when instruction given]: 	||
2024-01-31 15:07:08,241 - [ DEBUG] - CANDIDATE:	 inserting k-wire... -> checks it and declares it failed [f] or successful [s] (restart timer [r]): 	|s|
2024-01-31 15:07:08,241 - [  INFO] - \_candidate has performed SUCCESSFUL positioning attempt!
2024-01-31 15:07:08,241 - [  INFO] - DATA COLLECTION - PA3.1 - (9411d80818)
2024-01-31 15:07:30,168 - [ DEBUG] - |-- RADIATION picture count       [INT]  : 	|15|
2024-01-31 15:08:41,787 - [ DEBUG] - |-- P1M:2 [FLOAT]: 	|113.69|
2024-01-31 15:08:53,919 - [ DEBUG] - |-- P1M:3 [FLOAT]: 	|103.75|
2024-01-31 15:09:18,584 - [ DEBUG] - |-- P1M:7 [FLOAT]: 	|61.82|
2024-01-31 15:09:53,852 - [ DEBUG] - |-- P1M:8 [FLOAT]: 	|43.48|
2024-01-31 15:10:16,711 - [ DEBUG] - |-- P2M:2 [FLOAT]: 	|74.08|
2024-01-31 15:10:33,440 - [ DEBUG] - |-- P2M:3 [FLOAT]: 	|63.03|
2024-01-31 15:10:55,729 - [ DEBUG] - |-- P2M:7 [FLOAT]: 	|72.20|
2024-01-31 15:11:08,036 - [ DEBUG] - |-- P2M:8 [FLOAT]: 	|59.61|
2024-01-31 15:11:47,716 - [ DEBUG] - |-- P1M:2 virtual [FLOAT]: 	|115.241|
2024-01-31 15:11:47,717 - [ DEBUG] - |-- P1M:3 virtual [FLOAT]: 	|103.686|
2024-01-31 15:11:47,718 - [ DEBUG] - |-- P1M:7 virtual [FLOAT]: 	|67.683|
2024-01-31 15:11:47,719 - [ DEBUG] - |-- P1M:8 virtual [FLOAT]: 	|46.265|
2024-01-31 15:11:47,720 - [ DEBUG] - |-- P2M:2 virtual [FLOAT]: 	|72.190|
2024-01-31 15:11:47,721 - [ DEBUG] - |-- P2M:3 virtual [FLOAT]: 	|57.978|
2024-01-31 15:11:47,722 - [ DEBUG] - |-- P2M:7 virtual [FLOAT]: 	|77.793|
2024-01-31 15:11:48,306 - [ DEBUG] - |-- P2M:8 virtual [FLOAT]: 	|63.511|
2024-01-31 15:11:58,733 - [ DEBUG] - |-- CANDIDATE: confidence on entrance position in mm? [FLOAT]: 	|1|
2024-01-31 15:12:06,557 - [ DEBUG] - |-- CANDIDATE: confidence on angle in deg? [FLOAT]:            	|10|
2024-01-31 15:12:09,938 - [ DEBUG] - |-- CANDIDATE: estimate structures hit [Y/N]?:                 	|n|
2024-01-31 15:12:12,105 - [ DEBUG] - TECHNICAL:	 is data entered correct? [Y/N]: 	|y|
2024-01-31 15:12:12,108 - [  INFO] - PERFORM:	 test following string on fusion 360 (already copied in clipboard) -> 
{"datatype": "PA", "TEST_id": "94d495", "ECP_id": "ab2231b0", "id": "9411d80818", "comment": "", "time_init": 1706709866.2, "phase": 0, "ECP_number": 3, "PA_number": 1, "success": true, "PA_D": -1.0, "PA_RPC": 15, "P1A": 112.89, "P1B": 102.95, "P1C": 61.02, "P1D": 42.68, "P2A": 73.28, "P2B": 62.230000000000004, "P2C": 71.4, "P2D": 58.81, "P1A_F": -1.0, "P1B_F": -1.0, "P1C_F": -1.0, "P1D_F": -1.0, "P2A_F": -1.0, "P2B_F": -1.0, "P2C_F": -1.0, "P2D_F": -1.0, "P2eA": -1.0, "P2eB": -1.0, "P2eC": -1.0, "P2eD": -1.0, "P1A_U": 115.241, "P1B_U": 103.686, "P1C_U": 67.683, "P1D_U": 46.265, "P2eA_U": 72.19, "P2eB_U": 57.978, "P2eC_U": 77.793, "P2eD_U": 63.511, "P1_mean_max": 1.0, "P1_mean": -1.0, "P2_mean_max": 2.0, "P2_mean": -1.0, "confidence_position": 1.0, "confidence_angle": 10.0, "estimate_hit": false, "target": "ECP:3", "markers": {"A": "M:2", "B": "M:3", "C": "M:7", "D": "M:8"}, "fusion_computed": false, "anatomy": {"basilic vein": -1.0, "brachial artery": -1.0, "brachial vein": -1.0, "cephalic vein": -1.0, "inferior ulnar collateral artery": -1.0, "median antebrachial vein": -1.0, "median cubital vein": -1.0, "median cubital vein 1": -1.0, "middle collateral artery": -1.0, "radial artery": -1.0, "radial collateral artery": -1.0, "radial veins": -1.0, "random artery 1": -1.0, "random artery 2": -1.0, "ulnar artery": -1.0, "ulnar veins": -1.0, "anterior branch of medial antebrachial cutaneous nerve": -1.0, "anterior interosseous nerve of forearm": -1.0, "deep branch of radial nerve": -1.0, "lateral antebrachial cutaneous nerve": -1.0, "median nerve": -1.0, "muscular branches of radial nerve": -1.0, "musculocutaneous nerve": -1.0, "posterior antebrachial cutaneous nerve": -1.0, "posterior branch of medial antebrachial cutaneous nerve": -1.0, "radial nerve": -1.0, "superficial branch of radial nerve": -1.0, "ulnar nerve": -1.0}, "angle_PA_target": -1.0, "distance_P1_PA_target": -1.0, "distance_P1_PA_target_X": -1.0, "distance_P1_PA_target_Y": -1.0, "distance_P1_PA_target_Z": -1.0, "distance_P2_PA_target": -1.0, "distance_P2_PA_target_X": -1.0, "distance_P2_PA_target_Y": -1.0, "distance_P2_PA_target_Z": -1.0, "distance_P2e_PA_target": -1.0, "distance_P2e_PA_target_X": -1.0, "distance_P2e_PA_target_Y": -1.0, "distance_P2e_PA_target_Z": -1.0, "delta_id_PA_target": -1.0}
2024-01-31 15:12:39,164 - [ DEBUG] - PERFORM:	 enter data from fusion 360: 	|{"datatype": "PA", "TEST_id": "94d495", "ECP_id": "ab2231b0", "id": "9411d80818", "comment": "", "time_init": 1706709866.2, "phase": 0, "ECP_number": 3, "PA_number": 1, "success": true, "PA_D": -1.0, "PA_RPC": 15, "P1A": 112.89, "P1B": 102.95, "P1C": 61.02, "P1D": 42.68, "P2A": 73.28, "P2B": 62.230000000000004, "P2C": 71.4, "P2D": 58.81, "P1A_F": 112.626, "P1B_F": 103.212, "P1C_F": 61.429, "P1D_F": 41.956, "P2A_F": 73.539, "P2B_F": 62.596, "P2C_F": 71.735, "P2D_F": 59.071, "P2eA": 84.421, "P2eB": 73.923, "P2eC": 64.127, "P2eD": 48.396, "P1A_U": 115.241, "P1B_U": 103.686, "P1C_U": 67.683, "P1D_U": 46.265, "P2eA_U": 72.19, "P2eB_U": 57.978, "P2eC_U": 77.793, "P2eD_U": 63.511, "P1_mean_max": 1.0, "P1_mean": 1.549, "P2_mean_max": 2.0, "P2_mean": 0.958, "confidence_position": 1.0, "confidence_angle": 10.0, "estimate_hit": false, "target": "ECP:3", "markers": {"A": "M:2", "B": "M:3", "C": "M:7", "D": "M:8"}, "fusion_computed": true, "anatomy": {"basilic vein": 22.905, "brachial artery": 28.72, "brachial vein": 25.196, "cephalic vein": 32.522, "inferior ulnar collateral artery": 16.371, "median antebrachial vein": 24.817, "median cubital vein": 25.477, "median cubital vein 1": 32.843, "middle collateral artery": 3.316, "radial artery": 39.584, "radial collateral artery": 12.259, "radial veins": 48.721, "random artery 1": 1.375, "random artery 2": 23.455, "ulnar artery": 39.584, "ulnar veins": 48.68, "anterior branch of medial antebrachial cutaneous nerve": 32.274, "anterior interosseous nerve of forearm": 34.244, "deep branch of radial nerve": 43.851, "lateral antebrachial cutaneous nerve": 36.711, "median nerve": 28.634, "muscular branches of radial nerve": 6.05, "musculocutaneous nerve": 25.152, "posterior antebrachial cutaneous nerve": 38.245, "posterior branch of medial antebrachial cutaneous nerve": 1.452, "radial nerve": 30.987, "superficial branch of radial nerve": 43.916, "ulnar nerve": 0.674}, "angle_PA_target": 4.545, "distance_P1_PA_target": 8.876, "distance_P1_PA_target_X": -4.766, "distance_P1_PA_target_Y": -4.142, "distance_P1_PA_target_Z": 6.238, "distance_P2_PA_target": 13.311, "distance_P2_PA_target_X": 0.681, "distance_P2_PA_target_Y": -9.777, "distance_P2_PA_target_Z": 9.008, "distance_P2e_PA_target": 11.42, "distance_P2e_PA_target_X": -10.66, "distance_P2e_PA_target_Y": -3.747, "distance_P2e_PA_target_Z": -1.655, "delta_id_PA_target": 9.331}|
2024-01-31 15:12:39,164 - [  INFO] - TECHNICAL:	 ATTENTION: P1 measurement error is above max allowed! Please take measurement again:
2024-01-31 15:13:09,019 - [ DEBUG] - |-- P1M:2 [FLOAT]: 	|113.90|
2024-01-31 15:13:20,457 - [ DEBUG] - |-- P1M:3 [FLOAT]: 	|103.84|
2024-01-31 15:13:39,854 - [ DEBUG] - |-- P1M:7 [FLOAT]: 	|61.98|
2024-01-31 15:14:01,847 - [ DEBUG] - |-- P1M:8 [FLOAT]: 	|43.42|
2024-01-31 15:14:01,851 - [  INFO] - PERFORM:	 test following string on fusion 360 (already copied in clipboard) -> 
{"datatype": "PA", "TEST_id": "94d495", "ECP_id": "ab2231b0", "id": "9411d80818", "comment": "", "time_init": 1706709866.2, "phase": 0, "ECP_number": 3, "PA_number": 1, "success": true, "PA_D": -1.0, "PA_RPC": 15, "P1A": 113.9, "P1B": 103.84, "P1C": 61.98, "P1D": 43.42, "P2A": 73.28, "P2B": 62.230000000000004, "P2C": 71.4, "P2D": 58.81, "P1A_F": 112.626, "P1B_F": 103.212, "P1C_F": 61.429, "P1D_F": 41.956, "P2A_F": 73.539, "P2B_F": 62.596, "P2C_F": 71.735, "P2D_F": 59.071, "P2eA": 84.421, "P2eB": 73.923, "P2eC": 64.127, "P2eD": 48.396, "P1A_U": 115.241, "P1B_U": 103.686, "P1C_U": 67.683, "P1D_U": 46.265, "P2eA_U": 72.19, "P2eB_U": 57.978, "P2eC_U": 77.793, "P2eD_U": 63.511, "P1_mean_max": 1.0, "P1_mean": 1.549, "P2_mean_max": 2.0, "P2_mean": 0.958, "confidence_position": 1.0, "confidence_angle": 10.0, "estimate_hit": false, "target": "ECP:3", "markers": {"A": "M:2", "B": "M:3", "C": "M:7", "D": "M:8"}, "fusion_computed": true, "anatomy": {"basilic vein": 22.905, "brachial artery": 28.72, "brachial vein": 25.196, "cephalic vein": 32.522, "inferior ulnar collateral artery": 16.371, "median antebrachial vein": 24.817, "median cubital vein": 25.477, "median cubital vein 1": 32.843, "middle collateral artery": 3.316, "radial artery": 39.584, "radial collateral artery": 12.259, "radial veins": 48.721, "random artery 1": 1.375, "random artery 2": 23.455, "ulnar artery": 39.584, "ulnar veins": 48.68, "anterior branch of medial antebrachial cutaneous nerve": 32.274, "anterior interosseous nerve of forearm": 34.244, "deep branch of radial nerve": 43.851, "lateral antebrachial cutaneous nerve": 36.711, "median nerve": 28.634, "muscular branches of radial nerve": 6.05, "musculocutaneous nerve": 25.152, "posterior antebrachial cutaneous nerve": 38.245, "posterior branch of medial antebrachial cutaneous nerve": 1.452, "radial nerve": 30.987, "superficial branch of radial nerve": 43.916, "ulnar nerve": 0.674}, "angle_PA_target": 4.545, "distance_P1_PA_target": 8.876, "distance_P1_PA_target_X": -4.766, "distance_P1_PA_target_Y": -4.142, "distance_P1_PA_target_Z": 6.238, "distance_P2_PA_target": 13.311, "distance_P2_PA_target_X": 0.681, "distance_P2_PA_target_Y": -9.777, "distance_P2_PA_target_Z": 9.008, "distance_P2e_PA_target": 11.42, "distance_P2e_PA_target_X": -10.66, "distance_P2e_PA_target_Y": -3.747, "distance_P2e_PA_target_Z": -1.655, "delta_id_PA_target": 9.331}
2024-01-31 15:14:41,336 - [ DEBUG] - PERFORM:	 enter data from fusion 360: 	|{"datatype": "PA", "TEST_id": "94d495", "ECP_id": "ab2231b0", "id": "9411d80818", "comment": "", "time_init": 1706709866.2, "phase": 0, "ECP_number": 3, "PA_number": 1, "success": true, "PA_D": -1.0, "PA_RPC": 15, "P1A": 113.9, "P1B": 103.84, "P1C": 61.98, "P1D": 43.42, "P2A": 73.28, "P2B": 62.230000000000004, "P2C": 71.4, "P2D": 58.81, "P1A_F": 113.664, "P1B_F": 104.077, "P1C_F": 62.348, "P1D_F": 42.78, "P2A_F": 73.539, "P2B_F": 62.596, "P2C_F": 71.735, "P2D_F": 59.071, "P2eA": 84.203, "P2eB": 73.605, "P2eC": 64.394, "P2eD": 48.658, "P1A_U": 115.241, "P1B_U": 103.686, "P1C_U": 67.683, "P1D_U": 46.265, "P2eA_U": 72.19, "P2eB_U": 57.978, "P2eC_U": 77.793, "P2eD_U": 63.511, "P1_mean_max": 1.0, "P1_mean": -1.382, "P2_mean_max": 2.0, "P2_mean": 0.958, "confidence_position": 1.0, "confidence_angle": 10.0, "estimate_hit": false, "target": "ECP:3", "markers": {"A": "M:2", "B": "M:3", "C": "M:7", "D": "M:8"}, "fusion_computed": true, "anatomy": {"basilic vein": 23.067, "brachial artery": 28.482, "brachial vein": 25.003, "cephalic vein": 32.333, "inferior ulnar collateral artery": 16.399, "median antebrachial vein": 25.045, "median cubital vein": 25.43, "median cubital vein 1": 32.639, "middle collateral artery": 3.709, "radial artery": 39.447, "radial collateral artery": 12.953, "radial veins": 48.702, "random artery 1": 1.421, "random artery 2": 23.616, "ulnar artery": 39.447, "ulnar veins": 48.658, "anterior branch of medial antebrachial cutaneous nerve": 32.213, "anterior interosseous nerve of forearm": 34.143, "deep branch of radial nerve": 43.611, "lateral antebrachial cutaneous nerve": 36.554, "median nerve": 28.527, "muscular branches of radial nerve": 6.401, "musculocutaneous nerve": 24.967, "posterior antebrachial cutaneous nerve": 37.746, "posterior branch of medial antebrachial cutaneous nerve": 1.576, "radial nerve": 31.291, "superficial branch of radial nerve": 43.681, "ulnar nerve": 0.624}, "angle_PA_target": 4.16, "distance_P1_PA_target": 8.072, "distance_P1_PA_target_X": -5.245, "distance_P1_PA_target_Y": -3.738, "distance_P1_PA_target_Z": 4.865, "distance_P2_PA_target": 13.311, "distance_P2_PA_target_X": 0.681, "distance_P2_PA_target_Y": -9.777, "distance_P2_PA_target_Z": 9.008, "distance_P2e_PA_target": 11.18, "distance_P2e_PA_target_X": -10.361, "distance_P2e_PA_target_Y": -3.86, "distance_P2e_PA_target_Z": -1.655, "delta_id_PA_target": 7.735}|
2024-01-31 15:14:42,466 - [ DEBUG] - TECHNICAL:	 want to remeasure P1? [Y/N]: 	|n|
2024-01-31 15:14:43,120 - [ DEBUG] - TECHNICAL:	 want to remeasure P2? [Y/N]: 	|n|
2024-01-31 15:15:12,012 - [ DEBUG] - TECHNICAL:	 comment on PA (9411d80818) [STRING]: 	|error p1 measurement manually disabled|
2024-01-31 15:15:12,012 - [  INFO] - PA3.1 FINISHED!
2024-01-31 15:15:12,012 - [  INFO] - DATA COLLECTION - ECP3 - (ab2231b0)
2024-01-31 15:15:18,948 - [ DEBUG] - |-- ease of placement [0 difficult - 5 easy]: 	|4|
2024-01-31 15:15:18,948 - [  INFO] - DATA COLLECTION - TEST - (94d495)
2024-01-31 15:16:07,610 - [ DEBUG] - |-- realism xray    [-1 : 5]:            	|3|
2024-01-31 15:16:10,066 - [ DEBUG] - |-- realism AR      [-1 : 5]:            	|-1|
2024-01-31 15:16:27,240 - [ DEBUG] - |-- realism phantom [-1 : 5]:            	|4|
2024-01-31 15:16:32,124 - [ DEBUG] - |-- simulation quality xray    [-1 : 5]: 	|5|
2024-01-31 15:16:33,616 - [ DEBUG] - |-- simulation quality AR      [-1 : 5]: 	|-1|
2024-01-31 15:16:42,749 - [ DEBUG] - |-- simulation quality phantom [-1 : 5]: 	|4|
2024-01-31 15:16:56,333 - [ DEBUG] - |-- comfort xray [-1 : 5]:               	|5|
2024-01-31 15:16:57,946 - [ DEBUG] - |-- comfort ar   [-1 : 5]:               	|-1|
2024-01-31 15:16:59,450 - [ DEBUG] - TECHNICAL:	 comment on TEST (94d495) [STRING]: 	||
2024-01-31 15:16:59,463 - [  INFO] - SAVED ON DATABASE!
2024-01-31 15:16:59,465 - [  INFO] - bye!
