2024-01-31 16:05:14,935 - [  INFO] - flags: []
2024-01-31 16:05:14,935 - [  INFO] - # POSITIONING TEST COMPANION (v1.21)
2024-01-31 16:05:14,936 - [  INFO] - # What a beautiful day to stick some anti-pigeon spikes into plastic!
2024-01-31 16:05:14,937 - [  INFO] - # BEGIN POSITIONING TEST FOR A CANDIDATE, ONE SINGLE PHASE (2dae31)
2024-01-31 16:05:14,938 - [  INFO] - # 2024/01/31 - 16:05:14
2024-01-31 16:05:14,938 - [  INFO] - DATA COLLECTION - TEST - (2dae31)
2024-01-31 16:05:19,539 - [ DEBUG] - |-- phase [INTEGER]:                	|2|
2024-01-31 16:05:21,823 - [ DEBUG] - |-- phantom id [STRING]:            	|02|
2024-01-31 16:05:23,697 - [ DEBUG] - |-- name [STRING]:                  	|federica|
2024-01-31 16:05:25,230 - [ DEBUG] - |-- surname [STRING]:               	|catalano|
2024-01-31 16:05:26,354 - [ DEBUG] - |-- gender [M/F]:                   	|f|
2024-01-31 16:05:27,710 - [ DEBUG] - |-- right-handed [Y/N]:             	|y|
2024-01-31 16:05:28,734 - [ DEBUG] - |-- age [INTEGER]:                  	|22|
2024-01-31 16:05:29,948 - [ DEBUG] - |-- medsurg year        [-1 : 6]:   	|4|
2024-01-31 16:05:31,135 - [ DEBUG] - |-- specialization year [-1 : 5]:   	|-1|
2024-01-31 16:05:32,021 - [ DEBUG] - |-- surgeon year        [-1 : 100]: 	|-1|
2024-01-31 16:05:33,851 - [ DEBUG] - |-- exp operation count [INTEGER]:  	|0|
2024-01-31 16:05:35,052 - [ DEBUG] - |-- glasses [Y/N]:                  	|n|
2024-01-31 16:05:36,087 - [ DEBUG] - |-- glasses type [None [] / Myopia (Nearsightedness) [M] / Hyperopia (Farsightedness) [H] / Astigmatism [AS] / Presbyopia [P] / Strabismus [S] / Amblyopia (Lazy Eye) [AM] / Cataract [C]: 	||
2024-01-31 16:05:37,416 - [ DEBUG] - |-- glasses power [-1 : 100]:       	|-1|
2024-01-31 16:05:38,996 - [ DEBUG] - |-- exp Virtual Reality   [0 : 5]:  	|0|
2024-01-31 16:05:39,229 - [ DEBUG] - |-- exp Augmented Reality [0 : 5]:  	|0|
2024-01-31 16:05:45,044 - [ DEBUG] - |-- exp 3D editors        [0 : 5]:  	|0|
2024-01-31 16:05:46,333 - [ DEBUG] - TECHNICAL:	 is data entered correct? [Y/N]: 	|y|
2024-01-31 16:05:46,334 - [  INFO] - ########################
2024-01-31 16:05:46,335 - [  INFO] - ECP1 START! (3ccb9d8b)
2024-01-31 16:05:46,336 - [  INFO] - ------------------------
2024-01-31 16:05:46,336 - [  INFO] - PA1.1 START! (a85f9d5739)
2024-01-31 16:05:46,957 - [ DEBUG] - PERFORM:	 reset x-ray machine [ENTER when done]: 	||
2024-01-31 16:05:55,743 - [ DEBUG] - PERFORM:	 give instruction to insert k-wire [ENTER when instruction given]: 	||
2024-01-31 16:08:49,076 - [ DEBUG] - CANDIDATE:	 inserting k-wire... -> checks it and declares it failed [f] or successful [s] (restart timer [r]): 	|s|
2024-01-31 16:08:49,076 - [  INFO] - \_candidate has performed SUCCESSFUL positioning attempt!
2024-01-31 16:08:49,077 - [  INFO] - DATA COLLECTION - PA1.1 - (a85f9d5739)
2024-01-31 16:09:10,097 - [ DEBUG] - |-- RADIATION picture count       [INT]  : 	|1|
2024-01-31 16:10:36,631 - [ DEBUG] - |-- P1M:2 [FLOAT]: 	|80.05|
2024-01-31 16:10:51,108 - [ DEBUG] - |-- P1M:3 [FLOAT]: 	|64.38|
2024-01-31 16:11:41,361 - [ DEBUG] - |-- P1M:7 [FLOAT]: 	|108.40|
2024-01-31 16:12:42,344 - [ DEBUG] - |-- P1M:8 [FLOAT]: 	|100.56|
2024-01-31 16:13:14,910 - [ DEBUG] - |-- P2M:2 [FLOAT]: 	|65.73|
2024-01-31 16:13:59,874 - [ DEBUG] - |-- P2M:3 [FLOAT]: 	|52.73|
2024-01-31 16:14:36,418 - [ DEBUG] - |-- P2M:7 [FLOAT]: 	|79.47|
2024-01-31 16:14:51,456 - [ DEBUG] - |-- P2M:8 [FLOAT]: 	|70.07|
2024-01-31 16:15:02,955 - [ DEBUG] - |-- P1M:2 virtual [FLOAT]: 	|75.097|
2024-01-31 16:15:02,956 - [ DEBUG] - |-- P1M:3 virtual [FLOAT]: 	|62.690|
2024-01-31 16:15:02,957 - [ DEBUG] - |-- P1M:7 virtual [FLOAT]: 	|109.468|
2024-01-31 16:15:02,957 - [ DEBUG] - |-- P1M:8 virtual [FLOAT]: 	|103.145|
2024-01-31 16:15:02,958 - [ DEBUG] - |-- P2M:2 virtual [FLOAT]: 	|68.754|
2024-01-31 16:15:02,959 - [ DEBUG] - |-- P2M:3 virtual [FLOAT]: 	|59.629|
2024-01-31 16:15:02,978 - [ DEBUG] - |-- P2M:7 virtual [FLOAT]: 	|79.849|
2024-01-31 16:15:07,702 - [ DEBUG] - |-- P2M:8 virtual [FLOAT]: 	|70.104|
2024-01-31 16:15:22,017 - [ DEBUG] - |-- CANDIDATE: confidence on entrance position in mm? [FLOAT]: 	|3|
2024-01-31 16:15:32,930 - [ DEBUG] - |-- CANDIDATE: confidence on angle in deg? [FLOAT]:            	|10|
2024-01-31 16:15:39,399 - [ DEBUG] - |-- CANDIDATE: estimate structures hit [Y/N]?:                 	|n|
2024-01-31 16:16:06,340 - [ DEBUG] - TECHNICAL:	 is data entered correct? [Y/N]: 	|y|
2024-01-31 16:16:06,345 - [  INFO] - PERFORM:	 test following string on fusion 360 (already copied in clipboard) -> 
{"datatype": "PA", "TEST_id": "2dae31", "ECP_id": "3ccb9d8b", "id": "a85f9d5739", "comment": "", "time_init": 1706713555.74, "phase": 2, "ECP_number": 1, "PA_number": 1, "success": true, "PA_D": -1.0, "PA_RPC": 1, "P1A": 79.25, "P1B": 63.58, "P1C": 107.60000000000001, "P1D": 99.76, "P2A": 64.93, "P2B": 51.93, "P2C": 78.67, "P2D": 69.27, "P1A_F": -1.0, "P1B_F": -1.0, "P1C_F": -1.0, "P1D_F": -1.0, "P2A_F": -1.0, "P2B_F": -1.0, "P2C_F": -1.0, "P2D_F": -1.0, "P2eA": -1.0, "P2eB": -1.0, "P2eC": -1.0, "P2eD": -1.0, "P1A_U": 75.097, "P1B_U": 62.69, "P1C_U": 109.468, "P1D_U": 103.145, "P2eA_U": 68.754, "P2eB_U": 59.629, "P2eC_U": 79.849, "P2eD_U": 70.104, "P1_mean_max": 1.0, "P1_mean": -1.0, "P2_mean_max": 2.0, "P2_mean": -1.0, "confidence_position": 3.0, "confidence_angle": 10.0, "estimate_hit": false, "target": "ECP:1", "markers": {"A": "M:2", "B": "M:3", "C": "M:7", "D": "M:8"}, "fusion_computed": false, "anatomy": {"basilic vein": -1.0, "brachial artery": -1.0, "brachial vein": -1.0, "cephalic vein": -1.0, "inferior ulnar collateral artery": -1.0, "median antebrachial vein": -1.0, "median cubital vein": -1.0, "median cubital vein 1": -1.0, "middle collateral artery": -1.0, "radial artery": -1.0, "radial collateral artery": -1.0, "radial veins": -1.0, "random artery 1": -1.0, "random artery 2": -1.0, "ulnar artery": -1.0, "ulnar veins": -1.0, "anterior branch of medial antebrachial cutaneous nerve": -1.0, "anterior interosseous nerve of forearm": -1.0, "deep branch of radial nerve": -1.0, "lateral antebrachial cutaneous nerve": -1.0, "median nerve": -1.0, "muscular branches of radial nerve": -1.0, "musculocutaneous nerve": -1.0, "posterior antebrachial cutaneous nerve": -1.0, "posterior branch of medial antebrachial cutaneous nerve": -1.0, "radial nerve": -1.0, "superficial branch of radial nerve": -1.0, "ulnar nerve": -1.0}, "angle_PA_target": -1.0, "distance_P1_PA_target": -1.0, "distance_P1_PA_target_X": -1.0, "distance_P1_PA_target_Y": -1.0, "distance_P1_PA_target_Z": -1.0, "distance_P2_PA_target": -1.0, "distance_P2_PA_target_X": -1.0, "distance_P2_PA_target_Y": -1.0, "distance_P2_PA_target_Z": -1.0, "distance_P2e_PA_target": -1.0, "distance_P2e_PA_target_X": -1.0, "distance_P2e_PA_target_Y": -1.0, "distance_P2e_PA_target_Z": -1.0, "delta_id_PA_target": -1.0}
2024-01-31 16:16:45,742 - [ DEBUG] - PERFORM:	 enter data from fusion 360: 	|{"datatype": "PA", "TEST_id": "2dae31", "ECP_id": "3ccb9d8b", "id": "a85f9d5739", "comment": "", "time_init": 1706713555.74, "phase": 2, "ECP_number": 1, "PA_number": 1, "success": true, "PA_D": -1.0, "PA_RPC": 1, "P1A": 79.25, "P1B": 63.58, "P1C": 107.60000000000001, "P1D": 99.76, "P2A": 64.93, "P2B": 51.93, "P2C": 78.67, "P2D": 69.27, "P1A_F": 78.85, "P1B_F": 64.03, "P1C_F": 107.856, "P1D_F": 99.454, "P2A_F": 65.048, "P2B_F": 52.948, "P2C_F": 79.55, "P2D_F": 69.396, "P2eA": 64.839, "P2eB": 52.373, "P2eC": 80.383, "P2eD": 70.27, "P1A_U": 75.097, "P1B_U": 62.69, "P1C_U": 109.468, "P1D_U": 103.145, "P2eA_U": 68.754, "P2eB_U": 59.629, "P2eC_U": 79.849, "P2eD_U": 70.104, "P1_mean_max": 1.0, "P1_mean": 1.342, "P2_mean_max": 2.0, "P2_mean": 1.427, "confidence_position": 3.0, "confidence_angle": 10.0, "estimate_hit": false, "target": "ECP:1", "markers": {"A": "M:2", "B": "M:3", "C": "M:7", "D": "M:8"}, "fusion_computed": true, "anatomy": {"basilic vein": 22.347, "brachial artery": 26.236, "brachial vein": 21.895, "cephalic vein": 35.147, "inferior ulnar collateral artery": 17.168, "median antebrachial vein": 36.921, "median cubital vein": 28.228, "median cubital vein 1": 30.175, "middle collateral artery": 6.23, "radial artery": 28.538, "radial collateral artery": 22.681, "radial veins": 34.808, "random artery 1": 2.665, "random artery 2": 29.765, "ulnar artery": 28.538, "ulnar veins": 34.828, "anterior branch of medial antebrachial cutaneous nerve": 31.208, "anterior interosseous nerve of forearm": 28.775, "deep branch of radial nerve": 26.355, "lateral antebrachial cutaneous nerve": 25.704, "median nerve": 27.182, "muscular branches of radial nerve": 13.325, "musculocutaneous nerve": 23.182, "posterior antebrachial cutaneous nerve": 17.589, "posterior branch of medial antebrachial cutaneous nerve": 5.705, "radial nerve": 25.531, "superficial branch of radial nerve": 26.531, "ulnar nerve": 1.525}, "angle_PA_target": 6.401, "distance_P1_PA_target": 4.058, "distance_P1_PA_target_X": 2.895, "distance_P1_PA_target_Y": -2.835, "distance_P1_PA_target_Z": -0.214, "distance_P2_PA_target": 7.202, "distance_P2_PA_target_X": -2.408, "distance_P2_PA_target_Y": -6.779, "distance_P2_PA_target_Z": 0.348, "distance_P2e_PA_target": 6.138, "distance_P2e_PA_target_X": -1.629, "distance_P2e_PA_target_Y": -5.655, "distance_P2e_PA_target_Z": -1.747, "delta_id_PA_target": -1.092}|
2024-01-31 16:16:45,742 - [  INFO] - TECHNICAL:	 ATTENTION: P1 measurement error is above max allowed! Please take measurement again:
2024-01-31 16:17:49,302 - [ DEBUG] - |-- P1M:2 [FLOAT]: 	|79.63|
2024-01-31 16:18:12,489 - [ DEBUG] - |-- P1M:3 [FLOAT]: 	|64.60|
2024-01-31 16:18:43,369 - [ DEBUG] - |-- P1M:7 [FLOAT]: 	|108.45|
2024-01-31 16:19:17,752 - [ DEBUG] - |-- P1M:8 [FLOAT]: 	|100.73|
2024-01-31 16:19:17,755 - [  INFO] - PERFORM:	 test following string on fusion 360 (already copied in clipboard) -> 
{"datatype": "PA", "TEST_id": "2dae31", "ECP_id": "3ccb9d8b", "id": "a85f9d5739", "comment": "", "time_init": 1706713555.74, "phase": 2, "ECP_number": 1, "PA_number": 1, "success": true, "PA_D": -1.0, "PA_RPC": 1, "P1A": 79.63, "P1B": 64.6, "P1C": 108.45, "P1D": 100.73, "P2A": 64.93, "P2B": 51.93, "P2C": 78.67, "P2D": 69.27, "P1A_F": 78.85, "P1B_F": 64.03, "P1C_F": 107.856, "P1D_F": 99.454, "P2A_F": 65.048, "P2B_F": 52.948, "P2C_F": 79.55, "P2D_F": 69.396, "P2eA": 64.839, "P2eB": 52.373, "P2eC": 80.383, "P2eD": 70.27, "P1A_U": 75.097, "P1B_U": 62.69, "P1C_U": 109.468, "P1D_U": 103.145, "P2eA_U": 68.754, "P2eB_U": 59.629, "P2eC_U": 79.849, "P2eD_U": 70.104, "P1_mean_max": 1.0, "P1_mean": 1.342, "P2_mean_max": 2.0, "P2_mean": 1.427, "confidence_position": 3.0, "confidence_angle": 10.0, "estimate_hit": false, "target": "ECP:1", "markers": {"A": "M:2", "B": "M:3", "C": "M:7", "D": "M:8"}, "fusion_computed": true, "anatomy": {"basilic vein": 22.347, "brachial artery": 26.236, "brachial vein": 21.895, "cephalic vein": 35.147, "inferior ulnar collateral artery": 17.168, "median antebrachial vein": 36.921, "median cubital vein": 28.228, "median cubital vein 1": 30.175, "middle collateral artery": 6.23, "radial artery": 28.538, "radial collateral artery": 22.681, "radial veins": 34.808, "random artery 1": 2.665, "random artery 2": 29.765, "ulnar artery": 28.538, "ulnar veins": 34.828, "anterior branch of medial antebrachial cutaneous nerve": 31.208, "anterior interosseous nerve of forearm": 28.775, "deep branch of radial nerve": 26.355, "lateral antebrachial cutaneous nerve": 25.704, "median nerve": 27.182, "muscular branches of radial nerve": 13.325, "musculocutaneous nerve": 23.182, "posterior antebrachial cutaneous nerve": 17.589, "posterior branch of medial antebrachial cutaneous nerve": 5.705, "radial nerve": 25.531, "superficial branch of radial nerve": 26.531, "ulnar nerve": 1.525}, "angle_PA_target": 6.401, "distance_P1_PA_target": 4.058, "distance_P1_PA_target_X": 2.895, "distance_P1_PA_target_Y": -2.835, "distance_P1_PA_target_Z": -0.214, "distance_P2_PA_target": 7.202, "distance_P2_PA_target_X": -2.408, "distance_P2_PA_target_Y": -6.779, "distance_P2_PA_target_Z": 0.348, "distance_P2e_PA_target": 6.138, "distance_P2e_PA_target_X": -1.629, "distance_P2e_PA_target_Y": -5.655, "distance_P2e_PA_target_Z": -1.747, "delta_id_PA_target": -1.092}
2024-01-31 16:19:45,921 - [ DEBUG] - PERFORM:	 enter data from fusion 360: 	|{"datatype": "PA", "TEST_id": "2dae31", "ECP_id": "3ccb9d8b", "id": "a85f9d5739", "comment": "", "time_init": 1706713555.74, "phase": 2, "ECP_number": 1, "PA_number": 1, "success": true, "PA_D": -1.0, "PA_RPC": 1, "P1A": 79.63, "P1B": 64.6, "P1C": 108.45, "P1D": 100.73, "P2A": 64.93, "P2B": 51.93, "P2C": 78.67, "P2D": 69.27, "P1A_F": 79.349, "P1B_F": 64.919, "P1C_F": 108.633, "P1D_F": 100.517, "P2A_F": 65.048, "P2B_F": 52.948, "P2C_F": 79.55, "P2D_F": 69.396, "P2eA": 64.824, "P2eB": 52.378, "P2eC": 80.375, "P2eD": 70.278, "P1A_U": 75.097, "P1B_U": 62.69, "P1C_U": 109.468, "P1D_U": 103.145, "P2eA_U": 68.754, "P2eB_U": 59.629, "P2eC_U": 79.849, "P2eD_U": 70.104, "P1_mean_max": 1.0, "P1_mean": 0.949, "P2_mean_max": 2.0, "P2_mean": 1.427, "confidence_position": 3.0, "confidence_angle": 10.0, "estimate_hit": false, "target": "ECP:1", "markers": {"A": "M:2", "B": "M:3", "C": "M:7", "D": "M:8"}, "fusion_computed": true, "anatomy": {"basilic vein": 22.435, "brachial artery": 26.553, "brachial vein": 22.203, "cephalic vein": 35.592, "inferior ulnar collateral artery": 17.213, "median antebrachial vein": 36.964, "median cubital vein": 28.343, "median cubital vein 1": 30.443, "middle collateral artery": 5.782, "radial artery": 28.857, "radial collateral artery": 23.718, "radial veins": 35.073, "random artery 1": 2.543, "random artery 2": 29.817, "ulnar artery": 28.857, "ulnar veins": 35.087, "anterior branch of medial antebrachial cutaneous nerve": 31.325, "anterior interosseous nerve of forearm": 29.018, "deep branch of radial nerve": 26.754, "lateral antebrachial cutaneous nerve": 26.011, "median nerve": 27.393, "muscular branches of radial nerve": 12.964, "musculocutaneous nerve": 23.487, "posterior antebrachial cutaneous nerve": 18.862, "posterior branch of medial antebrachial cutaneous nerve": 5.697, "radial nerve": 25.96, "superficial branch of radial nerve": 26.925, "ulnar nerve": 1.513}, "angle_PA_target": 6.742, "distance_P1_PA_target": 3.972, "distance_P1_PA_target_X": 3.343, "distance_P1_PA_target_Y": -1.854, "distance_P1_PA_target_Z": -1.08, "distance_P2_PA_target": 7.202, "distance_P2_PA_target_X": -2.408, "distance_P2_PA_target_Y": -6.779, "distance_P2_PA_target_Z": 0.348, "distance_P2e_PA_target": 6.116, "distance_P2e_PA_target_X": -1.625, "distance_P2e_PA_target_Y": -5.633, "distance_P2e_PA_target_Z": -1.742, "delta_id_PA_target": -2.392}|
2024-01-31 16:19:47,431 - [ DEBUG] - TECHNICAL:	 want to remeasure P1? [Y/N]: 	|n|
2024-01-31 16:19:47,722 - [ DEBUG] - TECHNICAL:	 want to remeasure P2? [Y/N]: 	|n|
2024-01-31 16:19:50,113 - [ DEBUG] - TECHNICAL:	 comment on PA (a85f9d5739) [STRING]: 	||
2024-01-31 16:19:50,113 - [  INFO] - PA1.1 FINISHED!
2024-01-31 16:19:50,114 - [  INFO] - DATA COLLECTION - ECP1 - (3ccb9d8b)
2024-01-31 16:20:02,851 - [ DEBUG] - |-- ease of placement [0 difficult - 5 easy]: 	|3|
2024-01-31 16:20:02,852 - [  INFO] - ########################
2024-01-31 16:20:02,853 - [  INFO] - ECP2 START! (bf27564a)
2024-01-31 16:20:02,853 - [  INFO] - ------------------------
2024-01-31 16:20:02,854 - [  INFO] - PA2.1 START! (235bdd41d6)
2024-01-31 16:20:04,508 - [ DEBUG] - PERFORM:	 reset x-ray machine [ENTER when done]: 	||
2024-01-31 16:22:42,861 - [ DEBUG] - PERFORM:	 give instruction to insert k-wire [ENTER when instruction given]: 	||
2024-01-31 16:23:17,495 - [ DEBUG] - CANDIDATE:	 inserting k-wire... -> checks it and declares it failed [f] or successful [s] (restart timer [r]): 	|r|
2024-01-31 16:23:17,495 - [  INFO] - \_restart timer!
2024-01-31 16:23:59,066 - [ DEBUG] - CANDIDATE:	 inserting k-wire... -> checks it and declares it failed [f] or successful [s] (restart timer [r]): 	|r|
2024-01-31 16:23:59,066 - [  INFO] - \_restart timer!
2024-01-31 16:24:45,253 - [ DEBUG] - CANDIDATE:	 inserting k-wire... -> checks it and declares it failed [f] or successful [s] (restart timer [r]): 	|r|
2024-01-31 16:24:45,253 - [  INFO] - \_restart timer!
2024-01-31 16:26:34,788 - [ DEBUG] - CANDIDATE:	 inserting k-wire... -> checks it and declares it failed [f] or successful [s] (restart timer [r]): 	|s|
2024-01-31 16:26:34,788 - [  INFO] - \_candidate has performed SUCCESSFUL positioning attempt!
2024-01-31 16:26:34,788 - [  INFO] - DATA COLLECTION - PA2.1 - (235bdd41d6)
2024-01-31 16:27:22,111 - [ DEBUG] - |-- RADIATION picture count       [INT]  : 	|1|
2024-01-31 16:28:04,449 - [ DEBUG] - |-- P1M:3 [FLOAT]: 	|56.58|
2024-01-31 16:28:28,738 - [ DEBUG] - |-- P1M:4 [FLOAT]: 	|44.78|
2024-01-31 16:28:57,814 - [ DEBUG] - |-- P1M:8 [FLOAT]: 	|104.13|
2024-01-31 16:29:54,325 - [ DEBUG] - |-- P1M:9 [FLOAT]: 	|97.90|
2024-01-31 16:30:31,780 - [ DEBUG] - |-- P2M:3 [FLOAT]: 	|65.51|
2024-01-31 16:30:49,709 - [ DEBUG] - |-- P2M:4 [FLOAT]: 	|63.64|
2024-01-31 16:31:07,720 - [ DEBUG] - |-- P2M:8 [FLOAT]: 	|64.84|
2024-01-31 16:31:39,824 - [ DEBUG] - |-- P2M:9 [FLOAT]: 	|61.06|
2024-01-31 16:31:58,490 - [ DEBUG] - |-- P1M:3 virtual [FLOAT]: 	|57.758|
2024-01-31 16:31:58,491 - [ DEBUG] - |-- P1M:4 virtual [FLOAT]: 	|43.736|
2024-01-31 16:31:58,491 - [ DEBUG] - |-- P1M:8 virtual [FLOAT]: 	|102.721|
2024-01-31 16:31:58,492 - [ DEBUG] - |-- P1M:9 virtual [FLOAT]: 	|95.886|
2024-01-31 16:31:58,493 - [ DEBUG] - |-- P2M:3 virtual [FLOAT]: 	|70.546|
2024-01-31 16:31:58,495 - [ DEBUG] - |-- P2M:4 virtual [FLOAT]: 	|72.897|
2024-01-31 16:31:58,496 - [ DEBUG] - |-- P2M:8 virtual [FLOAT]: 	|55.164|
2024-01-31 16:31:59,509 - [ DEBUG] - |-- P2M:9 virtual [FLOAT]: 	|56.119|
2024-01-31 16:32:13,793 - [ DEBUG] - |-- CANDIDATE: confidence on entrance position in mm? [FLOAT]: 	|6|
2024-01-31 16:33:47,863 - [ DEBUG] - |-- CANDIDATE: confidence on angle in deg? [FLOAT]:            	|20|
2024-01-31 16:33:51,373 - [ DEBUG] - |-- CANDIDATE: estimate structures hit [Y/N]?:                 	|n|
2024-01-31 16:33:52,595 - [ DEBUG] - TECHNICAL:	 is data entered correct? [Y/N]: 	|y|
2024-01-31 16:33:52,598 - [  INFO] - PERFORM:	 test following string on fusion 360 (already copied in clipboard) -> 
{"datatype": "PA", "TEST_id": "2dae31", "ECP_id": "bf27564a", "id": "235bdd41d6", "comment": "", "time_init": 1706714685.25, "phase": 2, "ECP_number": 2, "PA_number": 1, "success": true, "PA_D": -1.0, "PA_RPC": 1, "P1A": 55.78, "P1B": 43.980000000000004, "P1C": 103.33, "P1D": 97.10000000000001, "P2A": 64.71000000000001, "P2B": 62.84, "P2C": 64.04, "P2D": 60.260000000000005, "P1A_F": -1.0, "P1B_F": -1.0, "P1C_F": -1.0, "P1D_F": -1.0, "P2A_F": -1.0, "P2B_F": -1.0, "P2C_F": -1.0, "P2D_F": -1.0, "P2eA": -1.0, "P2eB": -1.0, "P2eC": -1.0, "P2eD": -1.0, "P1A_U": 57.758, "P1B_U": 43.736, "P1C_U": 102.721, "P1D_U": 95.886, "P2eA_U": 70.546, "P2eB_U": 72.897, "P2eC_U": 55.164, "P2eD_U": 56.119, "P1_mean_max": 1.0, "P1_mean": -1.0, "P2_mean_max": 2.0, "P2_mean": -1.0, "confidence_position": 6.0, "confidence_angle": 20.0, "estimate_hit": false, "target": "ECP:2", "markers": {"A": "M:3", "B": "M:4", "C": "M:8", "D": "M:9"}, "fusion_computed": false, "anatomy": {"basilic vein": -1.0, "brachial artery": -1.0, "brachial vein": -1.0, "cephalic vein": -1.0, "inferior ulnar collateral artery": -1.0, "median antebrachial vein": -1.0, "median cubital vein": -1.0, "median cubital vein 1": -1.0, "middle collateral artery": -1.0, "radial artery": -1.0, "radial collateral artery": -1.0, "radial veins": -1.0, "random artery 1": -1.0, "random artery 2": -1.0, "ulnar artery": -1.0, "ulnar veins": -1.0, "anterior branch of medial antebrachial cutaneous nerve": -1.0, "anterior interosseous nerve of forearm": -1.0, "deep branch of radial nerve": -1.0, "lateral antebrachial cutaneous nerve": -1.0, "median nerve": -1.0, "muscular branches of radial nerve": -1.0, "musculocutaneous nerve": -1.0, "posterior antebrachial cutaneous nerve": -1.0, "posterior branch of medial antebrachial cutaneous nerve": -1.0, "radial nerve": -1.0, "superficial branch of radial nerve": -1.0, "ulnar nerve": -1.0}, "angle_PA_target": -1.0, "distance_P1_PA_target": -1.0, "distance_P1_PA_target_X": -1.0, "distance_P1_PA_target_Y": -1.0, "distance_P1_PA_target_Z": -1.0, "distance_P2_PA_target": -1.0, "distance_P2_PA_target_X": -1.0, "distance_P2_PA_target_Y": -1.0, "distance_P2_PA_target_Z": -1.0, "distance_P2e_PA_target": -1.0, "distance_P2e_PA_target_X": -1.0, "distance_P2e_PA_target_Y": -1.0, "distance_P2e_PA_target_Z": -1.0, "delta_id_PA_target": -1.0}
2024-01-31 16:34:32,558 - [ DEBUG] - PERFORM:	 enter data from fusion 360: 	|{"datatype": "PA", "TEST_id": "2dae31", "ECP_id": "bf27564a", "id": "235bdd41d6", "comment": "", "time_init": 1706714685.25, "phase": 2, "ECP_number": 2, "PA_number": 1, "success": true, "PA_D": -1.0, "PA_RPC": 1, "P1A": 55.78, "P1B": 43.980000000000004, "P1C": 103.33, "P1D": 97.10000000000001, "P2A": 64.71000000000001, "P2B": 62.84, "P2C": 64.04, "P2D": 60.260000000000005, "P1A_F": 55.571, "P1B_F": 44.243, "P1C_F": 103.427, "P1D_F": 96.993, "P2A_F": 65.198, "P2B_F": 62.938, "P2C_F": 64.142, "P2D_F": 60.749, "P2eA": 55.571, "P2eB": 44.243, "P2eC": 103.427, "P2eD": 96.993, "P1A_U": 57.758, "P1B_U": 43.736, "P1C_U": 102.721, "P1D_U": 95.886, "P2eA_U": 70.546, "P2eB_U": 72.897, "P2eC_U": 55.164, "P2eD_U": 56.119, "P1_mean_max": 1.0, "P1_mean": 0.683, "P2_mean_max": 2.0, "P2_mean": 0.65, "confidence_position": 6.0, "confidence_angle": 20.0, "estimate_hit": false, "target": "ECP:2", "markers": {"A": "M:3", "B": "M:4", "C": "M:8", "D": "M:9"}, "fusion_computed": true, "anatomy": {"basilic vein": 35.309, "brachial artery": 31.808, "brachial vein": 33.05, "cephalic vein": 30.132, "inferior ulnar collateral artery": 33.119, "median antebrachial vein": 58.196, "median cubital vein": 36.207, "median cubital vein 1": 41.091, "middle collateral artery": 2.647, "radial artery": 49.029, "radial collateral artery": 11.761, "radial veins": 57.58, "random artery 1": 21.682, "random artery 2": 44.512, "ulnar artery": 49.029, "ulnar veins": 57.617, "anterior branch of medial antebrachial cutaneous nerve": 43.174, "anterior interosseous nerve of forearm": 47.975, "deep branch of radial nerve": 48.474, "lateral antebrachial cutaneous nerve": 45.915, "median nerve": 40.81, "muscular branches of radial nerve": 6.459, "musculocutaneous nerve": 24.245, "posterior antebrachial cutaneous nerve": 36.06, "posterior branch of medial antebrachial cutaneous nerve": 39.958, "radial nerve": 29.54, "superficial branch of radial nerve": 48.715, "ulnar nerve": 31.664}, "angle_PA_target": 89.002, "distance_P1_PA_target": 72.447, "distance_P1_PA_target_X": -6.157, "distance_P1_PA_target_Y": 49.703, "distance_P1_PA_target_Z": 52.347, "distance_P2_PA_target": 18.764, "distance_P2_PA_target_X": -14.555, "distance_P2_PA_target_Y": 11.402, "distance_P2_PA_target_Z": 3.199, "distance_P2e_PA_target": 47.766, "distance_P2e_PA_target_X": 19.952, "distance_P2e_PA_target_Y": 24.391, "distance_P2e_PA_target_Z": 35.898, "delta_id_PA_target": 39.912}|
2024-01-31 16:34:34,206 - [ DEBUG] - TECHNICAL:	 want to remeasure P1? [Y/N]: 	|y|
2024-01-31 16:35:22,632 - [ DEBUG] - |-- P1M:3 [FLOAT]: 	|56.28|
2024-01-31 16:35:41,434 - [ DEBUG] - |-- P1M:4 [FLOAT]: 	|44.61|
2024-01-31 16:36:00,638 - [ DEBUG] - |-- P1M:8 [FLOAT]: 	|104.03|
2024-01-31 16:36:11,404 - [ DEBUG] - |-- P1M:9 [FLOAT]: 	|98.23|
2024-01-31 16:36:11,408 - [  INFO] - PERFORM:	 test following string on fusion 360 (already copied in clipboard) -> 
{"datatype": "PA", "TEST_id": "2dae31", "ECP_id": "bf27564a", "id": "235bdd41d6", "comment": "", "time_init": 1706714685.25, "phase": 2, "ECP_number": 2, "PA_number": 1, "success": true, "PA_D": -1.0, "PA_RPC": 1, "P1A": 56.28, "P1B": 44.61, "P1C": 104.03, "P1D": 98.23, "P2A": 64.71000000000001, "P2B": 62.84, "P2C": 64.04, "P2D": 60.260000000000005, "P1A_F": 55.571, "P1B_F": 44.243, "P1C_F": 103.427, "P1D_F": 96.993, "P2A_F": 65.198, "P2B_F": 62.938, "P2C_F": 64.142, "P2D_F": 60.749, "P2eA": 55.571, "P2eB": 44.243, "P2eC": 103.427, "P2eD": 96.993, "P1A_U": 57.758, "P1B_U": 43.736, "P1C_U": 102.721, "P1D_U": 95.886, "P2eA_U": 70.546, "P2eB_U": 72.897, "P2eC_U": 55.164, "P2eD_U": 56.119, "P1_mean_max": 1.0, "P1_mean": 0.683, "P2_mean_max": 2.0, "P2_mean": 0.65, "confidence_position": 6.0, "confidence_angle": 20.0, "estimate_hit": false, "target": "ECP:2", "markers": {"A": "M:3", "B": "M:4", "C": "M:8", "D": "M:9"}, "fusion_computed": true, "anatomy": {"basilic vein": 35.309, "brachial artery": 31.808, "brachial vein": 33.05, "cephalic vein": 30.132, "inferior ulnar collateral artery": 33.119, "median antebrachial vein": 58.196, "median cubital vein": 36.207, "median cubital vein 1": 41.091, "middle collateral artery": 2.647, "radial artery": 49.029, "radial collateral artery": 11.761, "radial veins": 57.58, "random artery 1": 21.682, "random artery 2": 44.512, "ulnar artery": 49.029, "ulnar veins": 57.617, "anterior branch of medial antebrachial cutaneous nerve": 43.174, "anterior interosseous nerve of forearm": 47.975, "deep branch of radial nerve": 48.474, "lateral antebrachial cutaneous nerve": 45.915, "median nerve": 40.81, "muscular branches of radial nerve": 6.459, "musculocutaneous nerve": 24.245, "posterior antebrachial cutaneous nerve": 36.06, "posterior branch of medial antebrachial cutaneous nerve": 39.958, "radial nerve": 29.54, "superficial branch of radial nerve": 48.715, "ulnar nerve": 31.664}, "angle_PA_target": 89.002, "distance_P1_PA_target": 72.447, "distance_P1_PA_target_X": -6.157, "distance_P1_PA_target_Y": 49.703, "distance_P1_PA_target_Z": 52.347, "distance_P2_PA_target": 18.764, "distance_P2_PA_target_X": -14.555, "distance_P2_PA_target_Y": 11.402, "distance_P2_PA_target_Z": 3.199, "distance_P2e_PA_target": 47.766, "distance_P2e_PA_target_X": 19.952, "distance_P2e_PA_target_Y": 24.391, "distance_P2e_PA_target_Z": 35.898, "delta_id_PA_target": 39.912}
2024-01-31 16:36:51,057 - [ DEBUG] - PERFORM:	 enter data from fusion 360: 	|{"datatype": "PA", "TEST_id": "2dae31", "ECP_id": "bf27564a", "id": "235bdd41d6", "comment": "", "time_init": 1706714685.25, "phase": 2, "ECP_number": 2, "PA_number": 1, "success": true, "PA_D": -1.0, "PA_RPC": 1, "P1A": 56.28, "P1B": 44.61, "P1C": 104.03, "P1D": 98.23, "P2A": 64.71000000000001, "P2B": 62.84, "P2C": 64.04, "P2D": 60.260000000000005, "P1A_F": 56.379, "P1B_F": 44.487, "P1C_F": 103.981, "P1D_F": 98.281, "P2A_F": 65.198, "P2B_F": 62.938, "P2C_F": 64.142, "P2D_F": 60.749, "P2eA": 59.404, "P2eB": 54.708, "P2eC": 74.133, "P2eD": 69.818, "P1A_U": 57.758, "P1B_U": 43.736, "P1C_U": 102.721, "P1D_U": 95.886, "P2eA_U": 70.546, "P2eB_U": 72.897, "P2eC_U": 55.164, "P2eD_U": 56.119, "P1_mean_max": 1.0, "P1_mean": 0.323, "P2_mean_max": 2.0, "P2_mean": 0.65, "confidence_position": 6.0, "confidence_angle": 20.0, "estimate_hit": false, "target": "ECP:2", "markers": {"A": "M:3", "B": "M:4", "C": "M:8", "D": "M:9"}, "fusion_computed": true, "anatomy": {"basilic vein": 30.541, "brachial artery": 25.976, "brachial vein": 13.2, "cephalic vein": 24.809, "inferior ulnar collateral artery": 12.658, "median antebrachial vein": 25.872, "median cubital vein": 38.392, "median cubital vein 1": 17.041, "middle collateral artery": 6.117, "radial artery": 11.713, "radial collateral artery": 20.998, "radial veins": 10.464, "random artery 1": 14.872, "random artery 2": 6.282, "ulnar artery": 3.02, "ulnar veins": 6.746, "anterior branch of medial antebrachial cutaneous nerve": 23.646, "anterior interosseous nerve of forearm": 2.884, "deep branch of radial nerve": 25.444, "lateral antebrachial cutaneous nerve": 24.206, "median nerve": 5.345, "muscular branches of radial nerve": 21.578, "musculocutaneous nerve": 25.976, "posterior antebrachial cutaneous nerve": 35.636, "posterior branch of medial antebrachial cutaneous nerve": 28.021, "radial nerve": 29.349, "superficial branch of radial nerve": 22.743, "ulnar nerve": 26.837}, "angle_PA_target": 0.255, "distance_P1_PA_target": 12.394, "distance_P1_PA_target_X": -10.173, "distance_P1_PA_target_Y": 7.077, "distance_P1_PA_target_Z": 0.194, "distance_P2_PA_target": 18.764, "distance_P2_PA_target_X": -14.555, "distance_P2_PA_target_Y": 11.402, "distance_P2_PA_target_Z": 3.199, "distance_P2e_PA_target": 7.442, "distance_P2e_PA_target_X": -6.301, "distance_P2e_PA_target_Y": 3.379, "distance_P2e_PA_target_Z": -2.067, "delta_id_PA_target": 5.81}|
2024-01-31 16:36:52,561 - [ DEBUG] - TECHNICAL:	 want to remeasure P1? [Y/N]: 	|n|
2024-01-31 16:36:52,895 - [ DEBUG] - TECHNICAL:	 want to remeasure P2? [Y/N]: 	|n|
2024-01-31 16:36:53,657 - [ DEBUG] - TECHNICAL:	 comment on PA (235bdd41d6) [STRING]: 	||
2024-01-31 16:36:53,657 - [  INFO] - PA2.1 FINISHED!
2024-01-31 16:36:53,658 - [  INFO] - DATA COLLECTION - ECP2 - (bf27564a)
2024-01-31 16:37:01,799 - [ DEBUG] - |-- ease of placement [0 difficult - 5 easy]: 	|3|
2024-01-31 16:37:01,800 - [  INFO] - ########################
2024-01-31 16:37:01,801 - [  INFO] - ECP3 START! (cc92b89a)
2024-01-31 16:37:01,802 - [  INFO] - ------------------------
2024-01-31 16:37:01,803 - [  INFO] - PA3.1 START! (2aa58ffbf1)
2024-01-31 16:37:02,747 - [ DEBUG] - PERFORM:	 reset x-ray machine [ENTER when done]: 	||
2024-01-31 16:38:45,882 - [ DEBUG] - PERFORM:	 give instruction to insert k-wire [ENTER when instruction given]: 	||
2024-01-31 16:40:08,547 - [ DEBUG] - CANDIDATE:	 inserting k-wire... -> checks it and declares it failed [f] or successful [s] (restart timer [r]): 	|s|
2024-01-31 16:40:08,548 - [  INFO] - \_candidate has performed SUCCESSFUL positioning attempt!
2024-01-31 16:40:08,548 - [  INFO] - DATA COLLECTION - PA3.1 - (2aa58ffbf1)
2024-01-31 16:40:24,821 - [ DEBUG] - |-- RADIATION picture count       [INT]  : 	|1|
2024-01-31 16:41:36,903 - [ DEBUG] - |-- P1M:2 [FLOAT]: 	|116.77|
2024-01-31 16:41:51,326 - [ DEBUG] - |-- P1M:3 [FLOAT]: 	|101.43|
2024-01-31 16:42:45,619 - [ DEBUG] - |-- P1M:7 [FLOAT]: 	|74.58|
2024-01-31 16:43:29,759 - [ DEBUG] - |-- P1M:8 [FLOAT]: 	|51.74|
2024-01-31 16:43:59,413 - [ DEBUG] - |-- P2M:2 [FLOAT]: 	|71.17|
2024-01-31 16:44:40,959 - [ DEBUG] - |-- P2M:3 [FLOAT]: 	|61.06|
2024-01-31 16:45:05,078 - [ DEBUG] - |-- P2M:7 [FLOAT]: 	|73.63|
2024-01-31 16:45:47,240 - [ DEBUG] - |-- P2M:8 [FLOAT]: 	|64.01|
2024-01-31 16:46:06,625 - [ DEBUG] - |-- P1M:2 virtual [FLOAT]: 	|115.687|
2024-01-31 16:46:06,625 - [ DEBUG] - |-- P1M:3 virtual [FLOAT]: 	|100.028|
2024-01-31 16:46:06,626 - [ DEBUG] - |-- P1M:7 virtual [FLOAT]: 	|77.981|
2024-01-31 16:46:06,627 - [ DEBUG] - |-- P1M:8 virtual [FLOAT]: 	|53.881|
2024-01-31 16:46:06,627 - [ DEBUG] - |-- P2M:2 virtual [FLOAT]: 	|69.956|
2024-01-31 16:46:06,628 - [ DEBUG] - |-- P2M:3 virtual [FLOAT]: 	|60.313|
2024-01-31 16:46:06,639 - [ DEBUG] - |-- P2M:7 virtual [FLOAT]: 	|74.395|
2024-01-31 16:46:07,448 - [ DEBUG] - |-- P2M:8 virtual [FLOAT]: 	|63.723|
2024-01-31 16:46:48,139 - [ DEBUG] - |-- CANDIDATE: confidence on entrance position in mm? [FLOAT]: 	|3|
2024-01-31 16:46:49,219 - [ DEBUG] - |-- CANDIDATE: confidence on angle in deg? [FLOAT]:            	|5|
2024-01-31 16:46:50,324 - [ DEBUG] - |-- CANDIDATE: estimate structures hit [Y/N]?:                 	|n|
2024-01-31 16:46:51,542 - [ DEBUG] - TECHNICAL:	 is data entered correct? [Y/N]: 	|y|
2024-01-31 16:46:51,546 - [  INFO] - PERFORM:	 test following string on fusion 360 (already copied in clipboard) -> 
{"datatype": "PA", "TEST_id": "2dae31", "ECP_id": "cc92b89a", "id": "2aa58ffbf1", "comment": "", "time_init": 1706715525.88, "phase": 2, "ECP_number": 3, "PA_number": 1, "success": true, "PA_D": -1.0, "PA_RPC": 1, "P1A": 115.97, "P1B": 100.63000000000001, "P1C": 73.78, "P1D": 50.940000000000005, "P2A": 70.37, "P2B": 60.260000000000005, "P2C": 72.83, "P2D": 63.21000000000001, "P1A_F": -1.0, "P1B_F": -1.0, "P1C_F": -1.0, "P1D_F": -1.0, "P2A_F": -1.0, "P2B_F": -1.0, "P2C_F": -1.0, "P2D_F": -1.0, "P2eA": -1.0, "P2eB": -1.0, "P2eC": -1.0, "P2eD": -1.0, "P1A_U": 115.687, "P1B_U": 100.028, "P1C_U": 77.981, "P1D_U": 53.881, "P2eA_U": 69.956, "P2eB_U": 60.313, "P2eC_U": 74.395, "P2eD_U": 63.723, "P1_mean_max": 1.0, "P1_mean": -1.0, "P2_mean_max": 2.0, "P2_mean": -1.0, "confidence_position": 3.0, "confidence_angle": 5.0, "estimate_hit": false, "target": "ECP:3", "markers": {"A": "M:2", "B": "M:3", "C": "M:7", "D": "M:8"}, "fusion_computed": false, "anatomy": {"basilic vein": -1.0, "brachial artery": -1.0, "brachial vein": -1.0, "cephalic vein": -1.0, "inferior ulnar collateral artery": -1.0, "median antebrachial vein": -1.0, "median cubital vein": -1.0, "median cubital vein 1": -1.0, "middle collateral artery": -1.0, "radial artery": -1.0, "radial collateral artery": -1.0, "radial veins": -1.0, "random artery 1": -1.0, "random artery 2": -1.0, "ulnar artery": -1.0, "ulnar veins": -1.0, "anterior branch of medial antebrachial cutaneous nerve": -1.0, "anterior interosseous nerve of forearm": -1.0, "deep branch of radial nerve": -1.0, "lateral antebrachial cutaneous nerve": -1.0, "median nerve": -1.0, "muscular branches of radial nerve": -1.0, "musculocutaneous nerve": -1.0, "posterior antebrachial cutaneous nerve": -1.0, "posterior branch of medial antebrachial cutaneous nerve": -1.0, "radial nerve": -1.0, "superficial branch of radial nerve": -1.0, "ulnar nerve": -1.0}, "angle_PA_target": -1.0, "distance_P1_PA_target": -1.0, "distance_P1_PA_target_X": -1.0, "distance_P1_PA_target_Y": -1.0, "distance_P1_PA_target_Z": -1.0, "distance_P2_PA_target": -1.0, "distance_P2_PA_target_X": -1.0, "distance_P2_PA_target_Y": -1.0, "distance_P2_PA_target_Z": -1.0, "distance_P2e_PA_target": -1.0, "distance_P2e_PA_target_X": -1.0, "distance_P2e_PA_target_Y": -1.0, "distance_P2e_PA_target_Z": -1.0, "delta_id_PA_target": -1.0}
2024-01-31 16:47:09,205 - [ DEBUG] - PERFORM:	 enter data from fusion 360: 	|{"datatype": "PA", "TEST_id": "2dae31", "ECP_id": "cc92b89a", "id": "2aa58ffbf1", "comment": "", "time_init": 1706715525.88, "phase": 2, "ECP_number": 3, "PA_number": 1, "success": true, "PA_D": -1.0, "PA_RPC": 1, "P1A": 115.97, "P1B": 100.63000000000001, "P1C": 73.78, "P1D": 50.940000000000005, "P2A": 70.37, "P2B": 60.260000000000005, "P2C": 72.83, "P2D": 63.21000000000001, "P1A_F": 115.605, "P1B_F": 101.0, "P1C_F": 74.256, "P1D_F": 50.08, "P2A_F": 70.162, "P2B_F": 60.446, "P2C_F": 72.993, "P2D_F": 62.967, "P2eA": 72.283, "P2eB": 62.121, "P2eC": 72.164, "P2eD": 61.323, "P1A_U": 115.687, "P1B_U": 100.028, "P1C_U": 77.981, "P1D_U": 53.881, "P2eA_U": 69.956, "P2eB_U": 60.313, "P2eC_U": 74.395, "P2eD_U": 63.723, "P1_mean_max": 1.0, "P1_mean": 2.096, "P2_mean_max": 2.0, "P2_mean": 1.779, "confidence_position": 3.0, "confidence_angle": 5.0, "estimate_hit": false, "target": "ECP:3", "markers": {"A": "M:2", "B": "M:3", "C": "M:7", "D": "M:8"}, "fusion_computed": true, "anatomy": {"basilic vein": 12.223, "brachial artery": 17.353, "brachial vein": 14.318, "cephalic vein": 25.147, "inferior ulnar collateral artery": 18.401, "median antebrachial vein": 29.897, "median cubital vein": 13.026, "median cubital vein 1": 28.757, "middle collateral artery": 20.18, "radial artery": 42.321, "radial collateral artery": 22.118, "radial veins": 54.496, "random artery 1": 8.302, "random artery 2": 31.229, "ulnar artery": 42.321, "ulnar veins": 54.508, "anterior branch of medial antebrachial cutaneous nerve": 21.053, "anterior interosseous nerve of forearm": 35.213, "deep branch of radial nerve": 47.25, "lateral antebrachial cutaneous nerve": 39.647, "median nerve": 18.634, "muscular branches of radial nerve": 21.615, "musculocutaneous nerve": 8.165, "posterior antebrachial cutaneous nerve": 37.093, "posterior branch of medial antebrachial cutaneous nerve": 1.587, "radial nerve": 28.515, "superficial branch of radial nerve": 47.236, "ulnar nerve": 4.527}, "angle_PA_target": 8.819, "distance_P1_PA_target": 9.541, "distance_P1_PA_target_X": -0.265, "distance_P1_PA_target_Y": -8.027, "distance_P1_PA_target_Z": -5.15, "distance_P2_PA_target": 5.067, "distance_P2_PA_target_X": 4.043, "distance_P2_PA_target_Y": -2.431, "distance_P2_PA_target_Z": 1.849, "distance_P2e_PA_target": 3.056, "distance_P2e_PA_target_X": 2.278, "distance_P2e_PA_target_Y": -2.036, "distance_P2e_PA_target_Z": -0.082, "delta_id_PA_target": -3.968}|
2024-01-31 16:47:09,205 - [  INFO] - TECHNICAL:	 ATTENTION: P1 measurement error is above max allowed! Please take measurement again:
2024-01-31 16:47:57,838 - [ DEBUG] - |-- P1M:2 [FLOAT]: 	|117.10|
2024-01-31 16:48:16,440 - [ DEBUG] - |-- P1M:3 [FLOAT]: 	|101.01|
2024-01-31 16:49:04,189 - [ DEBUG] - |-- P1M:7 [FLOAT]: 	|74.55|
2024-01-31 16:49:43,653 - [ DEBUG] - |-- P1M:8 [FLOAT]: 	|51.94|
2024-01-31 16:49:43,657 - [  INFO] - PERFORM:	 test following string on fusion 360 (already copied in clipboard) -> 
{"datatype": "PA", "TEST_id": "2dae31", "ECP_id": "cc92b89a", "id": "2aa58ffbf1", "comment": "", "time_init": 1706715525.88, "phase": 2, "ECP_number": 3, "PA_number": 1, "success": true, "PA_D": -1.0, "PA_RPC": 1, "P1A": 117.1, "P1B": 101.01, "P1C": 74.55, "P1D": 51.94, "P2A": 70.37, "P2B": 60.260000000000005, "P2C": 72.83, "P2D": 63.21000000000001, "P1A_F": 115.605, "P1B_F": 101.0, "P1C_F": 74.256, "P1D_F": 50.08, "P2A_F": 70.162, "P2B_F": 60.446, "P2C_F": 72.993, "P2D_F": 62.967, "P2eA": 72.283, "P2eB": 62.121, "P2eC": 72.164, "P2eD": 61.323, "P1A_U": 115.687, "P1B_U": 100.028, "P1C_U": 77.981, "P1D_U": 53.881, "P2eA_U": 69.956, "P2eB_U": 60.313, "P2eC_U": 74.395, "P2eD_U": 63.723, "P1_mean_max": 1.0, "P1_mean": 2.096, "P2_mean_max": 2.0, "P2_mean": 1.779, "confidence_position": 3.0, "confidence_angle": 5.0, "estimate_hit": false, "target": "ECP:3", "markers": {"A": "M:2", "B": "M:3", "C": "M:7", "D": "M:8"}, "fusion_computed": true, "anatomy": {"basilic vein": 12.223, "brachial artery": 17.353, "brachial vein": 14.318, "cephalic vein": 25.147, "inferior ulnar collateral artery": 18.401, "median antebrachial vein": 29.897, "median cubital vein": 13.026, "median cubital vein 1": 28.757, "middle collateral artery": 20.18, "radial artery": 42.321, "radial collateral artery": 22.118, "radial veins": 54.496, "random artery 1": 8.302, "random artery 2": 31.229, "ulnar artery": 42.321, "ulnar veins": 54.508, "anterior branch of medial antebrachial cutaneous nerve": 21.053, "anterior interosseous nerve of forearm": 35.213, "deep branch of radial nerve": 47.25, "lateral antebrachial cutaneous nerve": 39.647, "median nerve": 18.634, "muscular branches of radial nerve": 21.615, "musculocutaneous nerve": 8.165, "posterior antebrachial cutaneous nerve": 37.093, "posterior branch of medial antebrachial cutaneous nerve": 1.587, "radial nerve": 28.515, "superficial branch of radial nerve": 47.236, "ulnar nerve": 4.527}, "angle_PA_target": 8.819, "distance_P1_PA_target": 9.541, "distance_P1_PA_target_X": -0.265, "distance_P1_PA_target_Y": -8.027, "distance_P1_PA_target_Z": -5.15, "distance_P2_PA_target": 5.067, "distance_P2_PA_target_X": 4.043, "distance_P2_PA_target_Y": -2.431, "distance_P2_PA_target_Z": 1.849, "distance_P2e_PA_target": 3.056, "distance_P2e_PA_target_X": 2.278, "distance_P2e_PA_target_Y": -2.036, "distance_P2e_PA_target_Z": -0.082, "delta_id_PA_target": -3.968}
2024-01-31 16:50:37,336 - [ DEBUG] - PERFORM:	 enter data from fusion 360: 	|{"datatype": "PA", "TEST_id": "2dae31", "ECP_id": "cc92b89a", "id": "2aa58ffbf1", "comment": "", "time_init": 1706715525.88, "phase": 2, "ECP_number": 3, "PA_number": 1, "success": true, "PA_D": -1.0, "PA_RPC": 1, "P1A": 117.1, "P1B": 101.01, "P1C": 74.55, "P1D": 51.94, "P2A": 70.37, "P2B": 60.260000000000005, "P2C": 72.83, "P2D": 63.21000000000001, "P1A_F": 116.534, "P1B_F": 101.552, "P1C_F": 75.24, "P1D_F": 50.614, "P2A_F": 70.162, "P2B_F": 60.446, "P2C_F": 72.993, "P2D_F": 62.967, "P2eA": 72.26, "P2eB": 62.076, "P2eC": 72.206, "P2eD": 61.355, "P1A_U": 115.687, "P1B_U": 100.028, "P1C_U": 77.981, "P1D_U": 53.881, "P2eA_U": 69.956, "P2eB_U": 60.313, "P2eC_U": 74.395, "P2eD_U": 63.723, "P1_mean_max": 1.0, "P1_mean": 3.195, "P2_mean_max": 2.0, "P2_mean": 1.779, "confidence_position": 3.0, "confidence_angle": 5.0, "estimate_hit": false, "target": "ECP:3", "markers": {"A": "M:2", "B": "M:3", "C": "M:7", "D": "M:8"}, "fusion_computed": true, "anatomy": {"basilic vein": 11.877, "brachial artery": 16.755, "brachial vein": 13.837, "cephalic vein": 25.237, "inferior ulnar collateral artery": 18.003, "median antebrachial vein": 30.037, "median cubital vein": 12.667, "median cubital vein 1": 28.327, "middle collateral artery": 20.869, "radial artery": 42.071, "radial collateral artery": 22.8, "radial veins": 54.374, "random artery 1": 8.551, "random artery 2": 31.284, "ulnar artery": 42.071, "ulnar veins": 54.385, "anterior branch of medial antebrachial cutaneous nerve": 20.741, "anterior interosseous nerve of forearm": 34.969, "deep branch of radial nerve": 46.945, "lateral antebrachial cutaneous nerve": 39.393, "median nerve": 18.261, "muscular branches of radial nerve": 22.252, "musculocutaneous nerve": 8.016, "posterior antebrachial cutaneous nerve": 36.537, "posterior branch of medial antebrachial cutaneous nerve": 1.573, "radial nerve": 28.819, "superficial branch of radial nerve": 46.928, "ulnar nerve": 4.555}, "angle_PA_target": 9.433, "distance_P1_PA_target": 10.431, "distance_P1_PA_target_X": -0.56, "distance_P1_PA_target_Y": -8.326, "distance_P1_PA_target_Z": -6.258, "distance_P2_PA_target": 5.067, "distance_P2_PA_target_X": 4.043, "distance_P2_PA_target_Y": -2.431, "distance_P2_PA_target_Z": 1.849, "distance_P2e_PA_target": 3.102, "distance_P2e_PA_target_X": 2.316, "distance_P2e_PA_target_Y": -2.062, "distance_P2e_PA_target_Z": -0.079, "delta_id_PA_target": -4.965}|
2024-01-31 16:50:37,336 - [  INFO] - TECHNICAL:	 ATTENTION: P1 measurement error is above max allowed! Please take measurement again:
2024-01-31 16:51:20,281 - [ DEBUG] - |-- P1M:2 [FLOAT]: 	|116.88|
2024-01-31 16:51:44,019 - [ DEBUG] - |-- P1M:3 [FLOAT]: 	|101.29|
2024-01-31 16:52:03,792 - [ DEBUG] - |-- P1M:7 [FLOAT]: 	|75.21|
2024-01-31 16:52:28,710 - [ DEBUG] - |-- P1M:8 [FLOAT]: 	|52.05|
2024-01-31 16:52:28,713 - [  INFO] - PERFORM:	 test following string on fusion 360 (already copied in clipboard) -> 
{"datatype": "PA", "TEST_id": "2dae31", "ECP_id": "cc92b89a", "id": "2aa58ffbf1", "comment": "", "time_init": 1706715525.88, "phase": 2, "ECP_number": 3, "PA_number": 1, "success": true, "PA_D": -1.0, "PA_RPC": 1, "P1A": 116.88, "P1B": 101.29, "P1C": 75.21, "P1D": 52.05, "P2A": 70.37, "P2B": 60.260000000000005, "P2C": 72.83, "P2D": 63.21000000000001, "P1A_F": 116.534, "P1B_F": 101.552, "P1C_F": 75.24, "P1D_F": 50.614, "P2A_F": 70.162, "P2B_F": 60.446, "P2C_F": 72.993, "P2D_F": 62.967, "P2eA": 72.26, "P2eB": 62.076, "P2eC": 72.206, "P2eD": 61.355, "P1A_U": 115.687, "P1B_U": 100.028, "P1C_U": 77.981, "P1D_U": 53.881, "P2eA_U": 69.956, "P2eB_U": 60.313, "P2eC_U": 74.395, "P2eD_U": 63.723, "P1_mean_max": 1.0, "P1_mean": 3.195, "P2_mean_max": 2.0, "P2_mean": 1.779, "confidence_position": 3.0, "confidence_angle": 5.0, "estimate_hit": false, "target": "ECP:3", "markers": {"A": "M:2", "B": "M:3", "C": "M:7", "D": "M:8"}, "fusion_computed": true, "anatomy": {"basilic vein": 11.877, "brachial artery": 16.755, "brachial vein": 13.837, "cephalic vein": 25.237, "inferior ulnar collateral artery": 18.003, "median antebrachial vein": 30.037, "median cubital vein": 12.667, "median cubital vein 1": 28.327, "middle collateral artery": 20.869, "radial artery": 42.071, "radial collateral artery": 22.8, "radial veins": 54.374, "random artery 1": 8.551, "random artery 2": 31.284, "ulnar artery": 42.071, "ulnar veins": 54.385, "anterior branch of medial antebrachial cutaneous nerve": 20.741, "anterior interosseous nerve of forearm": 34.969, "deep branch of radial nerve": 46.945, "lateral antebrachial cutaneous nerve": 39.393, "median nerve": 18.261, "muscular branches of radial nerve": 22.252, "musculocutaneous nerve": 8.016, "posterior antebrachial cutaneous nerve": 36.537, "posterior branch of medial antebrachial cutaneous nerve": 1.573, "radial nerve": 28.819, "superficial branch of radial nerve": 46.928, "ulnar nerve": 4.555}, "angle_PA_target": 9.433, "distance_P1_PA_target": 10.431, "distance_P1_PA_target_X": -0.56, "distance_P1_PA_target_Y": -8.326, "distance_P1_PA_target_Z": -6.258, "distance_P2_PA_target": 5.067, "distance_P2_PA_target_X": 4.043, "distance_P2_PA_target_Y": -2.431, "distance_P2_PA_target_Z": 1.849, "distance_P2e_PA_target": 3.102, "distance_P2e_PA_target_X": 2.316, "distance_P2e_PA_target_Y": -2.062, "distance_P2e_PA_target_Z": -0.079, "delta_id_PA_target": -4.965}
2024-01-31 16:53:16,900 - [ DEBUG] - PERFORM:	 enter data from fusion 360: 	|{"datatype": "PA", "TEST_id": "2dae31", "ECP_id": "cc92b89a", "id": "2aa58ffbf1", "comment": "", "time_init": 1706715525.88, "phase": 2, "ECP_number": 3, "PA_number": 1, "success": true, "PA_D": -1.0, "PA_RPC": 1, "P1A": 116.88, "P1B": 101.29, "P1C": 75.21, "P1D": 52.05, "P2A": 70.37, "P2B": 60.260000000000005, "P2C": 72.83, "P2D": 63.21000000000001, "P1A_F": 116.562, "P1B_F": 101.619, "P1C_F": 75.628, "P1D_F": 51.312, "P2A_F": 70.162, "P2B_F": 60.446, "P2C_F": 72.993, "P2D_F": 62.967, "P2eA": 72.212, "P2eB": 62.038, "P2eC": 72.23, "P2eD": 61.403, "P1A_U": 115.687, "P1B_U": 100.028, "P1C_U": 77.981, "P1D_U": 53.881, "P2eA_U": 69.956, "P2eB_U": 60.313, "P2eC_U": 74.395, "P2eD_U": 63.723, "P1_mean_max": 1.0, "P1_mean": -1.836, "P2_mean_max": 2.0, "P2_mean": 1.779, "confidence_position": 3.0, "confidence_angle": 5.0, "estimate_hit": false, "target": "ECP:3", "markers": {"A": "M:2", "B": "M:3", "C": "M:7", "D": "M:8"}, "fusion_computed": true, "anatomy": {"basilic vein": 12.115, "brachial artery": 16.849, "brachial vein": 14.036, "cephalic vein": 25.145, "inferior ulnar collateral artery": 18.228, "median antebrachial vein": 30.077, "median cubital vein": 12.851, "median cubital vein 1": 28.154, "middle collateral artery": 20.584, "radial artery": 41.884, "radial collateral artery": 22.467, "radial veins": 54.259, "random artery 1": 8.48, "random artery 2": 31.336, "ulnar artery": 41.884, "ulnar veins": 54.268, "anterior branch of medial antebrachial cutaneous nerve": 21.001, "anterior interosseous nerve of forearm": 34.832, "deep branch of radial nerve": 46.661, "lateral antebrachial cutaneous nerve": 39.191, "median nerve": 18.422, "muscular branches of radial nerve": 22.064, "musculocutaneous nerve": 8.306, "posterior antebrachial cutaneous nerve": 36.04, "posterior branch of medial antebrachial cutaneous nerve": 1.575, "radial nerve": 28.659, "superficial branch of radial nerve": 46.649, "ulnar nerve": 4.537}, "angle_PA_target": 9.192, "distance_P1_PA_target": 10.402, "distance_P1_PA_target_X": -0.306, "distance_P1_PA_target_Y": -7.888, "distance_P1_PA_target_Z": -6.774, "distance_P2_PA_target": 5.067, "distance_P2_PA_target_X": 4.043, "distance_P2_PA_target_Y": -2.431, "distance_P2_PA_target_Z": 1.849, "distance_P2e_PA_target": 3.127, "distance_P2e_PA_target_X": 2.362, "distance_P2e_PA_target_Y": -2.048, "distance_P2e_PA_target_Z": -0.067, "delta_id_PA_target": -5.281}|
2024-01-31 16:53:18,435 - [ DEBUG] - TECHNICAL:	 want to remeasure P1? [Y/N]: 	|n|
2024-01-31 16:53:18,671 - [ DEBUG] - TECHNICAL:	 want to remeasure P2? [Y/N]: 	|n|
2024-01-31 16:53:24,868 - [ DEBUG] - TECHNICAL:	 comment on PA (2aa58ffbf1) [STRING]: 	|error p1 measurement manually disabled|
2024-01-31 16:53:24,869 - [  INFO] - PA3.1 FINISHED!
2024-01-31 16:53:24,869 - [  INFO] - DATA COLLECTION - ECP3 - (cc92b89a)
2024-01-31 16:53:30,873 - [ DEBUG] - |-- ease of placement [0 difficult - 5 easy]: 	|4|
2024-01-31 16:53:30,873 - [  INFO] - DATA COLLECTION - TEST - (2dae31)
2024-01-31 16:53:49,103 - [ DEBUG] - |-- realism xray    [-1 : 5]:            	|4|
2024-01-31 16:53:53,261 - [ DEBUG] - |-- realism AR      [-1 : 5]:            	|4|
2024-01-31 16:53:57,347 - [ DEBUG] - |-- realism phantom [-1 : 5]:            	|3|
2024-01-31 16:54:05,063 - [ DEBUG] - |-- simulation quality xray    [-1 : 5]: 	|4|
2024-01-31 16:54:09,915 - [ DEBUG] - |-- simulation quality AR      [-1 : 5]: 	|5|
2024-01-31 16:54:17,290 - [ DEBUG] - |-- simulation quality phantom [-1 : 5]: 	|4|
2024-01-31 16:54:22,985 - [ DEBUG] - |-- comfort xray [-1 : 5]:               	|4|
2024-01-31 16:54:33,651 - [ DEBUG] - |-- comfort ar   [-1 : 5]:               	|3|
2024-01-31 16:54:34,848 - [ DEBUG] - TECHNICAL:	 comment on TEST (2dae31) [STRING]: 	||
2024-01-31 16:54:34,860 - [  INFO] - SAVED ON DATABASE!
2024-01-31 16:54:34,861 - [  INFO] - bye!
