2024-02-23 16:35:57,509 - [  INFO] - flags: []
2024-02-23 16:35:57,509 - [  INFO] - # POSITIONING PHASE COMPANION (v1.27)
2024-02-23 16:35:57,510 - [  INFO] - # What a beautiful day to stick some anti-pigeon spikes into plastic!
2024-02-23 16:35:57,511 - [  INFO] - # BEGIN POSITIONING PHASE FOR A CANDIDATE, ONE SINGLE PHASE (852bb9)
2024-02-23 16:35:57,512 - [  INFO] - # 2024/02/23 - 16:35:57
2024-02-23 16:35:57,512 - [  INFO] - DATA COLLECTION - PHASE - (852bb9)
2024-02-23 16:36:09,854 - [ DEBUG] - |-- phase      [INTEGER]:           	|1|
2024-02-23 16:36:12,158 - [ DEBUG] - |-- phantom id [STRING]:            	|06|
2024-02-23 16:36:14,599 - [ DEBUG] - |-- country origin [STRING]:        	|italy|
2024-02-23 16:36:18,615 - [ DEBUG] - |-- country    [STRING]:            	|italy|
2024-02-23 16:36:20,853 - [ DEBUG] - |-- city       [STRING]:            	|turin|
2024-02-23 16:36:22,909 - [ DEBUG] - |-- institute  [STRING]:            	|cto|
2024-02-23 16:36:36,249 - [ DEBUG] - |-- name [STRING]:                  	|irene|
2024-02-23 16:36:38,242 - [ DEBUG] - |-- surname [STRING]:               	|rou roch|
2024-02-23 16:36:39,738 - [ DEBUG] - |-- gender                          	|f|
2024-02-23 16:36:41,785 - [ DEBUG] - |-- right-handed [Y/N]:             	|y|
2024-02-23 16:36:44,529 - [ DEBUG] - |-- age [INTEGER]:                  	|30|
2024-02-23 16:36:47,619 - [ DEBUG] - |-- career:   	|sp|
2024-02-23 16:36:52,695 - [ DEBUG] - |-- medsurg year        [-1 : 7]:   	|-1|
2024-02-23 16:37:03,445 - [ DEBUG] - |-- specialization year [-1 : 5]:   	|3|
2024-02-23 16:37:05,026 - [ DEBUG] - |-- surgeon year        [-1 : 100]: 	|-1|
2024-02-23 16:37:08,581 - [ DEBUG] - |-- exp operation count [INTEGER]:  	|30|
2024-02-23 16:37:12,196 - [ DEBUG] - |-- glasses [Y/N]:                  	|n|
2024-02-23 16:37:13,107 - [ DEBUG] - |-- glasses type [None [] / Myopia (Nearsightedness) [M] / Hyperopia (Farsightedness) [H] / Astigmatism [AS] / Presbyopia [P] / Strabismus [S] / Amblyopia (Lazy Eye) [AM] / Cataract [C]: 	||
2024-02-23 16:37:15,276 - [ DEBUG] - |-- glasses power [-1 : 100]         |-- glasses power [-1 : 100]        	|-1|
2024-02-23 16:37:32,843 - [ DEBUG] - |-- exp Virtual Reality   [0 : 5]:  	|0|
2024-02-23 16:37:34,016 - [ DEBUG] - |-- exp Augmented Reality [0 : 5]:  	|0|
2024-02-23 16:37:35,355 - [ DEBUG] - |-- exp 3D editors        [0 : 5]:  	|1|
2024-02-23 16:37:36,930 - [ DEBUG] - TECHNICAL:	 is data entered correct? [Y/N]: 	|y|
2024-02-23 16:37:36,931 - [  INFO] - ########################
2024-02-23 16:37:36,932 - [  INFO] - ECP1 START! (87ca5827)
2024-02-23 16:37:36,933 - [  INFO] - ------------------------
2024-02-23 16:37:36,934 - [  INFO] - PA1.1 START! (1b8124ac22)
2024-02-23 16:37:39,706 - [ DEBUG] - PERFORM:	 reset x-ray machine [ENTER when done]: 	||
2024-02-23 16:40:29,310 - [ DEBUG] - PERFORM:	 give instruction to insert k-wire [ENTER when instruction given]: 	||
2024-02-23 16:43:15,307 - [ DEBUG] - CANDIDATE:	 inserting k-wire... -> checks it and declares it Failed or Successful (Restart timer)	|f|
2024-02-23 16:43:15,308 - [  INFO] - \_candidate has FAILED positioning attempt!
2024-02-23 16:43:15,308 - [  INFO] - DATA COLLECTION - PA1.1 - (1b8124ac22)
2024-02-23 16:44:27,714 - [ DEBUG] - |-- CANDIDATE: entrance point distance from entrance point target? [FLOAT]:  |-- CANDIDATE: entrance point distance from entrance point target? [FLOAT]: 	|10|
2024-02-23 16:44:59,231 - [ DEBUG] - |-- CANDIDATE: confidence on angle in deg? [FLOAT]:                          |-- CANDIDATE: confidence on angle in deg? [FLOAT]:                         	|15|
2024-02-23 16:45:22,320 - [ DEBUG] - |-- CANDIDATE: estimate structures hit [Y/N]?:                              	|n|
2024-02-23 16:45:25,668 - [ DEBUG] - |-- RADIATION picture count [INT] : 	|2|
2024-02-23 16:45:26,694 - [ DEBUG] - |-- P from unity	|12|
2024-02-23 16:45:28,591 - [ DEBUG] - |-- P1M:2 [FLOAT]:  |-- P1M:2 [FLOAT]: 	|3|
2024-02-23 16:45:28,592 - [ DEBUG] - |-- P1M:3 [FLOAT]:  |-- P1M:3 [FLOAT]: 	|06|
2024-02-23 16:45:28,596 - [ DEBUG] - |-- P1M:7 [FLOAT]:  |-- P1M:7 [FLOAT]: 	|28|
2024-02-23 16:45:28,597 - [ DEBUG] - |-- P1M:8 [FLOAT]:  |-- P1M:8 [FLOAT]: 	|-1|
2024-02-23 16:45:28,598 - [ DEBUG] - |-- P2M:2 [FLOAT]:  |-- P2M:2 [FLOAT]: 	|3|
2024-02-23 16:45:28,598 - [ DEBUG] - |-- P2M:3 [FLOAT]:  |-- P2M:3 [FLOAT]: 	|-1|
2024-02-23 16:45:28,599 - [ DEBUG] - |-- P2M:7 [FLOAT]:  |-- P2M:7 [FLOAT]: 	|40|
2024-02-23 16:45:28,600 - [ DEBUG] - |-- P2M:8 [FLOAT]:  |-- P2M:8 [FLOAT]: 	|-1.0|
2024-02-23 16:45:28,601 - [ DEBUG] - |-- P1M:2 unity [FLOAT]:   |-- P1M:2 unity [FLOAT]:  	|0|
2024-02-23 16:45:28,602 - [ DEBUG] - |-- P1M:3 unity [FLOAT]:   |-- P1M:3 unity [FLOAT]:  	|1|
2024-02-23 16:45:32,990 - [ DEBUG] - |-- P1M:7 unity [FLOAT]:   |-- P1M:7 unity [FLOAT]:  	|3|
2024-02-23 16:45:33,980 - [ DEBUG] - |-- P1M:8 unity [FLOAT]:   |-- P1M:8 unity [FLOAT]:  	|1|
2024-02-23 16:45:34,463 - [ DEBUG] - |-- P2eM:2 unity [FLOAT]:  |-- P2eM:2 unity [FLOAT]: 	|1|
2024-02-23 16:45:34,809 - [ DEBUG] - |-- P2eM:3 unity [FLOAT]:  |-- P2eM:3 unity [FLOAT]: 	|1|
2024-02-23 16:45:35,214 - [ DEBUG] - |-- P2eM:7 unity [FLOAT]:  |-- P2eM:7 unity [FLOAT]: 	|1|
2024-02-23 16:45:35,430 - [ DEBUG] - |-- P2eM:8 unity [FLOAT]:  |-- P2eM:8 unity [FLOAT]: 	|1|
2024-02-23 16:45:35,619 - [ DEBUG] - TECHNICAL:	 is data entered correct? [Y/N]: 	|1|
2024-02-23 16:45:35,626 - [  INFO] - PERFORM:	 test following string on fusion 360 (already copied in clipboard) -> 
{"datatype": "PA", "PHASE_id": "852bb9", "ECP_id": "87ca5827", "id": "1b8124ac22", "comment": "", "time_init": 1708702829.31, "phase": 1, "ECP_number": 1, "PA_number": 1, "success": false, "entered_articulation": -1, "PA_D": -1.0, "PA_RPC": 2, "values_from_unity": "12", "P1A": 3.0, "P1B": 6.0, "P1C": 28.0, "P1D": -1.0, "P2A": 3.0, "P2B": -1.0, "P2C": 40.0, "P2D": -1.0, "P1A_F": -1.0, "P1B_F": -1.0, "P1C_F": -1.0, "P1D_F": -1.0, "P2A_F": -1.0, "P2B_F": -1.0, "P2C_F": -1.0, "P2D_F": -1.0, "P2eA_F": -1.0, "P2eB_F": -1.0, "P2eC_F": -1.0, "P2eD_F": -1.0, "P1A_U": 0.0, "P1B_U": 1.0, "P1C_U": 3.0, "P1D_U": 1.0, "P2eA_U": 1.0, "P2eB_U": 1.0, "P2eC_U": 1.0, "P2eD_U": 1.0, "P1_mean_max": 1.0, "P1_mean": -1.0, "P2_mean_max": 2.0, "P2_mean": -1.0, "confidence_position": 10.0, "confidence_angle": 15.0, "estimate_hit": false, "target": "ECP:1", "markers": {"A": "M:2", "B": "M:3", "C": "M:7", "D": "M:8"}, "fusion_computed": false, "anatomy": {"basilic vein": -1.0, "brachial artery": -1.0, "brachial vein": -1.0, "cephalic vein": -1.0, "inferior ulnar collateral artery": -1.0, "median antebrachial vein": -1.0, "median cubital vein": -1.0, "median cubital vein 1": -1.0, "middle collateral artery": -1.0, "radial artery": -1.0, "radial collateral artery": -1.0, "radial veins": -1.0, "random artery 1": -1.0, "random artery 2": -1.0, "ulnar artery": -1.0, "ulnar veins": -1.0, "anterior branch of medial antebrachial cutaneous nerve": -1.0, "anterior interosseous nerve of forearm": -1.0, "deep branch of radial nerve": -1.0, "lateral antebrachial cutaneous nerve": -1.0, "median nerve": -1.0, "muscular branches of radial nerve": -1.0, "musculocutaneous nerve": -1.0, "posterior antebrachial cutaneous nerve": -1.0, "posterior branch of medial antebrachial cutaneous nerve": -1.0, "radial nerve": -1.0, "superficial branch of radial nerve": -1.0, "ulnar nerve": -1.0}, "hit_count": -1.0, "angle_PA_target": -1.0, "distance_P1_PA_target": -1.0, "distance_P1_PA_target_X": -1.0, "distance_P1_PA_target_Y": -1.0, "distance_P1_PA_target_Z": -1.0, "distance_P2_PA_target": -1.0, "distance_P2_PA_target_X": -1.0, "distance_P2_PA_target_Y": -1.0, "distance_P2_PA_target_Z": -1.0, "distance_P2e_PA_target": -1.0, "distance_P2e_PA_target_X": -1.0, "distance_P2e_PA_target_Y": -1.0, "distance_P2e_PA_target_Z": -1.0, "delta_id_PA_target": -1.0}
2024-02-23 16:46:27,276 - [ DEBUG] - PERFORM:	 enter data from fusion 360: 	|{"datatype": "PA", "PHASE_id": "852bb9", "ECP_id": "87ca5827", "id": "1b8124ac22", "comment": "", "time_init": 1708702829.31, "phase": 1, "ECP_number": 1, "PA_number": 1, "success": false, "entered_articulation": -1, "PA_D": -1.0, "PA_RPC": 2, "values_from_unity": "12", "P1A": 3.0, "P1B": 6.0, "P1C": 28.0, "P1D": -1.0, "P2A": 3.0, "P2B": -1.0, "P2C": 40.0, "P2D": -1.0, "P1A_F": -1.0, "P1B_F": -1.0, "P1C_F": -1.0, "P1D_F": -1.0, "P2A_F": -1.0, "P2B_F": -1.0, "P2C_F": -1.0, "P2D_F": -1.0, "P2eA_F": -1.0, "P2eB_F": -1.0, "P2eC_F": -1.0, "P2eD_F": -1.0, "P1A_U": 0.0, "P1B_U": 1.0, "P1C_U": 3.0, "P1D_U": 1.0, "P2eA_U": 1.0, "P2eB_U": 1.0, "P2eC_U": 1.0, "P2eD_U": 1.0, "P1_mean_max": 1.0, "P1_mean": -1.0, "P2_mean_max": 2.0, "P2_mean": -1.0, "confidence_position": 10.0, "confidence_angle": 15.0, "estimate_hit": false, "target": "ECP:1", "markers": {"A": "M:2", "B": "M:3", "C": "M:7", "D": "M:8"}, "fusion_computed": true, "anatomy": {"basilic vein": -1.0, "brachial artery": -1.0, "brachial vein": -1.0, "cephalic vein": -1.0, "inferior ulnar collateral artery": -1.0, "median antebrachial vein": -1.0, "median cubital vein": -1.0, "median cubital vein 1": -1.0, "middle collateral artery": -1.0, "radial artery": -1.0, "radial collateral artery": -1.0, "radial veins": -1.0, "random artery 1": -1.0, "random artery 2": -1.0, "ulnar artery": -1.0, "ulnar veins": -1.0, "anterior branch of medial antebrachial cutaneous nerve": -1.0, "anterior interosseous nerve of forearm": -1.0, "deep branch of radial nerve": -1.0, "lateral antebrachial cutaneous nerve": -1.0, "median nerve": -1.0, "muscular branches of radial nerve": -1.0, "musculocutaneous nerve": -1.0, "posterior antebrachial cutaneous nerve": -1.0, "posterior branch of medial antebrachial cutaneous nerve": -1.0, "radial nerve": -1.0, "superficial branch of radial nerve": -1.0, "ulnar nerve": -1.0}, "hit_count": -1.0, "angle_PA_target": -1.0, "distance_P1_PA_target": -1.0, "distance_P1_PA_target_X": -1.0, "distance_P1_PA_target_Y": -1.0, "distance_P1_PA_target_Z": -1.0, "distance_P2_PA_target": -1.0, "distance_P2_PA_target_X": -1.0, "distance_P2_PA_target_Y": -1.0, "distance_P2_PA_target_Z": -1.0, "distance_P2e_PA_target": -1.0, "distance_P2e_PA_target_X": -1.0, "distance_P2e_PA_target_Y": -1.0, "distance_P2e_PA_target_Z": -1.0, "delta_id_PA_target": -1.0}|
2024-02-23 16:46:29,157 - [ DEBUG] - TECHNICAL:	 want to remeasure P1 and/or P2? [Y/N]: 	|y|
2024-02-23 16:46:30,377 - [ DEBUG] - |-- P from unity	|12|
2024-02-23 16:46:39,235 - [ DEBUG] - |-- P1M:2 [FLOAT, EMPTY for old value]:  |-- P1M:2 [FLOAT, EMPTY for old value]: 	|79.017|
2024-02-23 16:46:39,235 - [ DEBUG] - |-- P1M:3 [FLOAT, EMPTY for old value]:  |-- P1M:3 [FLOAT, EMPTY for old value]: 	|65.780|
2024-02-23 16:46:39,236 - [ DEBUG] - |-- P1M:7 [FLOAT, EMPTY for old value]:  |-- P1M:7 [FLOAT, EMPTY for old value]: 	|105.705|
2024-02-23 16:46:39,236 - [ DEBUG] - |-- P1M:8 [FLOAT, EMPTY for old value]:  |-- P1M:8 [FLOAT, EMPTY for old value]: 	|98.060|
2024-02-23 16:46:39,237 - [ DEBUG] - |-- P2M:2 [FLOAT, EMPTY for old value]:  |-- P2M:2 [FLOAT, EMPTY for old value]: 	|59.694|
2024-02-23 16:46:39,238 - [ DEBUG] - |-- P2M:3 [FLOAT, EMPTY for old value]:  |-- P2M:3 [FLOAT, EMPTY for old value]: 	|54.332|
2024-02-23 16:46:39,238 - [ DEBUG] - |-- P2M:7 [FLOAT, EMPTY for old value]:  |-- P2M:7 [FLOAT, EMPTY for old value]: 	|77.874|
2024-02-23 16:46:39,938 - [ DEBUG] - |-- P2M:8 [FLOAT, EMPTY for old value]:  |-- P2M:8 [FLOAT, EMPTY for old value]: 	|73.208|
2024-02-23 16:46:41,058 - [ DEBUG] - |-- P1M:2 unity [FLOAT, EMPTY for old value]:   |-- P1M:2 unity [FLOAT, EMPTY for old value]:  	|79.017|
2024-02-23 16:46:41,059 - [ DEBUG] - |-- P1M:3 unity [FLOAT, EMPTY for old value]:   |-- P1M:3 unity [FLOAT, EMPTY for old value]:  	|65.780|
2024-02-23 16:46:41,060 - [ DEBUG] - |-- P1M:7 unity [FLOAT, EMPTY for old value]:   |-- P1M:7 unity [FLOAT, EMPTY for old value]:  	|105.705|
2024-02-23 16:46:41,061 - [ DEBUG] - |-- P1M:8 unity [FLOAT, EMPTY for old value]:   |-- P1M:8 unity [FLOAT, EMPTY for old value]:  	|98.060|
2024-02-23 16:46:41,062 - [ DEBUG] - |-- P2eM:2 unity [FLOAT, EMPTY for old value]:  |-- P2eM:2 unity [FLOAT, EMPTY for old value]: 	|59.694|
2024-02-23 16:46:41,063 - [ DEBUG] - |-- P2eM:3 unity [FLOAT, EMPTY for old value]:  |-- P2eM:3 unity [FLOAT, EMPTY for old value]: 	|54.332|
2024-02-23 16:46:41,063 - [ DEBUG] - |-- P2eM:7 unity [FLOAT, EMPTY for old value]:  |-- P2eM:7 unity [FLOAT, EMPTY for old value]: 	|77.874|
2024-02-23 16:46:41,561 - [ DEBUG] - |-- P2eM:8 unity [FLOAT, EMPTY for old value]:  |-- P2eM:8 unity [FLOAT, EMPTY for old value]: 	|73.208|
2024-02-23 16:46:41,564 - [  INFO] - PERFORM:	 test following string on fusion 360 (already copied in clipboard) -> 
{"datatype": "PA", "PHASE_id": "852bb9", "ECP_id": "87ca5827", "id": "1b8124ac22", "comment": "", "time_init": 1708702829.31, "phase": 1, "ECP_number": 1, "PA_number": 1, "success": false, "entered_articulation": -1, "PA_D": -1.0, "PA_RPC": 2, "values_from_unity": "12", "P1A": 79.017, "P1B": 65.78, "P1C": 105.705, "P1D": 98.06, "P2A": 59.694, "P2B": 54.332, "P2C": 77.874, "P2D": 73.208, "P1A_F": -1.0, "P1B_F": -1.0, "P1C_F": -1.0, "P1D_F": -1.0, "P2A_F": -1.0, "P2B_F": -1.0, "P2C_F": -1.0, "P2D_F": -1.0, "P2eA_F": -1.0, "P2eB_F": -1.0, "P2eC_F": -1.0, "P2eD_F": -1.0, "P1A_U": [79.017], "P1B_U": [65.78], "P1C_U": [105.705], "P1D_U": [98.06], "P2eA_U": [59.694], "P2eB_U": [54.332], "P2eC_U": [77.874], "P2eD_U": [73.208], "P1_mean_max": 1.0, "P1_mean": -1.0, "P2_mean_max": 2.0, "P2_mean": -1.0, "confidence_position": 10.0, "confidence_angle": 15.0, "estimate_hit": false, "target": "ECP:1", "markers": {"A": "M:2", "B": "M:3", "C": "M:7", "D": "M:8"}, "fusion_computed": true, "anatomy": {"basilic vein": -1.0, "brachial artery": -1.0, "brachial vein": -1.0, "cephalic vein": -1.0, "inferior ulnar collateral artery": -1.0, "median antebrachial vein": -1.0, "median cubital vein": -1.0, "median cubital vein 1": -1.0, "middle collateral artery": -1.0, "radial artery": -1.0, "radial collateral artery": -1.0, "radial veins": -1.0, "random artery 1": -1.0, "random artery 2": -1.0, "ulnar artery": -1.0, "ulnar veins": -1.0, "anterior branch of medial antebrachial cutaneous nerve": -1.0, "anterior interosseous nerve of forearm": -1.0, "deep branch of radial nerve": -1.0, "lateral antebrachial cutaneous nerve": -1.0, "median nerve": -1.0, "muscular branches of radial nerve": -1.0, "musculocutaneous nerve": -1.0, "posterior antebrachial cutaneous nerve": -1.0, "posterior branch of medial antebrachial cutaneous nerve": -1.0, "radial nerve": -1.0, "superficial branch of radial nerve": -1.0, "ulnar nerve": -1.0}, "hit_count": -1.0, "angle_PA_target": -1.0, "distance_P1_PA_target": -1.0, "distance_P1_PA_target_X": -1.0, "distance_P1_PA_target_Y": -1.0, "distance_P1_PA_target_Z": -1.0, "distance_P2_PA_target": -1.0, "distance_P2_PA_target_X": -1.0, "distance_P2_PA_target_Y": -1.0, "distance_P2_PA_target_Z": -1.0, "distance_P2e_PA_target": -1.0, "distance_P2e_PA_target_X": -1.0, "distance_P2e_PA_target_Y": -1.0, "distance_P2e_PA_target_Z": -1.0, "delta_id_PA_target": -1.0}
2024-02-23 16:47:27,563 - [ DEBUG] - PERFORM:	 enter data from fusion 360: 	|{"datatype": "PA", "PHASE_id": "852bb9", "ECP_id": "87ca5827", "id": "1b8124ac22", "comment": "", "time_init": 1708702829.31, "phase": 1, "ECP_number": 1, "PA_number": 1, "success": false, "entered_articulation": -1, "PA_D": -1.0, "PA_RPC": 2, "values_from_unity": "12", "P1A": 79.017, "P1B": 65.78, "P1C": 105.705, "P1D": 98.06, "P2A": 59.694, "P2B": 54.332, "P2C": 77.874, "P2D": 73.208, "P1A_F": 79.017, "P1B_F": 65.78, "P1C_F": 105.705, "P1D_F": 98.06, "P2A_F": 59.694, "P2B_F": 54.332, "P2C_F": 77.874, "P2D_F": 73.208, "P2eA_F": 59.694, "P2eB_F": 54.332, "P2eC_F": 77.874, "P2eD_F": 73.208, "P1A_U": [79.017], "P1B_U": [65.78], "P1C_U": [105.705], "P1D_U": [98.06], "P2eA_U": [59.694], "P2eB_U": [54.332], "P2eC_U": [77.874], "P2eD_U": [73.208], "P1_mean_max": 1.0, "P1_mean": 0.0, "P2_mean_max": 2.0, "P2_mean": 0.002, "confidence_position": 10.0, "confidence_angle": 15.0, "estimate_hit": false, "target": "ECP:1", "markers": {"A": "M:2", "B": "M:3", "C": "M:7", "D": "M:8"}, "fusion_computed": true, "anatomy": {"basilic vein": 12.819, "brachial artery": 13.617, "brachial vein": 9.83, "cephalic vein": 20.159, "inferior ulnar collateral artery": 16.443, "median antebrachial vein": 33.664, "median cubital vein": 16.425, "median cubital vein 1": 17.976, "middle collateral artery": 20.586, "radial artery": 19.463, "radial collateral artery": 10.946, "radial veins": 30.806, "random artery 1": 12.259, "random artery 2": 30.245, "ulnar artery": 19.463, "ulnar veins": 30.799, "anterior branch of medial antebrachial cutaneous nerve": 21.222, "anterior interosseous nerve of forearm": 19.435, "deep branch of radial nerve": 16.147, "lateral antebrachial cutaneous nerve": 16.706, "median nerve": 16.207, "muscular branches of radial nerve": 13.478, "musculocutaneous nerve": 10.899, "posterior antebrachial cutaneous nerve": 9.708, "posterior branch of medial antebrachial cutaneous nerve": 0.0, "radial nerve": 11.571, "superficial branch of radial nerve": 16.436, "ulnar nerve": 9.472}, "hit_count": 1, "angle_PA_target": 3.472, "distance_P1_PA_target": 1.537, "distance_P1_PA_target_X": 0.891, "distance_P1_PA_target_Y": -1.162, "distance_P1_PA_target_Z": 0.464, "distance_P2_PA_target": 1.708, "distance_P2_PA_target_X": -0.223, "distance_P2_PA_target_Y": 1.593, "distance_P2_PA_target_Z": 0.576, "distance_P2e_PA_target": 1.708, "distance_P2e_PA_target_X": -0.223, "distance_P2e_PA_target_Y": 1.592, "distance_P2e_PA_target_Z": 0.577, "delta_id_PA_target": 0.667}|
2024-02-23 16:47:28,926 - [ DEBUG] - TECHNICAL:	 want to remeasure P1 and/or P2? [Y/N]: 	|n|
2024-02-23 16:47:30,234 - [ DEBUG] - |-- ENTERED ARTICULATION [-1 / 0 (not entered) / 1 (entered)] : 	|0|
2024-02-23 16:47:31,005 - [ DEBUG] - TECHNICAL:	 comment on PA (1b8124ac22) [STRING]: 	||
2024-02-23 16:47:31,681 - [ DEBUG] - TECHNICAL:	 remove kwire from phanotm [ENTER when done]: 	||
2024-02-23 16:47:31,681 - [  INFO] - PA1.1 FINISHED!
2024-02-23 16:47:31,683 - [  INFO] - ------------------------
2024-02-23 16:47:31,684 - [  INFO] - PA1.2 START! (741a53e6ca)
2024-02-23 16:47:33,557 - [ DEBUG] - PERFORM:	 reset x-ray machine [ENTER when done]: 	||
2024-02-23 16:47:46,341 - [ DEBUG] - PERFORM:	 give instruction to insert k-wire [ENTER when instruction given]: 	||
2024-02-23 16:49:31,029 - [ DEBUG] - CANDIDATE:	 inserting k-wire... -> checks it and declares it Failed or Successful (Restart timer)	|s|
2024-02-23 16:49:31,029 - [  INFO] - \_candidate has performed SUCCESSFUL positioning attempt!
2024-02-23 16:49:31,030 - [  INFO] - DATA COLLECTION - PA1.2 - (741a53e6ca)
2024-02-23 16:50:16,372 - [ DEBUG] - |-- CANDIDATE: entrance point distance from entrance point target? [FLOAT]:  |-- CANDIDATE: entrance point distance from entrance point target? [FLOAT]: 	|0.5|
2024-02-23 16:50:33,931 - [ DEBUG] - |-- CANDIDATE: confidence on angle in deg? [FLOAT]:                          |-- CANDIDATE: confidence on angle in deg? [FLOAT]:                         	|10|
2024-02-23 16:50:47,194 - [ DEBUG] - |-- CANDIDATE: estimate structures hit [Y/N]?:                              	|n|
2024-02-23 16:50:53,405 - [ DEBUG] - |-- RADIATION picture count [INT] : 	|3|
2024-02-23 16:50:54,809 - [ DEBUG] - |-- P from unity	|12|
2024-02-23 16:51:18,119 - [ DEBUG] - |-- P1M:2 [FLOAT]:  |-- P1M:2 [FLOAT]: 	|75.219|
2024-02-23 16:51:18,120 - [ DEBUG] - |-- P1M:3 [FLOAT]:  |-- P1M:3 [FLOAT]: 	|65.744|
2024-02-23 16:51:18,120 - [ DEBUG] - |-- P1M:7 [FLOAT]:  |-- P1M:7 [FLOAT]: 	|107.889|
2024-02-23 16:51:18,121 - [ DEBUG] - |-- P1M:8 [FLOAT]:  |-- P1M:8 [FLOAT]: 	|103.223|
2024-02-23 16:51:18,121 - [ DEBUG] - |-- P2M:2 [FLOAT]:  |-- P2M:2 [FLOAT]: 	|57.276|
2024-02-23 16:51:18,122 - [ DEBUG] - |-- P2M:3 [FLOAT]:  |-- P2M:3 [FLOAT]: 	|51.412|
2024-02-23 16:51:18,130 - [ DEBUG] - |-- P2M:7 [FLOAT]:  |-- P2M:7 [FLOAT]: 	|80.601|
2024-02-23 16:51:19,197 - [ DEBUG] - |-- P2M:8 [FLOAT]:  |-- P2M:8 [FLOAT]: 	|75.964|
2024-02-23 16:51:20,574 - [ DEBUG] - |-- P1M:2 unity [FLOAT]:   |-- P1M:2 unity [FLOAT]:  	|75.219|
2024-02-23 16:51:20,575 - [ DEBUG] - |-- P1M:3 unity [FLOAT]:   |-- P1M:3 unity [FLOAT]:  	|65.744|
2024-02-23 16:51:20,575 - [ DEBUG] - |-- P1M:7 unity [FLOAT]:   |-- P1M:7 unity [FLOAT]:  	|107.889|
2024-02-23 16:51:20,576 - [ DEBUG] - |-- P1M:8 unity [FLOAT]:   |-- P1M:8 unity [FLOAT]:  	|103.223|
2024-02-23 16:51:20,577 - [ DEBUG] - |-- P2eM:2 unity [FLOAT]:  |-- P2eM:2 unity [FLOAT]: 	|57.276|
2024-02-23 16:51:20,577 - [ DEBUG] - |-- P2eM:3 unity [FLOAT]:  |-- P2eM:3 unity [FLOAT]: 	|51.412|
2024-02-23 16:51:20,580 - [ DEBUG] - |-- P2eM:7 unity [FLOAT]:  |-- P2eM:7 unity [FLOAT]: 	|80.601|
2024-02-23 16:51:21,193 - [ DEBUG] - |-- P2eM:8 unity [FLOAT]:  |-- P2eM:8 unity [FLOAT]: 	|75.964|
2024-02-23 16:51:25,351 - [ DEBUG] - TECHNICAL:	 is data entered correct? [Y/N]: 	|y|
2024-02-23 16:51:25,355 - [  INFO] - PERFORM:	 test following string on fusion 360 (already copied in clipboard) -> 
{"datatype": "PA", "PHASE_id": "852bb9", "ECP_id": "87ca5827", "id": "741a53e6ca", "comment": "", "time_init": 1708703266.34, "phase": 1, "ECP_number": 1, "PA_number": 2, "success": true, "entered_articulation": -1, "PA_D": -1.0, "PA_RPC": 3, "values_from_unity": "12", "P1A": 75.219, "P1B": 65.744, "P1C": 107.889, "P1D": 103.223, "P2A": 57.276, "P2B": 51.412, "P2C": 80.601, "P2D": 75.964, "P1A_F": -1.0, "P1B_F": -1.0, "P1C_F": -1.0, "P1D_F": -1.0, "P2A_F": -1.0, "P2B_F": -1.0, "P2C_F": -1.0, "P2D_F": -1.0, "P2eA_F": -1.0, "P2eB_F": -1.0, "P2eC_F": -1.0, "P2eD_F": -1.0, "P1A_U": 75.219, "P1B_U": 65.744, "P1C_U": 107.889, "P1D_U": 103.223, "P2eA_U": 57.276, "P2eB_U": 51.412, "P2eC_U": 80.601, "P2eD_U": 75.964, "P1_mean_max": 1.0, "P1_mean": -1.0, "P2_mean_max": 2.0, "P2_mean": -1.0, "confidence_position": 0.5, "confidence_angle": 10.0, "estimate_hit": false, "target": "ECP:1", "markers": {"A": "M:2", "B": "M:3", "C": "M:7", "D": "M:8"}, "fusion_computed": false, "anatomy": {"basilic vein": -1.0, "brachial artery": -1.0, "brachial vein": -1.0, "cephalic vein": -1.0, "inferior ulnar collateral artery": -1.0, "median antebrachial vein": -1.0, "median cubital vein": -1.0, "median cubital vein 1": -1.0, "middle collateral artery": -1.0, "radial artery": -1.0, "radial collateral artery": -1.0, "radial veins": -1.0, "random artery 1": -1.0, "random artery 2": -1.0, "ulnar artery": -1.0, "ulnar veins": -1.0, "anterior branch of medial antebrachial cutaneous nerve": -1.0, "anterior interosseous nerve of forearm": -1.0, "deep branch of radial nerve": -1.0, "lateral antebrachial cutaneous nerve": -1.0, "median nerve": -1.0, "muscular branches of radial nerve": -1.0, "musculocutaneous nerve": -1.0, "posterior antebrachial cutaneous nerve": -1.0, "posterior branch of medial antebrachial cutaneous nerve": -1.0, "radial nerve": -1.0, "superficial branch of radial nerve": -1.0, "ulnar nerve": -1.0}, "hit_count": -1.0, "angle_PA_target": -1.0, "distance_P1_PA_target": -1.0, "distance_P1_PA_target_X": -1.0, "distance_P1_PA_target_Y": -1.0, "distance_P1_PA_target_Z": -1.0, "distance_P2_PA_target": -1.0, "distance_P2_PA_target_X": -1.0, "distance_P2_PA_target_Y": -1.0, "distance_P2_PA_target_Z": -1.0, "distance_P2e_PA_target": -1.0, "distance_P2e_PA_target_X": -1.0, "distance_P2e_PA_target_Y": -1.0, "distance_P2e_PA_target_Z": -1.0, "delta_id_PA_target": -1.0}
2024-02-23 16:52:56,790 - [ DEBUG] - PERFORM:	 enter data from fusion 360: 	|{"datatype": "PA", "PHASE_id": "852bb9", "ECP_id": "87ca5827", "id": "741a53e6ca", "comment": "", "time_init": 1708703266.34, "phase": 1, "ECP_number": 1, "PA_number": 2, "success": true, "entered_articulation": -1, "PA_D": -1.0, "PA_RPC": 3, "values_from_unity": "12", "P1A": 75.219, "P1B": 65.744, "P1C": 107.889, "P1D": 103.223, "P2A": 57.276, "P2B": 51.412, "P2C": 80.601, "P2D": 75.964, "P1A_F": 75.219, "P1B_F": 65.744, "P1C_F": 107.889, "P1D_F": 103.223, "P2A_F": 57.276, "P2B_F": 51.412, "P2C_F": 80.601, "P2D_F": 75.964, "P2eA_F": 57.276, "P2eB_F": 51.412, "P2eC_F": 80.6, "P2eD_F": 75.964, "P1A_U": 75.219, "P1B_U": 65.744, "P1C_U": 107.889, "P1D_U": 103.223, "P2eA_U": 57.276, "P2eB_U": 51.412, "P2eC_U": 80.601, "P2eD_U": 75.964, "P1_mean_max": 1.0, "P1_mean": 0.001, "P2_mean_max": 2.0, "P2_mean": 0.002, "confidence_position": 0.5, "confidence_angle": 10.0, "estimate_hit": false, "target": "ECP:1", "markers": {"A": "M:2", "B": "M:3", "C": "M:7", "D": "M:8"}, "fusion_computed": true, "anatomy": {"basilic vein": 14.799, "brachial artery": 18.843, "brachial vein": 14.904, "cephalic vein": 26.726, "inferior ulnar collateral artery": 19.804, "median antebrachial vein": 37.041, "median cubital vein": 19.582, "median cubital vein 1": 22.301, "middle collateral artery": 14.159, "radial artery": 25.076, "radial collateral artery": 15.611, "radial veins": 35.263, "random artery 1": 9.813, "random artery 2": 33.001, "ulnar artery": 25.076, "ulnar veins": 35.261, "anterior branch of medial antebrachial cutaneous nerve": 23.535, "anterior interosseous nerve of forearm": 24.443, "deep branch of radial nerve": 22.427, "lateral antebrachial cutaneous nerve": 22.166, "median nerve": 19.968, "muscular branches of radial nerve": 13.746, "musculocutaneous nerve": 16.065, "posterior antebrachial cutaneous nerve": 16.474, "posterior branch of medial antebrachial cutaneous nerve": 0.505, "radial nerve": 18.575, "superficial branch of radial nerve": 22.69, "ulnar nerve": 8.397}, "hit_count": 0, "angle_PA_target": 4.678, "distance_P1_PA_target": 7.055, "distance_P1_PA_target_X": 5.646, "distance_P1_PA_target_Y": 3.65, "distance_P1_PA_target_Z": 2.139, "distance_P2_PA_target": 3.16, "distance_P2_PA_target_X": 2.792, "distance_P2_PA_target_Y": 0.759, "distance_P2_PA_target_Z": 1.27, "distance_P2e_PA_target": 3.16, "distance_P2e_PA_target_X": 2.791, "distance_P2e_PA_target_Y": 0.758, "distance_P2e_PA_target_Z": 1.272, "delta_id_PA_target": -1.195}|
2024-02-23 16:52:59,684 - [ DEBUG] - TECHNICAL:	 want to remeasure P1 and/or P2? [Y/N]: 	|n|
2024-02-23 16:53:02,139 - [ DEBUG] - |-- ENTERED ARTICULATION [-1 / 0 (not entered) / 1 (entered)] : 	|0|
2024-02-23 16:53:03,817 - [ DEBUG] - TECHNICAL:	 comment on PA (741a53e6ca) [STRING]: 	||
2024-02-23 16:53:04,762 - [ DEBUG] - TECHNICAL:	 remove kwire from phanotm [ENTER when done]: 	||
2024-02-23 16:53:04,762 - [  INFO] - PA1.2 FINISHED!
2024-02-23 16:53:04,763 - [  INFO] - DATA COLLECTION - ECP1 - (87ca5827)
2024-02-23 16:53:34,547 - [ DEBUG] - |-- ease of placement [0 difficult - 5 easy]: 	|2|
2024-02-23 16:53:34,548 - [  INFO] - ########################
2024-02-23 16:53:34,549 - [  INFO] - ECP2 START! (c5e85620)
2024-02-23 16:53:34,550 - [  INFO] - ------------------------
2024-02-23 16:53:34,551 - [  INFO] - PA2.1 START! (488d62255f)
2024-02-23 16:53:36,395 - [ DEBUG] - PERFORM:	 reset x-ray machine [ENTER when done]: 	||
2024-02-23 16:53:38,244 - [ DEBUG] - PERFORM:	 give instruction to insert k-wire [ENTER when instruction given]: 	||
2024-02-23 16:54:52,032 - [ DEBUG] - CANDIDATE:	 inserting k-wire... -> checks it and declares it Failed or Successful (Restart timer)	|r|
2024-02-23 16:54:52,032 - [  INFO] - \_restart timer!
2024-02-23 16:55:38,359 - [ DEBUG] - CANDIDATE:	 inserting k-wire... -> checks it and declares it Failed or Successful (Restart timer)	|r|
2024-02-23 16:55:38,359 - [  INFO] - \_restart timer!
2024-02-23 16:59:25,842 - [ DEBUG] - CANDIDATE:	 inserting k-wire... -> checks it and declares it Failed or Successful (Restart timer)	|f|
2024-02-23 16:59:25,842 - [  INFO] - \_candidate has FAILED positioning attempt!
2024-02-23 16:59:25,842 - [  INFO] - DATA COLLECTION - PA2.1 - (488d62255f)
2024-02-23 16:59:47,541 - [ DEBUG] - |-- CANDIDATE: entrance point distance from entrance point target? [FLOAT]:  |-- CANDIDATE: entrance point distance from entrance point target? [FLOAT]: 	|10|
2024-02-23 16:59:58,124 - [ DEBUG] - |-- CANDIDATE: confidence on angle in deg? [FLOAT]:                          |-- CANDIDATE: confidence on angle in deg? [FLOAT]:                         	|5|
2024-02-23 17:00:03,749 - [ DEBUG] - |-- CANDIDATE: estimate structures hit [Y/N]?:                              	|n|
2024-02-23 17:00:08,267 - [ DEBUG] - |-- RADIATION picture count [INT] : 	|2|
2024-02-23 17:00:09,398 - [ DEBUG] - |-- P from unity	|12|
2024-02-23 17:00:24,895 - [ DEBUG] - |-- P1M:3 [FLOAT]:  |-- P1M:3 [FLOAT]: 	|54.002|
2024-02-23 17:00:24,896 - [ DEBUG] - |-- P1M:4 [FLOAT]:  |-- P1M:4 [FLOAT]: 	|39.479|
2024-02-23 17:00:24,897 - [ DEBUG] - |-- P1M:8 [FLOAT]:  |-- P1M:8 [FLOAT]: 	|118.510|
2024-02-23 17:00:24,897 - [ DEBUG] - |-- P1M:9 [FLOAT]:  |-- P1M:9 [FLOAT]: 	|112.932|
2024-02-23 17:00:24,898 - [ DEBUG] - |-- P2M:3 [FLOAT]:  |-- P2M:3 [FLOAT]: 	|55.699|
2024-02-23 17:00:24,898 - [ DEBUG] - |-- P2M:4 [FLOAT]:  |-- P2M:4 [FLOAT]: 	|46.915|
2024-02-23 17:00:24,913 - [ DEBUG] - |-- P2M:8 [FLOAT]:  |-- P2M:8 [FLOAT]: 	|82.135|
2024-02-23 17:00:26,287 - [ DEBUG] - |-- P2M:9 [FLOAT]:  |-- P2M:9 [FLOAT]: 	|76.134|
2024-02-23 17:00:27,168 - [ DEBUG] - |-- P1M:3 unity [FLOAT]:   |-- P1M:3 unity [FLOAT]:  	|54.002|
2024-02-23 17:00:27,169 - [ DEBUG] - |-- P1M:4 unity [FLOAT]:   |-- P1M:4 unity [FLOAT]:  	|39.479|
2024-02-23 17:00:27,169 - [ DEBUG] - |-- P1M:8 unity [FLOAT]:   |-- P1M:8 unity [FLOAT]:  	|118.510|
2024-02-23 17:00:27,170 - [ DEBUG] - |-- P1M:9 unity [FLOAT]:   |-- P1M:9 unity [FLOAT]:  	|112.932|
2024-02-23 17:00:27,171 - [ DEBUG] - |-- P2eM:3 unity [FLOAT]:  |-- P2eM:3 unity [FLOAT]: 	|55.699|
2024-02-23 17:00:27,171 - [ DEBUG] - |-- P2eM:4 unity [FLOAT]:  |-- P2eM:4 unity [FLOAT]: 	|46.915|
2024-02-23 17:00:27,191 - [ DEBUG] - |-- P2eM:8 unity [FLOAT]:  |-- P2eM:8 unity [FLOAT]: 	|82.135|
2024-02-23 17:00:27,757 - [ DEBUG] - |-- P2eM:9 unity [FLOAT]:  |-- P2eM:9 unity [FLOAT]: 	|76.134|
2024-02-23 17:00:29,282 - [ DEBUG] - TECHNICAL:	 is data entered correct? [Y/N]: 	|y|
2024-02-23 17:00:29,287 - [  INFO] - PERFORM:	 test following string on fusion 360 (already copied in clipboard) -> 
{"datatype": "PA", "PHASE_id": "852bb9", "ECP_id": "c5e85620", "id": "488d62255f", "comment": "", "time_init": 1708703738.36, "phase": 1, "ECP_number": 2, "PA_number": 1, "success": false, "entered_articulation": -1, "PA_D": -1.0, "PA_RPC": 2, "values_from_unity": "12", "P1A": 54.002, "P1B": 39.479, "P1C": 118.51, "P1D": 112.932, "P2A": 55.699, "P2B": 46.915, "P2C": 82.135, "P2D": 76.134, "P1A_F": -1.0, "P1B_F": -1.0, "P1C_F": -1.0, "P1D_F": -1.0, "P2A_F": -1.0, "P2B_F": -1.0, "P2C_F": -1.0, "P2D_F": -1.0, "P2eA_F": -1.0, "P2eB_F": -1.0, "P2eC_F": -1.0, "P2eD_F": -1.0, "P1A_U": 54.002, "P1B_U": 39.479, "P1C_U": 118.51, "P1D_U": 112.932, "P2eA_U": 55.699, "P2eB_U": 46.915, "P2eC_U": 82.135, "P2eD_U": 76.134, "P1_mean_max": 1.0, "P1_mean": -1.0, "P2_mean_max": 2.0, "P2_mean": -1.0, "confidence_position": 10.0, "confidence_angle": 5.0, "estimate_hit": false, "target": "ECP:2", "markers": {"A": "M:3", "B": "M:4", "C": "M:8", "D": "M:9"}, "fusion_computed": false, "anatomy": {"basilic vein": -1.0, "brachial artery": -1.0, "brachial vein": -1.0, "cephalic vein": -1.0, "inferior ulnar collateral artery": -1.0, "median antebrachial vein": -1.0, "median cubital vein": -1.0, "median cubital vein 1": -1.0, "middle collateral artery": -1.0, "radial artery": -1.0, "radial collateral artery": -1.0, "radial veins": -1.0, "random artery 1": -1.0, "random artery 2": -1.0, "ulnar artery": -1.0, "ulnar veins": -1.0, "anterior branch of medial antebrachial cutaneous nerve": -1.0, "anterior interosseous nerve of forearm": -1.0, "deep branch of radial nerve": -1.0, "lateral antebrachial cutaneous nerve": -1.0, "median nerve": -1.0, "muscular branches of radial nerve": -1.0, "musculocutaneous nerve": -1.0, "posterior antebrachial cutaneous nerve": -1.0, "posterior branch of medial antebrachial cutaneous nerve": -1.0, "radial nerve": -1.0, "superficial branch of radial nerve": -1.0, "ulnar nerve": -1.0}, "hit_count": -1.0, "angle_PA_target": -1.0, "distance_P1_PA_target": -1.0, "distance_P1_PA_target_X": -1.0, "distance_P1_PA_target_Y": -1.0, "distance_P1_PA_target_Z": -1.0, "distance_P2_PA_target": -1.0, "distance_P2_PA_target_X": -1.0, "distance_P2_PA_target_Y": -1.0, "distance_P2_PA_target_Z": -1.0, "distance_P2e_PA_target": -1.0, "distance_P2e_PA_target_X": -1.0, "distance_P2e_PA_target_Y": -1.0, "distance_P2e_PA_target_Z": -1.0, "delta_id_PA_target": -1.0}
2024-02-23 17:01:23,985 - [ DEBUG] - PERFORM:	 enter data from fusion 360: 	|{"datatype": "PA", "PHASE_id": "852bb9", "ECP_id": "c5e85620", "id": "488d62255f", "comment": "", "time_init": 1708703738.36, "phase": 1, "ECP_number": 2, "PA_number": 1, "success": false, "entered_articulation": -1, "PA_D": -1.0, "PA_RPC": 2, "values_from_unity": "12", "P1A": 54.002, "P1B": 39.479, "P1C": 118.51, "P1D": 112.932, "P2A": 55.699, "P2B": 46.915, "P2C": 82.135, "P2D": 76.134, "P1A_F": 54.002, "P1B_F": 39.479, "P1C_F": 118.51, "P1D_F": 112.932, "P2A_F": 55.699, "P2B_F": 46.915, "P2C_F": 82.135, "P2D_F": 76.134, "P2eA_F": 55.699, "P2eB_F": 46.915, "P2eC_F": 82.135, "P2eD_F": 76.134, "P1A_U": 54.002, "P1B_U": 39.479, "P1C_U": 118.51, "P1D_U": 112.932, "P2eA_U": 55.699, "P2eB_U": 46.915, "P2eC_U": 82.135, "P2eD_U": 76.134, "P1_mean_max": 1.0, "P1_mean": 0.0, "P2_mean_max": 2.0, "P2_mean": 0.0, "confidence_position": 10.0, "confidence_angle": 5.0, "estimate_hit": false, "target": "ECP:2", "markers": {"A": "M:3", "B": "M:4", "C": "M:8", "D": "M:9"}, "fusion_computed": true, "anatomy": {"basilic vein": 39.731, "brachial artery": 28.231, "brachial vein": 17.137, "cephalic vein": 33.064, "inferior ulnar collateral artery": 19.41, "median antebrachial vein": 40.441, "median cubital vein": 39.289, "median cubital vein 1": 28.725, "middle collateral artery": 8.917, "radial artery": 20.205, "radial collateral artery": 26.346, "radial veins": 17.0, "random artery 1": 21.275, "random artery 2": 19.387, "ulnar artery": 17.136, "ulnar veins": 15.488, "anterior branch of medial antebrachial cutaneous nerve": 37.115, "anterior interosseous nerve of forearm": 15.017, "deep branch of radial nerve": 19.169, "lateral antebrachial cutaneous nerve": 26.237, "median nerve": 19.044, "muscular branches of radial nerve": 15.749, "musculocutaneous nerve": 27.974, "posterior antebrachial cutaneous nerve": 27.604, "posterior branch of medial antebrachial cutaneous nerve": 35.312, "radial nerve": 28.653, "superficial branch of radial nerve": 27.003, "ulnar nerve": 33.241}, "hit_count": 0, "angle_PA_target": 7.086, "distance_P1_PA_target": 5.48, "distance_P1_PA_target_X": 4.328, "distance_P1_PA_target_Y": 3.151, "distance_P1_PA_target_Z": -1.169, "distance_P2_PA_target": 0.717, "distance_P2_PA_target_X": 0.646, "distance_P2_PA_target_Y": -0.156, "distance_P2_PA_target_Z": 0.268, "distance_P2e_PA_target": 0.716, "distance_P2e_PA_target_X": 0.646, "distance_P2e_PA_target_Y": -0.156, "distance_P2e_PA_target_Z": 0.269, "delta_id_PA_target": -1.219}|
2024-02-23 17:01:26,008 - [ DEBUG] - TECHNICAL:	 want to remeasure P1 and/or P2? [Y/N]: 	|n|
2024-02-23 17:01:28,018 - [ DEBUG] - |-- ENTERED ARTICULATION [-1 / 0 (not entered) / 1 (entered)] : 	|0|
2024-02-23 17:01:31,186 - [ DEBUG] - TECHNICAL:	 comment on PA (488d62255f) [STRING]: 	||
2024-02-23 17:01:32,243 - [ DEBUG] - TECHNICAL:	 remove kwire from phanotm [ENTER when done]: 	||
2024-02-23 17:01:32,243 - [  INFO] - PA2.1 FINISHED!
2024-02-23 17:01:32,244 - [  INFO] - ------------------------
2024-02-23 17:01:32,245 - [  INFO] - PA2.2 START! (e71e1023a0)
2024-02-23 17:01:35,187 - [ DEBUG] - PERFORM:	 reset x-ray machine [ENTER when done]: 	||
2024-02-23 17:01:35,718 - [ DEBUG] - PERFORM:	 give instruction to insert k-wire [ENTER when instruction given]: 	||
2024-02-23 17:04:10,038 - [ DEBUG] - CANDIDATE:	 inserting k-wire... -> checks it and declares it Failed or Successful (Restart timer)	|f|
2024-02-23 17:04:10,038 - [  INFO] - \_candidate has FAILED positioning attempt!
2024-02-23 17:04:10,038 - [  INFO] - DATA COLLECTION - PA2.2 - (e71e1023a0)
2024-02-23 17:04:32,278 - [ DEBUG] - |-- CANDIDATE: entrance point distance from entrance point target? [FLOAT]:  |-- CANDIDATE: entrance point distance from entrance point target? [FLOAT]: 	|10|
2024-02-23 17:04:40,349 - [ DEBUG] - |-- CANDIDATE: confidence on angle in deg? [FLOAT]:                          |-- CANDIDATE: confidence on angle in deg? [FLOAT]:                         	|5|
2024-02-23 17:04:43,760 - [ DEBUG] - |-- CANDIDATE: estimate structures hit [Y/N]?:                              	|n|
2024-02-23 17:04:49,924 - [ DEBUG] - |-- RADIATION picture count [INT] : 	|1|
2024-02-23 17:04:51,188 - [ DEBUG] - |-- P from unity	|12|
2024-02-23 17:05:07,357 - [ DEBUG] - |-- P1M:3 [FLOAT]:  |-- P1M:3 [FLOAT]: 	|45.874|
2024-02-23 17:05:07,357 - [ DEBUG] - |-- P1M:4 [FLOAT]:  |-- P1M:4 [FLOAT]: 	|26.284|
2024-02-23 17:05:07,358 - [ DEBUG] - |-- P1M:8 [FLOAT]:  |-- P1M:8 [FLOAT]: 	|132.119|
2024-02-23 17:05:07,358 - [ DEBUG] - |-- P1M:9 [FLOAT]:  |-- P1M:9 [FLOAT]: 	|126.781|
2024-02-23 17:05:07,359 - [ DEBUG] - |-- P2M:3 [FLOAT]:  |-- P2M:3 [FLOAT]: 	|46.982|
2024-02-23 17:05:07,359 - [ DEBUG] - |-- P2M:4 [FLOAT]:  |-- P2M:4 [FLOAT]: 	|36.302|
2024-02-23 17:05:07,364 - [ DEBUG] - |-- P2M:8 [FLOAT]:  |-- P2M:8 [FLOAT]: 	|92.110|
2024-02-23 17:05:08,507 - [ DEBUG] - |-- P2M:9 [FLOAT]:  |-- P2M:9 [FLOAT]: 	|86.810|
2024-02-23 17:05:18,605 - [ DEBUG] - |-- P1M:3 unity [FLOAT]:   |-- P1M:3 unity [FLOAT]:  	|45.874|
2024-02-23 17:05:18,606 - [ DEBUG] - |-- P1M:4 unity [FLOAT]:   |-- P1M:4 unity [FLOAT]:  	|26.284|
2024-02-23 17:05:18,607 - [ DEBUG] - |-- P1M:8 unity [FLOAT]:   |-- P1M:8 unity [FLOAT]:  	|132.119|
2024-02-23 17:05:18,607 - [ DEBUG] - |-- P1M:9 unity [FLOAT]:   |-- P1M:9 unity [FLOAT]:  	|126.781|
2024-02-23 17:05:18,608 - [ DEBUG] - |-- P2eM:3 unity [FLOAT]:  |-- P2eM:3 unity [FLOAT]: 	|46.982|
2024-02-23 17:05:18,608 - [ DEBUG] - |-- P2eM:4 unity [FLOAT]:  |-- P2eM:4 unity [FLOAT]: 	|36.302|
2024-02-23 17:05:18,623 - [ DEBUG] - |-- P2eM:8 unity [FLOAT]:  |-- P2eM:8 unity [FLOAT]: 	|92.110|
2024-02-23 17:05:19,192 - [ DEBUG] - |-- P2eM:9 unity [FLOAT]:  |-- P2eM:9 unity [FLOAT]: 	|86.810|
2024-02-23 17:05:32,938 - [ DEBUG] - TECHNICAL:	 is data entered correct? [Y/N]: 	|y|
2024-02-23 17:05:32,942 - [  INFO] - PERFORM:	 test following string on fusion 360 (already copied in clipboard) -> 
{"datatype": "PA", "PHASE_id": "852bb9", "ECP_id": "c5e85620", "id": "e71e1023a0", "comment": "", "time_init": 1708704095.72, "phase": 1, "ECP_number": 2, "PA_number": 2, "success": false, "entered_articulation": -1, "PA_D": -1.0, "PA_RPC": 1, "values_from_unity": "12", "P1A": 45.874, "P1B": 26.284, "P1C": 132.119, "P1D": 126.781, "P2A": 46.982, "P2B": 36.302, "P2C": 92.11, "P2D": 86.81, "P1A_F": -1.0, "P1B_F": -1.0, "P1C_F": -1.0, "P1D_F": -1.0, "P2A_F": -1.0, "P2B_F": -1.0, "P2C_F": -1.0, "P2D_F": -1.0, "P2eA_F": -1.0, "P2eB_F": -1.0, "P2eC_F": -1.0, "P2eD_F": -1.0, "P1A_U": 45.874, "P1B_U": 26.284, "P1C_U": 132.119, "P1D_U": 126.781, "P2eA_U": 46.982, "P2eB_U": 36.302, "P2eC_U": 92.11, "P2eD_U": 86.81, "P1_mean_max": 1.0, "P1_mean": -1.0, "P2_mean_max": 2.0, "P2_mean": -1.0, "confidence_position": 10.0, "confidence_angle": 5.0, "estimate_hit": false, "target": "ECP:2", "markers": {"A": "M:3", "B": "M:4", "C": "M:8", "D": "M:9"}, "fusion_computed": false, "anatomy": {"basilic vein": -1.0, "brachial artery": -1.0, "brachial vein": -1.0, "cephalic vein": -1.0, "inferior ulnar collateral artery": -1.0, "median antebrachial vein": -1.0, "median cubital vein": -1.0, "median cubital vein 1": -1.0, "middle collateral artery": -1.0, "radial artery": -1.0, "radial collateral artery": -1.0, "radial veins": -1.0, "random artery 1": -1.0, "random artery 2": -1.0, "ulnar artery": -1.0, "ulnar veins": -1.0, "anterior branch of medial antebrachial cutaneous nerve": -1.0, "anterior interosseous nerve of forearm": -1.0, "deep branch of radial nerve": -1.0, "lateral antebrachial cutaneous nerve": -1.0, "median nerve": -1.0, "muscular branches of radial nerve": -1.0, "musculocutaneous nerve": -1.0, "posterior antebrachial cutaneous nerve": -1.0, "posterior branch of medial antebrachial cutaneous nerve": -1.0, "radial nerve": -1.0, "superficial branch of radial nerve": -1.0, "ulnar nerve": -1.0}, "hit_count": -1.0, "angle_PA_target": -1.0, "distance_P1_PA_target": -1.0, "distance_P1_PA_target_X": -1.0, "distance_P1_PA_target_Y": -1.0, "distance_P1_PA_target_Z": -1.0, "distance_P2_PA_target": -1.0, "distance_P2_PA_target_X": -1.0, "distance_P2_PA_target_Y": -1.0, "distance_P2_PA_target_Z": -1.0, "distance_P2e_PA_target": -1.0, "distance_P2e_PA_target_X": -1.0, "distance_P2e_PA_target_Y": -1.0, "distance_P2e_PA_target_Z": -1.0, "delta_id_PA_target": -1.0}
2024-02-23 17:06:27,597 - [ DEBUG] - PERFORM:	 enter data from fusion 360: 	|{"datatype": "PA", "PHASE_id": "852bb9", "ECP_id": "c5e85620", "id": "e71e1023a0", "comment": "", "time_init": 1708704095.72, "phase": 1, "ECP_number": 2, "PA_number": 2, "success": false, "entered_articulation": -1, "PA_D": -1.0, "PA_RPC": 1, "values_from_unity": "12", "P1A": 45.874, "P1B": 26.284, "P1C": 132.119, "P1D": 126.781, "P2A": 46.982, "P2B": 36.302, "P2C": 92.11, "P2D": 86.81, "P1A_F": 45.874, "P1B_F": 26.284, "P1C_F": 132.119, "P1D_F": 126.781, "P2A_F": 46.982, "P2B_F": 36.302, "P2C_F": 92.11, "P2D_F": 86.81, "P2eA_F": 46.983, "P2eB_F": 36.304, "P2eC_F": 92.108, "P2eD_F": 86.808, "P1A_U": 45.874, "P1B_U": 26.284, "P1C_U": 132.119, "P1D_U": 126.781, "P2eA_U": 46.982, "P2eB_U": 36.302, "P2eC_U": 92.11, "P2eD_U": 86.81, "P1_mean_max": 1.0, "P1_mean": 0.0, "P2_mean_max": 2.0, "P2_mean": 0.001, "confidence_position": 10.0, "confidence_angle": 5.0, "estimate_hit": false, "target": "ECP:2", "markers": {"A": "M:3", "B": "M:4", "C": "M:8", "D": "M:9"}, "fusion_computed": true, "anatomy": {"basilic vein": 40.566, "brachial artery": 38.805, "brachial vein": 31.427, "cephalic vein": 47.857, "inferior ulnar collateral artery": 20.407, "median antebrachial vein": 41.927, "median cubital vein": 48.124, "median cubital vein 1": 41.099, "middle collateral artery": 16.219, "radial artery": 34.431, "radial collateral artery": 40.4, "radial veins": 31.47, "random artery 1": 21.168, "random artery 2": 24.012, "ulnar artery": 29.182, "ulnar veins": 28.928, "anterior branch of medial antebrachial cutaneous nerve": 45.841, "anterior interosseous nerve of forearm": 27.997, "deep branch of radial nerve": 30.727, "lateral antebrachial cutaneous nerve": 37.45, "median nerve": 32.068, "muscular branches of radial nerve": 18.482, "musculocutaneous nerve": 37.641, "posterior antebrachial cutaneous nerve": 31.337, "posterior branch of medial antebrachial cutaneous nerve": 29.321, "radial nerve": 40.333, "superficial branch of radial nerve": 40.172, "ulnar nerve": 31.215}, "hit_count": 0, "angle_PA_target": 21.777, "distance_P1_PA_target": 25.908, "distance_P1_PA_target_X": 22.823, "distance_P1_PA_target_Y": 9.104, "distance_P1_PA_target_Z": 8.214, "distance_P2_PA_target": 11.944, "distance_P2_PA_target_X": 11.852, "distance_P2_PA_target_Y": 0.45, "distance_P2_PA_target_Z": 1.415, "distance_P2e_PA_target": 11.943, "distance_P2e_PA_target_X": 11.85, "distance_P2e_PA_target_Y": 0.451, "distance_P2e_PA_target_Z": 1.415, "delta_id_PA_target": -1.869}|
2024-02-23 17:06:30,164 - [ DEBUG] - TECHNICAL:	 want to remeasure P1 and/or P2? [Y/N]: 	|n|
2024-02-23 17:06:34,130 - [ DEBUG] - |-- ENTERED ARTICULATION [-1 / 0 (not entered) / 1 (entered)] : 	|0|
2024-02-23 17:06:36,132 - [ DEBUG] - TECHNICAL:	 comment on PA (e71e1023a0) [STRING]: 	||
2024-02-23 17:06:38,016 - [ DEBUG] - TECHNICAL:	 remove kwire from phanotm [ENTER when done]: 	||
2024-02-23 17:06:38,016 - [  INFO] - PA2.2 FINISHED!
2024-02-23 17:06:38,018 - [  INFO] - ------------------------
2024-02-23 17:06:38,018 - [  INFO] - PA2.3 START! (d0c4dfc2cb)
2024-02-23 17:06:44,208 - [ DEBUG] - PERFORM:	 reset x-ray machine [ENTER when done]: 	||
2024-02-23 17:06:45,698 - [ DEBUG] - PERFORM:	 give instruction to insert k-wire [ENTER when instruction given]: 	||
2024-02-23 17:09:01,378 - [ DEBUG] - CANDIDATE:	 inserting k-wire... -> checks it and declares it Failed or Successful (Restart timer)	|s|
2024-02-23 17:09:01,378 - [  INFO] - \_candidate has performed SUCCESSFUL positioning attempt!
2024-02-23 17:09:01,378 - [  INFO] - DATA COLLECTION - PA2.3 - (d0c4dfc2cb)
2024-02-23 17:11:17,448 - [ DEBUG] - |-- CANDIDATE: entrance point distance from entrance point target? [FLOAT]:  |-- CANDIDATE: entrance point distance from entrance point target? [FLOAT]: 	|5|
2024-02-23 17:11:26,241 - [ DEBUG] - |-- CANDIDATE: confidence on angle in deg? [FLOAT]:                          |-- CANDIDATE: confidence on angle in deg? [FLOAT]:                         	|10|
2024-02-23 17:11:30,601 - [ DEBUG] - |-- CANDIDATE: estimate structures hit [Y/N]?:                              	|n|
2024-02-23 17:11:37,627 - [ DEBUG] - |-- RADIATION picture count [INT] : 	|3|
2024-02-23 17:11:38,674 - [ DEBUG] - |-- P from unity	|12|
2024-02-23 17:11:50,641 - [ DEBUG] - |-- P1M:3 [FLOAT]:  |-- P1M:3 [FLOAT]: 	|45.851|
2024-02-23 17:11:50,642 - [ DEBUG] - |-- P1M:4 [FLOAT]:  |-- P1M:4 [FLOAT]: 	|30.062|
2024-02-23 17:11:50,642 - [ DEBUG] - |-- P1M:8 [FLOAT]:  |-- P1M:8 [FLOAT]: 	|110.472|
2024-02-23 17:11:50,643 - [ DEBUG] - |-- P1M:9 [FLOAT]:  |-- P1M:9 [FLOAT]: 	|104.960|
2024-02-23 17:11:50,643 - [ DEBUG] - |-- P2M:3 [FLOAT]:  |-- P2M:3 [FLOAT]: 	|53.423|
2024-02-23 17:11:50,644 - [ DEBUG] - |-- P2M:4 [FLOAT]:  |-- P2M:4 [FLOAT]: 	|46.066|
2024-02-23 17:11:50,662 - [ DEBUG] - |-- P2M:8 [FLOAT]:  |-- P2M:8 [FLOAT]: 	|82.868|
2024-02-23 17:11:51,762 - [ DEBUG] - |-- P2M:9 [FLOAT]:  |-- P2M:9 [FLOAT]: 	|77.900|
2024-02-23 17:12:02,723 - [ DEBUG] - |-- P1M:3 unity [FLOAT]:   |-- P1M:3 unity [FLOAT]:  	|45.851|
2024-02-23 17:12:02,724 - [ DEBUG] - |-- P1M:4 unity [FLOAT]:   |-- P1M:4 unity [FLOAT]:  	|30.062|
2024-02-23 17:12:02,725 - [ DEBUG] - |-- P1M:8 unity [FLOAT]:   |-- P1M:8 unity [FLOAT]:  	|110.472|
2024-02-23 17:12:02,726 - [ DEBUG] - |-- P1M:9 unity [FLOAT]:   |-- P1M:9 unity [FLOAT]:  	|104.960|
2024-02-23 17:12:02,726 - [ DEBUG] - |-- P2eM:3 unity [FLOAT]:  |-- P2eM:3 unity [FLOAT]: 	|53.423|
2024-02-23 17:12:02,727 - [ DEBUG] - |-- P2eM:4 unity [FLOAT]:  |-- P2eM:4 unity [FLOAT]: 	|46.066|
2024-02-23 17:12:02,728 - [ DEBUG] - |-- P2eM:8 unity [FLOAT]:  |-- P2eM:8 unity [FLOAT]: 	|82.868|
2024-02-23 17:12:03,311 - [ DEBUG] - |-- P2eM:9 unity [FLOAT]:  |-- P2eM:9 unity [FLOAT]: 	|77.900|
2024-02-23 17:12:06,018 - [ DEBUG] - TECHNICAL:	 is data entered correct? [Y/N]: 	|y|
2024-02-23 17:12:06,021 - [  INFO] - PERFORM:	 test following string on fusion 360 (already copied in clipboard) -> 
{"datatype": "PA", "PHASE_id": "852bb9", "ECP_id": "c5e85620", "id": "d0c4dfc2cb", "comment": "", "time_init": 1708704405.7, "phase": 1, "ECP_number": 2, "PA_number": 3, "success": true, "entered_articulation": -1, "PA_D": -1.0, "PA_RPC": 3, "values_from_unity": "12", "P1A": 45.851, "P1B": 30.062, "P1C": 110.472, "P1D": 104.96, "P2A": 53.423, "P2B": 46.066, "P2C": 82.868, "P2D": 77.9, "P1A_F": -1.0, "P1B_F": -1.0, "P1C_F": -1.0, "P1D_F": -1.0, "P2A_F": -1.0, "P2B_F": -1.0, "P2C_F": -1.0, "P2D_F": -1.0, "P2eA_F": -1.0, "P2eB_F": -1.0, "P2eC_F": -1.0, "P2eD_F": -1.0, "P1A_U": 45.851, "P1B_U": 30.062, "P1C_U": 110.472, "P1D_U": 104.96, "P2eA_U": 53.423, "P2eB_U": 46.066, "P2eC_U": 82.868, "P2eD_U": 77.9, "P1_mean_max": 1.0, "P1_mean": -1.0, "P2_mean_max": 2.0, "P2_mean": -1.0, "confidence_position": 5.0, "confidence_angle": 10.0, "estimate_hit": false, "target": "ECP:2", "markers": {"A": "M:3", "B": "M:4", "C": "M:8", "D": "M:9"}, "fusion_computed": false, "anatomy": {"basilic vein": -1.0, "brachial artery": -1.0, "brachial vein": -1.0, "cephalic vein": -1.0, "inferior ulnar collateral artery": -1.0, "median antebrachial vein": -1.0, "median cubital vein": -1.0, "median cubital vein 1": -1.0, "middle collateral artery": -1.0, "radial artery": -1.0, "radial collateral artery": -1.0, "radial veins": -1.0, "random artery 1": -1.0, "random artery 2": -1.0, "ulnar artery": -1.0, "ulnar veins": -1.0, "anterior branch of medial antebrachial cutaneous nerve": -1.0, "anterior interosseous nerve of forearm": -1.0, "deep branch of radial nerve": -1.0, "lateral antebrachial cutaneous nerve": -1.0, "median nerve": -1.0, "muscular branches of radial nerve": -1.0, "musculocutaneous nerve": -1.0, "posterior antebrachial cutaneous nerve": -1.0, "posterior branch of medial antebrachial cutaneous nerve": -1.0, "radial nerve": -1.0, "superficial branch of radial nerve": -1.0, "ulnar nerve": -1.0}, "hit_count": -1.0, "angle_PA_target": -1.0, "distance_P1_PA_target": -1.0, "distance_P1_PA_target_X": -1.0, "distance_P1_PA_target_Y": -1.0, "distance_P1_PA_target_Z": -1.0, "distance_P2_PA_target": -1.0, "distance_P2_PA_target_X": -1.0, "distance_P2_PA_target_Y": -1.0, "distance_P2_PA_target_Z": -1.0, "distance_P2e_PA_target": -1.0, "distance_P2e_PA_target_X": -1.0, "distance_P2e_PA_target_Y": -1.0, "distance_P2e_PA_target_Z": -1.0, "delta_id_PA_target": -1.0}
2024-02-23 17:12:57,726 - [ DEBUG] - PERFORM:	 enter data from fusion 360: 	|{"datatype": "PA", "PHASE_id": "852bb9", "ECP_id": "c5e85620", "id": "d0c4dfc2cb", "comment": "", "time_init": 1708704405.7, "phase": 1, "ECP_number": 2, "PA_number": 3, "success": true, "entered_articulation": -1, "PA_D": -1.0, "PA_RPC": 3, "values_from_unity": "12", "P1A": 45.851, "P1B": 30.062, "P1C": 110.472, "P1D": 104.96, "P2A": 53.423, "P2B": 46.066, "P2C": 82.868, "P2D": 77.9, "P1A_F": 45.851, "P1B_F": 30.062, "P1C_F": 110.472, "P1D_F": 104.96, "P2A_F": 53.423, "P2B_F": 46.066, "P2C_F": 82.868, "P2D_F": 77.9, "P2eA_F": 53.425, "P2eB_F": 46.068, "P2eC_F": 82.865, "P2eD_F": 77.897, "P1A_U": 45.851, "P1B_U": 30.062, "P1C_U": 110.472, "P1D_U": 104.96, "P2eA_U": 53.423, "P2eB_U": 46.066, "P2eC_U": 82.868, "P2eD_U": 77.9, "P1_mean_max": 1.0, "P1_mean": 0.001, "P2_mean_max": 2.0, "P2_mean": 0.0, "confidence_position": 5.0, "confidence_angle": 10.0, "estimate_hit": false, "target": "ECP:2", "markers": {"A": "M:3", "B": "M:4", "C": "M:8", "D": "M:9"}, "fusion_computed": true, "anatomy": {"basilic vein": 34.222, "brachial artery": 40.634, "brachial vein": 30.774, "cephalic vein": 42.103, "inferior ulnar collateral artery": 20.201, "median antebrachial vein": 38.081, "median cubital vein": 50.671, "median cubital vein 1": 35.448, "middle collateral artery": 13.081, "radial artery": 28.944, "radial collateral artery": 31.035, "radial veins": 27.937, "random artery 1": 20.725, "random artery 2": 18.422, "ulnar artery": 19.924, "ulnar veins": 18.104, "anterior branch of medial antebrachial cutaneous nerve": 38.326, "anterior interosseous nerve of forearm": 16.949, "deep branch of radial nerve": 23.437, "lateral antebrachial cutaneous nerve": 39.313, "median nerve": 19.327, "muscular branches of radial nerve": 22.658, "musculocutaneous nerve": 39.629, "posterior antebrachial cutaneous nerve": 33.666, "posterior branch of medial antebrachial cutaneous nerve": 23.069, "radial nerve": 42.899, "superficial branch of radial nerve": 40.609, "ulnar nerve": 28.38}, "hit_count": 0, "angle_PA_target": 18.266, "distance_P1_PA_target": 15.698, "distance_P1_PA_target_X": 0.879, "distance_P1_PA_target_Y": 13.218, "distance_P1_PA_target_Z": 8.424, "distance_P2_PA_target": 2.706, "distance_P2_PA_target_X": 2.247, "distance_P2_PA_target_Y": 1.118, "distance_P2_PA_target_Z": -1.011, "distance_P2e_PA_target": 2.704, "distance_P2e_PA_target_X": 2.244, "distance_P2e_PA_target_Y": 1.119, "distance_P2e_PA_target_Z": -1.011, "delta_id_PA_target": 10.997}|
2024-02-23 17:13:00,027 - [ DEBUG] - TECHNICAL:	 want to remeasure P1 and/or P2? [Y/N]: 	|n|
2024-02-23 17:13:01,843 - [ DEBUG] - |-- ENTERED ARTICULATION [-1 / 0 (not entered) / 1 (entered)] : 	|0|
2024-02-23 17:13:03,143 - [ DEBUG] - TECHNICAL:	 comment on PA (d0c4dfc2cb) [STRING]: 	||
2024-02-23 17:13:05,867 - [ DEBUG] - TECHNICAL:	 remove kwire from phanotm [ENTER when done]: 	||
2024-02-23 17:13:05,867 - [  INFO] - PA2.3 FINISHED!
2024-02-23 17:13:05,867 - [  INFO] - DATA COLLECTION - ECP2 - (c5e85620)
2024-02-23 17:13:08,978 - [ DEBUG] - |-- ease of placement [0 difficult - 5 easy]: 	|1|
2024-02-23 17:13:08,979 - [  INFO] - ########################
2024-02-23 17:13:08,979 - [  INFO] - ECP3 START! (5980e34b)
2024-02-23 17:13:08,981 - [  INFO] - ------------------------
2024-02-23 17:13:08,981 - [  INFO] - PA3.1 START! (9db68f6f53)
2024-02-23 17:13:15,673 - [ DEBUG] - PERFORM:	 reset x-ray machine [ENTER when done]: 	||
2024-02-23 17:13:16,138 - [ DEBUG] - PERFORM:	 give instruction to insert k-wire [ENTER when instruction given]: 	||
2024-02-23 17:16:21,119 - [ DEBUG] - CANDIDATE:	 inserting k-wire... -> checks it and declares it Failed or Successful (Restart timer)	|s|
2024-02-23 17:16:21,120 - [  INFO] - \_candidate has performed SUCCESSFUL positioning attempt!
2024-02-23 17:16:21,120 - [  INFO] - DATA COLLECTION - PA3.1 - (9db68f6f53)
2024-02-23 17:16:31,505 - [ DEBUG] - |-- CANDIDATE: entrance point distance from entrance point target? [FLOAT]:  |-- CANDIDATE: entrance point distance from entrance point target? [FLOAT]: 	|0|
2024-02-23 17:16:38,640 - [ DEBUG] - |-- CANDIDATE: confidence on angle in deg? [FLOAT]:                          |-- CANDIDATE: confidence on angle in deg? [FLOAT]:                         	|5|
2024-02-23 17:16:41,489 - [ DEBUG] - |-- CANDIDATE: estimate structures hit [Y/N]?:                              	|n|
2024-02-23 17:17:06,793 - [ DEBUG] - |-- RADIATION picture count [INT] : 	|5|
2024-02-23 17:17:08,267 - [ DEBUG] - |-- P from unity	|12|
2024-02-23 17:17:23,752 - [ DEBUG] - |-- P1M:2 [FLOAT]:  |-- P1M:2 [FLOAT]: 	|120.108|
2024-02-23 17:17:23,753 - [ DEBUG] - |-- P1M:3 [FLOAT]:  |-- P1M:3 [FLOAT]: 	|112.473|
2024-02-23 17:17:23,753 - [ DEBUG] - |-- P1M:7 [FLOAT]:  |-- P1M:7 [FLOAT]: 	|62.827|
2024-02-23 17:17:23,754 - [ DEBUG] - |-- P1M:8 [FLOAT]:  |-- P1M:8 [FLOAT]: 	|47.051|
2024-02-23 17:17:23,754 - [ DEBUG] - |-- P2M:2 [FLOAT]:  |-- P2M:2 [FLOAT]: 	|78.840|
2024-02-23 17:17:23,755 - [ DEBUG] - |-- P2M:3 [FLOAT]:  |-- P2M:3 [FLOAT]: 	|72.206|
2024-02-23 17:17:23,763 - [ DEBUG] - |-- P2M:7 [FLOAT]:  |-- P2M:7 [FLOAT]: 	|63.175|
2024-02-23 17:17:25,803 - [ DEBUG] - |-- P2M:8 [FLOAT]:  |-- P2M:8 [FLOAT]: 	|53.568|
2024-02-23 17:17:27,446 - [ DEBUG] - |-- P1M:2 unity [FLOAT]:   |-- P1M:2 unity [FLOAT]:  	|120.108|
2024-02-23 17:17:27,447 - [ DEBUG] - |-- P1M:3 unity [FLOAT]:   |-- P1M:3 unity [FLOAT]:  	|112.473|
2024-02-23 17:17:27,448 - [ DEBUG] - |-- P1M:7 unity [FLOAT]:   |-- P1M:7 unity [FLOAT]:  	|62.827|
2024-02-23 17:17:27,448 - [ DEBUG] - |-- P1M:8 unity [FLOAT]:   |-- P1M:8 unity [FLOAT]:  	|47.051|
2024-02-23 17:17:27,449 - [ DEBUG] - |-- P2eM:2 unity [FLOAT]:  |-- P2eM:2 unity [FLOAT]: 	|78.840|
2024-02-23 17:17:27,449 - [ DEBUG] - |-- P2eM:3 unity [FLOAT]:  |-- P2eM:3 unity [FLOAT]: 	|72.206|
2024-02-23 17:17:27,457 - [ DEBUG] - |-- P2eM:7 unity [FLOAT]:  |-- P2eM:7 unity [FLOAT]: 	|63.175|
2024-02-23 17:17:28,431 - [ DEBUG] - |-- P2eM:8 unity [FLOAT]:  |-- P2eM:8 unity [FLOAT]: 	|53.568|
2024-02-23 17:17:30,015 - [ DEBUG] - TECHNICAL:	 is data entered correct? [Y/N]: 	|y|
2024-02-23 17:17:30,019 - [  INFO] - PERFORM:	 test following string on fusion 360 (already copied in clipboard) -> 
{"datatype": "PA", "PHASE_id": "852bb9", "ECP_id": "5980e34b", "id": "9db68f6f53", "comment": "", "time_init": 1708704796.14, "phase": 1, "ECP_number": 3, "PA_number": 1, "success": true, "entered_articulation": -1, "PA_D": -1.0, "PA_RPC": 5, "values_from_unity": "12", "P1A": 120.108, "P1B": 112.473, "P1C": 62.827, "P1D": 47.051, "P2A": 78.84, "P2B": 72.206, "P2C": 63.175, "P2D": 53.568, "P1A_F": -1.0, "P1B_F": -1.0, "P1C_F": -1.0, "P1D_F": -1.0, "P2A_F": -1.0, "P2B_F": -1.0, "P2C_F": -1.0, "P2D_F": -1.0, "P2eA_F": -1.0, "P2eB_F": -1.0, "P2eC_F": -1.0, "P2eD_F": -1.0, "P1A_U": 120.108, "P1B_U": 112.473, "P1C_U": 62.827, "P1D_U": 47.051, "P2eA_U": 78.84, "P2eB_U": 72.206, "P2eC_U": 63.175, "P2eD_U": 53.568, "P1_mean_max": 1.0, "P1_mean": -1.0, "P2_mean_max": 2.0, "P2_mean": -1.0, "confidence_position": 0.0, "confidence_angle": 5.0, "estimate_hit": false, "target": "ECP:3", "markers": {"A": "M:2", "B": "M:3", "C": "M:7", "D": "M:8"}, "fusion_computed": false, "anatomy": {"basilic vein": -1.0, "brachial artery": -1.0, "brachial vein": -1.0, "cephalic vein": -1.0, "inferior ulnar collateral artery": -1.0, "median antebrachial vein": -1.0, "median cubital vein": -1.0, "median cubital vein 1": -1.0, "middle collateral artery": -1.0, "radial artery": -1.0, "radial collateral artery": -1.0, "radial veins": -1.0, "random artery 1": -1.0, "random artery 2": -1.0, "ulnar artery": -1.0, "ulnar veins": -1.0, "anterior branch of medial antebrachial cutaneous nerve": -1.0, "anterior interosseous nerve of forearm": -1.0, "deep branch of radial nerve": -1.0, "lateral antebrachial cutaneous nerve": -1.0, "median nerve": -1.0, "muscular branches of radial nerve": -1.0, "musculocutaneous nerve": -1.0, "posterior antebrachial cutaneous nerve": -1.0, "posterior branch of medial antebrachial cutaneous nerve": -1.0, "radial nerve": -1.0, "superficial branch of radial nerve": -1.0, "ulnar nerve": -1.0}, "hit_count": -1.0, "angle_PA_target": -1.0, "distance_P1_PA_target": -1.0, "distance_P1_PA_target_X": -1.0, "distance_P1_PA_target_Y": -1.0, "distance_P1_PA_target_Z": -1.0, "distance_P2_PA_target": -1.0, "distance_P2_PA_target_X": -1.0, "distance_P2_PA_target_Y": -1.0, "distance_P2_PA_target_Z": -1.0, "distance_P2e_PA_target": -1.0, "distance_P2e_PA_target_X": -1.0, "distance_P2e_PA_target_Y": -1.0, "distance_P2e_PA_target_Z": -1.0, "delta_id_PA_target": -1.0}
2024-02-23 17:18:29,551 - [ DEBUG] - PERFORM:	 enter data from fusion 360: 	|{"datatype": "PA", "PHASE_id": "852bb9", "ECP_id": "5980e34b", "id": "9db68f6f53", "comment": "", "time_init": 1708704796.14, "phase": 1, "ECP_number": 3, "PA_number": 1, "success": true, "entered_articulation": -1, "PA_D": -1.0, "PA_RPC": 5, "values_from_unity": "12", "P1A": 120.108, "P1B": 112.473, "P1C": 62.827, "P1D": 47.051, "P2A": 78.84, "P2B": 72.206, "P2C": 63.175, "P2D": 53.568, "P1A_F": 120.108, "P1B_F": 112.473, "P1C_F": 62.827, "P1D_F": 47.051, "P2A_F": 78.84, "P2B_F": 72.206, "P2C_F": 63.175, "P2D_F": 53.568, "P2eA_F": 78.841, "P2eB_F": 72.207, "P2eC_F": 63.175, "P2eD_F": 53.567, "P1A_U": 120.108, "P1B_U": 112.473, "P1C_U": 62.827, "P1D_U": 47.051, "P2eA_U": 78.84, "P2eB_U": 72.206, "P2eC_U": 63.175, "P2eD_U": 53.568, "P1_mean_max": 1.0, "P1_mean": 0.001, "P2_mean_max": 2.0, "P2_mean": 0.001, "confidence_position": 0.0, "confidence_angle": 5.0, "estimate_hit": false, "target": "ECP:3", "markers": {"A": "M:2", "B": "M:3", "C": "M:7", "D": "M:8"}, "fusion_computed": true, "anatomy": {"basilic vein": 15.085, "brachial artery": 21.362, "brachial vein": 17.78, "cephalic vein": 30.913, "inferior ulnar collateral artery": 18.952, "median antebrachial vein": 21.787, "median cubital vein": 15.857, "median cubital vein 1": 28.319, "middle collateral artery": 16.101, "radial artery": 38.983, "radial collateral artery": 23.209, "radial veins": 49.663, "random artery 1": 8.501, "random artery 2": 24.91, "ulnar artery": 38.983, "ulnar veins": 49.695, "anterior branch of medial antebrachial cutaneous nerve": 23.802, "anterior interosseous nerve of forearm": 31.941, "deep branch of radial nerve": 44.581, "lateral antebrachial cutaneous nerve": 36.398, "median nerve": 20.81, "muscular branches of radial nerve": 17.062, "musculocutaneous nerve": 15.635, "posterior antebrachial cutaneous nerve": 37.663, "posterior branch of medial antebrachial cutaneous nerve": 0.704, "radial nerve": 33.508, "superficial branch of radial nerve": 44.567, "ulnar nerve": 7.12}, "hit_count": 0, "angle_PA_target": 4.223, "distance_P1_PA_target": 11.384, "distance_P1_PA_target_X": -11.048, "distance_P1_PA_target_Y": 2.667, "distance_P1_PA_target_Z": 0.655, "distance_P2_PA_target": 7.277, "distance_P2_PA_target_X": -6.973, "distance_P2_PA_target_Y": 2.072, "distance_P2_PA_target_Z": -0.191, "distance_P2e_PA_target": 7.278, "distance_P2e_PA_target_X": -6.974, "distance_P2e_PA_target_Y": 2.072, "distance_P2e_PA_target_Z": -0.192, "delta_id_PA_target": -2.454}|
2024-02-23 17:18:32,782 - [ DEBUG] - TECHNICAL:	 want to remeasure P1 and/or P2? [Y/N]: 	|n|
2024-02-23 17:18:35,915 - [ DEBUG] - |-- ENTERED ARTICULATION [-1 / 0 (not entered) / 1 (entered)] : 	|0|
2024-02-23 17:18:38,001 - [ DEBUG] - TECHNICAL:	 comment on PA (9db68f6f53) [STRING]: 	||
2024-02-23 17:18:39,113 - [ DEBUG] - TECHNICAL:	 remove kwire from phanotm [ENTER when done]: 	||
2024-02-23 17:18:39,113 - [  INFO] - PA3.1 FINISHED!
2024-02-23 17:18:39,114 - [  INFO] - DATA COLLECTION - ECP3 - (5980e34b)
2024-02-23 17:18:55,168 - [ DEBUG] - |-- ease of placement [0 difficult - 5 easy]: 	|3|
2024-02-23 17:18:55,168 - [  INFO] - DATA COLLECTION - PHASE - (852bb9)
2024-02-23 17:19:19,120 - [ DEBUG] - |-- realism xray               [-1 : 5]: 	|4|
2024-02-23 17:19:50,456 - [ DEBUG] - |-- simulation quality xray    [-1 : 5]: 	|3|
2024-02-23 17:20:03,849 - [ DEBUG] - |-- comfort xray               [-1 : 5]: 	|4|
2024-02-23 17:20:14,511 - [ DEBUG] - |-- realism AR                 [-1 : 5]: 	|4|
2024-02-23 17:20:24,632 - [ DEBUG] - |-- simulation quality AR      [-1 : 5]: 	|3|
2024-02-23 17:21:44,876 - [ DEBUG] - |-- comfort AR                 [-1 : 5]: 	|4|
2024-02-23 17:21:56,722 - [ DEBUG] - |-- realism phantom            [-1 : 5]: 	|5|
2024-02-23 17:22:06,059 - [ DEBUG] - |-- simulation quality phantom [-1 : 5]: 	|5|
2024-02-23 17:22:07,925 - [ DEBUG] - TECHNICAL:	 comment on PHASE (852bb9) [STRING]: 	||
