2024-01-30 16:20:17,718 - [  INFO] - flags: []
2024-01-30 16:20:17,719 - [  INFO] - # POSITIONING TEST COMPANION (v1.21)
2024-01-30 16:20:17,719 - [  INFO] - # What a beautiful day to stick some anti-pigeon spikes into plastic!
2024-01-30 16:20:17,721 - [  INFO] - # BEGIN POSITIONING TEST FOR A CANDIDATE, ONE SINGLE PHASE (05cbe8)
2024-01-30 16:20:17,721 - [  INFO] - # 2024/01/30 - 16:20:17
2024-01-30 16:20:17,721 - [  INFO] - DATA COLLECTION - TEST - (05cbe8)
2024-01-30 16:20:20,471 - [ DEBUG] - |-- phase [INTEGER]:                	|1|
2024-01-30 16:20:22,120 - [ DEBUG] - |-- phantom id [STRING]:            	|01|
2024-01-30 16:20:23,907 - [ DEBUG] - |-- name [STRING]:                  	|elisa|
2024-01-30 16:20:25,718 - [ DEBUG] - |-- surname [STRING]:               	|dutto|
2024-01-30 16:20:28,867 - [ DEBUG] - |-- gender [M/F]:                   	|f|
2024-01-30 16:20:30,414 - [ DEBUG] - |-- right-handed [Y/N]:             	|y|
2024-01-30 16:20:31,956 - [ DEBUG] - |-- age [INTEGER]:                  	|49|
2024-01-30 16:20:34,157 - [ DEBUG] - |-- medsurg year        [-1 : 6]:   	|-1|
2024-01-30 16:20:35,364 - [ DEBUG] - |-- specialization year [-1 : 5]:   	|-1|
2024-01-30 16:20:37,695 - [ DEBUG] - |-- surgeon year        [-1 : 100]: 	|19|
2024-01-30 16:20:39,413 - [ DEBUG] - |-- exp operation count [INTEGER]:  	|500|
2024-01-30 16:20:42,025 - [ DEBUG] - |-- glasses [Y/N]:                  	|y|
2024-01-30 16:20:43,119 - [ DEBUG] - |-- glasses type [None [] / Myopia (Nearsightedness) [M] / Hyperopia (Farsightedness) [H] / Astigmatism [AS] / Presbyopia [P] / Strabismus [S] / Amblyopia (Lazy Eye) [AM] / Cataract [C]: 	|p|
2024-01-30 16:20:44,984 - [ DEBUG] - |-- glasses power [-1 : 100]:       	|2|
2024-01-30 16:20:46,117 - [ DEBUG] - |-- exp Virtual Reality   [0 : 5]:  	|0|
2024-01-30 16:20:48,330 - [ DEBUG] - |-- exp Augmented Reality [0 : 5]:  	|1|
2024-01-30 16:20:48,973 - [ DEBUG] - |-- exp 3D editors        [0 : 5]:  	|2|
2024-01-30 16:20:50,308 - [ DEBUG] - TECHNICAL:	 is data entered correct? [Y/N]: 	|y|
2024-01-30 16:20:50,309 - [  INFO] - ########################
2024-01-30 16:20:50,309 - [  INFO] - ECP1 START! (9ae6143a)
2024-01-30 16:20:50,311 - [  INFO] - ------------------------
2024-01-30 16:20:50,311 - [  INFO] - PA1.1 START! (7b6aa6aa5a)
2024-01-30 16:25:11,309 - [ DEBUG] - PERFORM:	 reset x-ray machine [ENTER when done]: 	||
2024-01-30 16:25:23,914 - [ DEBUG] - PERFORM:	 give instruction to insert k-wire [ENTER when instruction given]: 	||
2024-01-30 16:27:15,016 - [ DEBUG] - CANDIDATE:	 inserting k-wire... -> checks it and declares it failed [f] or successful [s]: 	|s|
2024-01-30 16:27:15,016 - [  INFO] - \_candidate has performed SUCCESSFUL positioning attempt!
2024-01-30 16:27:15,016 - [  INFO] - DATA COLLECTION - PA1.1 - (7b6aa6aa5a)
2024-01-30 16:27:19,291 - [ DEBUG] - |-- RADIATION picture count       [INT]  : 	|4|
2024-01-30 16:31:03,177 - [ DEBUG] - |-- P1M:2 [FLOAT]: 	|79.57|
2024-01-30 16:31:38,823 - [ DEBUG] - |-- P1M:3 [FLOAT]: 	|65.88|
2024-01-30 16:32:16,436 - [ DEBUG] - |-- P1M:7 [FLOAT]: 	|102.04|
2024-01-30 16:32:40,347 - [ DEBUG] - |-- P1M:8 [FLOAT]: 	|94.98|
2024-01-30 16:33:33,711 - [ DEBUG] - |-- P2M:2 [FLOAT]: 	|63.37|
2024-01-30 16:33:58,163 - [ DEBUG] - |-- P2M:3 [FLOAT]: 	|50.75|
2024-01-30 16:34:22,672 - [ DEBUG] - |-- P2M:7 [FLOAT]: 	|81.82|
2024-01-30 16:34:47,384 - [ DEBUG] - |-- P2M:8 [FLOAT]: 	|72.68|
2024-01-30 16:35:06,479 - [ DEBUG] - |-- P1M:2 virtual [FLOAT]: 	|80.569|
2024-01-30 16:35:06,480 - [ DEBUG] - |-- P1M:3 virtual [FLOAT]: 	|67.517|
2024-01-30 16:35:06,481 - [ DEBUG] - |-- P1M:7 virtual [FLOAT]: 	|102.874|
2024-01-30 16:35:06,482 - [ DEBUG] - |-- P1M:8 virtual [FLOAT]: 	|94.839|
2024-01-30 16:35:06,483 - [ DEBUG] - |-- P2M:2 virtual [FLOAT]: 	|62.695|
2024-01-30 16:35:06,483 - [ DEBUG] - |-- P2M:3 virtual [FLOAT]: 	|49.770|
2024-01-30 16:35:06,484 - [ DEBUG] - |-- P2M:7 virtual [FLOAT]: 	|83.525|
2024-01-30 16:35:07,508 - [ DEBUG] - |-- P2M:8 virtual [FLOAT]: 	|73.278|
2024-01-30 16:35:13,918 - [ DEBUG] - |-- CANDIDATE: confidence on entrance position in mm? [FLOAT]: 	|1|
2024-01-30 16:35:14,190 - [ DEBUG] - |-- CANDIDATE: confidence on angle in deg? [FLOAT]:            	|1|
2024-01-30 16:35:14,471 - [ DEBUG] - |-- CANDIDATE: estimate structures hit [Y/N]?:                 	|1|
2024-01-30 16:35:15,709 - [ DEBUG] - TECHNICAL:	 is data entered correct? [Y/N]: 	|n|
2024-01-30 16:35:20,174 - [ DEBUG] - |-- RADIATION picture count       [INT]  : 	|4|
2024-01-30 16:35:30,540 - [ DEBUG] - |-- P1M:2 [FLOAT]: 	|79.57|
2024-01-30 16:35:34,122 - [ DEBUG] - |-- P1M:3 [FLOAT]: 	|65.88|
2024-01-30 16:35:37,833 - [ DEBUG] - |-- P1M:7 [FLOAT]: 	|102.04|
2024-01-30 16:35:43,056 - [ DEBUG] - |-- P1M:8 [FLOAT]: 	|94.48|
2024-01-30 16:35:52,485 - [ DEBUG] - |-- P2M:2 [FLOAT]: 	|63.37|
2024-01-30 16:35:55,709 - [ DEBUG] - |-- P2M:3 [FLOAT]: 	|50.75|
2024-01-30 16:35:59,062 - [ DEBUG] - |-- P2M:7 [FLOAT]: 	|81.82|
2024-01-30 16:36:01,735 - [ DEBUG] - |-- P2M:8 [FLOAT]: 	|72.68|
2024-01-30 16:36:10,722 - [ DEBUG] - |-- P1M:2 virtual [FLOAT]: 	|80.569|
2024-01-30 16:36:10,722 - [ DEBUG] - |-- P1M:3 virtual [FLOAT]: 	|67.517|
2024-01-30 16:36:10,723 - [ DEBUG] - |-- P1M:7 virtual [FLOAT]: 	|102.874|
2024-01-30 16:36:10,723 - [ DEBUG] - |-- P1M:8 virtual [FLOAT]: 	|94.839|
2024-01-30 16:36:10,724 - [ DEBUG] - |-- P2M:2 virtual [FLOAT]: 	|62.695|
2024-01-30 16:36:10,725 - [ DEBUG] - |-- P2M:3 virtual [FLOAT]: 	|49.770|
2024-01-30 16:36:10,726 - [ DEBUG] - |-- P2M:7 virtual [FLOAT]: 	|83.525|
2024-01-30 16:36:11,518 - [ DEBUG] - |-- P2M:8 virtual [FLOAT]: 	|73.278|
2024-01-30 16:36:30,485 - [ DEBUG] - |-- CANDIDATE: confidence on entrance position in mm? [FLOAT]: 	|0|
2024-01-30 16:36:46,964 - [ DEBUG] - |-- CANDIDATE: confidence on angle in deg? [FLOAT]:            	|10|
2024-01-30 16:36:55,360 - [ DEBUG] - |-- CANDIDATE: estimate structures hit [Y/N]?:                 	|n|
2024-01-30 16:36:57,453 - [ DEBUG] - TECHNICAL:	 is data entered correct? [Y/N]: 	|y|
2024-01-30 16:36:57,466 - [  INFO] - PERFORM:	 test following string on fusion 360 (already copied in clipboard) -> 
{"datatype": "PA", "TEST_id": "05cbe8", "ECP_id": "9ae6143a", "id": "7b6aa6aa5a", "comment": "", "time_init": 1706628323.91, "phase": 1, "ECP_number": 1, "PA_number": 1, "success": true, "PA_D": -1.0, "PA_RPC": 4, "P1A": 78.77, "P1B": 65.08, "P1C": 101.24000000000001, "P1D": 93.68, "P2A": 62.57, "P2B": 49.95, "P2C": 81.02, "P2D": 71.88000000000001, "P1A_F": -1.0, "P1B_F": -1.0, "P1C_F": -1.0, "P1D_F": -1.0, "P2A_F": -1.0, "P2B_F": -1.0, "P2C_F": -1.0, "P2D_F": -1.0, "P2eA": -1.0, "P2eB": -1.0, "P2eC": -1.0, "P2eD": -1.0, "P1A_U": 80.569, "P1B_U": 67.517, "P1C_U": 102.874, "P1D_U": 94.839, "P2eA_U": 62.695, "P2eB_U": 49.77, "P2eC_U": 83.525, "P2eD_U": 73.278, "P1_mean_max": 1.0, "P1_mean": -1.0, "P2_mean_max": 2.0, "P2_mean": -1.0, "confidence_position": 0.0, "confidence_angle": 10.0, "estimate_hit": false, "target": "ECP:1", "markers": {"A": "M:2", "B": "M:3", "C": "M:7", "D": "M:8"}, "fusion_computed": false, "anatomy": {"basilic vein": -1.0, "brachial artery": -1.0, "brachial vein": -1.0, "cephalic vein": -1.0, "inferior ulnar collateral artery": -1.0, "median antebrachial vein": -1.0, "median cubital vein": -1.0, "median cubital vein 1": -1.0, "middle collateral artery": -1.0, "radial artery": -1.0, "radial collateral artery": -1.0, "radial veins": -1.0, "random artery 1": -1.0, "random artery 2": -1.0, "ulnar artery": -1.0, "ulnar veins": -1.0, "anterior branch of medial antebrachial cutaneous nerve": -1.0, "anterior interosseous nerve of forearm": -1.0, "deep branch of radial nerve": -1.0, "lateral antebrachial cutaneous nerve": -1.0, "median nerve": -1.0, "muscular branches of radial nerve": -1.0, "musculocutaneous nerve": -1.0, "posterior antebrachial cutaneous nerve": -1.0, "posterior branch of medial antebrachial cutaneous nerve": -1.0, "radial nerve": -1.0, "superficial branch of radial nerve": -1.0, "ulnar nerve": -1.0}, "angle_PA_target": -1.0, "distance_P1_PA_target": -1.0, "distance_P1_PA_target_X": -1.0, "distance_P1_PA_target_Y": -1.0, "distance_P1_PA_target_Z": -1.0, "distance_P2_PA_target": -1.0, "distance_P2_PA_target_X": -1.0, "distance_P2_PA_target_Y": -1.0, "distance_P2_PA_target_Z": -1.0, "distance_P2e_PA_target": -1.0, "distance_P2e_PA_target_X": -1.0, "distance_P2e_PA_target_Y": -1.0, "distance_P2e_PA_target_Z": -1.0, "delta_id_PA_target": -1.0}
2024-01-30 16:37:36,375 - [ DEBUG] - PERFORM:	 enter data from fusion 360: 	|{"datatype": "PA", "TEST_id": "05cbe8", "ECP_id": "9ae6143a", "id": "7b6aa6aa5a", "comment": "", "time_init": 1706628323.91, "phase": 1, "ECP_number": 1, "PA_number": 1, "success": true, "PA_D": -1.0, "PA_RPC": 4, "P1A": 78.77, "P1B": 65.08, "P1C": 101.24000000000001, "P1D": 93.68, "P2A": 62.57, "P2B": 49.95, "P2C": 81.02, "P2D": 71.88000000000001, "P1A_F": 78.475, "P1B_F": 65.408, "P1C_F": 101.442, "P1D_F": 93.441, "P2A_F": 62.667, "P2B_F": 50.338, "P2C_F": 81.804, "P2D_F": 72.021, "P2eA": 62.564, "P2eB": 49.613, "P2eC": 82.744, "P2eD": 73.041, "P1A_U": 80.569, "P1B_U": 67.517, "P1C_U": 102.874, "P1D_U": 94.839, "P2eA_U": 62.695, "P2eB_U": 49.77, "P2eC_U": 83.525, "P2eD_U": 73.278, "P1_mean_max": 1.0, "P1_mean": 0.994, "P2_mean_max": 2.0, "P2_mean": 0.917, "confidence_position": 0.0, "confidence_angle": 10.0, "estimate_hit": false, "target": "ECP:1", "markers": {"A": "M:2", "B": "M:3", "C": "M:7", "D": "M:8"}, "fusion_computed": true, "anatomy": {"basilic vein": 22.534, "brachial artery": 27.728, "brachial vein": 23.883, "cephalic vein": 34.897, "inferior ulnar collateral artery": 23.896, "median antebrachial vein": 40.698, "median cubital vein": 25.941, "median cubital vein 1": 30.938, "middle collateral artery": 4.829, "radial artery": 34.834, "radial collateral artery": 17.851, "radial veins": 44.514, "random artery 1": 1.923, "random artery 2": 36.367, "ulnar artery": 34.834, "ulnar veins": 44.499, "anterior branch of medial antebrachial cutaneous nerve": 31.26, "anterior interosseous nerve of forearm": 33.271, "deep branch of radial nerve": 33.226, "lateral antebrachial cutaneous nerve": 31.739, "median nerve": 28.157, "muscular branches of radial nerve": 6.78, "musculocutaneous nerve": 25.133, "posterior antebrachial cutaneous nerve": 23.651, "posterior branch of medial antebrachial cutaneous nerve": 6.873, "radial nerve": 28.658, "superficial branch of radial nerve": 33.474, "ulnar nerve": 1.12}, "angle_PA_target": 7.467, "distance_P1_PA_target": 4.937, "distance_P1_PA_target_X": -2.652, "distance_P1_PA_target_Y": -2.655, "distance_P1_PA_target_Z": 3.208, "distance_P2_PA_target": 10.258, "distance_P2_PA_target_X": 0.267, "distance_P2_PA_target_Y": -9.301, "distance_P2_PA_target_Z": 4.317, "distance_P2e_PA_target": 6.334, "distance_P2e_PA_target_X": 1.233, "distance_P2e_PA_target_Y": -6.122, "distance_P2e_PA_target_Z": -1.058, "delta_id_PA_target": 2.886}|
2024-01-30 16:37:38,946 - [ DEBUG] - TECHNICAL:	 want to remeasure P1? [Y/N]: 	|n|
2024-01-30 16:37:39,527 - [ DEBUG] - TECHNICAL:	 want to remeasure P2? [Y/N]: 	|n|
2024-01-30 16:37:41,897 - [ DEBUG] - TECHNICAL:	 comment on PA (7b6aa6aa5a) [STRING]: 	||
2024-01-30 16:37:41,897 - [  INFO] - PA1.1 FINISHED!
2024-01-30 16:37:41,898 - [  INFO] - DATA COLLECTION - ECP1 - (9ae6143a)
2024-01-30 16:37:47,330 - [ DEBUG] - |-- ease of placement [0 difficult - 5 easy]: 	|5|
2024-01-30 16:37:47,331 - [  INFO] - ########################
2024-01-30 16:37:47,331 - [  INFO] - ECP2 START! (eb573321)
2024-01-30 16:37:47,332 - [  INFO] - ------------------------
2024-01-30 16:37:47,332 - [  INFO] - PA2.1 START! (f4fd865884)
2024-01-30 16:37:51,084 - [ DEBUG] - PERFORM:	 reset x-ray machine [ENTER when done]: 	||
2024-01-30 16:42:34,944 - [ DEBUG] - PERFORM:	 give instruction to insert k-wire [ENTER when instruction given]: 	||
2024-01-30 16:45:30,976 - [ DEBUG] - CANDIDATE:	 inserting k-wire... -> checks it and declares it failed [f] or successful [s]: 	|s|
2024-01-30 16:45:30,976 - [  INFO] - \_candidate has performed SUCCESSFUL positioning attempt!
2024-01-30 16:45:30,976 - [  INFO] - DATA COLLECTION - PA2.1 - (f4fd865884)
2024-01-30 16:45:35,944 - [ DEBUG] - |-- RADIATION picture count       [INT]  : 	|2|
2024-01-30 16:46:59,948 - [ DEBUG] - |-- P1M:3 [FLOAT]: 	|52.78|
2024-01-30 16:47:29,116 - [ DEBUG] - |-- P1M:4 [FLOAT]: 	|48.91|
2024-01-30 16:47:58,511 - [ DEBUG] - |-- P1M:8 [FLOAT]: 	|112.50|
2024-01-30 16:48:36,657 - [ DEBUG] - |-- P1M:9 [FLOAT]: 	|109.83|
2024-01-30 16:48:59,378 - [ DEBUG] - |-- P2M:3 [FLOAT]: 	|54.04|
2024-01-30 16:49:12,543 - [ DEBUG] - |-- P2M:4 [FLOAT]: 	|53.56|
2024-01-30 16:49:26,490 - [ DEBUG] - |-- P2M:8 [FLOAT]: 	|76.55|
2024-01-30 16:49:47,531 - [ DEBUG] - |-- P2M:9 [FLOAT]: 	|75.50|
2024-01-30 16:50:32,066 - [ DEBUG] - |-- P1M:3 virtual [FLOAT]: 	|53.336|
2024-01-30 16:50:32,067 - [ DEBUG] - |-- P1M:4 virtual [FLOAT]: 	|48.939|
2024-01-30 16:50:32,067 - [ DEBUG] - |-- P1M:8 virtual [FLOAT]: 	|112.845|
2024-01-30 16:50:32,068 - [ DEBUG] - |-- P1M:9 virtual [FLOAT]: 	|110.774|
2024-01-30 16:50:32,069 - [ DEBUG] - |-- P2M:3 virtual [FLOAT]: 	|57.981|
2024-01-30 16:50:32,070 - [ DEBUG] - |-- P2M:4 virtual [FLOAT]: 	|60.988|
2024-01-30 16:50:32,078 - [ DEBUG] - |-- P2M:8 virtual [FLOAT]: 	|66.810|
2024-01-30 16:50:32,912 - [ DEBUG] - |-- P2M:9 virtual [FLOAT]: 	|67.780|
2024-01-30 16:50:44,432 - [ DEBUG] - |-- CANDIDATE: confidence on entrance position in mm? [FLOAT]: 	|3|
2024-01-30 16:50:50,175 - [ DEBUG] - |-- CANDIDATE: confidence on angle in deg? [FLOAT]:            	|0|
2024-01-30 16:50:56,988 - [ DEBUG] - |-- CANDIDATE: estimate structures hit [Y/N]?:                 	|n|
2024-01-30 16:51:00,717 - [ DEBUG] - TECHNICAL:	 is data entered correct? [Y/N]: 	|y|
2024-01-30 16:51:00,726 - [  INFO] - PERFORM:	 test following string on fusion 360 (already copied in clipboard) -> 
{"datatype": "PA", "TEST_id": "05cbe8", "ECP_id": "eb573321", "id": "f4fd865884", "comment": "", "time_init": 1706629354.94, "phase": 1, "ECP_number": 2, "PA_number": 1, "success": true, "PA_D": -1.0, "PA_RPC": 2, "P1A": 51.980000000000004, "P1B": 48.11, "P1C": 111.7, "P1D": 109.03, "P2A": 53.24, "P2B": 52.760000000000005, "P2C": 75.75, "P2D": 74.7, "P1A_F": -1.0, "P1B_F": -1.0, "P1C_F": -1.0, "P1D_F": -1.0, "P2A_F": -1.0, "P2B_F": -1.0, "P2C_F": -1.0, "P2D_F": -1.0, "P2eA": -1.0, "P2eB": -1.0, "P2eC": -1.0, "P2eD": -1.0, "P1A_U": 53.336, "P1B_U": 48.939, "P1C_U": 112.845, "P1D_U": 110.774, "P2eA_U": 57.981, "P2eB_U": 60.988, "P2eC_U": 66.81, "P2eD_U": 67.78, "P1_mean_max": 1.0, "P1_mean": -1.0, "P2_mean_max": 2.0, "P2_mean": -1.0, "confidence_position": 3.0, "confidence_angle": 0.0, "estimate_hit": false, "target": "ECP:2", "markers": {"A": "M:3", "B": "M:4", "C": "M:8", "D": "M:9"}, "fusion_computed": false, "anatomy": {"basilic vein": -1.0, "brachial artery": -1.0, "brachial vein": -1.0, "cephalic vein": -1.0, "inferior ulnar collateral artery": -1.0, "median antebrachial vein": -1.0, "median cubital vein": -1.0, "median cubital vein 1": -1.0, "middle collateral artery": -1.0, "radial artery": -1.0, "radial collateral artery": -1.0, "radial veins": -1.0, "random artery 1": -1.0, "random artery 2": -1.0, "ulnar artery": -1.0, "ulnar veins": -1.0, "anterior branch of medial antebrachial cutaneous nerve": -1.0, "anterior interosseous nerve of forearm": -1.0, "deep branch of radial nerve": -1.0, "lateral antebrachial cutaneous nerve": -1.0, "median nerve": -1.0, "muscular branches of radial nerve": -1.0, "musculocutaneous nerve": -1.0, "posterior antebrachial cutaneous nerve": -1.0, "posterior branch of medial antebrachial cutaneous nerve": -1.0, "radial nerve": -1.0, "superficial branch of radial nerve": -1.0, "ulnar nerve": -1.0}, "angle_PA_target": -1.0, "distance_P1_PA_target": -1.0, "distance_P1_PA_target_X": -1.0, "distance_P1_PA_target_Y": -1.0, "distance_P1_PA_target_Z": -1.0, "distance_P2_PA_target": -1.0, "distance_P2_PA_target_X": -1.0, "distance_P2_PA_target_Y": -1.0, "distance_P2_PA_target_Z": -1.0, "distance_P2e_PA_target": -1.0, "distance_P2e_PA_target_X": -1.0, "distance_P2e_PA_target_Y": -1.0, "distance_P2e_PA_target_Z": -1.0, "delta_id_PA_target": -1.0}
2024-01-30 16:53:15,180 - [ DEBUG] - PERFORM:	 enter data from fusion 360: 	|{"datatype": "PA", "TEST_id": "05cbe8", "ECP_id": "eb573321", "id": "f4fd865884", "comment": "", "time_init": 1706629354.94, "phase": 1, "ECP_number": 2, "PA_number": 1, "success": true, "PA_D": -1.0, "PA_RPC": 2, "P1A": 51.980000000000004, "P1B": 48.11, "P1C": 111.7, "P1D": 109.03, "P2A": 53.24, "P2B": 52.760000000000005, "P2C": 75.75, "P2D": 74.7, "P1A_F": 51.817, "P1B_F": 48.287, "P1C_F": 111.767, "P1D_F": 108.96, "P2A_F": 53.14, "P2B_F": 52.846, "P2C_F": 75.805, "P2D_F": 74.637, "P2eA": 51.817, "P2eB": 48.287, "P2eC": 111.767, "P2eD": 108.96, "P1A_U": 53.336, "P1B_U": 48.939, "P1C_U": 112.845, "P1D_U": 110.774, "P2eA_U": 57.981, "P2eB_U": 60.988, "P2eC_U": 66.81, "P2eD_U": 67.78, "P1_mean_max": 1.0, "P1_mean": 3, "P2_mean_max": 2.0, "P2_mean": 0.536, "confidence_position": 3.0, "confidence_angle": 0.0, "estimate_hit": false, "target": "ECP:2", "markers": {"A": "M:3", "B": "M:4", "C": "M:8", "D": "M:9"}, "fusion_computed": true, "anatomy": {"basilic vein": 27.822, "brachial artery": 25.806, "brachial vein": 24.533, "cephalic vein": 24.565, "inferior ulnar collateral artery": 28.577, "median antebrachial vein": 65.416, "median cubital vein": 30.899, "median cubital vein 1": 41.315, "middle collateral artery": 8.506, "radial artery": 54.976, "radial collateral artery": 14.882, "radial veins": 67.189, "random artery 1": 19.802, "random artery 2": 55.232, "ulnar artery": 54.976, "ulnar veins": 67.222, "anterior branch of medial antebrachial cutaneous nerve": 33.114, "anterior interosseous nerve of forearm": 52.028, "deep branch of radial nerve": 55.036, "lateral antebrachial cutaneous nerve": 51.887, "median nerve": 34.176, "muscular branches of radial nerve": 9.009, "musculocutaneous nerve": 12.406, "posterior antebrachial cutaneous nerve": 39.233, "posterior branch of medial antebrachial cutaneous nerve": 35.026, "radial nerve": 25.072, "superficial branch of radial nerve": 55.276, "ulnar nerve": 27.688}, "angle_PA_target": 102.67, "distance_P1_PA_target": 79.946, "distance_P1_PA_target_X": 3.777, "distance_P1_PA_target_Y": 60.223, "distance_P1_PA_target_Z": 52.443, "distance_P2_PA_target": 9.647, "distance_P2_PA_target_X": -2.038, "distance_P2_PA_target_Y": 8.25, "distance_P2_PA_target_Z": -4.566, "distance_P2e_PA_target": 58.374, "distance_P2e_PA_target_X": 29.886, "distance_P2e_PA_target_Y": 34.912, "distance_P2e_PA_target_Z": 35.993, "delta_id_PA_target": 39.912}|
2024-01-30 16:53:15,180 - [  INFO] - TECHNICAL:	 ATTENTION: P1 measurement error is above max allowed! Please take measurement again:
2024-01-30 16:54:14,150 - [ DEBUG] - |-- P1M:3 [FLOAT]: 	|52.92|
2024-01-30 16:54:41,063 - [ DEBUG] - |-- P1M:4 [FLOAT]: 	|48.77|
2024-01-30 16:55:08,927 - [ DEBUG] - |-- P1M:8 [FLOAT]: 	|112.96|
2024-01-30 16:55:36,623 - [ DEBUG] - |-- P1M:9 [FLOAT]: 	|109.64|
2024-01-30 16:55:36,635 - [  INFO] - PERFORM:	 test following string on fusion 360 (already copied in clipboard) -> 
{"datatype": "PA", "TEST_id": "05cbe8", "ECP_id": "eb573321", "id": "f4fd865884", "comment": "", "time_init": 1706629354.94, "phase": 1, "ECP_number": 2, "PA_number": 1, "success": true, "PA_D": -1.0, "PA_RPC": 2, "P1A": 52.92, "P1B": 48.77, "P1C": 112.96, "P1D": 109.64, "P2A": 53.24, "P2B": 52.760000000000005, "P2C": 75.75, "P2D": 74.7, "P1A_F": 51.817, "P1B_F": 48.287, "P1C_F": 111.767, "P1D_F": 108.96, "P2A_F": 53.14, "P2B_F": 52.846, "P2C_F": 75.805, "P2D_F": 74.637, "P2eA": 51.817, "P2eB": 48.287, "P2eC": 111.767, "P2eD": 108.96, "P1A_U": 53.336, "P1B_U": 48.939, "P1C_U": 112.845, "P1D_U": 110.774, "P2eA_U": 57.981, "P2eB_U": 60.988, "P2eC_U": 66.81, "P2eD_U": 67.78, "P1_mean_max": 1.0, "P1_mean": 3, "P2_mean_max": 2.0, "P2_mean": 0.536, "confidence_position": 3.0, "confidence_angle": 0.0, "estimate_hit": false, "target": "ECP:2", "markers": {"A": "M:3", "B": "M:4", "C": "M:8", "D": "M:9"}, "fusion_computed": true, "anatomy": {"basilic vein": 27.822, "brachial artery": 25.806, "brachial vein": 24.533, "cephalic vein": 24.565, "inferior ulnar collateral artery": 28.577, "median antebrachial vein": 65.416, "median cubital vein": 30.899, "median cubital vein 1": 41.315, "middle collateral artery": 8.506, "radial artery": 54.976, "radial collateral artery": 14.882, "radial veins": 67.189, "random artery 1": 19.802, "random artery 2": 55.232, "ulnar artery": 54.976, "ulnar veins": 67.222, "anterior branch of medial antebrachial cutaneous nerve": 33.114, "anterior interosseous nerve of forearm": 52.028, "deep branch of radial nerve": 55.036, "lateral antebrachial cutaneous nerve": 51.887, "median nerve": 34.176, "muscular branches of radial nerve": 9.009, "musculocutaneous nerve": 12.406, "posterior antebrachial cutaneous nerve": 39.233, "posterior branch of medial antebrachial cutaneous nerve": 35.026, "radial nerve": 25.072, "superficial branch of radial nerve": 55.276, "ulnar nerve": 27.688}, "angle_PA_target": 102.67, "distance_P1_PA_target": 79.946, "distance_P1_PA_target_X": 3.777, "distance_P1_PA_target_Y": 60.223, "distance_P1_PA_target_Z": 52.443, "distance_P2_PA_target": 9.647, "distance_P2_PA_target_X": -2.038, "distance_P2_PA_target_Y": 8.25, "distance_P2_PA_target_Z": -4.566, "distance_P2e_PA_target": 58.374, "distance_P2e_PA_target_X": 29.886, "distance_P2e_PA_target_Y": 34.912, "distance_P2e_PA_target_Z": 35.993, "delta_id_PA_target": 39.912}
2024-01-30 16:56:35,143 - [ DEBUG] - PERFORM:	 enter data from fusion 360: 	|{"datatype": "PA", "TEST_id": "05cbe8", "ECP_id": "eb573321", "id": "f4fd865884", "comment": "", "time_init": 1706629354.94, "phase": 1, "ECP_number": 2, "PA_number": 1, "success": true, "PA_D": -1.0, "PA_RPC": 2, "P1A": 51.980000000000004, "P1B": 48.11, "P1C": 111.7, "P1D": 109.03, "P2A": 53.24, "P2B": 52.760000000000005, "P2C": 75.75, "P2D": 74.7, "P1A_F": 51.817, "P1B_F": 48.287, "P1C_F": 111.767, "P1D_F": 108.96, "P2A_F": 53.14, "P2B_F": 52.846, "P2C_F": 75.805, "P2D_F": 74.637, "P2eA": 51.817, "P2eB": 48.287, "P2eC": 111.767, "P2eD": 108.96, "P1A_U": 53.336, "P1B_U": 48.939, "P1C_U": 112.845, "P1D_U": 110.774, "P2eA_U": 57.981, "P2eB_U": 60.988, "P2eC_U": 66.81, "P2eD_U": 67.78, "P1_mean_max": 1.0, "P1_mean": 3, "P2_mean_max": 2.0, "P2_mean": 0.536, "confidence_position": 3.0, "confidence_angle": 0.0, "estimate_hit": false, "target": "ECP:2", "markers": {"A": "M:3", "B": "M:4", "C": "M:8", "D": "M:9"}, "fusion_computed": true, "anatomy": {"basilic vein": 27.822, "brachial artery": 25.806, "brachial vein": 24.533, "cephalic vein": 24.565, "inferior ulnar collateral artery": 28.577, "median antebrachial vein": 65.416, "median cubital vein": 30.899, "median cubital vein 1": 41.315, "middle collateral artery": 8.506, "radial artery": 54.976, "radial collateral artery": 14.882, "radial veins": 67.189, "random artery 1": 19.802, "random artery 2": 55.232, "ulnar artery": 54.976, "ulnar veins": 67.222, "anterior branch of medial antebrachial cutaneous nerve": 33.114, "anterior interosseous nerve of forearm": 52.028, "deep branch of radial nerve": 55.036, "lateral antebrachial cutaneous nerve": 51.887, "median nerve": 34.176, "muscular branches of radial nerve": 9.009, "musculocutaneous nerve": 12.406, "posterior antebrachial cutaneous nerve": 39.233, "posterior branch of medial antebrachial cutaneous nerve": 35.026, "radial nerve": 25.072, "superficial branch of radial nerve": 55.276, "ulnar nerve": 27.688}, "angle_PA_target": 102.67, "distance_P1_PA_target": 79.946, "distance_P1_PA_target_X": 3.777, "distance_P1_PA_target_Y": 60.223, "distance_P1_PA_target_Z": 52.443, "distance_P2_PA_target": 9.647, "distance_P2_PA_target_X": -2.038, "distance_P2_PA_target_Y": 8.25, "distance_P2_PA_target_Z": -4.566, "distance_P2e_PA_target": 58.374, "distance_P2e_PA_target_X": 29.886, "distance_P2e_PA_target_Y": 34.912, "distance_P2e_PA_target_Z": 35.993, "delta_id_PA_target": 39.912}|
2024-01-30 16:56:35,143 - [  INFO] - TECHNICAL:	 ATTENTION: P1 measurement error is above max allowed! Please take measurement again:
2024-01-30 16:57:19,482 - [ DEBUG] - |-- P1M:3 [FLOAT]: 	|52.62|
2024-01-30 16:57:56,177 - [ DEBUG] - |-- P1M:4 [FLOAT]: 	|48.75|
2024-01-30 16:58:30,826 - [ DEBUG] - |-- P1M:8 [FLOAT]: 	|112.01|
2024-01-30 16:58:36,010 - [ DEBUG] - |-- P1M:9 [FLOAT]: 	|109.94|
2024-01-30 16:58:36,017 - [  INFO] - PERFORM:	 test following string on fusion 360 (already copied in clipboard) -> 
{"datatype": "PA", "TEST_id": "05cbe8", "ECP_id": "eb573321", "id": "f4fd865884", "comment": "", "time_init": 1706629354.94, "phase": 1, "ECP_number": 2, "PA_number": 1, "success": true, "PA_D": -1.0, "PA_RPC": 2, "P1A": 52.62, "P1B": 48.75, "P1C": 112.01, "P1D": 109.94, "P2A": 53.24, "P2B": 52.760000000000005, "P2C": 75.75, "P2D": 74.7, "P1A_F": 51.817, "P1B_F": 48.287, "P1C_F": 111.767, "P1D_F": 108.96, "P2A_F": 53.14, "P2B_F": 52.846, "P2C_F": 75.805, "P2D_F": 74.637, "P2eA": 51.817, "P2eB": 48.287, "P2eC": 111.767, "P2eD": 108.96, "P1A_U": 53.336, "P1B_U": 48.939, "P1C_U": 112.845, "P1D_U": 110.774, "P2eA_U": 57.981, "P2eB_U": 60.988, "P2eC_U": 66.81, "P2eD_U": 67.78, "P1_mean_max": 1.0, "P1_mean": 3, "P2_mean_max": 2.0, "P2_mean": 0.536, "confidence_position": 3.0, "confidence_angle": 0.0, "estimate_hit": false, "target": "ECP:2", "markers": {"A": "M:3", "B": "M:4", "C": "M:8", "D": "M:9"}, "fusion_computed": true, "anatomy": {"basilic vein": 27.822, "brachial artery": 25.806, "brachial vein": 24.533, "cephalic vein": 24.565, "inferior ulnar collateral artery": 28.577, "median antebrachial vein": 65.416, "median cubital vein": 30.899, "median cubital vein 1": 41.315, "middle collateral artery": 8.506, "radial artery": 54.976, "radial collateral artery": 14.882, "radial veins": 67.189, "random artery 1": 19.802, "random artery 2": 55.232, "ulnar artery": 54.976, "ulnar veins": 67.222, "anterior branch of medial antebrachial cutaneous nerve": 33.114, "anterior interosseous nerve of forearm": 52.028, "deep branch of radial nerve": 55.036, "lateral antebrachial cutaneous nerve": 51.887, "median nerve": 34.176, "muscular branches of radial nerve": 9.009, "musculocutaneous nerve": 12.406, "posterior antebrachial cutaneous nerve": 39.233, "posterior branch of medial antebrachial cutaneous nerve": 35.026, "radial nerve": 25.072, "superficial branch of radial nerve": 55.276, "ulnar nerve": 27.688}, "angle_PA_target": 102.67, "distance_P1_PA_target": 79.946, "distance_P1_PA_target_X": 3.777, "distance_P1_PA_target_Y": 60.223, "distance_P1_PA_target_Z": 52.443, "distance_P2_PA_target": 9.647, "distance_P2_PA_target_X": -2.038, "distance_P2_PA_target_Y": 8.25, "distance_P2_PA_target_Z": -4.566, "distance_P2e_PA_target": 58.374, "distance_P2e_PA_target_X": 29.886, "distance_P2e_PA_target_Y": 34.912, "distance_P2e_PA_target_Z": 35.993, "delta_id_PA_target": 39.912}
2024-01-30 16:59:10,894 - [ DEBUG] - PERFORM:	 enter data from fusion 360: 	|{"datatype": "PA", "TEST_id": "05cbe8", "ECP_id": "eb573321", "id": "f4fd865884", "comment": "", "time_init": 1706629354.94, "phase": 1, "ECP_number": 2, "PA_number": 1, "success": true, "PA_D": -1.0, "PA_RPC": 2, "P1A": 52.62, "P1B": 48.75, "P1C": 112.01, "P1D": 109.94, "P2A": 53.24, "P2B": 52.760000000000005, "P2C": 75.75, "P2D": 74.7, "P1A_F": 52.742, "P1B_F": 48.62, "P1C_F": 111.958, "P1D_F": 109.992, "P2A_F": 53.14, "P2B_F": 52.846, "P2C_F": 75.805, "P2D_F": 74.637, "P2eA": 52.214, "P2eB": 51.713, "P2eC": 77.584, "P2eD": 76.351, "P1A_U": 53.336, "P1B_U": 48.939, "P1C_U": 112.845, "P1D_U": 110.774, "P2eA_U": 57.981, "P2eB_U": 60.988, "P2eC_U": 66.81, "P2eD_U": 67.78, "P1_mean_max": 1.0, "P1_mean": 0.349, "P2_mean_max": 2.0, "P2_mean": 0.536, "confidence_position": 3.0, "confidence_angle": 0.0, "estimate_hit": false, "target": "ECP:2", "markers": {"A": "M:3", "B": "M:4", "C": "M:8", "D": "M:9"}, "fusion_computed": true, "anatomy": {"basilic vein": 31.621, "brachial artery": 18.317, "brachial vein": 8.714, "cephalic vein": 25.466, "inferior ulnar collateral artery": 11.032, "median antebrachial vein": 31.966, "median cubital vein": 30.849, "median cubital vein 1": 18.025, "middle collateral artery": 15.286, "radial artery": 11.455, "radial collateral artery": 26.571, "radial veins": 9.142, "random artery 1": 12.63, "random artery 2": 14.459, "ulnar artery": 7.617, "ulnar veins": 9.182, "anterior branch of medial antebrachial cutaneous nerve": 26.583, "anterior interosseous nerve of forearm": 7.011, "deep branch of radial nerve": 19.587, "lateral antebrachial cutaneous nerve": 16.345, "median nerve": 9.916, "muscular branches of radial nerve": 21.217, "musculocutaneous nerve": 18.501, "posterior antebrachial cutaneous nerve": 34.352, "posterior branch of medial antebrachial cutaneous nerve": 30.257, "radial nerve": 21.42, "superficial branch of radial nerve": 19.006, "ulnar nerve": 24.836}, "angle_PA_target": 7.795, "distance_P1_PA_target": 14.07, "distance_P1_PA_target_X": -1.445, "distance_P1_PA_target_Y": 8.655, "distance_P1_PA_target_Z": -10.999, "distance_P2_PA_target": 9.647, "distance_P2_PA_target_X": -2.038, "distance_P2_PA_target_Y": 8.25, "distance_P2_PA_target_Z": -4.566, "distance_P2e_PA_target": 9.037, "distance_P2e_PA_target_X": -0.59, "distance_P2e_PA_target_Y": 6.899, "distance_P2e_PA_target_Z": -5.807, "delta_id_PA_target": -0.844}|
2024-01-30 16:59:12,731 - [ DEBUG] - TECHNICAL:	 want to remeasure P1? [Y/N]: 	|n|
2024-01-30 16:59:13,929 - [ DEBUG] - TECHNICAL:	 want to remeasure P2? [Y/N]: 	|n|
2024-01-30 16:59:16,692 - [ DEBUG] - TECHNICAL:	 comment on PA (f4fd865884) [STRING]: 	||
2024-01-30 16:59:16,692 - [  INFO] - PA2.1 FINISHED!
2024-01-30 16:59:16,692 - [  INFO] - DATA COLLECTION - ECP2 - (eb573321)
2024-01-30 16:59:25,597 - [ DEBUG] - |-- ease of placement [0 difficult - 5 easy]: 	|3|
2024-01-30 16:59:25,598 - [  INFO] - ########################
2024-01-30 16:59:25,599 - [  INFO] - ECP3 START! (5f5d2dc7)
2024-01-30 16:59:25,600 - [  INFO] - ------------------------
2024-01-30 16:59:25,601 - [  INFO] - PA3.1 START! (2f4e455712)
2024-01-30 16:59:39,044 - [ DEBUG] - PERFORM:	 reset x-ray machine [ENTER when done]: 	||
2024-01-30 17:00:19,632 - [ DEBUG] - PERFORM:	 give instruction to insert k-wire [ENTER when instruction given]: 	||
2024-01-30 17:01:36,147 - [ DEBUG] - CANDIDATE:	 inserting k-wire... -> checks it and declares it failed [f] or successful [s]: 	|s|
2024-01-30 17:01:36,147 - [  INFO] - \_candidate has performed SUCCESSFUL positioning attempt!
2024-01-30 17:01:36,147 - [  INFO] - DATA COLLECTION - PA3.1 - (2f4e455712)
2024-01-30 17:01:43,877 - [ DEBUG] - |-- RADIATION picture count       [INT]  : 	|0|
2024-01-30 17:06:18,359 - [ DEBUG] - |-- P1M:2 [FLOAT]: 	|109.15|
2024-01-30 17:07:50,758 - [ DEBUG] - |-- P1M:3 [FLOAT]: 	|101.87|
2024-01-30 17:08:04,500 - [ DEBUG] - |-- P1M:7 [FLOAT]: 	|63.03|
2024-01-30 17:08:45,889 - [ DEBUG] - |-- P1M:8 [FLOAT]: 	|50.44|
2024-01-30 17:09:12,371 - [ DEBUG] - |-- P2M:2 [FLOAT]: 	|70.83|
2024-01-30 17:09:33,262 - [ DEBUG] - |-- P2M:3 [FLOAT]: 	|62.20|
2024-01-30 17:09:55,901 - [ DEBUG] - |-- P2M:7 [FLOAT]: 	|71.07|
2024-01-30 17:10:10,910 - [ DEBUG] - |-- P2M:8 [FLOAT]: 	|64.52|
2024-01-30 17:11:32,558 - [ DEBUG] - |-- P1M:2 virtual [FLOAT]: 	|110.283|
2024-01-30 17:11:32,559 - [ DEBUG] - |-- P1M:3 virtual [FLOAT]: 	|102.256|
2024-01-30 17:11:32,560 - [ DEBUG] - |-- P1M:7 virtual [FLOAT]: 	|65.631|
2024-01-30 17:11:32,561 - [ DEBUG] - |-- P1M:8 virtual [FLOAT]: 	|51.741|
2024-01-30 17:11:32,561 - [ DEBUG] - |-- P2M:2 virtual [FLOAT]: 	|63.934|
2024-01-30 17:11:32,562 - [ DEBUG] - |-- P2M:3 virtual [FLOAT]: 	|53.896|
2024-01-30 17:11:32,575 - [ DEBUG] - |-- P2M:7 virtual [FLOAT]: 	|78.324|
2024-01-30 17:11:33,308 - [ DEBUG] - |-- P2M:8 virtual [FLOAT]: 	|69.327|
2024-01-30 17:11:46,557 - [ DEBUG] - |-- CANDIDATE: confidence on entrance position in mm? [FLOAT]: 	|0|
2024-01-30 17:11:53,181 - [ DEBUG] - |-- CANDIDATE: confidence on angle in deg? [FLOAT]:            	|4|
2024-01-30 17:11:59,306 - [ DEBUG] - |-- CANDIDATE: estimate structures hit [Y/N]?:                 	|n|
2024-01-30 17:12:02,110 - [ DEBUG] - TECHNICAL:	 is data entered correct? [Y/N]: 	|y|
2024-01-30 17:12:02,118 - [  INFO] - PERFORM:	 test following string on fusion 360 (already copied in clipboard) -> 
{"datatype": "PA", "TEST_id": "05cbe8", "ECP_id": "5f5d2dc7", "id": "2f4e455712", "comment": "", "time_init": 1706630419.63, "phase": 1, "ECP_number": 3, "PA_number": 1, "success": true, "PA_D": -1.0, "PA_RPC": 0, "P1A": 108.35000000000001, "P1B": 101.07000000000001, "P1C": 62.230000000000004, "P1D": 49.64, "P2A": 70.03, "P2B": 61.400000000000006, "P2C": 70.27, "P2D": 63.72, "P1A_F": -1.0, "P1B_F": -1.0, "P1C_F": -1.0, "P1D_F": -1.0, "P2A_F": -1.0, "P2B_F": -1.0, "P2C_F": -1.0, "P2D_F": -1.0, "P2eA": -1.0, "P2eB": -1.0, "P2eC": -1.0, "P2eD": -1.0, "P1A_U": 110.283, "P1B_U": 102.256, "P1C_U": 65.631, "P1D_U": 51.741, "P2eA_U": 63.934, "P2eB_U": 53.896, "P2eC_U": 78.324, "P2eD_U": 69.327, "P1_mean_max": 1.0, "P1_mean": -1.0, "P2_mean_max": 2.0, "P2_mean": -1.0, "confidence_position": 0.0, "confidence_angle": 4.0, "estimate_hit": false, "target": "ECP:3", "markers": {"A": "M:2", "B": "M:3", "C": "M:7", "D": "M:8"}, "fusion_computed": false, "anatomy": {"basilic vein": -1.0, "brachial artery": -1.0, "brachial vein": -1.0, "cephalic vein": -1.0, "inferior ulnar collateral artery": -1.0, "median antebrachial vein": -1.0, "median cubital vein": -1.0, "median cubital vein 1": -1.0, "middle collateral artery": -1.0, "radial artery": -1.0, "radial collateral artery": -1.0, "radial veins": -1.0, "random artery 1": -1.0, "random artery 2": -1.0, "ulnar artery": -1.0, "ulnar veins": -1.0, "anterior branch of medial antebrachial cutaneous nerve": -1.0, "anterior interosseous nerve of forearm": -1.0, "deep branch of radial nerve": -1.0, "lateral antebrachial cutaneous nerve": -1.0, "median nerve": -1.0, "muscular branches of radial nerve": -1.0, "musculocutaneous nerve": -1.0, "posterior antebrachial cutaneous nerve": -1.0, "posterior branch of medial antebrachial cutaneous nerve": -1.0, "radial nerve": -1.0, "superficial branch of radial nerve": -1.0, "ulnar nerve": -1.0}, "angle_PA_target": -1.0, "distance_P1_PA_target": -1.0, "distance_P1_PA_target_X": -1.0, "distance_P1_PA_target_Y": -1.0, "distance_P1_PA_target_Z": -1.0, "distance_P2_PA_target": -1.0, "distance_P2_PA_target_X": -1.0, "distance_P2_PA_target_Y": -1.0, "distance_P2_PA_target_Z": -1.0, "distance_P2e_PA_target": -1.0, "distance_P2e_PA_target_X": -1.0, "distance_P2e_PA_target_Y": -1.0, "distance_P2e_PA_target_Z": -1.0, "delta_id_PA_target": -1.0}
2024-01-30 17:12:51,496 - [ DEBUG] - PERFORM:	 enter data from fusion 360: 	|{"datatype": "PA", "TEST_id": "05cbe8", "ECP_id": "5f5d2dc7", "id": "2f4e455712", "comment": "", "time_init": 1706630419.63, "phase": 1, "ECP_number": 3, "PA_number": 1, "success": true, "PA_D": -1.0, "PA_RPC": 0, "P1A": 108.35000000000001, "P1B": 101.07000000000001, "P1C": 62.230000000000004, "P1D": 49.64, "P2A": 70.03, "P2B": 61.400000000000006, "P2C": 70.27, "P2D": 63.72, "P1A_F": 108.257, "P1B_F": 101.167, "P1C_F": 62.375, "P1D_F": 49.435, "P2A_F": 68.82, "P2B_F": 61.721, "P2C_F": 70.607, "P2D_F": 62.43, "P2eA": 77.369, "P2eB": 70.144, "P2eC": 64.977, "P2eD": 55.179, "P1A_U": 110.283, "P1B_U": 102.256, "P1C_U": 65.631, "P1D_U": 51.741, "P2eA_U": 63.934, "P2eB_U": 53.896, "P2eC_U": 78.324, "P2eD_U": 69.327, "P1_mean_max": 1.0, "P1_mean": 0.487, "P2_mean_max": 2.0, "P2_mean": -3.995, "confidence_position": 0.0, "confidence_angle": 4.0, "estimate_hit": false, "target": "ECP:3", "markers": {"A": "M:2", "B": "M:3", "C": "M:7", "D": "M:8"}, "fusion_computed": true, "anatomy": {"basilic vein": 17.897, "brachial artery": 23.907, "brachial vein": 20.377, "cephalic vein": 27.949, "inferior ulnar collateral artery": 19.14, "median antebrachial vein": 23.133, "median cubital vein": 19.394, "median cubital vein 1": 29.263, "middle collateral artery": 8.368, "radial artery": 38.968, "radial collateral artery": 11.487, "radial veins": 49.893, "random artery 1": 6.537, "random artery 2": 26.064, "ulnar artery": 38.968, "ulnar veins": 49.897, "anterior branch of medial antebrachial cutaneous nerve": 26.548, "anterior interosseous nerve of forearm": 32.452, "deep branch of radial nerve": 43.77, "lateral antebrachial cutaneous nerve": 36.213, "median nerve": 23.379, "muscular branches of radial nerve": 11.248, "musculocutaneous nerve": 19.469, "posterior antebrachial cutaneous nerve": 36.225, "posterior branch of medial antebrachial cutaneous nerve": 0.0, "radial nerve": 27.223, "superficial branch of radial nerve": 43.8, "ulnar nerve": 5.938}, "angle_PA_target": 4.724, "distance_P1_PA_target": 5.536, "distance_P1_PA_target_X": 0.251, "distance_P1_PA_target_Y": 2.39, "distance_P1_PA_target_Z": 4.987, "distance_P2_PA_target": 9.507, "distance_P2_PA_target_X": 3.232, "distance_P2_PA_target_Y": -3.39, "distance_P2_PA_target_Z": 8.273, "distance_P2e_PA_target": 5.221, "distance_P2e_PA_target_X": -5.034, "distance_P2e_PA_target_Y": 1.368, "distance_P2e_PA_target_Z": -0.205, "delta_id_PA_target": 6.645}|
2024-01-30 17:12:57,981 - [ DEBUG] - TECHNICAL:	 want to remeasure P1? [Y/N]: 	|n|
2024-01-30 17:12:59,079 - [ DEBUG] - TECHNICAL:	 want to remeasure P2? [Y/N]: 	|n|
2024-01-30 17:13:02,391 - [ DEBUG] - TECHNICAL:	 comment on PA (2f4e455712) [STRING]: 	||
2024-01-30 17:13:02,391 - [  INFO] - PA3.1 FINISHED!
2024-01-30 17:13:02,391 - [  INFO] - DATA COLLECTION - ECP3 - (5f5d2dc7)
2024-01-30 17:13:15,254 - [ DEBUG] - |-- ease of placement [0 difficult - 5 easy]: 	|4|
2024-01-30 17:13:15,254 - [  INFO] - DATA COLLECTION - TEST - (05cbe8)
2024-01-30 17:13:42,991 - [ DEBUG] - |-- realism xray    [-1 : 5]:            	|5|
2024-01-30 17:14:19,519 - [ DEBUG] - |-- realism AR      [-1 : 5]:            	|5|
2024-01-30 17:14:56,955 - [ DEBUG] - |-- realism phantom [-1 : 5]:            	|5|
2024-01-30 17:14:57,972 - [ DEBUG] - |-- simulation quality xray    [-1 : 5]: 	|5|
2024-01-30 17:14:59,774 - [ DEBUG] - |-- simulation quality AR      [-1 : 5]: 	|5|
2024-01-30 17:15:00,840 - [ DEBUG] - |-- simulation quality phantom [-1 : 5]: 	|5|
2024-01-30 17:15:04,016 - [ DEBUG] - |-- comfort xray [-1 : 5]:               	|5|
2024-01-30 17:15:17,696 - [ DEBUG] - |-- comfort ar   [-1 : 5]:               	|4|
2024-01-30 17:15:19,230 - [ DEBUG] - TECHNICAL:	 comment on TEST (05cbe8) [STRING]: 	||
2024-01-30 17:15:19,240 - [  INFO] - SAVED ON DATABASE!
2024-01-30 17:15:19,241 - [  INFO] - bye!
