2024-02-12 16:22:11,036 - [  INFO] - flags: []
2024-02-12 16:22:11,036 - [  INFO] - # POSITIONING PHASE COMPANION (v1.26)
2024-02-12 16:22:11,036 - [  INFO] - # What a beautiful day to stick some anti-pigeon spikes into plastic!
2024-02-12 16:22:11,038 - [  INFO] - # BEGIN POSITIONING PHASE FOR A CANDIDATE, ONE SINGLE PHASE (6513eb)
2024-02-12 16:22:11,038 - [  INFO] - # 2024/02/12 - 16:22:11
2024-02-12 16:22:11,039 - [  INFO] - DATA COLLECTION - PHASE - (6513eb)
2024-02-12 16:22:15,413 - [ DEBUG] - |-- phase      [INTEGER]:           	|2|
2024-02-12 16:22:17,257 - [ DEBUG] - |-- phantom id [STRING]:            	|03|
2024-02-12 16:22:18,775 - [ DEBUG] - |-- country origin [STRING]:        	|italy|
2024-02-12 16:22:19,802 - [ DEBUG] - |-- country    [STRING]:            	|italy|
2024-02-12 16:22:22,500 - [ DEBUG] - |-- city       [STRING]:            	|turin|
2024-02-12 16:22:27,949 - [ DEBUG] - |-- institute  [STRING]:            	|unito|
2024-02-12 16:22:30,205 - [ DEBUG] - |-- name [STRING]:                  	|olga anna|
2024-02-12 16:22:45,995 - [ DEBUG] - |-- surname [STRING]:               	|furchi|
2024-02-12 16:22:48,597 - [ DEBUG] - |-- gender                          	|f|
2024-02-12 16:22:59,698 - [ DEBUG] - |-- right-handed [Y/N]:             	|y|
2024-02-12 16:23:05,985 - [ DEBUG] - |-- age [INTEGER]:                  	|31|
2024-02-12 16:23:10,115 - [ DEBUG] - |-- career:   	|st|
2024-02-12 16:23:14,168 - [ DEBUG] - |-- medsurg year        [-1 : 6]:   	|6|
2024-02-12 16:23:16,556 - [ DEBUG] - |-- specialization year [-1 : 5]:   	|-1|
2024-02-12 16:23:20,054 - [ DEBUG] - |-- surgeon year        [-1 : 100]: 	|-1|
2024-02-12 16:23:31,161 - [ DEBUG] - |-- exp operation count [INTEGER]:  	|0|
2024-02-12 16:23:32,415 - [ DEBUG] - |-- glasses [Y/N]:                  	|y|
2024-02-12 16:23:40,679 - [ DEBUG] - |-- glasses type [None [] / Myopia (Nearsightedness) [M] / Hyperopia (Farsightedness) [H] / Astigmatism [AS] / Presbyopia [P] / Strabismus [S] / Amblyopia (Lazy Eye) [AM] / Cataract [C]: 	|m|
2024-02-12 16:23:47,296 - [ DEBUG] - |-- glasses power [-1 : 100]         |-- glasses power [-1 : 100]        	|5|
2024-02-12 16:23:51,247 - [ DEBUG] - |-- exp Virtual Reality   [0 : 5]:  	|0|
2024-02-12 16:23:52,314 - [ DEBUG] - |-- exp Augmented Reality [0 : 5]:  	|0|
2024-02-12 16:23:56,879 - [ DEBUG] - |-- exp 3D editors        [0 : 5]:  	|2|
2024-02-12 16:24:09,933 - [ DEBUG] - TECHNICAL:	 is data entered correct? [Y/N]: 	|y|
2024-02-12 16:24:09,934 - [  INFO] - ########################
2024-02-12 16:24:09,934 - [  INFO] - ECP1 START! (ea432378)
2024-02-12 16:24:09,935 - [  INFO] - ------------------------
2024-02-12 16:24:09,936 - [  INFO] - PA1.1 START! (6c6ea17a3d)
2024-02-12 16:24:12,483 - [ DEBUG] - PERFORM:	 reset x-ray machine [ENTER when done]: 	||
2024-02-12 16:29:12,135 - [ DEBUG] - PERFORM:	 give instruction to insert k-wire [ENTER when instruction given]: 	||
2024-02-12 16:32:04,488 - [ DEBUG] - CANDIDATE:	 inserting k-wire... -> checks it and declares it Failed or Successful (Restart timer)	|s|
2024-02-12 16:32:04,488 - [  INFO] - \_candidate has performed SUCCESSFUL positioning attempt!
2024-02-12 16:32:04,488 - [  INFO] - DATA COLLECTION - PA1.1 - (6c6ea17a3d)
2024-02-12 16:33:36,202 - [ DEBUG] - |-- CANDIDATE: entrance point distance from entrance point target? [FLOAT]:  |-- CANDIDATE: entrance point distance from entrance point target? [FLOAT]: 	|2|
2024-02-12 16:33:40,434 - [ DEBUG] - |-- CANDIDATE: confidence on angle in deg? [FLOAT]:                          |-- CANDIDATE: confidence on angle in deg? [FLOAT]:                         	|7|
2024-02-12 16:33:48,267 - [ DEBUG] - |-- CANDIDATE: estimate structures hit [Y/N]?:                              	|y|
2024-02-12 16:33:54,893 - [ DEBUG] - |-- RADIATION picture count [INT] : 	|4|
2024-02-12 16:33:57,809 - [ DEBUG] - |-- P from unity	|12|
2024-02-12 16:34:08,184 - [ DEBUG] - |-- P1M:2 [FLOAT]:  |-- P1M:2 [FLOAT]: 	|80.325|
2024-02-12 16:34:08,185 - [ DEBUG] - |-- P1M:3 [FLOAT]:  |-- P1M:3 [FLOAT]: 	|60.940|
2024-02-12 16:34:08,186 - [ DEBUG] - |-- P1M:7 [FLOAT]:  |-- P1M:7 [FLOAT]: 	|107.816|
2024-02-12 16:34:08,187 - [ DEBUG] - |-- P1M:8 [FLOAT]:  |-- P1M:8 [FLOAT]: 	|96.270|
2024-02-12 16:34:08,187 - [ DEBUG] - |-- P2M:2 [FLOAT]:  |-- P2M:2 [FLOAT]: 	|61.455|
2024-02-12 16:34:08,188 - [ DEBUG] - |-- P2M:3 [FLOAT]:  |-- P2M:3 [FLOAT]: 	|48.317|
2024-02-12 16:34:08,189 - [ DEBUG] - |-- P2M:7 [FLOAT]:  |-- P2M:7 [FLOAT]: 	|85.450|
2024-02-12 16:34:08,928 - [ DEBUG] - |-- P2M:8 [FLOAT]:  |-- P2M:8 [FLOAT]: 	|75.482|
2024-02-12 16:34:10,626 - [ DEBUG] - |-- P1M:2 virtual [FLOAT]:  |-- P1M:2 virtual [FLOAT]: 	|80.325|
2024-02-12 16:34:10,640 - [ DEBUG] - |-- P1M:3 virtual [FLOAT]:  |-- P1M:3 virtual [FLOAT]: 	|60.940|
2024-02-12 16:34:10,641 - [ DEBUG] - |-- P1M:7 virtual [FLOAT]:  |-- P1M:7 virtual [FLOAT]: 	|107.816|
2024-02-12 16:34:10,642 - [ DEBUG] - |-- P1M:8 virtual [FLOAT]:  |-- P1M:8 virtual [FLOAT]: 	|96.270|
2024-02-12 16:34:10,643 - [ DEBUG] - |-- P2M:2 virtual [FLOAT]:  |-- P2M:2 virtual [FLOAT]: 	|61.455|
2024-02-12 16:34:10,643 - [ DEBUG] - |-- P2M:3 virtual [FLOAT]:  |-- P2M:3 virtual [FLOAT]: 	|48.317|
2024-02-12 16:34:10,644 - [ DEBUG] - |-- P2M:7 virtual [FLOAT]:  |-- P2M:7 virtual [FLOAT]: 	|85.450|
2024-02-12 16:34:11,439 - [ DEBUG] - |-- P2M:8 virtual [FLOAT]:  |-- P2M:8 virtual [FLOAT]: 	|75.482|
2024-02-12 16:34:15,172 - [ DEBUG] - TECHNICAL:	 is data entered correct? [Y/N]: 	|y|
2024-02-12 16:34:15,177 - [  INFO] - PERFORM:	 test following string on fusion 360 (already copied in clipboard) -> 
{"datatype": "PA", "PHASE_id": "6513eb", "ECP_id": "ea432378", "id": "6c6ea17a3d", "comment": "", "time_init": 1707751752.14, "phase": 2, "ECP_number": 1, "PA_number": 1, "success": true, "entered_articulation": -1, "PA_D": -1.0, "PA_RPC": 4, "values_from_unity": "12", "P1A": 80.325, "P1B": 60.94, "P1C": 107.816, "P1D": 96.27, "P2A": 61.455, "P2B": 48.317, "P2C": 85.45, "P2D": 75.482, "P1A_F": -1.0, "P1B_F": -1.0, "P1C_F": -1.0, "P1D_F": -1.0, "P2A_F": -1.0, "P2B_F": -1.0, "P2C_F": -1.0, "P2D_F": -1.0, "P2eA": -1.0, "P2eB": -1.0, "P2eC": -1.0, "P2eD": -1.0, "P1A_U": 80.325, "P1B_U": 60.94, "P1C_U": 107.816, "P1D_U": 96.27, "P2eA_U": 61.455, "P2eB_U": 48.317, "P2eC_U": 85.45, "P2eD_U": 75.482, "P1_mean_max": 1.0, "P1_mean": -1.0, "P2_mean_max": 2.0, "P2_mean": -1.0, "confidence_position": 2.0, "confidence_angle": 7.0, "estimate_hit": true, "target": "ECP:1", "markers": {"A": "M:2", "B": "M:3", "C": "M:7", "D": "M:8"}, "fusion_computed": false, "anatomy": {"basilic vein": -1.0, "brachial artery": -1.0, "brachial vein": -1.0, "cephalic vein": -1.0, "inferior ulnar collateral artery": -1.0, "median antebrachial vein": -1.0, "median cubital vein": -1.0, "median cubital vein 1": -1.0, "middle collateral artery": -1.0, "radial artery": -1.0, "radial collateral artery": -1.0, "radial veins": -1.0, "random artery 1": -1.0, "random artery 2": -1.0, "ulnar artery": -1.0, "ulnar veins": -1.0, "anterior branch of medial antebrachial cutaneous nerve": -1.0, "anterior interosseous nerve of forearm": -1.0, "deep branch of radial nerve": -1.0, "lateral antebrachial cutaneous nerve": -1.0, "median nerve": -1.0, "muscular branches of radial nerve": -1.0, "musculocutaneous nerve": -1.0, "posterior antebrachial cutaneous nerve": -1.0, "posterior branch of medial antebrachial cutaneous nerve": -1.0, "radial nerve": -1.0, "superficial branch of radial nerve": -1.0, "ulnar nerve": -1.0}, "angle_PA_target": -1.0, "distance_P1_PA_target": -1.0, "distance_P1_PA_target_X": -1.0, "distance_P1_PA_target_Y": -1.0, "distance_P1_PA_target_Z": -1.0, "distance_P2_PA_target": -1.0, "distance_P2_PA_target_X": -1.0, "distance_P2_PA_target_Y": -1.0, "distance_P2_PA_target_Z": -1.0, "distance_P2e_PA_target": -1.0, "distance_P2e_PA_target_X": -1.0, "distance_P2e_PA_target_Y": -1.0, "distance_P2e_PA_target_Z": -1.0, "delta_id_PA_target": -1.0}
2024-02-12 16:34:54,216 - [ DEBUG] - PERFORM:	 enter data from fusion 360: 	|{"datatype": "PA", "PHASE_id": "6513eb", "ECP_id": "ea432378", "id": "6c6ea17a3d", "comment": "", "time_init": 1707751752.14, "phase": 2, "ECP_number": 1, "PA_number": 1, "success": true, "entered_articulation": -1, "PA_D": -1.0, "PA_RPC": 4, "values_from_unity": "12", "P1A": 80.325, "P1B": 60.94, "P1C": 107.816, "P1D": 96.27, "P2A": 61.455, "P2B": 48.317, "P2C": 85.45, "P2D": 75.482, "P1A_F": 80.325, "P1B_F": 60.94, "P1C_F": 107.816, "P1D_F": 96.27, "P2A_F": 61.455, "P2B_F": 48.317, "P2C_F": 85.45, "P2D_F": 75.482, "P2eA": 61.212, "P2eB": 44.86, "P2eC": 87.427, "P2eD": 76.613, "P1A_U": 80.325, "P1B_U": 60.94, "P1C_U": 107.816, "P1D_U": 96.27, "P2eA_U": 61.455, "P2eB_U": 48.317, "P2eC_U": 85.45, "P2eD_U": 75.482, "P1_mean_max": 1.0, "P1_mean": 0.001, "P2_mean_max": 2.0, "P2_mean": 0.0, "confidence_position": 2.0, "confidence_angle": 7.0, "estimate_hit": true, "target": "ECP:1", "markers": {"A": "M:2", "B": "M:3", "C": "M:7", "D": "M:8"}, "fusion_computed": true, "anatomy": {"basilic vein": 23.27, "brachial artery": 26.624, "brachial vein": 23.585, "cephalic vein": 30.968, "inferior ulnar collateral artery": 27.994, "median antebrachial vein": 45.3, "median cubital vein": 25.084, "median cubital vein 1": 30.591, "middle collateral artery": 7.253, "radial artery": 36.201, "radial collateral artery": 12.429, "radial veins": 46.794, "random artery 1": 0.233, "random artery 2": 40.512, "ulnar artery": 36.201, "ulnar veins": 46.83, "anterior branch of medial antebrachial cutaneous nerve": 31.932, "anterior interosseous nerve of forearm": 35.074, "deep branch of radial nerve": 33.819, "lateral antebrachial cutaneous nerve": 33.228, "median nerve": 28.583, "muscular branches of radial nerve": 8.187, "musculocutaneous nerve": 24.283, "posterior antebrachial cutaneous nerve": 24.165, "posterior branch of medial antebrachial cutaneous nerve": 10.779, "radial nerve": 25.896, "superficial branch of radial nerve": 34.116, "ulnar nerve": 0.0}, "angle_PA_target": 4.218, "distance_P1_PA_target": 9.446, "distance_P1_PA_target_X": 1.499, "distance_P1_PA_target_Y": -9.324, "distance_P1_PA_target_Z": -0.224, "distance_P2_PA_target": 18.728, "distance_P2_PA_target_X": 3.141, "distance_P2_PA_target_Y": -14.731, "distance_P2_PA_target_Z": 11.129, "distance_P2e_PA_target": 10.589, "distance_P2e_PA_target_X": 5.208, "distance_P2e_PA_target_Y": -9.156, "distance_P2e_PA_target_Z": -1.078, "delta_id_PA_target": 1.531}|
2024-02-12 16:34:55,356 - [ DEBUG] - TECHNICAL:	 want to remeasure P1 and/or P2? [Y/N]: 	|n|
2024-02-12 16:34:56,789 - [ DEBUG] - |-- ENTERED ARTICULATION [-1 / 0 (not entered) / 1 (entered)] : 	|0|
2024-02-12 16:34:57,721 - [ DEBUG] - TECHNICAL:	 comment on PA (6c6ea17a3d) [STRING]: 	||
2024-02-12 16:34:58,936 - [ DEBUG] - TECHNICAL:	 remove kwire from phanotm [ENTER when done]: 	||
2024-02-12 16:34:58,937 - [  INFO] - PA1.1 FINISHED!
2024-02-12 16:34:58,937 - [  INFO] - DATA COLLECTION - ECP1 - (ea432378)
2024-02-12 16:35:24,504 - [ DEBUG] - |-- ease of placement [0 difficult - 5 easy]: 	|4|
2024-02-12 16:35:24,505 - [  INFO] - ########################
2024-02-12 16:35:24,506 - [  INFO] - ECP2 START! (76528687)
2024-02-12 16:35:24,507 - [  INFO] - ------------------------
2024-02-12 16:35:24,508 - [  INFO] - PA2.1 START! (83dc0c013a)
2024-02-12 16:35:25,300 - [ DEBUG] - PERFORM:	 reset x-ray machine [ENTER when done]: 	||
2024-02-12 16:36:30,906 - [ DEBUG] - PERFORM:	 give instruction to insert k-wire [ENTER when instruction given]: 	||
2024-02-12 16:37:22,692 - [ DEBUG] - CANDIDATE:	 inserting k-wire... -> checks it and declares it Failed or Successful (Restart timer)	|r|
2024-02-12 16:37:22,692 - [  INFO] - \_restart timer!
2024-02-12 16:37:47,085 - [ DEBUG] - CANDIDATE:	 inserting k-wire... -> checks it and declares it Failed or Successful (Restart timer)	|r|
2024-02-12 16:37:47,085 - [  INFO] - \_restart timer!
2024-02-12 16:40:11,197 - [ DEBUG] - CANDIDATE:	 inserting k-wire... -> checks it and declares it Failed or Successful (Restart timer)	|r|
2024-02-12 16:40:11,197 - [  INFO] - \_restart timer!
2024-02-12 16:42:36,184 - [ DEBUG] - CANDIDATE:	 inserting k-wire... -> checks it and declares it Failed or Successful (Restart timer)	|s|
2024-02-12 16:42:36,184 - [  INFO] - \_candidate has performed SUCCESSFUL positioning attempt!
2024-02-12 16:42:36,184 - [  INFO] - DATA COLLECTION - PA2.1 - (83dc0c013a)
2024-02-12 16:43:05,469 - [ DEBUG] - |-- CANDIDATE: entrance point distance from entrance point target? [FLOAT]:  |-- CANDIDATE: entrance point distance from entrance point target? [FLOAT]: 	|1|
2024-02-12 16:43:08,874 - [ DEBUG] - |-- CANDIDATE: confidence on angle in deg? [FLOAT]:                          |-- CANDIDATE: confidence on angle in deg? [FLOAT]:                         	|5|
2024-02-12 16:43:13,130 - [ DEBUG] - |-- CANDIDATE: estimate structures hit [Y/N]?:                              	|n|
2024-02-12 16:43:16,807 - [ DEBUG] - |-- RADIATION picture count [INT] : 	|3|
2024-02-12 16:43:18,281 - [ DEBUG] - |-- P from unity	|12|
2024-02-12 16:44:17,849 - [ DEBUG] - |-- P1M:3 [FLOAT]:  |-- P1M:3 [FLOAT]: 	|61.682|
2024-02-12 16:44:17,850 - [ DEBUG] - |-- P1M:4 [FLOAT]:  |-- P1M:4 [FLOAT]: 	|41.850|
2024-02-12 16:44:17,856 - [ DEBUG] - |-- P1M:8 [FLOAT]:  |-- P1M:8 [FLOAT]: 	|114.273|
2024-02-12 16:44:17,857 - [ DEBUG] - |-- P1M:9 [FLOAT]:  |-- P1M:9 [FLOAT]: 	|105.588|
2024-02-12 16:44:17,868 - [ DEBUG] - |-- P2M:3 [FLOAT]:  |-- P2M:3 [FLOAT]: 	|59.953|
2024-02-12 16:44:17,869 - [ DEBUG] - |-- P2M:4 [FLOAT]:  |-- P2M:4 [FLOAT]: 	|60.128|
2024-02-12 16:44:17,870 - [ DEBUG] - |-- P2M:8 [FLOAT]:  |-- P2M:8 [FLOAT]: 	|66.842|
2024-02-12 16:44:18,314 - [ DEBUG] - |-- P2M:9 [FLOAT]:  |-- P2M:9 [FLOAT]: 	|65.638|
2024-02-12 16:44:19,358 - [ DEBUG] - |-- P1M:3 virtual [FLOAT]:  |-- P1M:3 virtual [FLOAT]: 	|61.682|
2024-02-12 16:44:19,359 - [ DEBUG] - |-- P1M:4 virtual [FLOAT]:  |-- P1M:4 virtual [FLOAT]: 	|41.850|
2024-02-12 16:44:19,360 - [ DEBUG] - |-- P1M:8 virtual [FLOAT]:  |-- P1M:8 virtual [FLOAT]: 	|114.273|
2024-02-12 16:44:19,361 - [ DEBUG] - |-- P1M:9 virtual [FLOAT]:  |-- P1M:9 virtual [FLOAT]: 	|105.588|
2024-02-12 16:44:19,361 - [ DEBUG] - |-- P2M:3 virtual [FLOAT]:  |-- P2M:3 virtual [FLOAT]: 	|59.953|
2024-02-12 16:44:19,362 - [ DEBUG] - |-- P2M:4 virtual [FLOAT]:  |-- P2M:4 virtual [FLOAT]: 	|60.128|
2024-02-12 16:44:19,378 - [ DEBUG] - |-- P2M:8 virtual [FLOAT]:  |-- P2M:8 virtual [FLOAT]: 	|66.842|
2024-02-12 16:44:19,777 - [ DEBUG] - |-- P2M:9 virtual [FLOAT]:  |-- P2M:9 virtual [FLOAT]: 	|65.638|
2024-02-12 16:44:21,451 - [ DEBUG] - TECHNICAL:	 is data entered correct? [Y/N]: 	|y|
2024-02-12 16:44:21,454 - [  INFO] - PERFORM:	 test following string on fusion 360 (already copied in clipboard) -> 
{"datatype": "PA", "PHASE_id": "6513eb", "ECP_id": "76528687", "id": "83dc0c013a", "comment": "", "time_init": 1707752411.2, "phase": 2, "ECP_number": 2, "PA_number": 1, "success": true, "entered_articulation": -1, "PA_D": -1.0, "PA_RPC": 3, "values_from_unity": "12", "P1A": 61.682, "P1B": 41.85, "P1C": 114.273, "P1D": 105.588, "P2A": 59.953, "P2B": 60.128, "P2C": 66.842, "P2D": 65.638, "P1A_F": -1.0, "P1B_F": -1.0, "P1C_F": -1.0, "P1D_F": -1.0, "P2A_F": -1.0, "P2B_F": -1.0, "P2C_F": -1.0, "P2D_F": -1.0, "P2eA": -1.0, "P2eB": -1.0, "P2eC": -1.0, "P2eD": -1.0, "P1A_U": 61.682, "P1B_U": 41.85, "P1C_U": 114.273, "P1D_U": 105.588, "P2eA_U": 59.953, "P2eB_U": 60.128, "P2eC_U": 66.842, "P2eD_U": 65.638, "P1_mean_max": 1.0, "P1_mean": -1.0, "P2_mean_max": 2.0, "P2_mean": -1.0, "confidence_position": 1.0, "confidence_angle": 5.0, "estimate_hit": false, "target": "ECP:2", "markers": {"A": "M:3", "B": "M:4", "C": "M:8", "D": "M:9"}, "fusion_computed": false, "anatomy": {"basilic vein": -1.0, "brachial artery": -1.0, "brachial vein": -1.0, "cephalic vein": -1.0, "inferior ulnar collateral artery": -1.0, "median antebrachial vein": -1.0, "median cubital vein": -1.0, "median cubital vein 1": -1.0, "middle collateral artery": -1.0, "radial artery": -1.0, "radial collateral artery": -1.0, "radial veins": -1.0, "random artery 1": -1.0, "random artery 2": -1.0, "ulnar artery": -1.0, "ulnar veins": -1.0, "anterior branch of medial antebrachial cutaneous nerve": -1.0, "anterior interosseous nerve of forearm": -1.0, "deep branch of radial nerve": -1.0, "lateral antebrachial cutaneous nerve": -1.0, "median nerve": -1.0, "muscular branches of radial nerve": -1.0, "musculocutaneous nerve": -1.0, "posterior antebrachial cutaneous nerve": -1.0, "posterior branch of medial antebrachial cutaneous nerve": -1.0, "radial nerve": -1.0, "superficial branch of radial nerve": -1.0, "ulnar nerve": -1.0}, "angle_PA_target": -1.0, "distance_P1_PA_target": -1.0, "distance_P1_PA_target_X": -1.0, "distance_P1_PA_target_Y": -1.0, "distance_P1_PA_target_Z": -1.0, "distance_P2_PA_target": -1.0, "distance_P2_PA_target_X": -1.0, "distance_P2_PA_target_Y": -1.0, "distance_P2_PA_target_Z": -1.0, "distance_P2e_PA_target": -1.0, "distance_P2e_PA_target_X": -1.0, "distance_P2e_PA_target_Y": -1.0, "distance_P2e_PA_target_Z": -1.0, "delta_id_PA_target": -1.0}
2024-02-12 16:45:39,921 - [ DEBUG] - PERFORM:	 enter data from fusion 360: 	|{"datatype": "PA", "PHASE_id": "6513eb", "ECP_id": "76528687", "id": "83dc0c013a", "comment": "", "time_init": 1707752411.2, "phase": 2, "ECP_number": 2, "PA_number": 1, "success": true, "entered_articulation": -1, "PA_D": -1.0, "PA_RPC": 3, "values_from_unity": "12", "P1A": 61.682, "P1B": 41.85, "P1C": 114.273, "P1D": 105.588, "P2A": 59.953, "P2B": 60.128, "P2C": 66.842, "P2D": 65.638, "P1A_F": 61.682, "P1B_F": 41.85, "P1C_F": 114.273, "P1D_F": 105.588, "P2A_F": 59.953, "P2B_F": 60.128, "P2C_F": 66.842, "P2D_F": 65.638, "P2eA": 54.208, "P2eB": 47.528, "P2eC": 81.5, "P2eD": 76.758, "P1A_U": 61.682, "P1B_U": 41.85, "P1C_U": 114.273, "P1D_U": 105.588, "P2eA_U": 59.953, "P2eB_U": 60.128, "P2eC_U": 66.842, "P2eD_U": 65.638, "P1_mean_max": 1.0, "P1_mean": 0.001, "P2_mean_max": 2.0, "P2_mean": 0.001, "confidence_position": 1.0, "confidence_angle": 5.0, "estimate_hit": false, "target": "ECP:2", "markers": {"A": "M:3", "B": "M:4", "C": "M:8", "D": "M:9"}, "fusion_computed": true, "anatomy": {"basilic vein": 17.28, "brachial artery": 20.577, "brachial vein": 17.203, "cephalic vein": 31.69, "inferior ulnar collateral artery": 2.41, "median antebrachial vein": 17.719, "median cubital vein": 31.752, "median cubital vein 1": 17.679, "middle collateral artery": 24.885, "radial artery": 17.706, "radial collateral artery": 38.095, "radial veins": 18.594, "random artery 1": 5.784, "random artery 2": 6.648, "ulnar artery": 11.921, "ulnar veins": 18.554, "anterior branch of medial antebrachial cutaneous nerve": 16.562, "anterior interosseous nerve of forearm": 11.252, "deep branch of radial nerve": 28.489, "lateral antebrachial cutaneous nerve": 20.316, "median nerve": 12.92, "muscular branches of radial nerve": 23.037, "musculocutaneous nerve": 20.623, "posterior antebrachial cutaneous nerve": 43.744, "posterior branch of medial antebrachial cutaneous nerve": 23.078, "radial nerve": 28.617, "superficial branch of radial nerve": 26.999, "ulnar nerve": 20.058}, "angle_PA_target": 11.448, "distance_P1_PA_target": 5.787, "distance_P1_PA_target_X": -3.786, "distance_P1_PA_target_Y": -2.305, "distance_P1_PA_target_Z": 3.721, "distance_P2_PA_target": 19.498, "distance_P2_PA_target_X": -9.963, "distance_P2_PA_target_Y": 16.256, "distance_P2_PA_target_Z": 4.083, "distance_P2e_PA_target": 2.345, "distance_P2e_PA_target_X": 0.941, "distance_P2e_PA_target_Y": 1.438, "distance_P2e_PA_target_Z": -1.595, "delta_id_PA_target": 2.158}|
2024-02-12 16:45:41,309 - [ DEBUG] - TECHNICAL:	 want to remeasure P1 and/or P2? [Y/N]: 	|y|
2024-02-12 16:45:42,872 - [ DEBUG] - |-- P from unity	|12|
2024-02-12 16:46:10,467 - [ DEBUG] - |-- P1M:3 [FLOAT, EMPTY for old value]:  |-- P1M:3 [FLOAT, EMPTY for old value]: 	|52.854|
2024-02-12 16:46:10,468 - [ DEBUG] - |-- P1M:4 [FLOAT, EMPTY for old value]:  |-- P1M:4 [FLOAT, EMPTY for old value]: 	|50.068|
2024-02-12 16:46:10,469 - [ DEBUG] - |-- P1M:8 [FLOAT, EMPTY for old value]:  |-- P1M:8 [FLOAT, EMPTY for old value]: 	|111.876|
2024-02-12 16:46:10,469 - [ DEBUG] - |-- P1M:9 [FLOAT, EMPTY for old value]:  |-- P1M:9 [FLOAT, EMPTY for old value]: 	|110.452|
2024-02-12 16:46:10,469 - [ DEBUG] - |-- P2M:3 [FLOAT, EMPTY for old value]:  |-- P2M:3 [FLOAT, EMPTY for old value]: 	|59.586|
2024-02-12 16:46:10,470 - [ DEBUG] - |-- P2M:4 [FLOAT, EMPTY for old value]:  |-- P2M:4 [FLOAT, EMPTY for old value]: 	|59.166|
2024-02-12 16:46:10,480 - [ DEBUG] - |-- P2M:8 [FLOAT, EMPTY for old value]:  |-- P2M:8 [FLOAT, EMPTY for old value]: 	|67.734|
2024-02-12 16:46:10,893 - [ DEBUG] - |-- P2M:9 [FLOAT, EMPTY for old value]:  |-- P2M:9 [FLOAT, EMPTY for old value]: 	|66.108|
2024-02-12 16:46:10,896 - [  INFO] - PERFORM:	 test following string on fusion 360 (already copied in clipboard) -> 
{"datatype": "PA", "PHASE_id": "6513eb", "ECP_id": "76528687", "id": "83dc0c013a", "comment": "", "time_init": 1707752411.2, "phase": 2, "ECP_number": 2, "PA_number": 1, "success": true, "entered_articulation": -1, "PA_D": -1.0, "PA_RPC": 3, "values_from_unity": "12", "P1A": 52.854, "P1B": 50.068, "P1C": 111.876, "P1D": 110.452, "P2A": 59.586, "P2B": 59.166, "P2C": 67.734, "P2D": 66.108, "P1A_F": 61.682, "P1B_F": 41.85, "P1C_F": 114.273, "P1D_F": 105.588, "P2A_F": 59.953, "P2B_F": 60.128, "P2C_F": 66.842, "P2D_F": 65.638, "P2eA": 54.208, "P2eB": 47.528, "P2eC": 81.5, "P2eD": 76.758, "P1A_U": 61.682, "P1B_U": 41.85, "P1C_U": 114.273, "P1D_U": 105.588, "P2eA_U": 59.953, "P2eB_U": 60.128, "P2eC_U": 66.842, "P2eD_U": 65.638, "P1_mean_max": 1.0, "P1_mean": 0.001, "P2_mean_max": 2.0, "P2_mean": 0.001, "confidence_position": 1.0, "confidence_angle": 5.0, "estimate_hit": false, "target": "ECP:2", "markers": {"A": "M:3", "B": "M:4", "C": "M:8", "D": "M:9"}, "fusion_computed": true, "anatomy": {"basilic vein": 17.28, "brachial artery": 20.577, "brachial vein": 17.203, "cephalic vein": 31.69, "inferior ulnar collateral artery": 2.41, "median antebrachial vein": 17.719, "median cubital vein": 31.752, "median cubital vein 1": 17.679, "middle collateral artery": 24.885, "radial artery": 17.706, "radial collateral artery": 38.095, "radial veins": 18.594, "random artery 1": 5.784, "random artery 2": 6.648, "ulnar artery": 11.921, "ulnar veins": 18.554, "anterior branch of medial antebrachial cutaneous nerve": 16.562, "anterior interosseous nerve of forearm": 11.252, "deep branch of radial nerve": 28.489, "lateral antebrachial cutaneous nerve": 20.316, "median nerve": 12.92, "muscular branches of radial nerve": 23.037, "musculocutaneous nerve": 20.623, "posterior antebrachial cutaneous nerve": 43.744, "posterior branch of medial antebrachial cutaneous nerve": 23.078, "radial nerve": 28.617, "superficial branch of radial nerve": 26.999, "ulnar nerve": 20.058}, "angle_PA_target": 11.448, "distance_P1_PA_target": 5.787, "distance_P1_PA_target_X": -3.786, "distance_P1_PA_target_Y": -2.305, "distance_P1_PA_target_Z": 3.721, "distance_P2_PA_target": 19.498, "distance_P2_PA_target_X": -9.963, "distance_P2_PA_target_Y": 16.256, "distance_P2_PA_target_Z": 4.083, "distance_P2e_PA_target": 2.345, "distance_P2e_PA_target_X": 0.941, "distance_P2e_PA_target_Y": 1.438, "distance_P2e_PA_target_Z": -1.595, "delta_id_PA_target": 2.158}
2024-02-12 16:47:02,495 - [ DEBUG] - PERFORM:	 enter data from fusion 360: 	|{"datatype": "PA", "PHASE_id": "6513eb", "ECP_id": "76528687", "id": "83dc0c013a", "comment": "", "time_init": 1707752411.2, "phase": 2, "ECP_number": 2, "PA_number": 1, "success": true, "entered_articulation": -1, "PA_D": -1.0, "PA_RPC": 3, "values_from_unity": "12", "P1A": 52.854, "P1B": 50.068, "P1C": 111.876, "P1D": 110.452, "P2A": 59.586, "P2B": 59.166, "P2C": 67.734, "P2D": 66.108, "P1A_F": 52.854, "P1B_F": 50.068, "P1C_F": 111.876, "P1D_F": 110.452, "P2A_F": 59.587, "P2B_F": 59.166, "P2C_F": 67.734, "P2D_F": 66.109, "P2eA": 52.387, "P2eB": 51.302, "P2eC": 77.931, "P2eD": 76.351, "P1A_U": 61.682, "P1B_U": 41.85, "P1C_U": 114.273, "P1D_U": 105.588, "P2eA_U": 59.953, "P2eB_U": 60.128, "P2eC_U": 66.842, "P2eD_U": 65.638, "P1_mean_max": 1.0, "P1_mean": 0.001, "P2_mean_max": 2.0, "P2_mean": 0.047, "confidence_position": 1.0, "confidence_angle": 5.0, "estimate_hit": false, "target": "ECP:2", "markers": {"A": "M:3", "B": "M:4", "C": "M:8", "D": "M:9"}, "fusion_computed": true, "anatomy": {"basilic vein": 35.242, "brachial artery": 17.801, "brachial vein": 8.313, "cephalic vein": 24.73, "inferior ulnar collateral artery": 14.168, "median antebrachial vein": 36.054, "median cubital vein": 29.558, "median cubital vein 1": 19.619, "middle collateral artery": 15.914, "radial artery": 11.629, "radial collateral artery": 23.16, "radial veins": 9.114, "random artery 1": 15.057, "random artery 2": 18.74, "ulnar artery": 9.703, "ulnar veins": 9.122, "anterior branch of medial antebrachial cutaneous nerve": 29.942, "anterior interosseous nerve of forearm": 9.632, "deep branch of radial nerve": 16.403, "lateral antebrachial cutaneous nerve": 15.623, "median nerve": 11.933, "muscular branches of radial nerve": 18.874, "musculocutaneous nerve": 17.975, "posterior antebrachial cutaneous nerve": 30.48, "posterior branch of medial antebrachial cutaneous nerve": 32.91, "radial nerve": 18.974, "superficial branch of radial nerve": 17.225, "ulnar nerve": 26.93}, "angle_PA_target": 10.979, "distance_P1_PA_target": 15.711, "distance_P1_PA_target_X": -1.592, "distance_P1_PA_target_Y": 9.155, "distance_P1_PA_target_Z": -12.668, "distance_P2_PA_target": 17.496, "distance_P2_PA_target_X": -9.411, "distance_P2_PA_target_Y": 14.426, "distance_P2_PA_target_Z": 3.069, "distance_P2e_PA_target": 8.369, "distance_P2e_PA_target_X": -0.46, "distance_P2e_PA_target_Y": 6.357, "distance_P2e_PA_target_Z": -5.423, "delta_id_PA_target": -1.224}|
2024-02-12 16:47:04,656 - [ DEBUG] - TECHNICAL:	 want to remeasure P1 and/or P2? [Y/N]: 	|n|
2024-02-12 16:47:28,654 - [ DEBUG] - |-- ENTERED ARTICULATION [-1 / 0 (not entered) / 1 (entered)] : 	|0|
2024-02-12 16:47:29,776 - [ DEBUG] - TECHNICAL:	 comment on PA (83dc0c013a) [STRING]: 	||
2024-02-12 16:47:30,954 - [ DEBUG] - TECHNICAL:	 remove kwire from phanotm [ENTER when done]: 	||
2024-02-12 16:47:30,954 - [  INFO] - PA2.1 FINISHED!
2024-02-12 16:47:30,954 - [  INFO] - DATA COLLECTION - ECP2 - (76528687)
2024-02-12 16:47:38,508 - [ DEBUG] - |-- ease of placement [0 difficult - 5 easy]: 	|3|
2024-02-12 16:47:38,510 - [  INFO] - ########################
2024-02-12 16:47:38,510 - [  INFO] - ECP3 START! (f6cfb3d2)
2024-02-12 16:47:38,511 - [  INFO] - ------------------------
2024-02-12 16:47:38,512 - [  INFO] - PA3.1 START! (6df21232ba)
2024-02-12 16:47:40,041 - [ DEBUG] - PERFORM:	 reset x-ray machine [ENTER when done]: 	||
2024-02-12 16:48:20,078 - [ DEBUG] - PERFORM:	 give instruction to insert k-wire [ENTER when instruction given]: 	||
2024-02-12 16:50:53,353 - [ DEBUG] - CANDIDATE:	 inserting k-wire... -> checks it and declares it Failed or Successful (Restart timer)	|f|
2024-02-12 16:50:53,353 - [  INFO] - \_candidate has FAILED positioning attempt!
2024-02-12 16:50:53,353 - [  INFO] - DATA COLLECTION - PA3.1 - (6df21232ba)
2024-02-12 16:51:06,765 - [ DEBUG] - |-- CANDIDATE: entrance point distance from entrance point target? [FLOAT]:  |-- CANDIDATE: entrance point distance from entrance point target? [FLOAT]: 	|5|
2024-02-12 16:51:10,404 - [ DEBUG] - |-- CANDIDATE: confidence on angle in deg? [FLOAT]:                          |-- CANDIDATE: confidence on angle in deg? [FLOAT]:                         	|5|
2024-02-12 16:51:14,416 - [ DEBUG] - |-- CANDIDATE: estimate structures hit [Y/N]?:                              	|y|
2024-02-12 16:51:18,147 - [ DEBUG] - |-- RADIATION picture count [INT] : 	|2|
2024-02-12 16:51:19,444 - [ DEBUG] - |-- P from unity	|12|
2024-02-12 16:51:25,908 - [ DEBUG] - |-- P1M:2 [FLOAT]:  |-- P1M:2 [FLOAT]: 	|113.453|
2024-02-12 16:51:25,910 - [ DEBUG] - |-- P1M:3 [FLOAT]:  |-- P1M:3 [FLOAT]: 	|103.063|
2024-02-12 16:51:25,910 - [ DEBUG] - |-- P1M:7 [FLOAT]:  |-- P1M:7 [FLOAT]: 	|70.136|
2024-02-12 16:51:25,911 - [ DEBUG] - |-- P1M:8 [FLOAT]:  |-- P1M:8 [FLOAT]: 	|52.859|
2024-02-12 16:51:25,911 - [ DEBUG] - |-- P2M:2 [FLOAT]:  |-- P2M:2 [FLOAT]: 	|66.471|
2024-02-12 16:51:25,912 - [ DEBUG] - |-- P2M:3 [FLOAT]:  |-- P2M:3 [FLOAT]: 	|54.451|
2024-02-12 16:51:25,918 - [ DEBUG] - |-- P2M:7 [FLOAT]:  |-- P2M:7 [FLOAT]: 	|78.496|
2024-02-12 16:51:26,283 - [ DEBUG] - |-- P2M:8 [FLOAT]:  |-- P2M:8 [FLOAT]: 	|67.595|
2024-02-12 16:51:27,196 - [ DEBUG] - |-- P1M:2 virtual [FLOAT]:  |-- P1M:2 virtual [FLOAT]: 	|113.453|
2024-02-12 16:51:27,197 - [ DEBUG] - |-- P1M:3 virtual [FLOAT]:  |-- P1M:3 virtual [FLOAT]: 	|103.063|
2024-02-12 16:51:27,197 - [ DEBUG] - |-- P1M:7 virtual [FLOAT]:  |-- P1M:7 virtual [FLOAT]: 	|70.136|
2024-02-12 16:51:27,198 - [ DEBUG] - |-- P1M:8 virtual [FLOAT]:  |-- P1M:8 virtual [FLOAT]: 	|52.859|
2024-02-12 16:51:27,199 - [ DEBUG] - |-- P2M:2 virtual [FLOAT]:  |-- P2M:2 virtual [FLOAT]: 	|66.471|
2024-02-12 16:51:27,199 - [ DEBUG] - |-- P2M:3 virtual [FLOAT]:  |-- P2M:3 virtual [FLOAT]: 	|54.451|
2024-02-12 16:51:27,211 - [ DEBUG] - |-- P2M:7 virtual [FLOAT]:  |-- P2M:7 virtual [FLOAT]: 	|78.496|
2024-02-12 16:51:27,506 - [ DEBUG] - |-- P2M:8 virtual [FLOAT]:  |-- P2M:8 virtual [FLOAT]: 	|67.595|
2024-02-12 16:51:28,662 - [ DEBUG] - TECHNICAL:	 is data entered correct? [Y/N]: 	|y|
2024-02-12 16:51:28,665 - [  INFO] - PERFORM:	 test following string on fusion 360 (already copied in clipboard) -> 
{"datatype": "PA", "PHASE_id": "6513eb", "ECP_id": "f6cfb3d2", "id": "6df21232ba", "comment": "", "time_init": 1707752900.08, "phase": 2, "ECP_number": 3, "PA_number": 1, "success": false, "entered_articulation": -1, "PA_D": -1.0, "PA_RPC": 2, "values_from_unity": "12", "P1A": 113.453, "P1B": 103.063, "P1C": 70.136, "P1D": 52.859, "P2A": 66.471, "P2B": 54.451, "P2C": 78.496, "P2D": 67.595, "P1A_F": -1.0, "P1B_F": -1.0, "P1C_F": -1.0, "P1D_F": -1.0, "P2A_F": -1.0, "P2B_F": -1.0, "P2C_F": -1.0, "P2D_F": -1.0, "P2eA": -1.0, "P2eB": -1.0, "P2eC": -1.0, "P2eD": -1.0, "P1A_U": 113.453, "P1B_U": 103.063, "P1C_U": 70.136, "P1D_U": 52.859, "P2eA_U": 66.471, "P2eB_U": 54.451, "P2eC_U": 78.496, "P2eD_U": 67.595, "P1_mean_max": 1.0, "P1_mean": -1.0, "P2_mean_max": 2.0, "P2_mean": -1.0, "confidence_position": 5.0, "confidence_angle": 5.0, "estimate_hit": true, "target": "ECP:3", "markers": {"A": "M:2", "B": "M:3", "C": "M:7", "D": "M:8"}, "fusion_computed": false, "anatomy": {"basilic vein": -1.0, "brachial artery": -1.0, "brachial vein": -1.0, "cephalic vein": -1.0, "inferior ulnar collateral artery": -1.0, "median antebrachial vein": -1.0, "median cubital vein": -1.0, "median cubital vein 1": -1.0, "middle collateral artery": -1.0, "radial artery": -1.0, "radial collateral artery": -1.0, "radial veins": -1.0, "random artery 1": -1.0, "random artery 2": -1.0, "ulnar artery": -1.0, "ulnar veins": -1.0, "anterior branch of medial antebrachial cutaneous nerve": -1.0, "anterior interosseous nerve of forearm": -1.0, "deep branch of radial nerve": -1.0, "lateral antebrachial cutaneous nerve": -1.0, "median nerve": -1.0, "muscular branches of radial nerve": -1.0, "musculocutaneous nerve": -1.0, "posterior antebrachial cutaneous nerve": -1.0, "posterior branch of medial antebrachial cutaneous nerve": -1.0, "radial nerve": -1.0, "superficial branch of radial nerve": -1.0, "ulnar nerve": -1.0}, "angle_PA_target": -1.0, "distance_P1_PA_target": -1.0, "distance_P1_PA_target_X": -1.0, "distance_P1_PA_target_Y": -1.0, "distance_P1_PA_target_Z": -1.0, "distance_P2_PA_target": -1.0, "distance_P2_PA_target_X": -1.0, "distance_P2_PA_target_Y": -1.0, "distance_P2_PA_target_Z": -1.0, "distance_P2e_PA_target": -1.0, "distance_P2e_PA_target_X": -1.0, "distance_P2e_PA_target_Y": -1.0, "distance_P2e_PA_target_Z": -1.0, "delta_id_PA_target": -1.0}
2024-02-12 16:52:17,821 - [ DEBUG] - PERFORM:	 enter data from fusion 360: 	|{"datatype": "PA", "PHASE_id": "6513eb", "ECP_id": "f6cfb3d2", "id": "6df21232ba", "comment": "", "time_init": 1707752900.08, "phase": 2, "ECP_number": 3, "PA_number": 1, "success": false, "entered_articulation": -1, "PA_D": -1.0, "PA_RPC": 2, "values_from_unity": "12", "P1A": 113.453, "P1B": 103.063, "P1C": 70.136, "P1D": 52.859, "P2A": 66.471, "P2B": 54.451, "P2C": 78.496, "P2D": 67.595, "P1A_F": 113.453, "P1B_F": 103.063, "P1C_F": 70.136, "P1D_F": 52.859, "P2A_F": 66.471, "P2B_F": 54.451, "P2C_F": 78.496, "P2D_F": 67.595, "P2eA": 75.358, "P2eB": 63.555, "P2eC": 71.792, "P2eD": 58.626, "P1A_U": 113.453, "P1B_U": 103.063, "P1C_U": 70.136, "P1D_U": 52.859, "P2eA_U": 66.471, "P2eB_U": 54.451, "P2eC_U": 78.496, "P2eD_U": 67.595, "P1_mean_max": 1.0, "P1_mean": 0.0, "P2_mean_max": 2.0, "P2_mean": 0.003, "confidence_position": 5.0, "confidence_angle": 5.0, "estimate_hit": true, "target": "ECP:3", "markers": {"A": "M:2", "B": "M:3", "C": "M:7", "D": "M:8"}, "fusion_computed": true, "anatomy": {"basilic vein": 22.509, "brachial artery": 28.749, "brachial vein": 25.299, "cephalic vein": 33.759, "inferior ulnar collateral artery": 22.632, "median antebrachial vein": 29.135, "median cubital vein": 23.529, "median cubital vein 1": 34.314, "middle collateral artery": 5.286, "radial artery": 43.552, "radial collateral artery": 17.308, "radial veins": 54.109, "random artery 1": 1.397, "random artery 2": 30.142, "ulnar artery": 43.552, "ulnar veins": 54.079, "anterior branch of medial antebrachial cutaneous nerve": 31.182, "anterior interosseous nerve of forearm": 37.506, "deep branch of radial nerve": 47.789, "lateral antebrachial cutaneous nerve": 40.681, "median nerve": 28.268, "muscular branches of radial nerve": 7.144, "musculocutaneous nerve": 23.679, "posterior antebrachial cutaneous nerve": 40.159, "posterior branch of medial antebrachial cutaneous nerve": 3.589, "radial nerve": 33.875, "superficial branch of radial nerve": 47.85, "ulnar nerve": 0.722}, "angle_PA_target": 4.847, "distance_P1_PA_target": 3.339, "distance_P1_PA_target_X": -0.278, "distance_P1_PA_target_Y": 0.275, "distance_P1_PA_target_Z": -3.317, "distance_P2_PA_target": 16.344, "distance_P2_PA_target_X": 9.286, "distance_P2_PA_target_Y": -9.76, "distance_P2_PA_target_Z": 9.253, "distance_P2e_PA_target": 4.387, "distance_P2e_PA_target_X": -0.013, "distance_P2e_PA_target_Y": -4.299, "distance_P2e_PA_target_Z": -0.876, "delta_id_PA_target": -3.365}|
2024-02-12 16:52:18,998 - [ DEBUG] - TECHNICAL:	 want to remeasure P1 and/or P2? [Y/N]: 	|n|
2024-02-12 16:52:27,227 - [ DEBUG] - |-- ENTERED ARTICULATION [-1 / 0 (not entered) / 1 (entered)] : 	|0|
2024-02-12 16:52:28,192 - [ DEBUG] - TECHNICAL:	 comment on PA (6df21232ba) [STRING]: 	||
2024-02-12 16:52:28,793 - [ DEBUG] - TECHNICAL:	 remove kwire from phanotm [ENTER when done]: 	||
2024-02-12 16:52:28,794 - [  INFO] - PA3.1 FINISHED!
2024-02-12 16:52:28,795 - [  INFO] - ------------------------
2024-02-12 16:52:28,795 - [  INFO] - PA3.2 START! (f21a2be7fa)
2024-02-12 16:52:29,598 - [ DEBUG] - PERFORM:	 reset x-ray machine [ENTER when done]: 	||
2024-02-12 16:52:31,979 - [ DEBUG] - PERFORM:	 give instruction to insert k-wire [ENTER when instruction given]: 	||
2024-02-12 16:54:43,859 - [ DEBUG] - CANDIDATE:	 inserting k-wire... -> checks it and declares it Failed or Successful (Restart timer)	|s|
2024-02-12 16:54:43,860 - [  INFO] - \_candidate has performed SUCCESSFUL positioning attempt!
2024-02-12 16:54:43,860 - [  INFO] - DATA COLLECTION - PA3.2 - (f21a2be7fa)
2024-02-12 16:54:52,334 - [ DEBUG] - |-- CANDIDATE: entrance point distance from entrance point target? [FLOAT]:  |-- CANDIDATE: entrance point distance from entrance point target? [FLOAT]: 	|1|
2024-02-12 16:54:57,094 - [ DEBUG] - |-- CANDIDATE: confidence on angle in deg? [FLOAT]:                          |-- CANDIDATE: confidence on angle in deg? [FLOAT]:                         	|2|
2024-02-12 16:54:59,663 - [ DEBUG] - |-- CANDIDATE: estimate structures hit [Y/N]?:                              	|n|
2024-02-12 16:55:02,920 - [ DEBUG] - |-- RADIATION picture count [INT] : 	|0|
2024-02-12 16:55:04,574 - [ DEBUG] - |-- P from unity	|12|
2024-02-12 16:55:14,844 - [ DEBUG] - |-- P1M:2 [FLOAT]:  |-- P1M:2 [FLOAT]: 	|108.747|
2024-02-12 16:55:14,845 - [ DEBUG] - |-- P1M:3 [FLOAT]:  |-- P1M:3 [FLOAT]: 	|97.889|
2024-02-12 16:55:14,846 - [ DEBUG] - |-- P1M:7 [FLOAT]:  |-- P1M:7 [FLOAT]: 	|71.475|
2024-02-12 16:55:14,846 - [ DEBUG] - |-- P1M:8 [FLOAT]:  |-- P1M:8 [FLOAT]: 	|54.770|
2024-02-12 16:55:14,847 - [ DEBUG] - |-- P2M:2 [FLOAT]:  |-- P2M:2 [FLOAT]: 	|62.383|
2024-02-12 16:55:14,847 - [ DEBUG] - |-- P2M:3 [FLOAT]:  |-- P2M:3 [FLOAT]: 	|55.072|
2024-02-12 16:55:14,847 - [ DEBUG] - |-- P2M:7 [FLOAT]:  |-- P2M:7 [FLOAT]: 	|77.220|
2024-02-12 16:55:15,173 - [ DEBUG] - |-- P2M:8 [FLOAT]:  |-- P2M:8 [FLOAT]: 	|70.121|
2024-02-12 16:55:15,919 - [ DEBUG] - |-- P1M:2 virtual [FLOAT]:  |-- P1M:2 virtual [FLOAT]: 	|108.747|
2024-02-12 16:55:15,920 - [ DEBUG] - |-- P1M:3 virtual [FLOAT]:  |-- P1M:3 virtual [FLOAT]: 	|97.889|
2024-02-12 16:55:15,921 - [ DEBUG] - |-- P1M:7 virtual [FLOAT]:  |-- P1M:7 virtual [FLOAT]: 	|71.475|
2024-02-12 16:55:15,921 - [ DEBUG] - |-- P1M:8 virtual [FLOAT]:  |-- P1M:8 virtual [FLOAT]: 	|54.770|
2024-02-12 16:55:15,922 - [ DEBUG] - |-- P2M:2 virtual [FLOAT]:  |-- P2M:2 virtual [FLOAT]: 	|62.383|
2024-02-12 16:55:15,923 - [ DEBUG] - |-- P2M:3 virtual [FLOAT]:  |-- P2M:3 virtual [FLOAT]: 	|55.072|
2024-02-12 16:55:15,924 - [ DEBUG] - |-- P2M:7 virtual [FLOAT]:  |-- P2M:7 virtual [FLOAT]: 	|77.220|
2024-02-12 16:55:16,231 - [ DEBUG] - |-- P2M:8 virtual [FLOAT]:  |-- P2M:8 virtual [FLOAT]: 	|70.121|
2024-02-12 16:55:17,910 - [ DEBUG] - TECHNICAL:	 is data entered correct? [Y/N]: 	|y|
2024-02-12 16:55:17,913 - [  INFO] - PERFORM:	 test following string on fusion 360 (already copied in clipboard) -> 
{"datatype": "PA", "PHASE_id": "6513eb", "ECP_id": "f6cfb3d2", "id": "f21a2be7fa", "comment": "", "time_init": 1707753151.98, "phase": 2, "ECP_number": 3, "PA_number": 2, "success": true, "entered_articulation": -1, "PA_D": -1.0, "PA_RPC": 0, "values_from_unity": "12", "P1A": 108.747, "P1B": 97.889, "P1C": 71.475, "P1D": 54.77, "P2A": 62.383, "P2B": 55.072, "P2C": 77.22, "P2D": 70.121, "P1A_F": -1.0, "P1B_F": -1.0, "P1C_F": -1.0, "P1D_F": -1.0, "P2A_F": -1.0, "P2B_F": -1.0, "P2C_F": -1.0, "P2D_F": -1.0, "P2eA": -1.0, "P2eB": -1.0, "P2eC": -1.0, "P2eD": -1.0, "P1A_U": 108.747, "P1B_U": 97.889, "P1C_U": 71.475, "P1D_U": 54.77, "P2eA_U": 62.383, "P2eB_U": 55.072, "P2eC_U": 77.22, "P2eD_U": 70.121, "P1_mean_max": 1.0, "P1_mean": -1.0, "P2_mean_max": 2.0, "P2_mean": -1.0, "confidence_position": 1.0, "confidence_angle": 2.0, "estimate_hit": false, "target": "ECP:3", "markers": {"A": "M:2", "B": "M:3", "C": "M:7", "D": "M:8"}, "fusion_computed": false, "anatomy": {"basilic vein": -1.0, "brachial artery": -1.0, "brachial vein": -1.0, "cephalic vein": -1.0, "inferior ulnar collateral artery": -1.0, "median antebrachial vein": -1.0, "median cubital vein": -1.0, "median cubital vein 1": -1.0, "middle collateral artery": -1.0, "radial artery": -1.0, "radial collateral artery": -1.0, "radial veins": -1.0, "random artery 1": -1.0, "random artery 2": -1.0, "ulnar artery": -1.0, "ulnar veins": -1.0, "anterior branch of medial antebrachial cutaneous nerve": -1.0, "anterior interosseous nerve of forearm": -1.0, "deep branch of radial nerve": -1.0, "lateral antebrachial cutaneous nerve": -1.0, "median nerve": -1.0, "muscular branches of radial nerve": -1.0, "musculocutaneous nerve": -1.0, "posterior antebrachial cutaneous nerve": -1.0, "posterior branch of medial antebrachial cutaneous nerve": -1.0, "radial nerve": -1.0, "superficial branch of radial nerve": -1.0, "ulnar nerve": -1.0}, "angle_PA_target": -1.0, "distance_P1_PA_target": -1.0, "distance_P1_PA_target_X": -1.0, "distance_P1_PA_target_Y": -1.0, "distance_P1_PA_target_Z": -1.0, "distance_P2_PA_target": -1.0, "distance_P2_PA_target_X": -1.0, "distance_P2_PA_target_Y": -1.0, "distance_P2_PA_target_Z": -1.0, "distance_P2e_PA_target": -1.0, "distance_P2e_PA_target_X": -1.0, "distance_P2e_PA_target_Y": -1.0, "distance_P2e_PA_target_Z": -1.0, "delta_id_PA_target": -1.0}
2024-02-12 16:55:48,040 - [ DEBUG] - PERFORM:	 enter data from fusion 360: 	|{"datatype": "PA", "PHASE_id": "6513eb", "ECP_id": "f6cfb3d2", "id": "f21a2be7fa", "comment": "", "time_init": 1707753151.98, "phase": 2, "ECP_number": 3, "PA_number": 2, "success": true, "entered_articulation": -1, "PA_D": -1.0, "PA_RPC": 0, "values_from_unity": "12", "P1A": 108.747, "P1B": 97.889, "P1C": 71.475, "P1D": 54.77, "P2A": 62.383, "P2B": 55.072, "P2C": 77.22, "P2D": 70.121, "P1A_F": 108.747, "P1B_F": 97.889, "P1C_F": 71.475, "P1D_F": 54.77, "P2A_F": 62.383, "P2B_F": 55.072, "P2C_F": 77.22, "P2D_F": 70.121, "P2eA": 73.905, "P2eB": 64.695, "P2eC": 69.873, "P2eD": 59.293, "P1A_U": 108.747, "P1B_U": 97.889, "P1C_U": 71.475, "P1D_U": 54.77, "P2eA_U": 62.383, "P2eB_U": 55.072, "P2eC_U": 77.22, "P2eD_U": 70.121, "P1_mean_max": 1.0, "P1_mean": 0.0, "P2_mean_max": 2.0, "P2_mean": 0.002, "confidence_position": 1.0, "confidence_angle": 2.0, "estimate_hit": false, "target": "ECP:3", "markers": {"A": "M:2", "B": "M:3", "C": "M:7", "D": "M:8"}, "fusion_computed": true, "anatomy": {"basilic vein": 17.161, "brachial artery": 21.545, "brachial vein": 18.739, "cephalic vein": 24.063, "inferior ulnar collateral artery": 21.481, "median antebrachial vein": 27.883, "median cubital vein": 18.239, "median cubital vein 1": 28.183, "middle collateral artery": 12.466, "radial artery": 39.467, "radial collateral artery": 11.457, "radial veins": 51.588, "random artery 1": 6.584, "random artery 2": 29.573, "ulnar artery": 39.467, "ulnar veins": 51.568, "anterior branch of medial antebrachial cutaneous nerve": 25.857, "anterior interosseous nerve of forearm": 33.195, "deep branch of radial nerve": 43.336, "lateral antebrachial cutaneous nerve": 36.577, "median nerve": 22.479, "muscular branches of radial nerve": 15.144, "musculocutaneous nerve": 16.621, "posterior antebrachial cutaneous nerve": 32.764, "posterior branch of medial antebrachial cutaneous nerve": 0.449, "radial nerve": 24.442, "superficial branch of radial nerve": 43.396, "ulnar nerve": 4.593}, "angle_PA_target": 6.885, "distance_P1_PA_target": 5.531, "distance_P1_PA_target_X": 4.972, "distance_P1_PA_target_Y": -0.445, "distance_P1_PA_target_Z": -2.381, "distance_P2_PA_target": 18.977, "distance_P2_PA_target_X": 10.782, "distance_P2_PA_target_Y": -6.921, "distance_P2_PA_target_Z": 13.999, "distance_P2e_PA_target": 0.978, "distance_P2e_PA_target_X": -0.076, "distance_P2e_PA_target_Y": -0.952, "distance_P2e_PA_target_Z": -0.212, "delta_id_PA_target": 1.437}|
2024-02-12 16:55:50,034 - [ DEBUG] - TECHNICAL:	 want to remeasure P1 and/or P2? [Y/N]: 	|n|
2024-02-12 16:56:01,989 - [ DEBUG] - |-- ENTERED ARTICULATION [-1 / 0 (not entered) / 1 (entered)] : 	|0|
2024-02-12 16:56:03,501 - [ DEBUG] - TECHNICAL:	 comment on PA (f21a2be7fa) [STRING]: 	||
2024-02-12 16:56:04,275 - [ DEBUG] - TECHNICAL:	 remove kwire from phanotm [ENTER when done]: 	||
2024-02-12 16:56:04,275 - [  INFO] - PA3.2 FINISHED!
2024-02-12 16:56:04,276 - [  INFO] - DATA COLLECTION - ECP3 - (f6cfb3d2)
2024-02-12 16:56:10,373 - [ DEBUG] - |-- ease of placement [0 difficult - 5 easy]: 	|4|
2024-02-12 16:56:10,374 - [  INFO] - DATA COLLECTION - PHASE - (6513eb)
2024-02-12 16:56:24,102 - [ DEBUG] - |-- realism xray               [-1 : 5]: 	|4|
2024-02-12 16:56:24,605 - [ DEBUG] - |-- simulation quality xray    [-1 : 5]: 	|5|
2024-02-12 16:56:28,542 - [ DEBUG] - |-- comfort xray               [-1 : 5]: 	|5|
2024-02-12 16:56:32,832 - [ DEBUG] - |-- realism AR                 [-1 : 5]: 	|4|
2024-02-12 16:56:35,964 - [ DEBUG] - |-- simulation quality AR      [-1 : 5]: 	|5|
2024-02-12 16:56:40,567 - [ DEBUG] - |-- comfort AR                 [-1 : 5]: 	|5|
2024-02-12 16:56:53,978 - [ DEBUG] - |-- realism phantom            [-1 : 5]: 	|4|
2024-02-12 16:56:54,661 - [ DEBUG] - |-- simulation quality phantom [-1 : 5]: 	|5|
2024-02-12 16:56:55,648 - [ DEBUG] - TECHNICAL:	 comment on PHASE (6513eb) [STRING]: 	||
2024-02-12 16:56:55,661 - [  INFO] - SAVED ON DATABASE!
2024-02-12 16:56:55,662 - [  INFO] - bye!
