2024-01-25 12:00:37,755 - [  INFO] - # POSITIONING TEST COMPANION (v1.18)
2024-01-25 12:00:37,756 - [  INFO] - # What a beautiful day to stick some anti-pigeon spikes into plastic!
2024-01-25 12:00:37,756 - [  INFO] - # BEGIN POSITIONING TEST FOR A CANDIDATE, ONE SINGLE PHASE (abcd18)
2024-01-25 12:00:37,757 - [  INFO] - # 2024/01/25 - 12:00:37
2024-01-25 12:00:37,757 - [  INFO] - DATA COLLECTION
2024-01-25 12:03:09,030 - [ DEBUG] - |-- phase [INTEGER]:               	|0|
2024-01-25 12:03:11,804 - [ DEBUG] - |-- phantom id [STRING]:           	|01|
2024-01-25 12:03:13,693 - [ DEBUG] - |-- name [STRING]:                 	|giacomo|
2024-01-25 12:03:14,981 - [ DEBUG] - |-- surname [STRING]:              	|riberi|
2024-01-25 12:03:16,331 - [ DEBUG] - |-- gender [M/F]:                  	|m|
2024-01-25 12:03:18,050 - [ DEBUG] - |-- right-handed [Y/N]:            	|y|
2024-01-25 12:03:19,574 - [ DEBUG] - |-- age [INTEGER]:                 	|24|
2024-01-25 12:03:21,482 - [ DEBUG] - |-- medsurg year [-1 : 6]:         	|6|
2024-01-25 12:03:23,087 - [ DEBUG] - |-- specialization year [-1 : 5]:  	|-1|
2024-01-25 12:03:24,295 - [ DEBUG] - |-- surgeon year [-1 : 100]:       	|-1|
2024-01-25 12:03:27,355 - [ DEBUG] - |-- exp operation count [INTEGER]: 	|0|
2024-01-25 12:03:30,941 - [ DEBUG] - |-- glasses [Y/N]:                 	|y|
2024-01-25 12:03:34,756 - [ DEBUG] - |-- glasses type [Myopia (Nearsightedness) [M] / Hyperopia (Farsightedness) [H] / Astigmatism [AS] / Presbyopia [P] / Strabismus [S] / Amblyopia (Lazy Eye) [AM] / Cataract [C]:	|m|
2024-01-25 12:03:58,516 - [ DEBUG] - |-- glasses power [-1 : 100]:      	|5|
2024-01-25 12:04:04,483 - [ DEBUG] - |-- exp Virtual Reality [0 : 5]:   	|5|
2024-01-25 12:04:05,468 - [ DEBUG] - |-- exp Augmented Reality [0 : 5]: 	|5|
2024-01-25 12:04:07,078 - [ DEBUG] - |-- exp 3D editors [0 : 5]:        	|5|
2024-01-25 12:04:08,338 - [ DEBUG] - TECHNICAL:	 is data entered correct? [Y/N]: 	|y|
2024-01-25 12:04:08,338 - [  INFO] - ########################
2024-01-25 12:04:08,339 - [  INFO] - ECP1 START! (38a2ee4f)
2024-01-25 12:04:08,339 - [  INFO] - ------------------------
2024-01-25 12:04:08,339 - [  INFO] - PA1.1 START! (531458a3d5)
2024-01-25 12:23:09,389 - [ DEBUG] - PERFORM:	 reset x-ray machine [ENTER when done]: 	||
2024-01-25 12:23:26,218 - [ DEBUG] - PERFORM:	 give instruction to insert k-wire [ENTER when instruction given]: 	||
2024-01-25 12:25:46,560 - [ DEBUG] - CANDIDATE:	 inserting k-wire... -> checks it and declares it failed [f] or successful [s]: 	|s|
2024-01-25 12:25:46,560 - [  INFO] - \_candidate has performed SUCCESSFUL positioning attempt!
2024-01-25 12:25:46,561 - [  INFO] - DATA COLLECTION - PA1.1 - (531458a3d5)
2024-01-25 12:25:57,889 - [ DEBUG] - |-- RADIATION picture count       [INT]  : 	|25|
2024-01-25 12:28:19,517 - [ DEBUG] - |-- P1M:2 [FLOAT]: 	|79.16|
2024-01-25 12:28:57,755 - [ DEBUG] - |-- P1M:3 [FLOAT]: 	|54.05|
2024-01-25 12:29:21,692 - [ DEBUG] - |-- P1M:7 [FLOAT]: 	|113.90|
2024-01-25 12:29:53,198 - [ DEBUG] - |-- P1M:8 [FLOAT]: 	|99.70|
2024-01-25 12:30:23,206 - [ DEBUG] - |-- P2M:2 [FLOAT]: 	|60.41|
2024-01-25 12:30:36,258 - [ DEBUG] - |-- P2M:3 [FLOAT]: 	|46.78|
2024-01-25 12:31:24,887 - [ DEBUG] - |-- P2M:7 [FLOAT]: 	|84.73|
2024-01-25 12:31:28,853 - [ DEBUG] - |-- P2M:8 [FLOAT]: 	|76.84|
2024-01-25 12:32:00,517 - [ DEBUG] - |-- P1M:2 virtual [FLOAT]: 	|0.07894|
2024-01-25 12:32:11,223 - [ DEBUG] - |-- P1M:3 virtual [FLOAT]: 	|0.05597|
2024-01-25 12:32:55,800 - [ DEBUG] - |-- P1M:7 virtual [FLOAT]: 	|0.11210|
2024-01-25 12:33:26,229 - [ DEBUG] - |-- P1M:8 virtual [FLOAT]: 	|0.09935|
2024-01-25 12:33:51,694 - [ DEBUG] - |-- P2M:2 virtual [FLOAT]: 	|0.05632|
2024-01-25 12:34:00,991 - [ DEBUG] - |-- P2M:3 virtual [FLOAT]: 	|0.05135|
2024-01-25 12:34:14,338 - [ DEBUG] - |-- P2M:7 virtual [FLOAT]: 	|0.08007|
2024-01-25 12:34:35,262 - [ DEBUG] - |-- P2M:8 virtual [FLOAT]: 	|0.07610|
2024-01-25 12:35:07,291 - [ DEBUG] - |-- CANDIDATE: confidence on entrance position in mm? [FLOAT]: 	|5|
2024-01-25 12:35:15,634 - [ DEBUG] - |-- CANDIDATE: confidence on angle in deg? [FLOAT]:            	|7|
2024-01-25 12:35:32,406 - [ DEBUG] - |-- CANDIDATE: estimate structures hit [Y/N]?:                 	|0|
2024-01-25 12:35:38,228 - [ DEBUG] - TECHNICAL:	 is data entered correct? [Y/N]: 	|y|
2024-01-25 12:35:38,308 - [  INFO] - PERFORM:	 test following string on fusion 360 (already copied in clipboard) -> 
{"datatype": "PA", "TEST_id": "abcd18", "ECP_id": "38a2ee4f", "id": "531458a3d5", "comment": "", "time_init": 1706181806.22, "phase": 0, "ECP_number": 1, "PA_number": 1, "success": true, "PA_D": -1.0, "PA_RPC": 25, "P1A": 78.36, "P1B": 53.25, "P1C": 113.10000000000001, "P1D": 98.9, "P2A": 59.61, "P2B": 45.980000000000004, "P2C": 83.93, "P2D": 76.04, "P1A_V": 0.07894, "P1B_V": 0.05597, "P1C_V": 0.1121, "P1D_V": 0.09935, "P2A_V": 0.05632, "P2B_V": 0.05135, "P2C_V": 0.08007, "P2D_V": 0.0761, "max_mean": 2.0, "max_SD": 0.6, "max_SE": 0.4, "P1_mean": -1.0, "P1_SD": -1.0, "P1_SE": -1.0, "P2_mean": -1.0, "P2_SD": -1.0, "P2_SE": -1.0, "confidence_position": 5.0, "confidence_angle": 7.0, "estimate_hit": false, "target": "ECP:1", "markers": {"A": "M:2", "B": "M:3", "C": "M:7", "D": "M:8"}, "fusion_computed": false, "anatomy": {"brachial artery": -1.0, "brachial vein": -1.0, "cephalic vein": -1.0, "basilic vein": -1.0, "random artery 1": -1.0, "median cubital vein": -1.0, "median cubital vein 1": -1.0, "inferior ulnar collateral artery": -1.0, "radial collateral artery": -1.0, "middle collateral artery": -1.0, "ulnar nerve": -1.0, "median nerve": -1.0, "musculocutaneous nerve": -1.0, "posterior branch of medial antebrachial cutaneous nerve": -1.0, "anterior branch of medial antebrachial cutaneous nerve": -1.0, "muscular branches of radial nerve": -1.0, "radial nerve": -1.0, "posterior antebrachial cutaneous nerve": -1.0, "anterior interosseous nerve of forearm": -1.0}, "angle_PA_target": -1.0, "distance_P1_PA_target": -1.0, "distance_P1_PA_target_X": -1.0, "distance_P1_PA_target_Y": -1.0, "distance_P1_PA_target_Z": -1.0, "distance_P2_PA_target": -1.0, "distance_P2_PA_target_X": -1.0, "distance_P2_PA_target_Y": -1.0, "distance_P2_PA_target_Z": -1.0, "distance_P2e_PA_target": -1.0, "distance_P2e_PA_target_X": -1.0, "distance_P2e_PA_target_Y": -1.0, "distance_P2e_PA_target_Z": -1.0, "delta_id_PA_target": -1.0}
2024-01-25 12:40:32,649 - [ DEBUG] - PERFORM:	 enter data from fusion 360: 	|{"datatype": "PA", "TEST_id": "abcd18", "ECP_id": "38a2ee4f", "id": "531458a3d5", "comment": "", "time_init": 1706181806.22, "phase": 0, "ECP_number": 1, "PA_number": 1, "success": true, "PA_D": -1.0, "PA_RPC": 25, "P1A": 78.36, "P1B": 53.25, "P1C": 113.10000000000001, "P1D": 98.9, "P2A": 59.61, "P2B": 45.980000000000004, "P2C": 83.93, "P2D": 76.04, "P1A_V": 0.07894, "P1B_V": 0.05597, "P1C_V": 0.1121, "P1D_V": 0.09935, "P2A_V": 0.05632, "P2B_V": 0.05135, "P2C_V": 0.08007, "P2D_V": 0.0761, "max_mean": 2.0, "max_SD": 0.6, "max_SE": 0.4, "P1_mean": 0.681, "P1_SD": 0.172, "P1_SE": 0.086, "P2_mean": 1.523, "P2_SD": 0.767, "P2_SE": 0.384, "confidence_position": 5.0, "confidence_angle": 7.0, "estimate_hit": false, "target": "ECP:1", "markers": {"A": "M:2", "B": "M:3", "C": "M:7", "D": "M:8"}, "fusion_computed": true, "anatomy": {"brachial artery": 18.098, "brachial vein": 15.291, "cephalic vein": 21.657, "basilic vein": 19.1, "random artery 1": 3.782, "median cubital vein": 20.97, "median cubital vein 1": 22.6, "inferior ulnar collateral artery": 23.552, "radial collateral artery": 7.677, "middle collateral artery": 16.915, "ulnar nerve": 0.0, "median nerve": 22.641, "musculocutaneous nerve": 15.892, "posterior branch of medial antebrachial cutaneous nerve": 9.411, "anterior branch of medial antebrachial cutaneous nerve": 27.644, "muscular branches of radial nerve": 7.408, "radial nerve": 14.45, "posterior antebrachial cutaneous nerve": 10.183, "anterior interosseous nerve of forearm": 26.793}, "angle_PA_target": 10.101, "distance_P1_PA_target": 18.332, "distance_P1_PA_target_X": 7.192, "distance_P1_PA_target_Y": -16.834, "distance_P1_PA_target_Z": 0.979, "distance_P2_PA_target": 11.117, "distance_P2_PA_target_X": 4.362, "distance_P2_PA_target_Y": -9.3, "distance_P2_PA_target_Z": 4.252, "distance_P2e_PA_target": 9.947, "distance_P2e_PA_target_X": 5.804, "distance_P2e_PA_target_Y": -8.055, "distance_P2e_PA_target_Z": -0.617, "delta_id_PA_target": 3.941}|
2024-01-25 12:40:32,650 - [  INFO] - TECHNICAL:	 ATTENTION: P2 measurement error is above max allowed! Please take measurement again:
2024-01-25 12:43:10,387 - [ DEBUG] - |-- P2M:2 [FLOAT]: 	|59.90|
2024-01-25 12:43:21,730 - [ DEBUG] - |-- P2M:3 [FLOAT]: 	|47.20|
2024-01-25 12:43:44,069 - [ DEBUG] - |-- P2M:7 [FLOAT]: 	|84.25|
2024-01-25 12:44:07,465 - [ DEBUG] - |-- P2M:8 [FLOAT]: 	|77.05|
2024-01-25 12:44:07,468 - [  INFO] - PERFORM:	 test following string on fusion 360 (already copied in clipboard) -> 
{"datatype": "PA", "TEST_id": "abcd18", "ECP_id": "38a2ee4f", "id": "531458a3d5", "comment": "", "time_init": 1706181806.22, "phase": 0, "ECP_number": 1, "PA_number": 1, "success": true, "PA_D": -1.0, "PA_RPC": 25, "P1A": 78.36, "P1B": 53.25, "P1C": 113.10000000000001, "P1D": 98.9, "P2A": 59.9, "P2B": 47.2, "P2C": 84.25, "P2D": 77.05, "P1A_V": 0.07894, "P1B_V": 0.05597, "P1C_V": 0.1121, "P1D_V": 0.09935, "P2A_V": 0.05632, "P2B_V": 0.05135, "P2C_V": 0.08007, "P2D_V": 0.0761, "max_mean": 2.0, "max_SD": 0.6, "max_SE": 0.4, "P1_mean": 0.681, "P1_SD": 0.172, "P1_SE": 0.086, "P2_mean": 1.523, "P2_SD": 0.767, "P2_SE": 0.384, "confidence_position": 5.0, "confidence_angle": 7.0, "estimate_hit": false, "target": "ECP:1", "markers": {"A": "M:2", "B": "M:3", "C": "M:7", "D": "M:8"}, "fusion_computed": true, "anatomy": {"brachial artery": 18.098, "brachial vein": 15.291, "cephalic vein": 21.657, "basilic vein": 19.1, "random artery 1": 3.782, "median cubital vein": 20.97, "median cubital vein 1": 22.6, "inferior ulnar collateral artery": 23.552, "radial collateral artery": 7.677, "middle collateral artery": 16.915, "ulnar nerve": 0.0, "median nerve": 22.641, "musculocutaneous nerve": 15.892, "posterior branch of medial antebrachial cutaneous nerve": 9.411, "anterior branch of medial antebrachial cutaneous nerve": 27.644, "muscular branches of radial nerve": 7.408, "radial nerve": 14.45, "posterior antebrachial cutaneous nerve": 10.183, "anterior interosseous nerve of forearm": 26.793}, "angle_PA_target": 10.101, "distance_P1_PA_target": 18.332, "distance_P1_PA_target_X": 7.192, "distance_P1_PA_target_Y": -16.834, "distance_P1_PA_target_Z": 0.979, "distance_P2_PA_target": 11.117, "distance_P2_PA_target_X": 4.362, "distance_P2_PA_target_Y": -9.3, "distance_P2_PA_target_Z": 4.252, "distance_P2e_PA_target": 9.947, "distance_P2e_PA_target_X": 5.804, "distance_P2e_PA_target_Y": -8.055, "distance_P2e_PA_target_Z": -0.617, "delta_id_PA_target": 3.941}
2024-01-25 12:46:39,862 - [ DEBUG] - PERFORM:	 enter data from fusion 360: 	|{"datatype": "PA", "TEST_id": "abcd18", "ECP_id": "38a2ee4f", "id": "531458a3d5", "comment": "", "time_init": 1706181806.22, "phase": 0, "ECP_number": 1, "PA_number": 1, "success": true, "PA_D": -1.0, "PA_RPC": 25, "P1A": 78.36, "P1B": 53.25, "P1C": 113.10000000000001, "P1D": 98.9, "P2A": 59.9, "P2B": 47.2, "P2C": 84.25, "P2D": 77.05, "P1A_V": 0.07894, "P1B_V": 0.05597, "P1C_V": 0.1121, "P1D_V": 0.09935, "P2A_V": 0.05632, "P2B_V": 0.05135, "P2C_V": 0.08007, "P2D_V": 0.0761, "max_mean": 2.0, "max_SD": 0.6, "max_SE": 0.4, "P1_mean": 0.681, "P1_SD": 0.172, "P1_SE": 0.086, "P2_mean": -1, "P2_SD": -1, "P2_SE": -1, "confidence_position": 5.0, "confidence_angle": 7.0, "estimate_hit": false, "target": "ECP:1", "markers": {"A": "M:2", "B": "M:3", "C": "M:7", "D": "M:8"}, "fusion_computed": true, "anatomy": {"brachial artery": 14.226, "brachial vein": 11.483, "cephalic vein": 17.459, "basilic vein": 16.385, "random artery 1": 6.297, "median cubital vein": 16.814, "median cubital vein 1": 18.949, "inferior ulnar collateral artery": 20.399, "radial collateral artery": 6.165, "middle collateral artery": 20.904, "ulnar nerve": 1.981, "median nerve": 19.311, "musculocutaneous nerve": 12.092, "posterior branch of medial antebrachial cutaneous nerve": 7.305, "anterior branch of medial antebrachial cutaneous nerve": 24.812, "muscular branches of radial nerve": 9.952, "radial nerve": 9.959, "posterior antebrachial cutaneous nerve": 6.208, "anterior interosseous nerve of forearm": 23.437}, "angle_PA_target": 12.634, "distance_P1_PA_target": 18.332, "distance_P1_PA_target_X": 7.192, "distance_P1_PA_target_Y": -16.834, "distance_P1_PA_target_Z": 0.979, "distance_P2_PA_target": 8.905, "distance_P2_PA_target_X": 4.282, "distance_P2_PA_target_Y": -6.954, "distance_P2_PA_target_Z": 3.551, "distance_P2e_PA_target": 8.21, "distance_P2e_PA_target_X": 5.39, "distance_P2e_PA_target_Y": -6.192, "distance_P2e_PA_target_Z": -0.11, "delta_id_PA_target": 3.755}|
2024-01-25 12:46:56,390 - [ DEBUG] - TECHNICAL:	 want to remeasure P1? [Y/N]: 	|n|
2024-01-25 12:46:57,765 - [ DEBUG] - TECHNICAL:	 want to remeasure P2? [Y/N]: 	|n|
2024-01-25 12:47:27,034 - [ DEBUG] - TECHNICAL:	 comment on PA (531458a3d5) [STRING]: 	|error p2 measurement manually disabled|
2024-01-25 12:47:27,034 - [  INFO] - PA1.1 FINISHED!
2024-01-25 12:47:27,034 - [  INFO] - DATA COLLECTION - ECP1 - (38a2ee4f)
2024-01-25 12:47:56,900 - [ DEBUG] - |-- ease of placement [0 difficult - 5 easy]: 	|2|
2024-01-25 12:47:56,900 - [  INFO] - ########################
2024-01-25 12:47:56,900 - [  INFO] - ECP2 START! (77b3f66e)
2024-01-25 12:47:56,901 - [  INFO] - ------------------------
2024-01-25 12:47:56,901 - [  INFO] - PA2.1 START! (be071b524f)
2024-01-25 12:49:13,729 - [ DEBUG] - PERFORM:	 reset x-ray machine [ENTER when done]: 	||
2024-01-25 12:50:02,105 - [ DEBUG] - PERFORM:	 give instruction to insert k-wire [ENTER when instruction given]: 	||
2024-01-25 12:52:13,569 - [ DEBUG] - CANDIDATE:	 inserting k-wire... -> checks it and declares it failed [f] or successful [s]: 	|f|
2024-01-25 12:52:13,569 - [  INFO] - \_candidate has FAILED positioning attempt!
2024-01-25 12:52:13,569 - [  INFO] - DATA COLLECTION - PA2.1 - (be071b524f)
2024-01-25 12:53:20,283 - [ DEBUG] - |-- RADIATION picture count       [INT]  : 	|30|
2024-01-25 12:53:53,908 - [ DEBUG] - |-- P1M:3 [FLOAT]: 	|62.82|
2024-01-25 12:54:07,885 - [ DEBUG] - |-- P1M:4 [FLOAT]: 	|45.34|
2024-01-25 12:54:53,221 - [ DEBUG] - |-- P1M:8 [FLOAT]: 	|100.98|
2024-01-25 12:55:17,583 - [ DEBUG] - |-- P1M:9 [FLOAT]: 	|91.71|
2024-01-25 12:55:46,995 - [ DEBUG] - |-- P2M:3 [FLOAT]: 	|75.94|
2024-01-25 12:55:58,298 - [ DEBUG] - |-- P2M:4 [FLOAT]: 	|64.11|
2024-01-25 12:56:42,042 - [ DEBUG] - |-- P2M:8 [FLOAT]: 	|68.25|
2024-01-25 12:56:56,809 - [ DEBUG] - |-- P2M:9 [FLOAT]: 	|55.90|
2024-01-25 12:57:11,795 - [ DEBUG] - |-- P1M:3 virtual [FLOAT]: 	|0.05986|
2024-01-25 12:57:31,611 - [ DEBUG] - |-- P1M:4 virtual [FLOAT]: 	|0.04355|
2024-01-25 12:57:40,471 - [ DEBUG] - |-- P1M:8 virtual [FLOAT]: 	|0.09938|
2024-01-25 12:57:49,504 - [ DEBUG] - |-- P1M:9 virtual [FLOAT]: 	|0.0909|
2024-01-25 12:58:04,495 - [ DEBUG] - |-- P2M:3 virtual [FLOAT]: 	|0.08366|
2024-01-25 12:58:15,445 - [ DEBUG] - |-- P2M:4 virtual [FLOAT]: 	|0.07432|
2024-01-25 12:58:24,068 - [ DEBUG] - |-- P2M:8 virtual [FLOAT]: 	|0.05934|
2024-01-25 12:58:31,939 - [ DEBUG] - |-- P2M:9 virtual [FLOAT]: 	|0.04492|
2024-01-25 12:58:41,756 - [ DEBUG] - |-- CANDIDATE: confidence on entrance position in mm? [FLOAT]: 	|20|
2024-01-25 12:58:53,239 - [ DEBUG] - |-- CANDIDATE: confidence on angle in deg? [FLOAT]:            	|5|
2024-01-25 12:58:58,886 - [ DEBUG] - |-- CANDIDATE: estimate structures hit [Y/N]?:                 	|y|
2024-01-25 12:59:01,821 - [ DEBUG] - TECHNICAL:	 is data entered correct? [Y/N]: 	|y|
2024-01-25 12:59:01,825 - [  INFO] - PERFORM:	 test following string on fusion 360 (already copied in clipboard) -> 
{"datatype": "PA", "TEST_id": "abcd18", "ECP_id": "77b3f66e", "id": "be071b524f", "comment": "", "time_init": 1706183402.11, "phase": 0, "ECP_number": 2, "PA_number": 1, "success": false, "PA_D": -1.0, "PA_RPC": 30, "P1A": 62.02, "P1B": 44.540000000000006, "P1C": 100.18, "P1D": 90.91, "P2A": 75.14, "P2B": 63.31, "P2C": 67.45, "P2D": 55.1, "P1A_V": 0.05986, "P1B_V": 0.04355, "P1C_V": 0.09938, "P1D_V": 0.0909, "P2A_V": 0.08366, "P2B_V": 0.07432, "P2C_V": 0.05934, "P2D_V": 0.04492, "max_mean": 2.0, "max_SD": 0.6, "max_SE": 0.4, "P1_mean": -1.0, "P1_SD": -1.0, "P1_SE": -1.0, "P2_mean": -1.0, "P2_SD": -1.0, "P2_SE": -1.0, "confidence_position": 20.0, "confidence_angle": 5.0, "estimate_hit": true, "target": "ECP:2", "markers": {"A": "M:3", "B": "M:4", "C": "M:8", "D": "M:9"}, "fusion_computed": false, "anatomy": {"cephalic vein": -1.0, "basilic vein": -1.0, "brachial artery": -1.0, "brachial vein": -1.0, "ulnar artery": -1.0, "ulnar veins": -1.0, "radial artery": -1.0, "radial veins": -1.0, "radial collateral artery": -1.0, "middle collateral artery": -1.0, "inferior ulnar collateral artery": -1.0, "random artery 1": -1.0, "random artery 2": -1.0, "median cubital vein": -1.0, "median cubital vein 1": -1.0, "median antebrachial vein": -1.0, "anterior interosseous nerve of forearm": -1.0, "median nerve": -1.0, "ulnar nerve": -1.0, "posterior branch of medial antebrachial cutaneous nerve": -1.0, "posterior antebrachial cutaneous nerve": -1.0, "anterior branch of medial antebrachial cutaneous nerve": -1.0, "lateral antebrachial cutaneous nerve": -1.0, "superficial branch of radial nerve": -1.0, "deep branch of radial nerve": -1.0}, "angle_PA_target": -1.0, "distance_P1_PA_target": -1.0, "distance_P1_PA_target_X": -1.0, "distance_P1_PA_target_Y": -1.0, "distance_P1_PA_target_Z": -1.0, "distance_P2_PA_target": -1.0, "distance_P2_PA_target_X": -1.0, "distance_P2_PA_target_Y": -1.0, "distance_P2_PA_target_Z": -1.0, "distance_P2e_PA_target": -1.0, "distance_P2e_PA_target_X": -1.0, "distance_P2e_PA_target_Y": -1.0, "distance_P2e_PA_target_Z": -1.0, "delta_id_PA_target": -1.0}
2024-01-25 13:02:38,679 - [ DEBUG] - PERFORM:	 enter data from fusion 360: 	|{"datatype": "PA", "TEST_id": "abcd18", "ECP_id": "77b3f66e", "id": "be071b524f", "comment": "", "time_init": 1706183402.11, "phase": 0, "ECP_number": 2, "PA_number": 1, "success": false, "PA_D": -1.0, "PA_RPC": 30, "P1A": 62.02, "P1B": 44.540000000000006, "P1C": 100.18, "P1D": 90.91, "P2A": 75.14, "P2B": 63.31, "P2C": 67.45, "P2D": 55.1, "P1A_V": 0.05986, "P1B_V": 0.04355, "P1C_V": 0.09938, "P1D_V": 0.0909, "P2A_V": 0.08366, "P2B_V": 0.07432, "P2C_V": 0.05934, "P2D_V": 0.04492, "max_mean": 2.0, "max_SD": 0.6, "max_SE": 0.4, "P1_mean": 0.137, "P1_SD": 0.04, "P1_SE": 0.02, "P2_mean": 1.48, "P2_SD": 0.818, "P2_SE": 0.409, "confidence_position": 20.0, "confidence_angle": 5.0, "estimate_hit": true, "target": "ECP:2", "markers": {"A": "M:3", "B": "M:4", "C": "M:8", "D": "M:9"}, "fusion_computed": true, "anatomy": {"cephalic vein": 24.181, "basilic vein": 52.081, "brachial artery": 32.325, "brachial vein": 19.843, "ulnar artery": 24.219, "ulnar veins": 13.206, "radial artery": 15.488, "radial veins": 13.13, "radial collateral artery": 8.403, "middle collateral artery": 1.193, "inferior ulnar collateral artery": 30.884, "random artery 1": 32.51, "random artery 2": 27.136, "median cubital vein": 39.998, "median cubital vein 1": 30.936, "median antebrachial vein": 44.358, "anterior interosseous nerve of forearm": 17.939, "median nerve": 22.178, "ulnar nerve": 44.217, "posterior branch of medial antebrachial cutaneous nerve": 46.874, "posterior antebrachial cutaneous nerve": 15.159, "anterior branch of medial antebrachial cutaneous nerve": 43.544, "lateral antebrachial cutaneous nerve": 25.821, "superficial branch of radial nerve": 24.236, "deep branch of radial nerve": 2.13}, "angle_PA_target": 8.812, "distance_P1_PA_target": 18.754, "distance_P1_PA_target_X": -16.236, "distance_P1_PA_target_Y": 4.427, "distance_P1_PA_target_Z": 8.277, "distance_P2_PA_target": 24.168, "distance_P2_PA_target_X": -18.364, "distance_P2_PA_target_Y": 3.066, "distance_P2_PA_target_Z": 15.409, "distance_P2e_PA_target": 13.632, "distance_P2e_PA_target_X": -9.949, "distance_P2e_PA_target_Y": -4.072, "distance_P2e_PA_target_Z": 8.382, "delta_id_PA_target": 9.096}|
2024-01-25 13:02:38,679 - [  INFO] - TECHNICAL:	 ATTENTION: P2 measurement error is above max allowed! Please take measurement again:
2024-01-25 13:04:41,151 - [ DEBUG] - |-- P2M:3 [FLOAT]: 	|76.41|
2024-01-25 13:04:57,241 - [ DEBUG] - |-- P2M:4 [FLOAT]: 	|64.63|
2024-01-25 13:05:07,863 - [ DEBUG] - |-- P2M:8 [FLOAT]: 	|67.58|
2024-01-25 13:05:22,743 - [ DEBUG] - |-- P2M:9 [FLOAT]: 	|55.59|
2024-01-25 13:05:22,747 - [  INFO] - PERFORM:	 test following string on fusion 360 (already copied in clipboard) -> 
{"datatype": "PA", "TEST_id": "abcd18", "ECP_id": "77b3f66e", "id": "be071b524f", "comment": "", "time_init": 1706183402.11, "phase": 0, "ECP_number": 2, "PA_number": 1, "success": false, "PA_D": -1.0, "PA_RPC": 30, "P1A": 62.02, "P1B": 44.540000000000006, "P1C": 100.18, "P1D": 90.91, "P2A": 76.41, "P2B": 64.63, "P2C": 67.58, "P2D": 55.59, "P1A_V": 0.05986, "P1B_V": 0.04355, "P1C_V": 0.09938, "P1D_V": 0.0909, "P2A_V": 0.08366, "P2B_V": 0.07432, "P2C_V": 0.05934, "P2D_V": 0.04492, "max_mean": 2.0, "max_SD": 0.6, "max_SE": 0.4, "P1_mean": 0.137, "P1_SD": 0.04, "P1_SE": 0.02, "P2_mean": 1.48, "P2_SD": 0.818, "P2_SE": 0.409, "confidence_position": 20.0, "confidence_angle": 5.0, "estimate_hit": true, "target": "ECP:2", "markers": {"A": "M:3", "B": "M:4", "C": "M:8", "D": "M:9"}, "fusion_computed": true, "anatomy": {"cephalic vein": 24.181, "basilic vein": 52.081, "brachial artery": 32.325, "brachial vein": 19.843, "ulnar artery": 24.219, "ulnar veins": 13.206, "radial artery": 15.488, "radial veins": 13.13, "radial collateral artery": 8.403, "middle collateral artery": 1.193, "inferior ulnar collateral artery": 30.884, "random artery 1": 32.51, "random artery 2": 27.136, "median cubital vein": 39.998, "median cubital vein 1": 30.936, "median antebrachial vein": 44.358, "anterior interosseous nerve of forearm": 17.939, "median nerve": 22.178, "ulnar nerve": 44.217, "posterior branch of medial antebrachial cutaneous nerve": 46.874, "posterior antebrachial cutaneous nerve": 15.159, "anterior branch of medial antebrachial cutaneous nerve": 43.544, "lateral antebrachial cutaneous nerve": 25.821, "superficial branch of radial nerve": 24.236, "deep branch of radial nerve": 2.13}, "angle_PA_target": 8.812, "distance_P1_PA_target": 18.754, "distance_P1_PA_target_X": -16.236, "distance_P1_PA_target_Y": 4.427, "distance_P1_PA_target_Z": 8.277, "distance_P2_PA_target": 24.168, "distance_P2_PA_target_X": -18.364, "distance_P2_PA_target_Y": 3.066, "distance_P2_PA_target_Z": 15.409, "distance_P2e_PA_target": 13.632, "distance_P2e_PA_target_X": -9.949, "distance_P2e_PA_target_Y": -4.072, "distance_P2e_PA_target_Z": 8.382, "delta_id_PA_target": 9.096}
2024-01-25 13:07:49,570 - [ DEBUG] - PERFORM:	 enter data from fusion 360: 	|{"datatype": "PA", "TEST_id": "abcd18", "ECP_id": "77b3f66e", "id": "be071b524f", "comment": "", "time_init": 1706183402.11, "phase": 0, "ECP_number": 2, "PA_number": 1, "success": false, "PA_D": -1.0, "PA_RPC": 30, "P1A": 62.02, "P1B": 44.540000000000006, "P1C": 100.18, "P1D": 90.91, "P2A": 76.41, "P2B": 64.63, "P2C": 67.58, "P2D": 55.59, "P1A_V": 0.05986, "P1B_V": 0.04355, "P1C_V": 0.09938, "P1D_V": 0.0909, "P2A_V": 0.08366, "P2B_V": 0.07432, "P2C_V": 0.05934, "P2D_V": 0.04492, "max_mean": 2.0, "max_SD": 0.6, "max_SE": 0.4, "P1_mean": 0.137, "P1_SD": 0.04, "P1_SE": 0.02, "P2_mean": -3.302, "P2_SD": -2.303, "P2_SE": -1.152, "confidence_position": 20.0, "confidence_angle": 5.0, "estimate_hit": true, "target": "ECP:2", "markers": {"A": "M:3", "B": "M:4", "C": "M:8", "D": "M:9"}, "fusion_computed": true, "anatomy": {"cephalic vein": 37.276, "basilic vein": 52.269, "brachial artery": 45.452, "brachial vein": 33.034, "ulnar artery": 25.359, "ulnar veins": 16.565, "radial artery": 24.111, "radial veins": 23.763, "radial collateral artery": 24.526, "middle collateral artery": 5.533, "inferior ulnar collateral artery": 33.937, "random artery 1": 35.092, "random artery 2": 26.954, "median cubital vein": 55.216, "median cubital vein 1": 39.574, "median antebrachial vein": 45.046, "anterior interosseous nerve of forearm": 13.755, "median nerve": 24.624, "ulnar nerve": 44.068, "posterior branch of medial antebrachial cutaneous nerve": 40.553, "posterior antebrachial cutaneous nerve": 16.736, "anterior branch of medial antebrachial cutaneous nerve": 46.931, "lateral antebrachial cutaneous nerve": 43.605, "superficial branch of radial nerve": 34.353, "deep branch of radial nerve": 2.22}, "angle_PA_target": 11.489, "distance_P1_PA_target": 18.754, "distance_P1_PA_target_X": -16.236, "distance_P1_PA_target_Y": 4.427, "distance_P1_PA_target_Z": 8.277, "distance_P2_PA_target": 21.385, "distance_P2_PA_target_X": -19.737, "distance_P2_PA_target_Y": -2.749, "distance_P2_PA_target_Z": 7.759, "distance_P2e_PA_target": 23.211, "distance_P2e_PA_target_X": -21.458, "distance_P2e_PA_target_Y": -1.695, "distance_P2e_PA_target_Z": 8.685, "delta_id_PA_target": -0.511}|
2024-01-25 13:07:51,154 - [ DEBUG] - TECHNICAL:	 want to remeasure P1? [Y/N]: 	|n|
2024-01-25 13:07:51,749 - [ DEBUG] - TECHNICAL:	 want to remeasure P2? [Y/N]: 	|n|
2024-01-25 13:08:21,305 - [ DEBUG] - TECHNICAL:	 comment on PA (be071b524f) [STRING]: 	|error p2 measurement manually disabled|
2024-01-25 13:08:21,305 - [  INFO] - PA2.1 FINISHED!
2024-01-25 13:08:21,306 - [  INFO] - ------------------------
2024-01-25 13:08:21,307 - [  INFO] - PA2.2 START! (c3ef427f03)
2024-01-25 13:09:35,293 - [ DEBUG] - PERFORM:	 reset x-ray machine [ENTER when done]: 	||
2024-01-25 13:09:38,283 - [ DEBUG] - PERFORM:	 give instruction to insert k-wire [ENTER when instruction given]: 	||
2024-01-25 13:11:38,217 - [ DEBUG] - CANDIDATE:	 inserting k-wire... -> checks it and declares it failed [f] or successful [s]: 	|f|
2024-01-25 13:11:38,217 - [  INFO] - \_candidate has FAILED positioning attempt!
2024-01-25 13:11:38,217 - [  INFO] - DATA COLLECTION - PA2.2 - (c3ef427f03)
2024-01-25 13:11:58,581 - [ DEBUG] - |-- RADIATION picture count       [INT]  : 	|33|
2024-01-25 13:12:43,880 - [ DEBUG] - |-- P1M:3 [FLOAT]: 	|63.66|
2024-01-25 13:13:19,539 - [ DEBUG] - |-- P1M:4 [FLOAT]: 	|46.59|
2024-01-25 13:14:15,692 - [ DEBUG] - |-- P1M:8 [FLOAT]: 	|120.56|
2024-01-25 13:14:22,689 - [ DEBUG] - |-- P1M:9 [FLOAT]: 	|112.92|
2024-01-25 13:14:50,043 - [ DEBUG] - |-- P2M:3 [FLOAT]: 	|58.07|
2024-01-25 13:15:03,437 - [ DEBUG] - |-- P2M:4 [FLOAT]: 	|54.76|
2024-01-25 13:15:18,165 - [ DEBUG] - |-- P2M:8 [FLOAT]: 	|75.23|
2024-01-25 13:15:45,807 - [ DEBUG] - |-- P2M:9 [FLOAT]: 	|71.33|
2024-01-25 13:20:16,072 - [ DEBUG] - |-- P1M:3 virtual [FLOAT]: 	|0.06218|
2024-01-25 13:20:27,978 - [ DEBUG] - |-- P1M:4 virtual [FLOAT]: 	|0.04489|
2024-01-25 13:20:39,757 - [ DEBUG] - |-- P1M:8 virtual [FLOAT]: 	|0.1182|
2024-01-25 13:20:58,873 - [ DEBUG] - |-- P1M:9 virtual [FLOAT]: 	|0.1107|
2024-01-25 13:21:17,494 - [ DEBUG] - |-- P2M:3 virtual [FLOAT]: 	|0.05696|
2024-01-25 13:21:30,398 - [ DEBUG] - |-- P2M:4 virtual [FLOAT]: 	|0.0566|
2024-01-25 13:21:44,836 - [ DEBUG] - |-- P2M:8 virtual [FLOAT]: 	|0.07056|
2024-01-25 13:22:00,554 - [ DEBUG] - |-- P2M:9 virtual [FLOAT]: 	|0.06918|
2024-01-25 13:23:06,571 - [ DEBUG] - |-- CANDIDATE: confidence on entrance position in mm? [FLOAT]: 	|10|
2024-01-25 13:23:18,007 - [ DEBUG] - |-- CANDIDATE: confidence on angle in deg? [FLOAT]:            	|5|
2024-01-25 13:23:31,689 - [ DEBUG] - |-- CANDIDATE: estimate structures hit [Y/N]?:                 	|n|
2024-01-25 13:23:35,381 - [ DEBUG] - TECHNICAL:	 is data entered correct? [Y/N]: 	|y|
2024-01-25 13:23:35,384 - [  INFO] - PERFORM:	 test following string on fusion 360 (already copied in clipboard) -> 
{"datatype": "PA", "TEST_id": "abcd18", "ECP_id": "77b3f66e", "id": "c3ef427f03", "comment": "", "time_init": 1706184578.28, "phase": 0, "ECP_number": 2, "PA_number": 2, "success": false, "PA_D": -1.0, "PA_RPC": 33, "P1A": 62.86, "P1B": 45.790000000000006, "P1C": 119.76, "P1D": 112.12, "P2A": 57.27, "P2B": 53.96, "P2C": 74.43, "P2D": 70.53, "P1A_V": 0.06218, "P1B_V": 0.04489, "P1C_V": 0.1182, "P1D_V": 0.1107, "P2A_V": 0.05696, "P2B_V": 0.0566, "P2C_V": 0.07056, "P2D_V": 0.06918, "max_mean": 2.0, "max_SD": 0.6, "max_SE": 0.4, "P1_mean": -1.0, "P1_SD": -1.0, "P1_SE": -1.0, "P2_mean": -1.0, "P2_SD": -1.0, "P2_SE": -1.0, "confidence_position": 10.0, "confidence_angle": 5.0, "estimate_hit": false, "target": "ECP:2", "markers": {"A": "M:3", "B": "M:4", "C": "M:8", "D": "M:9"}, "fusion_computed": false, "anatomy": {"cephalic vein": -1.0, "basilic vein": -1.0, "brachial artery": -1.0, "brachial vein": -1.0, "ulnar artery": -1.0, "ulnar veins": -1.0, "radial artery": -1.0, "radial veins": -1.0, "radial collateral artery": -1.0, "middle collateral artery": -1.0, "inferior ulnar collateral artery": -1.0, "random artery 1": -1.0, "random artery 2": -1.0, "median cubital vein": -1.0, "median cubital vein 1": -1.0, "median antebrachial vein": -1.0, "anterior interosseous nerve of forearm": -1.0, "median nerve": -1.0, "ulnar nerve": -1.0, "posterior branch of medial antebrachial cutaneous nerve": -1.0, "posterior antebrachial cutaneous nerve": -1.0, "anterior branch of medial antebrachial cutaneous nerve": -1.0, "lateral antebrachial cutaneous nerve": -1.0, "superficial branch of radial nerve": -1.0, "deep branch of radial nerve": -1.0}, "angle_PA_target": -1.0, "distance_P1_PA_target": -1.0, "distance_P1_PA_target_X": -1.0, "distance_P1_PA_target_Y": -1.0, "distance_P1_PA_target_Z": -1.0, "distance_P2_PA_target": -1.0, "distance_P2_PA_target_X": -1.0, "distance_P2_PA_target_Y": -1.0, "distance_P2_PA_target_Z": -1.0, "distance_P2e_PA_target": -1.0, "distance_P2e_PA_target_X": -1.0, "distance_P2e_PA_target_Y": -1.0, "distance_P2e_PA_target_Z": -1.0, "delta_id_PA_target": -1.0}
2024-01-25 13:26:58,566 - [ DEBUG] - PERFORM:	 enter data from fusion 360: 	|{"datatype": "PA", "TEST_id": "abcd18", "ECP_id": "77b3f66e", "id": "c3ef427f03", "comment": "", "time_init": 1706184578.28, "phase": 0, "ECP_number": 2, "PA_number": 2, "success": false, "PA_D": -1.0, "PA_RPC": 33, "P1A": 62.86, "P1B": 45.790000000000006, "P1C": 119.76, "P1D": 112.12, "P2A": 57.27, "P2B": 53.96, "P2C": 74.43, "P2D": 70.53, "P1A_V": 0.06218, "P1B_V": 0.04489, "P1C_V": 0.1182, "P1D_V": 0.1107, "P2A_V": 0.05696, "P2B_V": 0.0566, "P2C_V": 0.07056, "P2D_V": 0.06918, "max_mean": 2.0, "max_SD": 0.6, "max_SE": 0.4, "P1_mean": 0.447, "P1_SD": 0.096, "P1_SE": 0.048, "P2_mean": 0.585, "P2_SD": 0.205, "P2_SE": 0.103, "confidence_position": 10.0, "confidence_angle": 5.0, "estimate_hit": false, "target": "ECP:2", "markers": {"A": "M:3", "B": "M:4", "C": "M:8", "D": "M:9"}, "fusion_computed": true, "anatomy": {"cephalic vein": 20.852, "basilic vein": 26.631, "brachial artery": 5.828, "brachial vein": 1.782, "ulnar artery": 6.512, "ulnar veins": 18.918, "radial artery": 6.512, "radial veins": 18.927, "radial collateral artery": 28.282, "middle collateral artery": 15.465, "inferior ulnar collateral artery": 16.598, "random artery 1": 16.62, "random artery 2": 25.869, "median cubital vein": 14.124, "median cubital vein 1": 11.258, "median antebrachial vein": 35.014, "anterior interosseous nerve of forearm": 8.714, "median nerve": 8.521, "ulnar nerve": 28.998, "posterior branch of medial antebrachial cutaneous nerve": 33.686, "posterior antebrachial cutaneous nerve": 24.834, "anterior branch of medial antebrachial cutaneous nerve": 22.913, "lateral antebrachial cutaneous nerve": 3.548, "superficial branch of radial nerve": 11.162, "deep branch of radial nerve": 11.199}, "angle_PA_target": 12.588, "distance_P1_PA_target": 5.552, "distance_P1_PA_target_X": 0.556, "distance_P1_PA_target_Y": -5.007, "distance_P1_PA_target_Z": -2.334, "distance_P2_PA_target": 21.517, "distance_P2_PA_target_X": -3.879, "distance_P2_PA_target_Y": 17.055, "distance_P2_PA_target_Z": 12.531, "distance_P2e_PA_target": 7.245, "distance_P2e_PA_target_X": 7.139, "distance_P2e_PA_target_Y": -0.034, "distance_P2e_PA_target_Z": 1.235, "delta_id_PA_target": -1.309}|
2024-01-25 13:26:59,871 - [ DEBUG] - TECHNICAL:	 want to remeasure P1? [Y/N]: 	|n|
2024-01-25 13:27:00,305 - [ DEBUG] - TECHNICAL:	 want to remeasure P2? [Y/N]: 	|n|
2024-01-25 13:27:16,255 - [ DEBUG] - TECHNICAL:	 comment on PA (c3ef427f03) [STRING]: 	||
2024-01-25 13:27:16,256 - [  INFO] - PA2.2 FINISHED!
2024-01-25 13:27:16,256 - [  INFO] - ------------------------
2024-01-25 13:27:16,256 - [  INFO] - PA2.3 START! (8dc994b552)
2024-01-25 13:27:27,904 - [ DEBUG] - PERFORM:	 reset x-ray machine [ENTER when done]: 	||
2024-01-25 13:28:25,284 - [ DEBUG] - PERFORM:	 give instruction to insert k-wire [ENTER when instruction given]: 	||
2024-01-25 13:31:38,662 - [ DEBUG] - CANDIDATE:	 inserting k-wire... -> checks it and declares it failed [f] or successful [s]: 	|s|
2024-01-25 13:31:38,663 - [  INFO] - \_candidate has performed SUCCESSFUL positioning attempt!
2024-01-25 13:31:38,663 - [  INFO] - DATA COLLECTION - PA2.3 - (8dc994b552)
2024-01-25 13:31:44,039 - [ DEBUG] - |-- RADIATION picture count       [INT]  : 	|54|
2024-01-25 13:33:45,537 - [ DEBUG] - |-- P1M:3 [FLOAT]: 	|64.37|
2024-01-25 13:34:09,942 - [ DEBUG] - |-- P1M:4 [FLOAT]: 	|55.85|
2024-01-25 13:34:39,897 - [ DEBUG] - |-- P1M:8 [FLOAT]: 	|106.58|
2024-01-25 13:36:54,350 - [ DEBUG] - |-- P1M:9 [FLOAT]: 	|101.43|
2024-01-25 13:36:59,715 - [ DEBUG] - |-- P2M:3 [FLOAT]: 	|63.83|
2024-01-25 13:37:25,552 - [ DEBUG] - |-- P2M:4 [FLOAT]: 	|60.51|
2024-01-25 13:37:44,985 - [ DEBUG] - |-- P2M:8 [FLOAT]: 	|68.74|
2024-01-25 13:38:13,672 - [ DEBUG] - |-- P2M:9 [FLOAT]: 	|65.03|
2024-01-25 13:38:34,825 - [ DEBUG] - |-- P1M:3 virtual [FLOAT]: 	|0.0633|
2024-01-25 13:38:41,329 - [ DEBUG] - |-- P1M:4 virtual [FLOAT]: 	|0.0550|
2024-01-25 13:38:50,318 - [ DEBUG] - |-- P1M:8 virtual [FLOAT]: 	|0.1038|
2024-01-25 13:38:58,156 - [ DEBUG] - |-- P1M:9 virtual [FLOAT]: 	|0.0992|
2024-01-25 13:39:09,042 - [ DEBUG] - |-- P2M:3 virtual [FLOAT]: 	|0.0677|
2024-01-25 13:39:16,954 - [ DEBUG] - |-- P2M:4 virtual [FLOAT]: 	|0.0655|
2024-01-25 13:39:23,214 - [ DEBUG] - |-- P2M:8 virtual [FLOAT]: 	|0.0616|
2024-01-25 13:39:30,582 - [ DEBUG] - |-- P2M:9 virtual [FLOAT]: 	|0.0579|
2024-01-25 13:39:38,607 - [ DEBUG] - |-- CANDIDATE: confidence on entrance position in mm? [FLOAT]: 	|5|
2024-01-25 13:39:50,709 - [ DEBUG] - |-- CANDIDATE: confidence on angle in deg? [FLOAT]:            	|10|
2024-01-25 13:40:07,417 - [ DEBUG] - |-- CANDIDATE: estimate structures hit [Y/N]?:                 	|n|
2024-01-25 13:40:13,775 - [ DEBUG] - TECHNICAL:	 is data entered correct? [Y/N]: 	|y|
2024-01-25 13:40:13,779 - [  INFO] - PERFORM:	 test following string on fusion 360 (already copied in clipboard) -> 
{"datatype": "PA", "TEST_id": "abcd18", "ECP_id": "77b3f66e", "id": "8dc994b552", "comment": "", "time_init": 1706185705.28, "phase": 0, "ECP_number": 2, "PA_number": 3, "success": true, "PA_D": -1.0, "PA_RPC": 54, "P1A": 63.57000000000001, "P1B": 55.050000000000004, "P1C": 105.78, "P1D": 100.63000000000001, "P2A": 63.03, "P2B": 59.71, "P2C": 67.94, "P2D": 64.23, "P1A_V": 0.0633, "P1B_V": 0.055, "P1C_V": 0.1038, "P1D_V": 0.0992, "P2A_V": 0.0677, "P2B_V": 0.0655, "P2C_V": 0.0616, "P2D_V": 0.0579, "max_mean": 2.0, "max_SD": 0.6, "max_SE": 0.4, "P1_mean": -1.0, "P1_SD": -1.0, "P1_SE": -1.0, "P2_mean": -1.0, "P2_SD": -1.0, "P2_SE": -1.0, "confidence_position": 5.0, "confidence_angle": 10.0, "estimate_hit": false, "target": "ECP:2", "markers": {"A": "M:3", "B": "M:4", "C": "M:8", "D": "M:9"}, "fusion_computed": false, "anatomy": {"cephalic vein": -1.0, "basilic vein": -1.0, "brachial artery": -1.0, "brachial vein": -1.0, "ulnar artery": -1.0, "ulnar veins": -1.0, "radial artery": -1.0, "radial veins": -1.0, "radial collateral artery": -1.0, "middle collateral artery": -1.0, "inferior ulnar collateral artery": -1.0, "random artery 1": -1.0, "random artery 2": -1.0, "median cubital vein": -1.0, "median cubital vein 1": -1.0, "median antebrachial vein": -1.0, "anterior interosseous nerve of forearm": -1.0, "median nerve": -1.0, "ulnar nerve": -1.0, "posterior branch of medial antebrachial cutaneous nerve": -1.0, "posterior antebrachial cutaneous nerve": -1.0, "anterior branch of medial antebrachial cutaneous nerve": -1.0, "lateral antebrachial cutaneous nerve": -1.0, "superficial branch of radial nerve": -1.0, "deep branch of radial nerve": -1.0}, "angle_PA_target": -1.0, "distance_P1_PA_target": -1.0, "distance_P1_PA_target_X": -1.0, "distance_P1_PA_target_Y": -1.0, "distance_P1_PA_target_Z": -1.0, "distance_P2_PA_target": -1.0, "distance_P2_PA_target_X": -1.0, "distance_P2_PA_target_Y": -1.0, "distance_P2_PA_target_Z": -1.0, "distance_P2e_PA_target": -1.0, "distance_P2e_PA_target_X": -1.0, "distance_P2e_PA_target_Y": -1.0, "distance_P2e_PA_target_Z": -1.0, "delta_id_PA_target": -1.0}
2024-01-25 13:41:44,647 - [ DEBUG] - PERFORM:	 enter data from fusion 360: 	|{"datatype": "PA", "TEST_id": "abcd18", "ECP_id": "77b3f66e", "id": "8dc994b552", "comment": "", "time_init": 1706185705.28, "phase": 0, "ECP_number": 2, "PA_number": 3, "success": true, "PA_D": -1.0, "PA_RPC": 54, "P1A": 63.57000000000001, "P1B": 55.050000000000004, "P1C": 105.78, "P1D": 100.63000000000001, "P2A": 63.03, "P2B": 59.71, "P2C": 67.94, "P2D": 64.23, "P1A_V": 0.0633, "P1B_V": 0.055, "P1C_V": 0.1038, "P1D_V": 0.0992, "P2A_V": 0.0677, "P2B_V": 0.0655, "P2C_V": 0.0616, "P2D_V": 0.0579, "max_mean": 2.0, "max_SD": 0.6, "max_SE": 0.4, "P1_mean": 0.83, "P1_SD": 0.116, "P1_SE": 0.058, "P2_mean": 0.497, "P2_SD": 0.116, "P2_SE": 0.058, "confidence_position": 5.0, "confidence_angle": 10.0, "estimate_hit": false, "target": "ECP:2", "markers": {"A": "M:3", "B": "M:4", "C": "M:8", "D": "M:9"}, "fusion_computed": true, "anatomy": {"cephalic vein": 21.952, "basilic vein": 33.255, "brachial artery": 17.214, "brachial vein": 5.3, "ulnar artery": 5.239, "ulnar veins": 5.519, "radial artery": 8.134, "radial veins": 5.515, "radial collateral artery": 23.692, "middle collateral artery": 14.73, "inferior ulnar collateral artery": 13.507, "random artery 1": 15.711, "random artery 2": 16.048, "median cubital vein": 29.746, "median cubital vein 1": 15.761, "median antebrachial vein": 31.833, "anterior interosseous nerve of forearm": 4.866, "median nerve": 7.386, "ulnar nerve": 28.294, "posterior branch of medial antebrachial cutaneous nerve": 32.574, "posterior antebrachial cutaneous nerve": 32.469, "anterior branch of medial antebrachial cutaneous nerve": 26.031, "lateral antebrachial cutaneous nerve": 14.509, "superficial branch of radial nerve": 15.978, "deep branch of radial nerve": 17.181}, "angle_PA_target": 10.926, "distance_P1_PA_target": 16.021, "distance_P1_PA_target_X": -13.088, "distance_P1_PA_target_Y": 1.507, "distance_P1_PA_target_Z": -9.115, "distance_P2_PA_target": 13.697, "distance_P2_PA_target_X": -11.532, "distance_P2_PA_target_Y": 7.389, "distance_P2_PA_target_Z": 0.164, "distance_P2e_PA_target": 10.854, "distance_P2e_PA_target_X": -9.522, "distance_P2e_PA_target_Y": 4.836, "distance_P2e_PA_target_Z": -1.942, "delta_id_PA_target": -3.522}|
2024-01-25 13:41:47,470 - [ DEBUG] - TECHNICAL:	 want to remeasure P1? [Y/N]: 	|n|
2024-01-25 13:41:49,789 - [ DEBUG] - TECHNICAL:	 want to remeasure P2? [Y/N]: 	|n|
2024-01-25 13:41:52,642 - [ DEBUG] - TECHNICAL:	 comment on PA (8dc994b552) [STRING]: 	|n|
2024-01-25 13:41:52,642 - [  INFO] - PA2.3 FINISHED!
2024-01-25 13:41:52,642 - [  INFO] - DATA COLLECTION - ECP2 - (77b3f66e)
2024-01-25 13:42:07,544 - [ DEBUG] - |-- ease of placement [0 difficult - 5 easy]: 	|0|
2024-01-25 13:42:07,545 - [  INFO] - ########################
2024-01-25 13:42:07,545 - [  INFO] - ECP3 START! (e0266f59)
2024-01-25 13:42:07,545 - [  INFO] - ------------------------
2024-01-25 13:42:07,546 - [  INFO] - PA3.1 START! (7fa7188bb0)
2024-01-25 13:43:06,463 - [ DEBUG] - PERFORM:	 reset x-ray machine [ENTER when done]: 	||
2024-01-25 13:43:10,990 - [ DEBUG] - PERFORM:	 give instruction to insert k-wire [ENTER when instruction given]: 	||
2024-01-25 13:45:53,884 - [ DEBUG] - CANDIDATE:	 inserting k-wire... -> checks it and declares it failed [f] or successful [s]: 	|s|
2024-01-25 13:45:53,884 - [  INFO] - \_candidate has performed SUCCESSFUL positioning attempt!
2024-01-25 13:45:53,884 - [  INFO] - DATA COLLECTION - PA3.1 - (7fa7188bb0)
2024-01-25 13:45:59,276 - [ DEBUG] - |-- RADIATION picture count       [INT]  : 	|46|
2024-01-25 13:48:10,342 - [ DEBUG] - |-- P1M:2 [FLOAT]: 	|111.27|
2024-01-25 13:48:22,150 - [ DEBUG] - |-- P1M:3 [FLOAT]: 	|101.93|
2024-01-25 13:48:56,437 - [ DEBUG] - |-- P1M:7 [FLOAT]: 	|65.97|
2024-01-25 13:49:18,385 - [ DEBUG] - |-- P1M:8 [FLOAT]: 	|50.61|
2024-01-25 13:49:48,319 - [ DEBUG] - |-- P2M:2 [FLOAT]: 	|75.37|
2024-01-25 13:50:11,679 - [ DEBUG] - |-- P2M:3 [FLOAT]: 	|64.06|
2024-01-25 13:50:44,295 - [ DEBUG] - |-- P2M:7 [FLOAT]: 	|71.50|
2024-01-25 13:50:52,666 - [ DEBUG] - |-- P2M:8 [FLOAT]: 	|59.02|
2024-01-25 13:51:15,298 - [ DEBUG] - |-- P1M:2 virtual [FLOAT]: 	|0.1119|
2024-01-25 13:51:27,082 - [ DEBUG] - |-- P1M:3 virtual [FLOAT]: 	|0.1032|
2024-01-25 13:51:36,958 - [ DEBUG] - |-- P1M:7 virtual [FLOAT]: 	|0.0654|
2024-01-25 13:51:43,797 - [ DEBUG] - |-- P1M:8 virtual [FLOAT]: 	|0.0498|
2024-01-25 13:51:59,612 - [ DEBUG] - |-- P2M:2 virtual [FLOAT]: 	|0.0671|
2024-01-25 13:52:11,361 - [ DEBUG] - |-- P2M:3 virtual [FLOAT]: 	|0.0589|
2024-01-25 13:52:22,406 - [ DEBUG] - |-- P2M:7 virtual [FLOAT]: 	|0.0737|
2024-01-25 13:52:34,800 - [ DEBUG] - |-- P2M:8 virtual [FLOAT]: 	|0.0650|
2024-01-25 13:52:47,215 - [ DEBUG] - |-- CANDIDATE: confidence on entrance position in mm? [FLOAT]: 	|3|
2024-01-25 13:52:52,207 - [ DEBUG] - |-- CANDIDATE: confidence on angle in deg? [FLOAT]:            	|5|
2024-01-25 13:52:57,238 - [ DEBUG] - |-- CANDIDATE: estimate structures hit [Y/N]?:                 	|n|
2024-01-25 13:53:01,245 - [ DEBUG] - TECHNICAL:	 is data entered correct? [Y/N]: 	|y|
2024-01-25 13:53:01,249 - [  INFO] - PERFORM:	 test following string on fusion 360 (already copied in clipboard) -> 
{"datatype": "PA", "TEST_id": "abcd18", "ECP_id": "e0266f59", "id": "7fa7188bb0", "comment": "", "time_init": 1706186590.99, "phase": 0, "ECP_number": 3, "PA_number": 1, "success": true, "PA_D": -1.0, "PA_RPC": 46, "P1A": 110.47, "P1B": 101.13000000000001, "P1C": 65.17, "P1D": 49.81, "P2A": 74.57000000000001, "P2B": 63.260000000000005, "P2C": 70.7, "P2D": 58.220000000000006, "P1A_V": 0.1119, "P1B_V": 0.1032, "P1C_V": 0.0654, "P1D_V": 0.0498, "P2A_V": 0.0671, "P2B_V": 0.0589, "P2C_V": 0.0737, "P2D_V": 0.065, "max_mean": 2.0, "max_SD": 0.6, "max_SE": 0.4, "P1_mean": -1.0, "P1_SD": -1.0, "P1_SE": -1.0, "P2_mean": -1.0, "P2_SD": -1.0, "P2_SE": -1.0, "confidence_position": 3.0, "confidence_angle": 5.0, "estimate_hit": false, "target": "ECP:3", "markers": {"A": "M:2", "B": "M:3", "C": "M:7", "D": "M:8"}, "fusion_computed": false, "anatomy": {"middle collateral artery": -1.0, "random artery 1": -1.0, "basilic vein": -1.0, "brachial vein": -1.0, "median cubital vein": -1.0, "brachial artery": -1.0, "inferior ulnar collateral artery": -1.0, "radial collateral artery": -1.0, "ulnar nerve": -1.0, "posterior branch of medial antebrachial cutaneous nerve": -1.0, "median nerve": -1.0, "anterior branch of medial antebrachial cutaneous nerve": -1.0, "musculocutaneous nerve": -1.0, "radial nerve": -1.0, "muscular branches of radial nerve": -1.0}, "angle_PA_target": -1.0, "distance_P1_PA_target": -1.0, "distance_P1_PA_target_X": -1.0, "distance_P1_PA_target_Y": -1.0, "distance_P1_PA_target_Z": -1.0, "distance_P2_PA_target": -1.0, "distance_P2_PA_target_X": -1.0, "distance_P2_PA_target_Y": -1.0, "distance_P2_PA_target_Z": -1.0, "distance_P2e_PA_target": -1.0, "distance_P2e_PA_target_X": -1.0, "distance_P2e_PA_target_Y": -1.0, "distance_P2e_PA_target_Z": -1.0, "delta_id_PA_target": -1.0}
2024-01-25 13:55:26,860 - [ DEBUG] - PERFORM:	 enter data from fusion 360: 	|{"datatype": "PA", "TEST_id": "abcd18", "ECP_id": "e0266f59", "id": "7fa7188bb0", "comment": "", "time_init": 1706186590.99, "phase": 0, "ECP_number": 3, "PA_number": 1, "success": true, "PA_D": -1.0, "PA_RPC": 46, "P1A": 110.47, "P1B": 101.13000000000001, "P1C": 65.17, "P1D": 49.81, "P2A": 74.57000000000001, "P2B": 63.260000000000005, "P2C": 70.7, "P2D": 58.220000000000006, "P1A_V": 0.1119, "P1B_V": 0.1032, "P1C_V": 0.0654, "P1D_V": 0.0498, "P2A_V": 0.0671, "P2B_V": 0.0589, "P2C_V": 0.0737, "P2D_V": 0.065, "max_mean": 2.0, "max_SD": 0.6, "max_SE": 0.4, "P1_mean": 0.879, "P1_SD": 0.231, "P1_SE": 0.116, "P2_mean": 0.918, "P2_SD": 0.535, "P2_SE": 0.268, "confidence_position": 3.0, "confidence_angle": 5.0, "estimate_hit": false, "target": "ECP:3", "markers": {"A": "M:2", "B": "M:3", "C": "M:7", "D": "M:8"}, "fusion_computed": true, "anatomy": {"middle collateral artery": 2.283, "random artery 1": 1.368, "basilic vein": 23.395, "brachial vein": 25.798, "median cubital vein": 25.216, "brachial artery": 29.424, "inferior ulnar collateral artery": 19.609, "radial collateral artery": 13.691, "ulnar nerve": 1.137, "posterior branch of medial antebrachial cutaneous nerve": 2.046, "median nerve": 28.831, "anterior branch of medial antebrachial cutaneous nerve": 32.049, "musculocutaneous nerve": 25.99, "radial nerve": 32.477, "muscular branches of radial nerve": 5.007}, "angle_PA_target": 6.875, "distance_P1_PA_target": 2.094, "distance_P1_PA_target_X": -0.09, "distance_P1_PA_target_Y": 0.037, "distance_P1_PA_target_Z": 2.092, "distance_P2_PA_target": 7.08, "distance_P2_PA_target_X": -0.178, "distance_P2_PA_target_Y": -6.18, "distance_P2_PA_target_Z": 3.451, "distance_P2e_PA_target": 5.714, "distance_P2e_PA_target_X": -4.452, "distance_P2e_PA_target_Y": -3.407, "distance_P2e_PA_target_Z": -1.106, "delta_id_PA_target": 3.786}|
2024-01-25 13:55:29,344 - [ DEBUG] - TECHNICAL:	 want to remeasure P1? [Y/N]: 	|n|
2024-01-25 13:55:30,525 - [ DEBUG] - TECHNICAL:	 want to remeasure P2? [Y/N]: 	|n|
2024-01-25 13:55:33,755 - [ DEBUG] - TECHNICAL:	 comment on PA (7fa7188bb0) [STRING]: 	||
2024-01-25 13:55:33,755 - [  INFO] - PA3.1 FINISHED!
2024-01-25 13:55:33,755 - [  INFO] - DATA COLLECTION - ECP3 - (e0266f59)
2024-01-25 13:55:43,228 - [ DEBUG] - |-- ease of placement [0 difficult - 5 easy]: 	|3|
2024-01-25 13:55:56,580 - [ DEBUG] - TECHNICAL:	 comment on TEST (abcd18) [STRING]: 	|test iniziale|
2024-01-25 13:55:56,607 - [  INFO] - SAVED ON DATABASE!
2024-01-25 13:55:56,609 - [  INFO] - bye!
