2024-01-30 18:18:55,704 - [  INFO] - flags: []
2024-01-30 18:18:55,704 - [  INFO] - # POSITIONING TEST COMPANION (v1.21)
2024-01-30 18:18:55,705 - [  INFO] - # What a beautiful day to stick some anti-pigeon spikes into plastic!
2024-01-30 18:18:55,706 - [  INFO] - # BEGIN POSITIONING TEST FOR A CANDIDATE, ONE SINGLE PHASE (370fec)
2024-01-30 18:18:55,707 - [  INFO] - # 2024/01/30 - 18:18:55
2024-01-30 18:18:55,707 - [  INFO] - DATA COLLECTION - TEST - (370fec)
2024-01-30 18:18:58,620 - [ DEBUG] - |-- phase [INTEGER]:                	|1|
2024-01-30 18:19:21,194 - [ DEBUG] - |-- phantom id [STRING]:            	|01|
2024-01-30 18:19:25,257 - [ DEBUG] - |-- name [STRING]:                  	|pierpaolo|
2024-01-30 18:19:29,635 - [ DEBUG] - |-- surname [STRING]:               	|caputo|
2024-01-30 18:19:31,276 - [ DEBUG] - |-- gender [M/F]:                   	|m|
2024-01-30 18:19:32,931 - [ DEBUG] - |-- right-handed [Y/N]:             	|y|
2024-01-30 18:19:35,170 - [ DEBUG] - |-- age [INTEGER]:                  	|29|
2024-01-30 18:19:37,110 - [ DEBUG] - |-- medsurg year        [-1 : 6]:   	|-1|
2024-01-30 18:19:38,107 - [ DEBUG] - |-- specialization year [-1 : 5]:   	|4|
2024-01-30 18:19:39,560 - [ DEBUG] - |-- surgeon year        [-1 : 100]: 	|-1|
2024-01-30 18:19:43,327 - [ DEBUG] - |-- exp operation count [INTEGER]:  	|5|
2024-01-30 18:19:49,910 - [ DEBUG] - |-- glasses [Y/N]:                  	|y|
2024-01-30 18:19:57,529 - [ DEBUG] - |-- glasses type [None [] / Myopia (Nearsightedness) [M] / Hyperopia (Farsightedness) [H] / Astigmatism [AS] / Presbyopia [P] / Strabismus [S] / Amblyopia (Lazy Eye) [AM] / Cataract [C]: 	|m|
2024-01-30 18:20:03,124 - [ DEBUG] - |-- glasses power [-1 : 100]:       	|4|
2024-01-30 18:20:05,439 - [ DEBUG] - |-- exp Virtual Reality   [0 : 5]:  	|0|
2024-01-30 18:20:05,904 - [ DEBUG] - |-- exp Augmented Reality [0 : 5]:  	|0|
2024-01-30 18:20:06,393 - [ DEBUG] - |-- exp 3D editors        [0 : 5]:  	|0|
2024-01-30 18:20:08,099 - [ DEBUG] - TECHNICAL:	 is data entered correct? [Y/N]: 	|y|
2024-01-30 18:20:08,100 - [  INFO] - ########################
2024-01-30 18:20:08,101 - [  INFO] - ECP1 START! (4c28c321)
2024-01-30 18:20:08,102 - [  INFO] - ------------------------
2024-01-30 18:20:08,102 - [  INFO] - PA1.1 START! (70d3eb8844)
2024-01-30 18:20:36,011 - [ DEBUG] - PERFORM:	 reset x-ray machine [ENTER when done]: 	||
2024-01-30 18:20:41,235 - [ DEBUG] - PERFORM:	 give instruction to insert k-wire [ENTER when instruction given]: 	||
2024-01-30 18:24:20,380 - [ DEBUG] - CANDIDATE:	 inserting k-wire... -> checks it and declares it failed [f] or successful [s]: 	|s|
2024-01-30 18:24:20,381 - [  INFO] - \_candidate has performed SUCCESSFUL positioning attempt!
2024-01-30 18:24:20,381 - [  INFO] - DATA COLLECTION - PA1.1 - (70d3eb8844)
2024-01-30 18:24:58,208 - [ DEBUG] - |-- RADIATION picture count       [INT]  : 	|21|
2024-01-30 18:26:03,320 - [ DEBUG] - |-- P1M:2 [FLOAT]: 	|76.02|
2024-01-30 18:26:38,469 - [ DEBUG] - |-- P1M:3 [FLOAT]: 	|63.75|
2024-01-30 18:27:21,009 - [ DEBUG] - |-- P1M:7 [FLOAT]: 	|105.33|
2024-01-30 18:27:49,057 - [ DEBUG] - |-- P1M:8 [FLOAT]: 	|98.76|
2024-01-30 18:28:19,537 - [ DEBUG] - |-- P2M:2 [FLOAT]: 	|63.30|
2024-01-30 18:28:27,209 - [ DEBUG] - |-- P2M:3 [FLOAT]: 	|49.71|
2024-01-30 18:28:54,687 - [ DEBUG] - |-- P2M:7 [FLOAT]: 	|82.26|
2024-01-30 18:29:08,314 - [ DEBUG] - |-- P2M:8 [FLOAT]: 	|73.33|
2024-01-30 18:29:17,228 - [ DEBUG] - |-- P1M:2 virtual [FLOAT]: 	|79.240|
2024-01-30 18:29:17,229 - [ DEBUG] - |-- P1M:3 virtual [FLOAT]: 	|70.325|
2024-01-30 18:29:17,230 - [ DEBUG] - |-- P1M:7 virtual [FLOAT]: 	|107.095|
2024-01-30 18:29:17,231 - [ DEBUG] - |-- P1M:8 virtual [FLOAT]: 	|102.474|
2024-01-30 18:29:17,232 - [ DEBUG] - |-- P2M:2 virtual [FLOAT]: 	|60.087|
2024-01-30 18:29:17,233 - [ DEBUG] - |-- P2M:3 virtual [FLOAT]: 	|49.903|
2024-01-30 18:29:17,233 - [ DEBUG] - |-- P2M:7 virtual [FLOAT]: 	|82.283|
2024-01-30 18:29:18,219 - [ DEBUG] - |-- P2M:8 virtual [FLOAT]: 	|74.156|
2024-01-30 18:29:35,539 - [ DEBUG] - |-- CANDIDATE: confidence on entrance position in mm? [FLOAT]: 	|10|
2024-01-30 18:29:42,139 - [ DEBUG] - |-- CANDIDATE: confidence on angle in deg? [FLOAT]:            	|10|
2024-01-30 18:29:50,025 - [ DEBUG] - |-- CANDIDATE: estimate structures hit [Y/N]?:                 	|n|
2024-01-30 18:29:51,264 - [ DEBUG] - TECHNICAL:	 is data entered correct? [Y/N]: 	|y|
2024-01-30 18:29:51,274 - [  INFO] - PERFORM:	 test following string on fusion 360 (already copied in clipboard) -> 
{"datatype": "PA", "TEST_id": "370fec", "ECP_id": "4c28c321", "id": "70d3eb8844", "comment": "", "time_init": 1706635241.24, "phase": 1, "ECP_number": 1, "PA_number": 1, "success": true, "PA_D": -1.0, "PA_RPC": 21, "P1A": 75.22, "P1B": 62.95, "P1C": 104.53, "P1D": 97.96000000000001, "P2A": 62.5, "P2B": 48.910000000000004, "P2C": 81.46000000000001, "P2D": 72.53, "P1A_F": -1.0, "P1B_F": -1.0, "P1C_F": -1.0, "P1D_F": -1.0, "P2A_F": -1.0, "P2B_F": -1.0, "P2C_F": -1.0, "P2D_F": -1.0, "P2eA": -1.0, "P2eB": -1.0, "P2eC": -1.0, "P2eD": -1.0, "P1A_U": 79.24, "P1B_U": 70.325, "P1C_U": 107.095, "P1D_U": 102.474, "P2eA_U": 60.087, "P2eB_U": 49.903, "P2eC_U": 82.283, "P2eD_U": 74.156, "P1_mean_max": 1.0, "P1_mean": -1.0, "P2_mean_max": 2.0, "P2_mean": -1.0, "confidence_position": 10.0, "confidence_angle": 10.0, "estimate_hit": false, "target": "ECP:1", "markers": {"A": "M:2", "B": "M:3", "C": "M:7", "D": "M:8"}, "fusion_computed": false, "anatomy": {"basilic vein": -1.0, "brachial artery": -1.0, "brachial vein": -1.0, "cephalic vein": -1.0, "inferior ulnar collateral artery": -1.0, "median antebrachial vein": -1.0, "median cubital vein": -1.0, "median cubital vein 1": -1.0, "middle collateral artery": -1.0, "radial artery": -1.0, "radial collateral artery": -1.0, "radial veins": -1.0, "random artery 1": -1.0, "random artery 2": -1.0, "ulnar artery": -1.0, "ulnar veins": -1.0, "anterior branch of medial antebrachial cutaneous nerve": -1.0, "anterior interosseous nerve of forearm": -1.0, "deep branch of radial nerve": -1.0, "lateral antebrachial cutaneous nerve": -1.0, "median nerve": -1.0, "muscular branches of radial nerve": -1.0, "musculocutaneous nerve": -1.0, "posterior antebrachial cutaneous nerve": -1.0, "posterior branch of medial antebrachial cutaneous nerve": -1.0, "radial nerve": -1.0, "superficial branch of radial nerve": -1.0, "ulnar nerve": -1.0}, "angle_PA_target": -1.0, "distance_P1_PA_target": -1.0, "distance_P1_PA_target_X": -1.0, "distance_P1_PA_target_Y": -1.0, "distance_P1_PA_target_Z": -1.0, "distance_P2_PA_target": -1.0, "distance_P2_PA_target_X": -1.0, "distance_P2_PA_target_Y": -1.0, "distance_P2_PA_target_Z": -1.0, "distance_P2e_PA_target": -1.0, "distance_P2e_PA_target_X": -1.0, "distance_P2e_PA_target_Y": -1.0, "distance_P2e_PA_target_Z": -1.0, "delta_id_PA_target": -1.0}
2024-01-30 18:30:33,906 - [ DEBUG] - PERFORM:	 enter data from fusion 360: 	|{"datatype": "PA", "TEST_id": "370fec", "ECP_id": "4c28c321", "id": "70d3eb8844", "comment": "", "time_init": 1706635241.24, "phase": 1, "ECP_number": 1, "PA_number": 1, "success": true, "PA_D": -1.0, "PA_RPC": 21, "P1A": 75.22, "P1B": 62.95, "P1C": 104.53, "P1D": 97.96000000000001, "P2A": 62.5, "P2B": 48.910000000000004, "P2C": 81.46000000000001, "P2D": 72.53, "P1A_F": 75.155, "P1B_F": 63.024, "P1C_F": 104.573, "P1D_F": 97.912, "P2A_F": 62.673, "P2B_F": 49.637, "P2C_F": 82.518, "P2D_F": 72.561, "P2eA": 62.422, "P2eB": 49.2, "P2eC": 83.139, "P2eD": 73.34, "P1A_U": 79.24, "P1B_U": 70.325, "P1C_U": 107.095, "P1D_U": 102.474, "P2eA_U": 60.087, "P2eB_U": 49.903, "P2eC_U": 82.283, "P2eD_U": 74.156, "P1_mean_max": 1.0, "P1_mean": 0.213, "P2_mean_max": 2.0, "P2_mean": 1.293, "confidence_position": 10.0, "confidence_angle": 10.0, "estimate_hit": false, "target": "ECP:1", "markers": {"A": "M:2", "B": "M:3", "C": "M:7", "D": "M:8"}, "fusion_computed": true, "anatomy": {"basilic vein": 23.333, "brachial artery": 29.414, "brachial vein": 25.258, "cephalic vein": 38.237, "inferior ulnar collateral artery": 22.522, "median antebrachial vein": 40.772, "median cubital vein": 27.18, "median cubital vein 1": 32.421, "middle collateral artery": 2.325, "radial artery": 34.435, "radial collateral artery": 23.422, "radial veins": 42.501, "random artery 1": 1.158, "random artery 2": 35.106, "ulnar artery": 34.435, "ulnar veins": 42.483, "anterior branch of medial antebrachial cutaneous nerve": 32.119, "anterior interosseous nerve of forearm": 33.341, "deep branch of radial nerve": 32.869, "lateral antebrachial cutaneous nerve": 31.403, "median nerve": 29.256, "muscular branches of radial nerve": 6.497, "musculocutaneous nerve": 26.567, "posterior antebrachial cutaneous nerve": 21.629, "posterior branch of medial antebrachial cutaneous nerve": 7.207, "radial nerve": 30.491, "superficial branch of radial nerve": 33.064, "ulnar nerve": 0.766}, "angle_PA_target": 8.59, "distance_P1_PA_target": 4.866, "distance_P1_PA_target_X": 2.372, "distance_P1_PA_target_Y": -1.232, "distance_P1_PA_target_Z": 4.067, "distance_P2_PA_target": 7.99, "distance_P2_PA_target_X": 0.89, "distance_P2_PA_target_Y": -7.847, "distance_P2_PA_target_Z": 1.21, "distance_P2e_PA_target": 6.67, "distance_P2e_PA_target_X": 1.575, "distance_P2e_PA_target_Y": -6.402, "distance_P2e_PA_target_Z": -1.015, "delta_id_PA_target": 1.741}|
2024-01-30 18:30:35,326 - [ DEBUG] - TECHNICAL:	 want to remeasure P1? [Y/N]: 	|n|
2024-01-30 18:30:35,650 - [ DEBUG] - TECHNICAL:	 want to remeasure P2? [Y/N]: 	|n|
2024-01-30 18:30:36,686 - [ DEBUG] - TECHNICAL:	 comment on PA (70d3eb8844) [STRING]: 	||
2024-01-30 18:30:36,686 - [  INFO] - PA1.1 FINISHED!
2024-01-30 18:30:36,686 - [  INFO] - DATA COLLECTION - ECP1 - (4c28c321)
2024-01-30 18:30:43,034 - [ DEBUG] - |-- ease of placement [0 difficult - 5 easy]: 	|3|
2024-01-30 18:30:43,035 - [  INFO] - ########################
2024-01-30 18:30:43,036 - [  INFO] - ECP2 START! (aaa37fe0)
2024-01-30 18:30:43,037 - [  INFO] - ------------------------
2024-01-30 18:30:43,037 - [  INFO] - PA2.1 START! (8a25209579)
2024-01-30 18:30:48,329 - [ DEBUG] - PERFORM:	 reset x-ray machine [ENTER when done]: 	||
2024-01-30 18:31:38,530 - [ DEBUG] - PERFORM:	 give instruction to insert k-wire [ENTER when instruction given]: 	||
2024-01-30 18:38:58,304 - [ DEBUG] - CANDIDATE:	 inserting k-wire... -> checks it and declares it failed [f] or successful [s]: 	|s|
2024-01-30 18:38:58,304 - [  INFO] - \_candidate has performed SUCCESSFUL positioning attempt!
2024-01-30 18:38:58,305 - [  INFO] - DATA COLLECTION - PA2.1 - (8a25209579)
2024-01-30 18:39:04,033 - [ DEBUG] - |-- RADIATION picture count       [INT]  : 	|5|
2024-01-30 18:39:53,742 - [ DEBUG] - |-- P1M:3 [FLOAT]: 	|47.96|
2024-01-30 18:40:13,049 - [ DEBUG] - |-- P1M:4 [FLOAT]: 	|35.86|
2024-01-30 18:40:52,215 - [ DEBUG] - |-- P1M:8 [FLOAT]: 	|109.83|
2024-01-30 18:41:22,572 - [ DEBUG] - |-- P1M:9 [FLOAT]: 	|104.64|
2024-01-30 18:41:50,396 - [ DEBUG] - |-- P2M:3 [FLOAT]: 	|56.85|
2024-01-30 18:42:32,712 - [ DEBUG] - |-- P2M:4 [FLOAT]: 	|54.58|
2024-01-30 18:42:51,215 - [ DEBUG] - |-- P2M:8 [FLOAT]: 	|74.87|
2024-01-30 18:43:11,596 - [ DEBUG] - |-- P2M:9 [FLOAT]: 	|70.61|
2024-01-30 18:43:20,180 - [ DEBUG] - |-- P1M:3 virtual [FLOAT]: 	|58.854|
2024-01-30 18:43:20,181 - [ DEBUG] - |-- P1M:4 virtual [FLOAT]: 	|52.139|
2024-01-30 18:43:20,182 - [ DEBUG] - |-- P1M:8 virtual [FLOAT]: 	|107.615|
2024-01-30 18:43:20,184 - [ DEBUG] - |-- P1M:9 virtual [FLOAT]: 	|104.213|
2024-01-30 18:43:20,185 - [ DEBUG] - |-- P2M:3 virtual [FLOAT]: 	|61.822|
2024-01-30 18:43:20,186 - [ DEBUG] - |-- P2M:4 virtual [FLOAT]: 	|65.525|
2024-01-30 18:43:20,187 - [ DEBUG] - |-- P2M:8 virtual [FLOAT]: 	|62.816|
2024-01-30 18:43:21,056 - [ DEBUG] - |-- P2M:9 virtual [FLOAT]: 	|64.582|
2024-01-30 18:43:39,349 - [ DEBUG] - |-- CANDIDATE: confidence on entrance position in mm? [FLOAT]: 	|5|
2024-01-30 18:43:46,007 - [ DEBUG] - |-- CANDIDATE: confidence on angle in deg? [FLOAT]:            	|5|
2024-01-30 18:43:51,547 - [ DEBUG] - |-- CANDIDATE: estimate structures hit [Y/N]?:                 	|n|
2024-01-30 18:43:53,059 - [ DEBUG] - TECHNICAL:	 is data entered correct? [Y/N]: 	|y|
2024-01-30 18:43:53,070 - [  INFO] - PERFORM:	 test following string on fusion 360 (already copied in clipboard) -> 
{"datatype": "PA", "TEST_id": "370fec", "ECP_id": "aaa37fe0", "id": "8a25209579", "comment": "", "time_init": 1706635898.53, "phase": 1, "ECP_number": 2, "PA_number": 1, "success": true, "PA_D": -1.0, "PA_RPC": 5, "P1A": 47.160000000000004, "P1B": 35.06, "P1C": 109.03, "P1D": 103.84, "P2A": 56.050000000000004, "P2B": 53.78, "P2C": 74.07000000000001, "P2D": 69.81, "P1A_F": -1.0, "P1B_F": -1.0, "P1C_F": -1.0, "P1D_F": -1.0, "P2A_F": -1.0, "P2B_F": -1.0, "P2C_F": -1.0, "P2D_F": -1.0, "P2eA": -1.0, "P2eB": -1.0, "P2eC": -1.0, "P2eD": -1.0, "P1A_U": 58.854, "P1B_U": 52.139, "P1C_U": 107.615, "P1D_U": 104.213, "P2eA_U": 61.822, "P2eB_U": 65.525, "P2eC_U": 62.816, "P2eD_U": 64.582, "P1_mean_max": 1.0, "P1_mean": -1.0, "P2_mean_max": 2.0, "P2_mean": -1.0, "confidence_position": 5.0, "confidence_angle": 5.0, "estimate_hit": false, "target": "ECP:2", "markers": {"A": "M:3", "B": "M:4", "C": "M:8", "D": "M:9"}, "fusion_computed": false, "anatomy": {"basilic vein": -1.0, "brachial artery": -1.0, "brachial vein": -1.0, "cephalic vein": -1.0, "inferior ulnar collateral artery": -1.0, "median antebrachial vein": -1.0, "median cubital vein": -1.0, "median cubital vein 1": -1.0, "middle collateral artery": -1.0, "radial artery": -1.0, "radial collateral artery": -1.0, "radial veins": -1.0, "random artery 1": -1.0, "random artery 2": -1.0, "ulnar artery": -1.0, "ulnar veins": -1.0, "anterior branch of medial antebrachial cutaneous nerve": -1.0, "anterior interosseous nerve of forearm": -1.0, "deep branch of radial nerve": -1.0, "lateral antebrachial cutaneous nerve": -1.0, "median nerve": -1.0, "muscular branches of radial nerve": -1.0, "musculocutaneous nerve": -1.0, "posterior antebrachial cutaneous nerve": -1.0, "posterior branch of medial antebrachial cutaneous nerve": -1.0, "radial nerve": -1.0, "superficial branch of radial nerve": -1.0, "ulnar nerve": -1.0}, "angle_PA_target": -1.0, "distance_P1_PA_target": -1.0, "distance_P1_PA_target_X": -1.0, "distance_P1_PA_target_Y": -1.0, "distance_P1_PA_target_Z": -1.0, "distance_P2_PA_target": -1.0, "distance_P2_PA_target_X": -1.0, "distance_P2_PA_target_Y": -1.0, "distance_P2_PA_target_Z": -1.0, "distance_P2e_PA_target": -1.0, "distance_P2e_PA_target_X": -1.0, "distance_P2e_PA_target_Y": -1.0, "distance_P2e_PA_target_Z": -1.0, "delta_id_PA_target": -1.0}
2024-01-30 18:44:55,788 - [ DEBUG] - PERFORM:	 enter data from fusion 360: 	|{"datatype": "PA", "TEST_id": "370fec", "ECP_id": "aaa37fe0", "id": "8a25209579", "comment": "", "time_init": 1706635898.53, "phase": 1, "ECP_number": 2, "PA_number": 1, "success": true, "PA_D": -1.0, "PA_RPC": 5, "P1A": 47.160000000000004, "P1B": 35.06, "P1C": 109.03, "P1D": 103.84, "P2A": 56.050000000000004, "P2B": 53.78, "P2C": 74.07000000000001, "P2D": 69.81, "P1A_F": 47.015, "P1B_F": 35.258, "P1C_F": 109.085, "P1D_F": 103.781, "P2A_F": 56.718, "P2B_F": 53.423, "P2C_F": 73.924, "P2D_F": 70.355, "P2eA": 47.015, "P2eB": 35.258, "P2eC": 109.085, "P2eD": 103.781, "P1A_U": 58.854, "P1B_U": 52.139, "P1C_U": 107.615, "P1D_U": 104.213, "P2eA_U": 61.822, "P2eB_U": 65.525, "P2eC_U": 62.816, "P2eD_U": 64.582, "P1_mean_max": 1.0, "P1_mean": 0.444, "P2_mean_max": 2.0, "P2_mean": 2.62, "confidence_position": 5.0, "confidence_angle": 5.0, "estimate_hit": false, "target": "ECP:2", "markers": {"A": "M:3", "B": "M:4", "C": "M:8", "D": "M:9"}, "fusion_computed": true, "anatomy": {"basilic vein": 37.0, "brachial artery": 37.72, "brachial vein": 36.508, "cephalic vein": 36.642, "inferior ulnar collateral artery": 31.839, "median antebrachial vein": 56.327, "median cubital vein": 38.494, "median cubital vein 1": 46.186, "middle collateral artery": 0.096, "radial artery": 52.243, "radial collateral artery": 15.187, "radial veins": 58.461, "random artery 1": 20.855, "random artery 2": 42.319, "ulnar artery": 52.243, "ulnar veins": 58.431, "anterior branch of medial antebrachial cutaneous nerve": 43.772, "anterior interosseous nerve of forearm": 50.755, "deep branch of radial nerve": 52.896, "lateral antebrachial cutaneous nerve": 49.174, "median nerve": 43.636, "muscular branches of radial nerve": 1.243, "musculocutaneous nerve": 26.824, "posterior antebrachial cutaneous nerve": 45.403, "posterior branch of medial antebrachial cutaneous nerve": 37.785, "radial nerve": 34.161, "superficial branch of radial nerve": 53.057, "ulnar nerve": 30.348}, "angle_PA_target": 77.273, "distance_P1_PA_target": 65.992, "distance_P1_PA_target_X": 2.292, "distance_P1_PA_target_Y": 46.861, "distance_P1_PA_target_Z": 46.407, "distance_P2_PA_target": 18.126, "distance_P2_PA_target_X": -4.074, "distance_P2_PA_target_Y": 14.93, "distance_P2_PA_target_Z": 9.437, "distance_P2e_PA_target": 46.567, "distance_P2e_PA_target_X": 28.401, "distance_P2e_PA_target_Y": 21.549, "distance_P2e_PA_target_Z": 29.958, "delta_id_PA_target": 39.912}|
2024-01-30 18:44:55,788 - [  INFO] - TECHNICAL:	 ATTENTION: P2 measurement error is above max allowed! Please take measurement again:
2024-01-30 18:45:41,860 - [ DEBUG] - |-- P2M:3 [FLOAT]: 	|57.01|
2024-01-30 18:46:06,812 - [ DEBUG] - |-- P2M:4 [FLOAT]: 	|53.60|
2024-01-30 18:46:18,023 - [ DEBUG] - |-- P2M:8 [FLOAT]: 	|75.62|
2024-01-30 18:46:47,522 - [ DEBUG] - |-- P2M:9 [FLOAT]: 	|71.80|
2024-01-30 18:46:47,532 - [  INFO] - PERFORM:	 test following string on fusion 360 (already copied in clipboard) -> 
{"datatype": "PA", "TEST_id": "370fec", "ECP_id": "aaa37fe0", "id": "8a25209579", "comment": "", "time_init": 1706635898.53, "phase": 1, "ECP_number": 2, "PA_number": 1, "success": true, "PA_D": -1.0, "PA_RPC": 5, "P1A": 47.160000000000004, "P1B": 35.06, "P1C": 109.03, "P1D": 103.84, "P2A": 57.01, "P2B": 53.6, "P2C": 75.62, "P2D": 71.8, "P1A_F": 47.015, "P1B_F": 35.258, "P1C_F": 109.085, "P1D_F": 103.781, "P2A_F": 56.718, "P2B_F": 53.423, "P2C_F": 73.924, "P2D_F": 70.355, "P2eA": 47.015, "P2eB": 35.258, "P2eC": 109.085, "P2eD": 103.781, "P1A_U": 58.854, "P1B_U": 52.139, "P1C_U": 107.615, "P1D_U": 104.213, "P2eA_U": 61.822, "P2eB_U": 65.525, "P2eC_U": 62.816, "P2eD_U": 64.582, "P1_mean_max": 1.0, "P1_mean": 0.444, "P2_mean_max": 2.0, "P2_mean": 2.62, "confidence_position": 5.0, "confidence_angle": 5.0, "estimate_hit": false, "target": "ECP:2", "markers": {"A": "M:3", "B": "M:4", "C": "M:8", "D": "M:9"}, "fusion_computed": true, "anatomy": {"basilic vein": 37.0, "brachial artery": 37.72, "brachial vein": 36.508, "cephalic vein": 36.642, "inferior ulnar collateral artery": 31.839, "median antebrachial vein": 56.327, "median cubital vein": 38.494, "median cubital vein 1": 46.186, "middle collateral artery": 0.096, "radial artery": 52.243, "radial collateral artery": 15.187, "radial veins": 58.461, "random artery 1": 20.855, "random artery 2": 42.319, "ulnar artery": 52.243, "ulnar veins": 58.431, "anterior branch of medial antebrachial cutaneous nerve": 43.772, "anterior interosseous nerve of forearm": 50.755, "deep branch of radial nerve": 52.896, "lateral antebrachial cutaneous nerve": 49.174, "median nerve": 43.636, "muscular branches of radial nerve": 1.243, "musculocutaneous nerve": 26.824, "posterior antebrachial cutaneous nerve": 45.403, "posterior branch of medial antebrachial cutaneous nerve": 37.785, "radial nerve": 34.161, "superficial branch of radial nerve": 53.057, "ulnar nerve": 30.348}, "angle_PA_target": 77.273, "distance_P1_PA_target": 65.992, "distance_P1_PA_target_X": 2.292, "distance_P1_PA_target_Y": 46.861, "distance_P1_PA_target_Z": 46.407, "distance_P2_PA_target": 18.126, "distance_P2_PA_target_X": -4.074, "distance_P2_PA_target_Y": 14.93, "distance_P2_PA_target_Z": 9.437, "distance_P2e_PA_target": 46.567, "distance_P2e_PA_target_X": 28.401, "distance_P2e_PA_target_Y": 21.549, "distance_P2e_PA_target_Z": 29.958, "delta_id_PA_target": 39.912}
2024-01-30 18:47:17,827 - [ DEBUG] - PERFORM:	 enter data from fusion 360: 	|{"datatype": "PA", "TEST_id": "370fec", "ECP_id": "aaa37fe0", "id": "8a25209579", "comment": "", "time_init": 1706635898.53, "phase": 1, "ECP_number": 2, "PA_number": 1, "success": true, "PA_D": -1.0, "PA_RPC": 5, "P1A": 47.160000000000004, "P1B": 35.06, "P1C": 109.03, "P1D": 103.84, "P2A": 57.01, "P2B": 53.6, "P2C": 75.62, "P2D": 71.8, "P1A_F": 47.015, "P1B_F": 35.258, "P1C_F": 109.085, "P1D_F": 103.781, "P2A_F": 57.048, "P2B_F": 53.555, "P2C_F": 75.592, "P2D_F": 71.827, "P2eA": 47.015, "P2eB": 35.258, "P2eC": 109.085, "P2eD": 103.781, "P1A_U": 58.854, "P1B_U": 52.139, "P1C_U": 107.615, "P1D_U": 104.213, "P2eA_U": 61.822, "P2eB_U": 65.525, "P2eC_U": 62.816, "P2eD_U": 64.582, "P1_mean_max": 1.0, "P1_mean": 0.444, "P2_mean_max": 2.0, "P2_mean": 0.219, "confidence_position": 5.0, "confidence_angle": 5.0, "estimate_hit": false, "target": "ECP:2", "markers": {"A": "M:3", "B": "M:4", "C": "M:8", "D": "M:9"}, "fusion_computed": true, "anatomy": {"basilic vein": 36.154, "brachial artery": 36.863, "brachial vein": 35.774, "cephalic vein": 36.599, "inferior ulnar collateral artery": 25.059, "median antebrachial vein": 49.729, "median cubital vein": 37.181, "median cubital vein 1": 43.279, "middle collateral artery": 0.141, "radial artery": 46.797, "radial collateral artery": 15.133, "radial veins": 50.974, "random artery 1": 18.406, "random artery 2": 34.496, "ulnar artery": 46.797, "ulnar veins": 50.914, "anterior branch of medial antebrachial cutaneous nerve": 43.769, "anterior interosseous nerve of forearm": 45.814, "deep branch of radial nerve": 47.84, "lateral antebrachial cutaneous nerve": 43.843, "median nerve": 42.034, "muscular branches of radial nerve": 1.801, "musculocutaneous nerve": 26.787, "posterior antebrachial cutaneous nerve": 43.702, "posterior branch of medial antebrachial cutaneous nerve": 30.466, "radial nerve": 34.085, "superficial branch of radial nerve": 47.971, "ulnar nerve": 28.239}, "angle_PA_target": 69.401, "distance_P1_PA_target": 65.992, "distance_P1_PA_target_X": 2.292, "distance_P1_PA_target_Y": 46.861, "distance_P1_PA_target_Z": 46.407, "distance_P2_PA_target": 23.892, "distance_P2_PA_target_X": -2.797, "distance_P2_PA_target_Y": 18.697, "distance_P2_PA_target_Z": 14.61, "distance_P2e_PA_target": 46.567, "distance_P2e_PA_target_X": 28.401, "distance_P2e_PA_target_Y": 21.549, "distance_P2e_PA_target_Z": 29.958, "delta_id_PA_target": 39.912}|
2024-01-30 18:47:20,770 - [ DEBUG] - TECHNICAL:	 want to remeasure P1? [Y/N]: 	|y|
2024-01-30 18:47:48,317 - [ DEBUG] - |-- P1M:3 [FLOAT]: 	|48.14|
2024-01-30 18:48:21,202 - [ DEBUG] - |-- P1M:4 [FLOAT]: 	|35.21|
2024-01-30 18:48:38,897 - [ DEBUG] - |-- P1M:8 [FLOAT]: 	|109.61|
2024-01-30 18:48:50,406 - [ DEBUG] - |-- P1M:9 [FLOAT]: 	|104.84|
2024-01-30 18:48:50,417 - [  INFO] - PERFORM:	 test following string on fusion 360 (already copied in clipboard) -> 
{"datatype": "PA", "TEST_id": "370fec", "ECP_id": "aaa37fe0", "id": "8a25209579", "comment": "", "time_init": 1706635898.53, "phase": 1, "ECP_number": 2, "PA_number": 1, "success": true, "PA_D": -1.0, "PA_RPC": 5, "P1A": 48.14, "P1B": 35.21, "P1C": 109.61, "P1D": 104.84, "P2A": 57.01, "P2B": 53.6, "P2C": 75.62, "P2D": 71.8, "P1A_F": 47.015, "P1B_F": 35.258, "P1C_F": 109.085, "P1D_F": 103.781, "P2A_F": 57.048, "P2B_F": 53.555, "P2C_F": 75.592, "P2D_F": 71.827, "P2eA": 47.015, "P2eB": 35.258, "P2eC": 109.085, "P2eD": 103.781, "P1A_U": 58.854, "P1B_U": 52.139, "P1C_U": 107.615, "P1D_U": 104.213, "P2eA_U": 61.822, "P2eB_U": 65.525, "P2eC_U": 62.816, "P2eD_U": 64.582, "P1_mean_max": 1.0, "P1_mean": 0.444, "P2_mean_max": 2.0, "P2_mean": 0.219, "confidence_position": 5.0, "confidence_angle": 5.0, "estimate_hit": false, "target": "ECP:2", "markers": {"A": "M:3", "B": "M:4", "C": "M:8", "D": "M:9"}, "fusion_computed": true, "anatomy": {"basilic vein": 36.154, "brachial artery": 36.863, "brachial vein": 35.774, "cephalic vein": 36.599, "inferior ulnar collateral artery": 25.059, "median antebrachial vein": 49.729, "median cubital vein": 37.181, "median cubital vein 1": 43.279, "middle collateral artery": 0.141, "radial artery": 46.797, "radial collateral artery": 15.133, "radial veins": 50.974, "random artery 1": 18.406, "random artery 2": 34.496, "ulnar artery": 46.797, "ulnar veins": 50.914, "anterior branch of medial antebrachial cutaneous nerve": 43.769, "anterior interosseous nerve of forearm": 45.814, "deep branch of radial nerve": 47.84, "lateral antebrachial cutaneous nerve": 43.843, "median nerve": 42.034, "muscular branches of radial nerve": 1.801, "musculocutaneous nerve": 26.787, "posterior antebrachial cutaneous nerve": 43.702, "posterior branch of medial antebrachial cutaneous nerve": 30.466, "radial nerve": 34.085, "superficial branch of radial nerve": 47.971, "ulnar nerve": 28.239}, "angle_PA_target": 69.401, "distance_P1_PA_target": 65.992, "distance_P1_PA_target_X": 2.292, "distance_P1_PA_target_Y": 46.861, "distance_P1_PA_target_Z": 46.407, "distance_P2_PA_target": 23.892, "distance_P2_PA_target_X": -2.797, "distance_P2_PA_target_Y": 18.697, "distance_P2_PA_target_Z": 14.61, "distance_P2e_PA_target": 46.567, "distance_P2e_PA_target_X": 28.401, "distance_P2e_PA_target_Y": 21.549, "distance_P2e_PA_target_Z": 29.958, "delta_id_PA_target": 39.912}
2024-01-30 18:49:32,211 - [ DEBUG] - PERFORM:	 enter data from fusion 360: 	|{"datatype": "PA", "TEST_id": "370fec", "ECP_id": "aaa37fe0", "id": "8a25209579", "comment": "", "time_init": 1706635898.53, "phase": 1, "ECP_number": 2, "PA_number": 1, "success": true, "PA_D": -1.0, "PA_RPC": 5, "P1A": 48.14, "P1B": 35.21, "P1C": 109.61, "P1D": 104.84, "P2A": 57.01, "P2B": 53.6, "P2C": 75.62, "P2D": 71.8, "P1A_F": 48.016, "P1B_F": 35.367, "P1C_F": 109.657, "P1D_F": 104.79, "P2A_F": 57.048, "P2B_F": 53.555, "P2C_F": 75.592, "P2D_F": 71.827, "P2eA": 45.902, "P2eB": 36.993, "P2eC": 91.608, "P2eD": 87.06, "P1A_U": 58.854, "P1B_U": 52.139, "P1C_U": 107.615, "P1D_U": 104.213, "P2eA_U": 61.822, "P2eB_U": 65.525, "P2eC_U": 62.816, "P2eD_U": 64.582, "P1_mean_max": 1.0, "P1_mean": 0.363, "P2_mean_max": 2.0, "P2_mean": 0.219, "confidence_position": 5.0, "confidence_angle": 5.0, "estimate_hit": false, "target": "ECP:2", "markers": {"A": "M:3", "B": "M:4", "C": "M:8", "D": "M:9"}, "fusion_computed": true, "anatomy": {"basilic vein": 30.118, "brachial artery": 4.103, "brachial vein": 0.537, "cephalic vein": 7.289, "inferior ulnar collateral artery": 20.403, "median antebrachial vein": 36.794, "median cubital vein": 14.181, "median cubital vein 1": 9.649, "middle collateral artery": 13.641, "radial artery": 2.281, "radial collateral artery": 21.189, "radial veins": 9.36, "random artery 1": 18.383, "random artery 2": 28.713, "ulnar artery": 2.682, "ulnar veins": 9.355, "anterior branch of medial antebrachial cutaneous nerve": 26.236, "anterior interosseous nerve of forearm": 10.855, "deep branch of radial nerve": 4.454, "lateral antebrachial cutaneous nerve": 0.0, "median nerve": 9.636, "muscular branches of radial nerve": 15.5, "musculocutaneous nerve": 5.169, "posterior antebrachial cutaneous nerve": 21.739, "posterior branch of medial antebrachial cutaneous nerve": 35.882, "radial nerve": 4.674, "superficial branch of radial nerve": 1.211, "ulnar nerve": 30.227}, "angle_PA_target": 9.521, "distance_P1_PA_target": 12.001, "distance_P1_PA_target_X": -0.991, "distance_P1_PA_target_Y": 11.415, "distance_P1_PA_target_Z": 3.569, "distance_P2_PA_target": 23.892, "distance_P2_PA_target_X": -2.797, "distance_P2_PA_target_Y": 18.697, "distance_P2_PA_target_Z": 14.61, "distance_P2e_PA_target": 12.01, "distance_P2e_PA_target_X": 11.912, "distance_P2e_PA_target_Y": 1.522, "distance_P2e_PA_target_Z": 0.123, "delta_id_PA_target": 15.804}|
2024-01-30 18:49:34,295 - [ DEBUG] - TECHNICAL:	 want to remeasure P1? [Y/N]: 	|n|
2024-01-30 18:49:34,927 - [ DEBUG] - TECHNICAL:	 want to remeasure P2? [Y/N]: 	|n|
2024-01-30 18:49:36,727 - [ DEBUG] - TECHNICAL:	 comment on PA (8a25209579) [STRING]: 	||
2024-01-30 18:49:36,728 - [  INFO] - PA2.1 FINISHED!
2024-01-30 18:49:36,728 - [  INFO] - DATA COLLECTION - ECP2 - (aaa37fe0)
2024-01-30 18:49:41,525 - [ DEBUG] - |-- ease of placement [0 difficult - 5 easy]: 	|4|
2024-01-30 18:49:41,526 - [  INFO] - ########################
2024-01-30 18:49:41,527 - [  INFO] - ECP3 START! (06eaa568)
2024-01-30 18:49:41,528 - [  INFO] - ------------------------
2024-01-30 18:49:41,529 - [  INFO] - PA3.1 START! (667bfa8182)
2024-01-30 18:49:42,642 - [ DEBUG] - PERFORM:	 reset x-ray machine [ENTER when done]: 	||
2024-01-30 18:50:15,930 - [ DEBUG] - PERFORM:	 give instruction to insert k-wire [ENTER when instruction given]: 	||
2024-01-30 18:54:07,162 - [ DEBUG] - CANDIDATE:	 inserting k-wire... -> checks it and declares it failed [f] or successful [s]: 	|s|
2024-01-30 18:54:07,163 - [  INFO] - \_candidate has performed SUCCESSFUL positioning attempt!
2024-01-30 18:54:07,163 - [  INFO] - DATA COLLECTION - PA3.1 - (667bfa8182)
2024-01-30 18:54:12,263 - [ DEBUG] - |-- RADIATION picture count       [INT]  : 	|11|
2024-01-30 18:54:53,469 - [ DEBUG] - |-- P1M:2 [FLOAT]: 	|105.06|
2024-01-30 18:55:10,138 - [ DEBUG] - |-- P1M:3 [FLOAT]: 	|96.43|
2024-01-30 18:55:34,887 - [ DEBUG] - |-- P1M:7 [FLOAT]: 	|70.84|
2024-01-30 18:56:00,841 - [ DEBUG] - |-- P1M:8 [FLOAT]: 	|60.20|
2024-01-30 18:56:37,449 - [ DEBUG] - |-- P2M:2 [FLOAT]: 	|61.15|
2024-01-30 18:57:18,300 - [ DEBUG] - |-- P2M:3 [FLOAT]: 	|57.23|
2024-01-30 18:57:38,470 - [ DEBUG] - |-- P2M:7 [FLOAT]: 	|75.10|
2024-01-30 18:57:51,867 - [ DEBUG] - |-- P2M:8 [FLOAT]: 	|71.68|
2024-01-30 18:58:01,760 - [ DEBUG] - |-- P1M:2 virtual [FLOAT]: 	|106.298|
2024-01-30 18:58:01,761 - [ DEBUG] - |-- P1M:3 virtual [FLOAT]: 	|96.383|
2024-01-30 18:58:01,762 - [ DEBUG] - |-- P1M:7 virtual [FLOAT]: 	|74.405|
2024-01-30 18:58:01,762 - [ DEBUG] - |-- P1M:8 virtual [FLOAT]: 	|60.766|
2024-01-30 18:58:01,763 - [ DEBUG] - |-- P2M:2 virtual [FLOAT]: 	|57.660|
2024-01-30 18:58:01,764 - [ DEBUG] - |-- P2M:3 virtual [FLOAT]: 	|50.574|
2024-01-30 18:58:01,764 - [ DEBUG] - |-- P2M:7 virtual [FLOAT]: 	|81.066|
2024-01-30 18:58:02,786 - [ DEBUG] - |-- P2M:8 virtual [FLOAT]: 	|75.164|
2024-01-30 18:58:16,387 - [ DEBUG] - |-- CANDIDATE: confidence on entrance position in mm? [FLOAT]: 	|5|
2024-01-30 18:58:23,040 - [ DEBUG] - |-- CANDIDATE: confidence on angle in deg? [FLOAT]:            	|8|
2024-01-30 18:58:26,848 - [ DEBUG] - |-- CANDIDATE: estimate structures hit [Y/N]?:                 	|n|
2024-01-30 18:58:28,964 - [ DEBUG] - TECHNICAL:	 is data entered correct? [Y/N]: 	|y|
2024-01-30 18:58:28,977 - [  INFO] - PERFORM:	 test following string on fusion 360 (already copied in clipboard) -> 
{"datatype": "PA", "TEST_id": "370fec", "ECP_id": "06eaa568", "id": "667bfa8182", "comment": "", "time_init": 1706637015.93, "phase": 1, "ECP_number": 3, "PA_number": 1, "success": true, "PA_D": -1.0, "PA_RPC": 11, "P1A": 104.26, "P1B": 95.63000000000001, "P1C": 70.04, "P1D": 59.400000000000006, "P2A": 60.35, "P2B": 56.43, "P2C": 74.3, "P2D": 70.88000000000001, "P1A_F": -1.0, "P1B_F": -1.0, "P1C_F": -1.0, "P1D_F": -1.0, "P2A_F": -1.0, "P2B_F": -1.0, "P2C_F": -1.0, "P2D_F": -1.0, "P2eA": -1.0, "P2eB": -1.0, "P2eC": -1.0, "P2eD": -1.0, "P1A_U": 106.298, "P1B_U": 96.383, "P1C_U": 74.405, "P1D_U": 60.766, "P2eA_U": 57.66, "P2eB_U": 50.574, "P2eC_U": 81.066, "P2eD_U": 75.164, "P1_mean_max": 1.0, "P1_mean": -1.0, "P2_mean_max": 2.0, "P2_mean": -1.0, "confidence_position": 5.0, "confidence_angle": 8.0, "estimate_hit": false, "target": "ECP:3", "markers": {"A": "M:2", "B": "M:3", "C": "M:7", "D": "M:8"}, "fusion_computed": false, "anatomy": {"basilic vein": -1.0, "brachial artery": -1.0, "brachial vein": -1.0, "cephalic vein": -1.0, "inferior ulnar collateral artery": -1.0, "median antebrachial vein": -1.0, "median cubital vein": -1.0, "median cubital vein 1": -1.0, "middle collateral artery": -1.0, "radial artery": -1.0, "radial collateral artery": -1.0, "radial veins": -1.0, "random artery 1": -1.0, "random artery 2": -1.0, "ulnar artery": -1.0, "ulnar veins": -1.0, "anterior branch of medial antebrachial cutaneous nerve": -1.0, "anterior interosseous nerve of forearm": -1.0, "deep branch of radial nerve": -1.0, "lateral antebrachial cutaneous nerve": -1.0, "median nerve": -1.0, "muscular branches of radial nerve": -1.0, "musculocutaneous nerve": -1.0, "posterior antebrachial cutaneous nerve": -1.0, "posterior branch of medial antebrachial cutaneous nerve": -1.0, "radial nerve": -1.0, "superficial branch of radial nerve": -1.0, "ulnar nerve": -1.0}, "angle_PA_target": -1.0, "distance_P1_PA_target": -1.0, "distance_P1_PA_target_X": -1.0, "distance_P1_PA_target_Y": -1.0, "distance_P1_PA_target_Z": -1.0, "distance_P2_PA_target": -1.0, "distance_P2_PA_target_X": -1.0, "distance_P2_PA_target_Y": -1.0, "distance_P2_PA_target_Z": -1.0, "distance_P2e_PA_target": -1.0, "distance_P2e_PA_target_X": -1.0, "distance_P2e_PA_target_Y": -1.0, "distance_P2e_PA_target_Z": -1.0, "delta_id_PA_target": -1.0}
2024-01-30 18:58:42,462 - [ DEBUG] - PERFORM:	 enter data from fusion 360: 	|{"datatype": "PA", "TEST_id": "370fec", "ECP_id": "06eaa568", "id": "667bfa8182", "comment": "", "time_init": 1706637015.93, "phase": 1, "ECP_number": 3, "PA_number": 1, "success": true, "PA_D": -1.0, "PA_RPC": 11, "P1A": 104.26, "P1B": 95.63000000000001, "P1C": 70.04, "P1D": 59.400000000000006, "P2A": 60.35, "P2B": 56.43, "P2C": 74.3, "P2D": 70.88000000000001, "P1A_F": 103.971, "P1B_F": 95.922, "P1C_F": 70.41, "P1D_F": 58.894, "P2A_F": 60.341, "P2B_F": 56.852, "P2C_F": 74.681, "P2D_F": 70.872, "P2eA": 66.001, "P2eB": 61.369, "P2eC": 71.531, "P2eD": 66.493, "P1A_U": 106.298, "P1B_U": 96.383, "P1C_U": 74.405, "P1D_U": 60.766, "P2eA_U": 57.66, "P2eB_U": 50.574, "P2eC_U": 81.066, "P2eD_U": 75.164, "P1_mean_max": 1.0, "P1_mean": 1.34, "P2_mean_max": 2.0, "P2_mean": 0.576, "confidence_position": 5.0, "confidence_angle": 8.0, "estimate_hit": false, "target": "ECP:3", "markers": {"A": "M:2", "B": "M:3", "C": "M:7", "D": "M:8"}, "fusion_computed": true, "anatomy": {"basilic vein": 10.639, "brachial artery": 17.028, "brachial vein": 13.583, "cephalic vein": 20.778, "inferior ulnar collateral artery": 17.073, "median antebrachial vein": 27.396, "median cubital vein": 11.266, "median cubital vein 1": 27.151, "middle collateral artery": 17.8, "radial artery": 41.469, "radial collateral artery": 15.357, "radial veins": 54.588, "random artery 1": 11.088, "random artery 2": 33.307, "ulnar artery": 41.469, "ulnar veins": 54.621, "anterior branch of medial antebrachial cutaneous nerve": 19.315, "anterior interosseous nerve of forearm": 33.921, "deep branch of radial nerve": 46.361, "lateral antebrachial cutaneous nerve": 38.879, "median nerve": 16.787, "muscular branches of radial nerve": 20.445, "musculocutaneous nerve": 9.404, "posterior antebrachial cutaneous nerve": 35.122, "posterior branch of medial antebrachial cutaneous nerve": 0.491, "radial nerve": 22.373, "superficial branch of radial nerve": 46.33, "ulnar nerve": 10.276}, "angle_PA_target": 5.367, "distance_P1_PA_target": 10.135, "distance_P1_PA_target_X": 8.939, "distance_P1_PA_target_Y": 4.756, "distance_P1_PA_target_Z": -0.439, "distance_P2_PA_target": 13.805, "distance_P2_PA_target_X": 10.748, "distance_P2_PA_target_Y": 1.735, "distance_P2_PA_target_Z": 8.488, "distance_P2e_PA_target": 7.677, "distance_P2e_PA_target_X": 5.919, "distance_P2e_PA_target_Y": 4.2, "distance_P2e_PA_target_Z": 2.502, "delta_id_PA_target": -0.346}|
2024-01-30 18:58:42,462 - [  INFO] - TECHNICAL:	 ATTENTION: P1 measurement error is above max allowed! Please take measurement again:
2024-01-30 18:59:21,233 - [ DEBUG] - |-- P1M:2 [FLOAT]: 	|104.84|
2024-01-30 18:59:35,853 - [ DEBUG] - |-- P1M:3 [FLOAT]: 	|96.41|
2024-01-30 19:00:08,500 - [ DEBUG] - |-- P1M:7 [FLOAT]: 	|71.04|
2024-01-30 19:01:01,871 - [ DEBUG] - |-- P1M:8 [FLOAT]: 	|59.95|
2024-01-30 19:01:01,879 - [  INFO] - PERFORM:	 test following string on fusion 360 (already copied in clipboard) -> 
{"datatype": "PA", "TEST_id": "370fec", "ECP_id": "06eaa568", "id": "667bfa8182", "comment": "", "time_init": 1706637015.93, "phase": 1, "ECP_number": 3, "PA_number": 1, "success": true, "PA_D": -1.0, "PA_RPC": 11, "P1A": 104.84, "P1B": 96.41, "P1C": 71.04, "P1D": 59.95, "P2A": 60.35, "P2B": 56.43, "P2C": 74.3, "P2D": 70.88000000000001, "P1A_F": 103.971, "P1B_F": 95.922, "P1C_F": 70.41, "P1D_F": 58.894, "P2A_F": 60.341, "P2B_F": 56.852, "P2C_F": 74.681, "P2D_F": 70.872, "P2eA": 66.001, "P2eB": 61.369, "P2eC": 71.531, "P2eD": 66.493, "P1A_U": 106.298, "P1B_U": 96.383, "P1C_U": 74.405, "P1D_U": 60.766, "P2eA_U": 57.66, "P2eB_U": 50.574, "P2eC_U": 81.066, "P2eD_U": 75.164, "P1_mean_max": 1.0, "P1_mean": 1.34, "P2_mean_max": 2.0, "P2_mean": 0.576, "confidence_position": 5.0, "confidence_angle": 8.0, "estimate_hit": false, "target": "ECP:3", "markers": {"A": "M:2", "B": "M:3", "C": "M:7", "D": "M:8"}, "fusion_computed": true, "anatomy": {"basilic vein": 10.639, "brachial artery": 17.028, "brachial vein": 13.583, "cephalic vein": 20.778, "inferior ulnar collateral artery": 17.073, "median antebrachial vein": 27.396, "median cubital vein": 11.266, "median cubital vein 1": 27.151, "middle collateral artery": 17.8, "radial artery": 41.469, "radial collateral artery": 15.357, "radial veins": 54.588, "random artery 1": 11.088, "random artery 2": 33.307, "ulnar artery": 41.469, "ulnar veins": 54.621, "anterior branch of medial antebrachial cutaneous nerve": 19.315, "anterior interosseous nerve of forearm": 33.921, "deep branch of radial nerve": 46.361, "lateral antebrachial cutaneous nerve": 38.879, "median nerve": 16.787, "muscular branches of radial nerve": 20.445, "musculocutaneous nerve": 9.404, "posterior antebrachial cutaneous nerve": 35.122, "posterior branch of medial antebrachial cutaneous nerve": 0.491, "radial nerve": 22.373, "superficial branch of radial nerve": 46.33, "ulnar nerve": 10.276}, "angle_PA_target": 5.367, "distance_P1_PA_target": 10.135, "distance_P1_PA_target_X": 8.939, "distance_P1_PA_target_Y": 4.756, "distance_P1_PA_target_Z": -0.439, "distance_P2_PA_target": 13.805, "distance_P2_PA_target_X": 10.748, "distance_P2_PA_target_Y": 1.735, "distance_P2_PA_target_Z": 8.488, "distance_P2e_PA_target": 7.677, "distance_P2e_PA_target_X": 5.919, "distance_P2e_PA_target_Y": 4.2, "distance_P2e_PA_target_Z": 2.502, "delta_id_PA_target": -0.346}
2024-01-30 19:01:18,876 - [ DEBUG] - PERFORM:	 enter data from fusion 360: 	|{"datatype": "PA", "TEST_id": "370fec", "ECP_id": "06eaa568", "id": "667bfa8182", "comment": "", "time_init": 1706637015.93, "phase": 1, "ECP_number": 3, "PA_number": 1, "success": true, "PA_D": -1.0, "PA_RPC": 11, "P1A": 104.84, "P1B": 96.41, "P1C": 71.04, "P1D": 59.95, "P2A": 60.35, "P2B": 56.43, "P2C": 74.3, "P2D": 70.88000000000001, "P1A_F": 104.699, "P1B_F": 96.557, "P1C_F": 71.226, "P1D_F": 59.705, "P2A_F": 60.341, "P2B_F": 56.852, "P2C_F": 74.681, "P2D_F": 70.872, "P2eA": 65.872, "P2eB": 61.243, "P2eC": 71.641, "P2eD": 66.624, "P1A_U": 106.298, "P1B_U": 96.383, "P1C_U": 74.405, "P1D_U": 60.766, "P2eA_U": 57.66, "P2eB_U": 50.574, "P2eC_U": 81.066, "P2eD_U": 75.164, "P1_mean_max": 1.0, "P1_mean": 0.664, "P2_mean_max": 2.0, "P2_mean": 0.576, "confidence_position": 5.0, "confidence_angle": 8.0, "estimate_hit": false, "target": "ECP:3", "markers": {"A": "M:2", "B": "M:3", "C": "M:7", "D": "M:8"}, "fusion_computed": true, "anatomy": {"basilic vein": 10.669, "brachial artery": 16.93, "brachial vein": 13.554, "cephalic vein": 21.043, "inferior ulnar collateral artery": 17.073, "median antebrachial vein": 27.581, "median cubital vein": 11.296, "median cubital vein 1": 26.947, "middle collateral artery": 17.856, "radial artery": 41.31, "radial collateral artery": 15.737, "radial veins": 54.518, "random artery 1": 11.176, "random artery 2": 33.436, "ulnar artery": 41.31, "ulnar veins": 54.552, "anterior branch of medial antebrachial cutaneous nerve": 19.351, "anterior interosseous nerve of forearm": 33.807, "deep branch of radial nerve": 46.105, "lateral antebrachial cutaneous nerve": 38.707, "median nerve": 16.778, "muscular branches of radial nerve": 20.499, "musculocutaneous nerve": 9.546, "posterior antebrachial cutaneous nerve": 34.643, "posterior branch of medial antebrachial cutaneous nerve": 0.482, "radial nerve": 22.862, "superficial branch of radial nerve": 46.077, "ulnar nerve": 10.276}, "angle_PA_target": 6.02, "distance_P1_PA_target": 10.377, "distance_P1_PA_target_X": 8.825, "distance_P1_PA_target_Y": 5.236, "distance_P1_PA_target_Z": -1.546, "distance_P2_PA_target": 13.805, "distance_P2_PA_target_X": 10.748, "distance_P2_PA_target_Y": 1.735, "distance_P2_PA_target_Z": 8.488, "distance_P2e_PA_target": 7.79, "distance_P2e_PA_target_X": 6.058, "distance_P2e_PA_target_Y": 4.191, "distance_P2e_PA_target_Z": 2.534, "delta_id_PA_target": -1.494}|
2024-01-30 19:01:19,822 - [ DEBUG] - TECHNICAL:	 want to remeasure P1? [Y/N]: 	|n|
2024-01-30 19:01:20,093 - [ DEBUG] - TECHNICAL:	 want to remeasure P2? [Y/N]: 	|n|
2024-01-30 19:01:20,974 - [ DEBUG] - TECHNICAL:	 comment on PA (667bfa8182) [STRING]: 	||
2024-01-30 19:01:20,974 - [  INFO] - PA3.1 FINISHED!
2024-01-30 19:01:20,974 - [  INFO] - DATA COLLECTION - ECP3 - (06eaa568)
2024-01-30 19:01:28,323 - [ DEBUG] - |-- ease of placement [0 difficult - 5 easy]: 	|5|
2024-01-30 19:01:28,324 - [  INFO] - DATA COLLECTION - TEST - (370fec)
2024-01-30 19:01:45,605 - [ DEBUG] - |-- realism xray    [-1 : 5]:            	|3|
2024-01-30 19:01:51,382 - [ DEBUG] - |-- realism AR      [-1 : 5]:            	|4|
2024-01-30 19:01:59,222 - [ DEBUG] - |-- realism phantom [-1 : 5]:            	|3|
2024-01-30 19:02:07,165 - [ DEBUG] - |-- simulation quality xray    [-1 : 5]: 	|4|
2024-01-30 19:02:13,155 - [ DEBUG] - |-- simulation quality AR      [-1 : 5]: 	|4|
2024-01-30 19:02:21,291 - [ DEBUG] - |-- simulation quality phantom [-1 : 5]: 	|4|
2024-01-30 19:02:29,620 - [ DEBUG] - |-- comfort xray [-1 : 5]:               	|4|
2024-01-30 19:02:41,505 - [ DEBUG] - |-- comfort ar   [-1 : 5]:               	|5|
2024-01-30 19:02:42,986 - [ DEBUG] - TECHNICAL:	 comment on TEST (370fec) [STRING]: 	||
2024-01-30 19:02:42,997 - [  INFO] - SAVED ON DATABASE!
2024-01-30 19:02:42,999 - [  INFO] - bye!
