2024-02-26 14:58:10,442 - [  INFO] - flags: []
2024-02-26 14:58:10,442 - [  INFO] - # POSITIONING PHASE COMPANION (v1.27)
2024-02-26 14:58:10,443 - [  INFO] - # What a beautiful day to stick some anti-pigeon spikes into plastic!
2024-02-26 14:58:10,444 - [  INFO] - # BEGIN POSITIONING PHASE FOR A CANDIDATE, ONE SINGLE PHASE (028001)
2024-02-26 14:58:10,445 - [  INFO] - # 2024/02/26 - 14:58:10
2024-02-26 14:58:10,445 - [  INFO] - DATA COLLECTION - PHASE - (028001)
2024-02-26 14:58:14,950 - [ DEBUG] - |-- phase      [INTEGER]:           	|1|
2024-02-26 14:58:14,951 - [ DEBUG] - |-- phantom id [STRING]:            	|06|
2024-02-26 14:58:14,956 - [ DEBUG] - |-- country origin [STRING]:        	|italy|
2024-02-26 14:58:14,956 - [ DEBUG] - |-- country    [STRING]:            	|italy|
2024-02-26 14:58:14,957 - [ DEBUG] - |-- city       [STRING]:            	|turin|
2024-02-26 14:58:14,958 - [ DEBUG] - |-- institute  [STRING]:            	|cto|
2024-02-26 14:58:14,959 - [ DEBUG] - |-- name [STRING]:                  	|simone|
2024-02-26 14:58:14,960 - [ DEBUG] - |-- surname [STRING]:               	|giraudo|
2024-02-26 14:58:14,960 - [ DEBUG] - |-- gender                          	|m|
2024-02-26 14:58:14,961 - [ DEBUG] - |-- right-handed [Y/N]:             	|true|
2024-02-26 14:58:14,961 - [ DEBUG] - |-- age [INTEGER]:                  	|28|
2024-02-26 14:58:14,962 - [ DEBUG] - |-- career:   	|sp|
2024-02-26 14:58:14,962 - [ DEBUG] - |-- medsurg year        [-1 : 7]:   	|-1|
2024-02-26 14:58:14,963 - [ DEBUG] - |-- specialization year [-1 : 5]:   	|3|
2024-02-26 14:58:14,963 - [ DEBUG] - |-- surgeon year        [-1 : 100]: 	|-1|
2024-02-26 14:58:14,964 - [ DEBUG] - |-- exp operation count [INTEGER]:  	|5|
2024-02-26 14:58:14,964 - [ DEBUG] - |-- glasses [Y/N]:                  	|true|
2024-02-26 14:58:14,965 - [ DEBUG] - |-- glasses type [None [] / Myopia (Nearsightedness) [M] / Hyperopia (Farsightedness) [H] / Astigmatism [AS] / Presbyopia [P] / Strabismus [S] / Amblyopia (Lazy Eye) [AM] / Cataract [C]: 	|m+as|
2024-02-26 14:58:14,965 - [ DEBUG] - |-- glasses power [-1 : 100]         |-- glasses power [-1 : 100]        	|4.5|
2024-02-26 14:58:14,966 - [ DEBUG] - |-- exp Virtual Reality   [0 : 5]:  	|1|
2024-02-26 14:58:14,966 - [ DEBUG] - |-- exp Augmented Reality [0 : 5]:  	|0|
2024-02-26 14:58:21,396 - [ DEBUG] - |-- exp 3D editors        [0 : 5]:  	|0|
2024-02-26 14:58:25,063 - [ DEBUG] - TECHNICAL:	 is data entered correct? [Y/N]: 	|y|
2024-02-26 14:58:25,064 - [  INFO] - ########################
2024-02-26 14:58:25,064 - [  INFO] - ECP1 START! (08418895)
2024-02-26 14:58:25,065 - [  INFO] - ------------------------
2024-02-26 14:58:25,066 - [  INFO] - PA1.1 START! (cc019c2bca)
2024-02-26 15:03:50,656 - [ DEBUG] - PERFORM:	 reset x-ray machine [ENTER when done]: 	||
2024-02-26 15:03:51,678 - [ DEBUG] - PERFORM:	 give instruction to insert k-wire [ENTER when instruction given]: 	||
2024-02-26 15:05:04,074 - [ DEBUG] - CANDIDATE:	 inserting k-wire... -> checks it and declares it Failed or Successful (Restart timer)	|r|
2024-02-26 15:05:04,074 - [  INFO] - \_restart timer!
2024-02-26 15:10:38,744 - [ DEBUG] - CANDIDATE:	 inserting k-wire... -> checks it and declares it Failed or Successful (Restart timer)	|s|
2024-02-26 15:10:38,744 - [  INFO] - \_candidate has performed SUCCESSFUL positioning attempt!
2024-02-26 15:10:38,744 - [  INFO] - DATA COLLECTION - PA1.1 - (cc019c2bca)
2024-02-26 15:11:33,242 - [ DEBUG] - |-- CANDIDATE: entrance point distance from entrance point target? [FLOAT]:  |-- CANDIDATE: entrance point distance from entrance point target? [FLOAT]: 	|3|
2024-02-26 15:11:40,474 - [ DEBUG] - |-- CANDIDATE: confidence on angle in deg? [FLOAT]:                          |-- CANDIDATE: confidence on angle in deg? [FLOAT]:                         	|5|
2024-02-26 15:11:50,270 - [ DEBUG] - |-- CANDIDATE: estimate structures hit [Y/N]?:                              	|n|
2024-02-26 15:11:52,155 - [ DEBUG] - |-- RADIATION picture count [INT] : 	|2|
2024-02-26 15:11:53,381 - [ DEBUG] - |-- P from unity	|12|
2024-02-26 15:12:00,197 - [ DEBUG] - |-- P1M:2 [FLOAT]:  |-- P1M:2 [FLOAT]: 	|73.820|
2024-02-26 15:12:00,198 - [ DEBUG] - |-- P1M:3 [FLOAT]:  |-- P1M:3 [FLOAT]: 	|61.385|
2024-02-26 15:12:00,198 - [ DEBUG] - |-- P1M:7 [FLOAT]:  |-- P1M:7 [FLOAT]: 	|110.226|
2024-02-26 15:12:00,199 - [ DEBUG] - |-- P1M:8 [FLOAT]:  |-- P1M:8 [FLOAT]: 	|104.075|
2024-02-26 15:12:00,200 - [ DEBUG] - |-- P2M:2 [FLOAT]:  |-- P2M:2 [FLOAT]: 	|57.856|
2024-02-26 15:12:00,200 - [ DEBUG] - |-- P2M:3 [FLOAT]:  |-- P2M:3 [FLOAT]: 	|49.409|
2024-02-26 15:12:00,212 - [ DEBUG] - |-- P2M:7 [FLOAT]:  |-- P2M:7 [FLOAT]: 	|82.499|
2024-02-26 15:12:01,463 - [ DEBUG] - |-- P2M:8 [FLOAT]:  |-- P2M:8 [FLOAT]: 	|76.327|
2024-02-26 15:12:06,695 - [ DEBUG] - |-- P1M:2 unity [FLOAT]:   |-- P1M:2 unity [FLOAT]:  	|73.820|
2024-02-26 15:12:06,696 - [ DEBUG] - |-- P1M:3 unity [FLOAT]:   |-- P1M:3 unity [FLOAT]:  	|61.385|
2024-02-26 15:12:06,696 - [ DEBUG] - |-- P1M:7 unity [FLOAT]:   |-- P1M:7 unity [FLOAT]:  	|110.226|
2024-02-26 15:12:06,697 - [ DEBUG] - |-- P1M:8 unity [FLOAT]:   |-- P1M:8 unity [FLOAT]:  	|104.075|
2024-02-26 15:12:06,698 - [ DEBUG] - |-- P2eM:2 unity [FLOAT]:  |-- P2eM:2 unity [FLOAT]: 	|57.856|
2024-02-26 15:12:06,698 - [ DEBUG] - |-- P2eM:3 unity [FLOAT]:  |-- P2eM:3 unity [FLOAT]: 	|49.409|
2024-02-26 15:12:06,699 - [ DEBUG] - |-- P2eM:7 unity [FLOAT]:  |-- P2eM:7 unity [FLOAT]: 	|82.499|
2024-02-26 15:12:07,626 - [ DEBUG] - |-- P2eM:8 unity [FLOAT]:  |-- P2eM:8 unity [FLOAT]: 	|76.327|
2024-02-26 15:12:09,322 - [ DEBUG] - TECHNICAL:	 is data entered correct? [Y/N]: 	|y|
2024-02-26 15:12:09,328 - [  INFO] - PERFORM:	 test following string on fusion 360 (already copied in clipboard) -> 
{"datatype": "PA", "PHASE_id": "028001", "ECP_id": "08418895", "id": "cc019c2bca", "comment": "", "time_init": 1708956304.07, "phase": 1, "ECP_number": 1, "PA_number": 1, "success": true, "entered_articulation": -1, "PA_D": -1.0, "PA_RPC": 2, "values_from_unity": "12", "P1A": 73.82, "P1B": 61.385, "P1C": 110.226, "P1D": 104.075, "P2A": 57.856, "P2B": 49.409, "P2C": 82.499, "P2D": 76.327, "P1A_F": -1.0, "P1B_F": -1.0, "P1C_F": -1.0, "P1D_F": -1.0, "P2A_F": -1.0, "P2B_F": -1.0, "P2C_F": -1.0, "P2D_F": -1.0, "P2eA_F": -1.0, "P2eB_F": -1.0, "P2eC_F": -1.0, "P2eD_F": -1.0, "P1A_U": 73.82, "P1B_U": 61.385, "P1C_U": 110.226, "P1D_U": 104.075, "P2eA_U": 57.856, "P2eB_U": 49.409, "P2eC_U": 82.499, "P2eD_U": 76.327, "P1_mean_max": 1.0, "P1_mean": -1.0, "P2_mean_max": 2.0, "P2_mean": -1.0, "confidence_position": 3.0, "confidence_angle": 5.0, "estimate_hit": false, "target": "ECP:1", "markers": {"A": "M:2", "B": "M:3", "C": "M:7", "D": "M:8"}, "fusion_computed": false, "anatomy": {"basilic vein": -1.0, "brachial artery": -1.0, "brachial vein": -1.0, "cephalic vein": -1.0, "inferior ulnar collateral artery": -1.0, "median antebrachial vein": -1.0, "median cubital vein": -1.0, "median cubital vein 1": -1.0, "middle collateral artery": -1.0, "radial artery": -1.0, "radial collateral artery": -1.0, "radial veins": -1.0, "random artery 1": -1.0, "random artery 2": -1.0, "ulnar artery": -1.0, "ulnar veins": -1.0, "anterior branch of medial antebrachial cutaneous nerve": -1.0, "anterior interosseous nerve of forearm": -1.0, "deep branch of radial nerve": -1.0, "lateral antebrachial cutaneous nerve": -1.0, "median nerve": -1.0, "muscular branches of radial nerve": -1.0, "musculocutaneous nerve": -1.0, "posterior antebrachial cutaneous nerve": -1.0, "posterior branch of medial antebrachial cutaneous nerve": -1.0, "radial nerve": -1.0, "superficial branch of radial nerve": -1.0, "ulnar nerve": -1.0}, "hit_count": -1.0, "angle_PA_target": -1.0, "distance_P1_PA_target": -1.0, "distance_P1_PA_target_X": -1.0, "distance_P1_PA_target_Y": -1.0, "distance_P1_PA_target_Z": -1.0, "distance_P2_PA_target": -1.0, "distance_P2_PA_target_X": -1.0, "distance_P2_PA_target_Y": -1.0, "distance_P2_PA_target_Z": -1.0, "distance_P2e_PA_target": -1.0, "distance_P2e_PA_target_X": -1.0, "distance_P2e_PA_target_Y": -1.0, "distance_P2e_PA_target_Z": -1.0, "delta_id_PA_target": -1.0}
2024-02-26 15:13:05,917 - [ DEBUG] - PERFORM:	 enter data from fusion 360: 	|{"datatype": "PA", "PHASE_id": "028001", "ECP_id": "08418895", "id": "cc019c2bca", "comment": "", "time_init": 1708956304.07, "phase": 1, "ECP_number": 1, "PA_number": 1, "success": true, "entered_articulation": -1, "PA_D": -1.0, "PA_RPC": 2, "values_from_unity": "12", "P1A": 73.82, "P1B": 61.385, "P1C": 110.226, "P1D": 104.075, "P2A": 57.856, "P2B": 49.409, "P2C": 82.499, "P2D": 76.327, "P1A_F": 73.82, "P1B_F": 61.385, "P1C_F": 110.226, "P1D_F": 104.075, "P2A_F": 57.856, "P2B_F": 49.409, "P2C_F": 82.499, "P2D_F": 76.327, "P2eA_F": 57.856, "P2eB_F": 49.409, "P2eC_F": 82.498, "P2eD_F": 76.327, "P1A_U": 73.82, "P1B_U": 61.385, "P1C_U": 110.226, "P1D_U": 104.075, "P2eA_U": 57.856, "P2eB_U": 49.409, "P2eC_U": 82.499, "P2eD_U": 76.327, "P1_mean_max": 1.0, "P1_mean": 0.001, "P2_mean_max": 2.0, "P2_mean": 0.001, "confidence_position": 3.0, "confidence_angle": 5.0, "estimate_hit": false, "target": "ECP:1", "markers": {"A": "M:2", "B": "M:3", "C": "M:7", "D": "M:8"}, "fusion_computed": true, "anatomy": {"basilic vein": 16.862, "brachial artery": 20.483, "brachial vein": 16.518, "cephalic vein": 28.373, "inferior ulnar collateral artery": 20.436, "median antebrachial vein": 38.361, "median cubital vein": 21.26, "median cubital vein 1": 24.083, "middle collateral artery": 12.686, "radial artery": 25.561, "radial collateral artery": 16.982, "radial veins": 34.617, "random artery 1": 7.705, "random artery 2": 32.993, "ulnar artery": 25.561, "ulnar veins": 34.615, "anterior branch of medial antebrachial cutaneous nerve": 25.574, "anterior interosseous nerve of forearm": 25.558, "deep branch of radial nerve": 22.67, "lateral antebrachial cutaneous nerve": 22.724, "median nerve": 21.864, "muscular branches of radial nerve": 13.764, "musculocutaneous nerve": 17.656, "posterior antebrachial cutaneous nerve": 16.339, "posterior branch of medial antebrachial cutaneous nerve": 3.024, "radial nerve": 19.789, "superficial branch of radial nerve": 22.899, "ulnar nerve": 6.039}, "hit_count": 0, "angle_PA_target": 6.338, "distance_P1_PA_target": 8.888, "distance_P1_PA_target_X": 8.507, "distance_P1_PA_target_Y": -0.34, "distance_P1_PA_target_Z": 2.549, "distance_P2_PA_target": 4.081, "distance_P2_PA_target_X": 3.717, "distance_P2_PA_target_Y": -1.586, "distance_P2_PA_target_Z": 0.568, "distance_P2e_PA_target": 4.081, "distance_P2e_PA_target_X": 3.716, "distance_P2e_PA_target_Y": -1.587, "distance_P2e_PA_target_Z": 0.569, "delta_id_PA_target": -0.112}|
2024-02-26 15:13:08,522 - [ DEBUG] - TECHNICAL:	 want to remeasure P1 and/or P2? [Y/N]: 	|n|
2024-02-26 15:13:10,987 - [ DEBUG] - |-- ENTERED ARTICULATION [-1 / 0 (not entered) / 1 (entered)] : 	|0|
2024-02-26 15:13:12,536 - [ DEBUG] - TECHNICAL:	 comment on PA (cc019c2bca) [STRING]: 	||
2024-02-26 15:13:13,435 - [ DEBUG] - TECHNICAL:	 remove kwire from phanotm [ENTER when done]: 	||
2024-02-26 15:13:13,436 - [  INFO] - PA1.1 FINISHED!
2024-02-26 15:13:13,436 - [  INFO] - DATA COLLECTION - ECP1 - (08418895)
2024-02-26 15:13:28,957 - [ DEBUG] - |-- ease of placement [0 difficult - 5 easy]: 	|3|
2024-02-26 15:13:28,958 - [  INFO] - ########################
2024-02-26 15:13:28,958 - [  INFO] - ECP2 START! (0367c951)
2024-02-26 15:13:28,960 - [  INFO] - ------------------------
2024-02-26 15:13:28,960 - [  INFO] - PA2.1 START! (153e53a99b)
2024-02-26 15:13:38,260 - [ DEBUG] - PERFORM:	 reset x-ray machine [ENTER when done]: 	||
2024-02-26 15:13:56,984 - [ DEBUG] - PERFORM:	 give instruction to insert k-wire [ENTER when instruction given]: 	||
2024-02-26 15:19:20,151 - [ DEBUG] - CANDIDATE:	 inserting k-wire... -> checks it and declares it Failed or Successful (Restart timer)	|f|
2024-02-26 15:19:20,151 - [  INFO] - \_candidate has FAILED positioning attempt!
2024-02-26 15:19:20,152 - [  INFO] - DATA COLLECTION - PA2.1 - (153e53a99b)
2024-02-26 15:19:40,218 - [ DEBUG] - |-- CANDIDATE: entrance point distance from entrance point target? [FLOAT]:  |-- CANDIDATE: entrance point distance from entrance point target? [FLOAT]: 	|20|
2024-02-26 15:19:46,909 - [ DEBUG] - |-- CANDIDATE: confidence on angle in deg? [FLOAT]:                          |-- CANDIDATE: confidence on angle in deg? [FLOAT]:                         	|15|
2024-02-26 15:19:52,604 - [ DEBUG] - |-- CANDIDATE: estimate structures hit [Y/N]?:                              	|y|
2024-02-26 15:19:55,274 - [ DEBUG] - |-- RADIATION picture count [INT] : 	|1|
2024-02-26 15:19:57,376 - [ DEBUG] - |-- P from unity	|12|
2024-02-26 15:19:58,782 - [ DEBUG] - |-- P1M:3 [FLOAT]:  |-- P1M:3 [FLOAT]: 	|39.113|
2024-02-26 15:19:58,783 - [ DEBUG] - |-- P1M:4 [FLOAT]:  |-- P1M:4 [FLOAT]: 	|28.694|
2024-02-26 15:19:58,783 - [ DEBUG] - |-- P1M:8 [FLOAT]:  |-- P1M:8 [FLOAT]: 	|124.373|
2024-02-26 15:19:58,784 - [ DEBUG] - |-- P1M:9 [FLOAT]:  |-- P1M:9 [FLOAT]: 	|121.323|
2024-02-26 15:19:58,785 - [ DEBUG] - |-- P2M:3 [FLOAT]:  |-- P2M:3 [FLOAT]: 	|50.764|
2024-02-26 15:19:58,786 - [ DEBUG] - |-- P2M:4 [FLOAT]:  |-- P2M:4 [FLOAT]: 	|43.485|
2024-02-26 15:19:58,787 - [ DEBUG] - |-- P2M:8 [FLOAT]:  |-- P2M:8 [FLOAT]: 	|85.307|
2024-02-26 15:19:59,902 - [ DEBUG] - |-- P2M:9 [FLOAT]:  |-- P2M:9 [FLOAT]: 	|80.730|
2024-02-26 15:20:01,189 - [ DEBUG] - |-- P1M:3 unity [FLOAT]:   |-- P1M:3 unity [FLOAT]:  	|39.113|
2024-02-26 15:20:01,189 - [ DEBUG] - |-- P1M:4 unity [FLOAT]:   |-- P1M:4 unity [FLOAT]:  	|28.694|
2024-02-26 15:20:01,190 - [ DEBUG] - |-- P1M:8 unity [FLOAT]:   |-- P1M:8 unity [FLOAT]:  	|124.373|
2024-02-26 15:20:01,191 - [ DEBUG] - |-- P1M:9 unity [FLOAT]:   |-- P1M:9 unity [FLOAT]:  	|121.323|
2024-02-26 15:20:01,191 - [ DEBUG] - |-- P2eM:3 unity [FLOAT]:  |-- P2eM:3 unity [FLOAT]: 	|50.764|
2024-02-26 15:20:01,191 - [ DEBUG] - |-- P2eM:4 unity [FLOAT]:  |-- P2eM:4 unity [FLOAT]: 	|43.485|
2024-02-26 15:20:01,198 - [ DEBUG] - |-- P2eM:8 unity [FLOAT]:  |-- P2eM:8 unity [FLOAT]: 	|85.307|
2024-02-26 15:20:01,789 - [ DEBUG] - |-- P2eM:9 unity [FLOAT]:  |-- P2eM:9 unity [FLOAT]: 	|80.730|
2024-02-26 15:20:03,209 - [ DEBUG] - TECHNICAL:	 is data entered correct? [Y/N]: 	|y|
2024-02-26 15:20:03,213 - [  INFO] - PERFORM:	 test following string on fusion 360 (already copied in clipboard) -> 
{"datatype": "PA", "PHASE_id": "028001", "ECP_id": "0367c951", "id": "153e53a99b", "comment": "", "time_init": 1708956836.99, "phase": 1, "ECP_number": 2, "PA_number": 1, "success": false, "entered_articulation": -1, "PA_D": -1.0, "PA_RPC": 1, "values_from_unity": "12", "P1A": 39.113, "P1B": 28.694, "P1C": 124.373, "P1D": 121.323, "P2A": 50.764, "P2B": 43.485, "P2C": 85.307, "P2D": 80.73, "P1A_F": -1.0, "P1B_F": -1.0, "P1C_F": -1.0, "P1D_F": -1.0, "P2A_F": -1.0, "P2B_F": -1.0, "P2C_F": -1.0, "P2D_F": -1.0, "P2eA_F": -1.0, "P2eB_F": -1.0, "P2eC_F": -1.0, "P2eD_F": -1.0, "P1A_U": 39.113, "P1B_U": 28.694, "P1C_U": 124.373, "P1D_U": 121.323, "P2eA_U": 50.764, "P2eB_U": 43.485, "P2eC_U": 85.307, "P2eD_U": 80.73, "P1_mean_max": 1.0, "P1_mean": -1.0, "P2_mean_max": 2.0, "P2_mean": -1.0, "confidence_position": 20.0, "confidence_angle": 15.0, "estimate_hit": true, "target": "ECP:2", "markers": {"A": "M:3", "B": "M:4", "C": "M:8", "D": "M:9"}, "fusion_computed": false, "anatomy": {"basilic vein": -1.0, "brachial artery": -1.0, "brachial vein": -1.0, "cephalic vein": -1.0, "inferior ulnar collateral artery": -1.0, "median antebrachial vein": -1.0, "median cubital vein": -1.0, "median cubital vein 1": -1.0, "middle collateral artery": -1.0, "radial artery": -1.0, "radial collateral artery": -1.0, "radial veins": -1.0, "random artery 1": -1.0, "random artery 2": -1.0, "ulnar artery": -1.0, "ulnar veins": -1.0, "anterior branch of medial antebrachial cutaneous nerve": -1.0, "anterior interosseous nerve of forearm": -1.0, "deep branch of radial nerve": -1.0, "lateral antebrachial cutaneous nerve": -1.0, "median nerve": -1.0, "muscular branches of radial nerve": -1.0, "musculocutaneous nerve": -1.0, "posterior antebrachial cutaneous nerve": -1.0, "posterior branch of medial antebrachial cutaneous nerve": -1.0, "radial nerve": -1.0, "superficial branch of radial nerve": -1.0, "ulnar nerve": -1.0}, "hit_count": -1.0, "angle_PA_target": -1.0, "distance_P1_PA_target": -1.0, "distance_P1_PA_target_X": -1.0, "distance_P1_PA_target_Y": -1.0, "distance_P1_PA_target_Z": -1.0, "distance_P2_PA_target": -1.0, "distance_P2_PA_target_X": -1.0, "distance_P2_PA_target_Y": -1.0, "distance_P2_PA_target_Z": -1.0, "distance_P2e_PA_target": -1.0, "distance_P2e_PA_target_X": -1.0, "distance_P2e_PA_target_Y": -1.0, "distance_P2e_PA_target_Z": -1.0, "delta_id_PA_target": -1.0}
2024-02-26 15:20:56,430 - [ DEBUG] - PERFORM:	 enter data from fusion 360: 	|{"datatype": "PA", "PHASE_id": "028001", "ECP_id": "0367c951", "id": "153e53a99b", "comment": "", "time_init": 1708956836.99, "phase": 1, "ECP_number": 2, "PA_number": 1, "success": false, "entered_articulation": -1, "PA_D": -1.0, "PA_RPC": 1, "values_from_unity": "12", "P1A": 39.113, "P1B": 28.694, "P1C": 124.373, "P1D": 121.323, "P2A": 50.764, "P2B": 43.485, "P2C": 85.307, "P2D": 80.73, "P1A_F": 39.113, "P1B_F": 28.694, "P1C_F": 124.373, "P1D_F": 121.323, "P2A_F": 50.764, "P2B_F": 43.485, "P2C_F": 85.307, "P2D_F": 80.73, "P2eA_F": 50.766, "P2eB_F": 43.488, "P2eC_F": 85.304, "P2eD_F": 80.727, "P1A_U": 39.113, "P1B_U": 28.694, "P1C_U": 124.373, "P1D_U": 121.323, "P2eA_U": 50.764, "P2eB_U": 43.485, "P2eC_U": 85.307, "P2eD_U": 80.73, "P1_mean_max": 1.0, "P1_mean": 0.001, "P2_mean_max": 2.0, "P2_mean": 0.001, "confidence_position": 20.0, "confidence_angle": 15.0, "estimate_hit": true, "target": "ECP:2", "markers": {"A": "M:3", "B": "M:4", "C": "M:8", "D": "M:9"}, "fusion_computed": true, "anatomy": {"basilic vein": 48.146, "brachial artery": 46.804, "brachial vein": 38.13, "cephalic vein": 53.24, "inferior ulnar collateral artery": 27.841, "median antebrachial vein": 50.66, "median cubital vein": 55.07, "median cubital vein 1": 48.63, "middle collateral artery": 14.445, "radial artery": 40.248, "radial collateral artery": 43.047, "radial veins": 37.429, "random artery 1": 27.118, "random artery 2": 32.193, "ulnar artery": 35.11, "ulnar veins": 31.105, "anterior branch of medial antebrachial cutaneous nerve": 53.963, "anterior interosseous nerve of forearm": 31.371, "deep branch of radial nerve": 27.75, "lateral antebrachial cutaneous nerve": 45.354, "median nerve": 36.042, "muscular branches of radial nerve": 21.424, "musculocutaneous nerve": 45.417, "posterior antebrachial cutaneous nerve": 24.154, "posterior branch of medial antebrachial cutaneous nerve": 33.565, "radial nerve": 47.282, "superficial branch of radial nerve": 47.214, "ulnar nerve": 35.641}, "hit_count": 0, "angle_PA_target": 26.961, "distance_P1_PA_target": 23.475, "distance_P1_PA_target_X": 17.113, "distance_P1_PA_target_Y": 15.632, "distance_P1_PA_target_Z": 3.72, "distance_P2_PA_target": 5.527, "distance_P2_PA_target_X": 5.183, "distance_P2_PA_target_Y": 1.624, "distance_P2_PA_target_Z": -1.025, "distance_P2e_PA_target": 5.525, "distance_P2e_PA_target_X": 5.18, "distance_P2e_PA_target_Y": 1.625, "distance_P2e_PA_target_Z": -1.024, "delta_id_PA_target": -1.465}|
2024-02-26 15:20:57,945 - [ DEBUG] - TECHNICAL:	 want to remeasure P1 and/or P2? [Y/N]: 	|n|
2024-02-26 15:21:00,185 - [ DEBUG] - |-- ENTERED ARTICULATION [-1 / 0 (not entered) / 1 (entered)] : 	|0|
2024-02-26 15:21:01,452 - [ DEBUG] - TECHNICAL:	 comment on PA (153e53a99b) [STRING]: 	||
2024-02-26 15:21:02,176 - [ DEBUG] - TECHNICAL:	 remove kwire from phanotm [ENTER when done]: 	||
2024-02-26 15:21:02,176 - [  INFO] - PA2.1 FINISHED!
2024-02-26 15:21:02,178 - [  INFO] - ------------------------
2024-02-26 15:21:02,178 - [  INFO] - PA2.2 START! (2cc81f8ac4)
2024-02-26 15:21:03,749 - [ DEBUG] - PERFORM:	 reset x-ray machine [ENTER when done]: 	||
2024-02-26 15:21:04,550 - [ DEBUG] - PERFORM:	 give instruction to insert k-wire [ENTER when instruction given]: 	||
2024-02-26 15:25:41,924 - [ DEBUG] - CANDIDATE:	 inserting k-wire... -> checks it and declares it Failed or Successful (Restart timer)	|s|
2024-02-26 15:25:41,925 - [  INFO] - \_candidate has performed SUCCESSFUL positioning attempt!
2024-02-26 15:25:41,925 - [  INFO] - DATA COLLECTION - PA2.2 - (2cc81f8ac4)
2024-02-26 15:26:06,250 - [ DEBUG] - |-- CANDIDATE: entrance point distance from entrance point target? [FLOAT]:  |-- CANDIDATE: entrance point distance from entrance point target? [FLOAT]: 	|10|
2024-02-26 15:26:13,012 - [ DEBUG] - |-- CANDIDATE: confidence on angle in deg? [FLOAT]:                          |-- CANDIDATE: confidence on angle in deg? [FLOAT]:                         	|20|
2024-02-26 15:26:17,768 - [ DEBUG] - |-- CANDIDATE: estimate structures hit [Y/N]?:                              	|n|
2024-02-26 15:26:42,411 - [ DEBUG] - |-- RADIATION picture count [INT] : 	|5|
2024-02-26 15:26:51,277 - [ DEBUG] - |-- P from unity	|12|
2024-02-26 15:26:54,201 - [ DEBUG] - |-- P1M:3 [FLOAT]:  |-- P1M:3 [FLOAT]: 	|50.107|
2024-02-26 15:26:54,202 - [ DEBUG] - |-- P1M:4 [FLOAT]:  |-- P1M:4 [FLOAT]: 	|34.264|
2024-02-26 15:26:54,202 - [ DEBUG] - |-- P1M:8 [FLOAT]:  |-- P1M:8 [FLOAT]: 	|119.868|
2024-02-26 15:26:54,203 - [ DEBUG] - |-- P1M:9 [FLOAT]:  |-- P1M:9 [FLOAT]: 	|114.373|
2024-02-26 15:26:54,203 - [ DEBUG] - |-- P2M:3 [FLOAT]:  |-- P2M:3 [FLOAT]: 	|51.701|
2024-02-26 15:26:54,204 - [ DEBUG] - |-- P2M:4 [FLOAT]:  |-- P2M:4 [FLOAT]: 	|43.812|
2024-02-26 15:26:54,211 - [ DEBUG] - |-- P2M:8 [FLOAT]:  |-- P2M:8 [FLOAT]: 	|84.974|
2024-02-26 15:26:55,038 - [ DEBUG] - |-- P2M:9 [FLOAT]:  |-- P2M:9 [FLOAT]: 	|80.003|
2024-02-26 15:26:56,289 - [ DEBUG] - |-- P1M:3 unity [FLOAT]:   |-- P1M:3 unity [FLOAT]:  	|50.107|
2024-02-26 15:26:56,289 - [ DEBUG] - |-- P1M:4 unity [FLOAT]:   |-- P1M:4 unity [FLOAT]:  	|34.264|
2024-02-26 15:26:56,290 - [ DEBUG] - |-- P1M:8 unity [FLOAT]:   |-- P1M:8 unity [FLOAT]:  	|119.868|
2024-02-26 15:26:56,291 - [ DEBUG] - |-- P1M:9 unity [FLOAT]:   |-- P1M:9 unity [FLOAT]:  	|114.373|
2024-02-26 15:26:56,291 - [ DEBUG] - |-- P2eM:3 unity [FLOAT]:  |-- P2eM:3 unity [FLOAT]: 	|51.701|
2024-02-26 15:26:56,292 - [ DEBUG] - |-- P2eM:4 unity [FLOAT]:  |-- P2eM:4 unity [FLOAT]: 	|43.812|
2024-02-26 15:26:56,296 - [ DEBUG] - |-- P2eM:8 unity [FLOAT]:  |-- P2eM:8 unity [FLOAT]: 	|84.974|
2024-02-26 15:26:56,969 - [ DEBUG] - |-- P2eM:9 unity [FLOAT]:  |-- P2eM:9 unity [FLOAT]: 	|80.003|
2024-02-26 15:27:00,366 - [ DEBUG] - TECHNICAL:	 is data entered correct? [Y/N]: 	|y|
2024-02-26 15:27:00,369 - [  INFO] - PERFORM:	 test following string on fusion 360 (already copied in clipboard) -> 
{"datatype": "PA", "PHASE_id": "028001", "ECP_id": "0367c951", "id": "2cc81f8ac4", "comment": "", "time_init": 1708957264.55, "phase": 1, "ECP_number": 2, "PA_number": 2, "success": true, "entered_articulation": -1, "PA_D": -1.0, "PA_RPC": 5, "values_from_unity": "12", "P1A": 50.107, "P1B": 34.264, "P1C": 119.868, "P1D": 114.373, "P2A": 51.701, "P2B": 43.812, "P2C": 84.974, "P2D": 80.003, "P1A_F": -1.0, "P1B_F": -1.0, "P1C_F": -1.0, "P1D_F": -1.0, "P2A_F": -1.0, "P2B_F": -1.0, "P2C_F": -1.0, "P2D_F": -1.0, "P2eA_F": -1.0, "P2eB_F": -1.0, "P2eC_F": -1.0, "P2eD_F": -1.0, "P1A_U": 50.107, "P1B_U": 34.264, "P1C_U": 119.868, "P1D_U": 114.373, "P2eA_U": 51.701, "P2eB_U": 43.812, "P2eC_U": 84.974, "P2eD_U": 80.003, "P1_mean_max": 1.0, "P1_mean": -1.0, "P2_mean_max": 2.0, "P2_mean": -1.0, "confidence_position": 10.0, "confidence_angle": 20.0, "estimate_hit": false, "target": "ECP:2", "markers": {"A": "M:3", "B": "M:4", "C": "M:8", "D": "M:9"}, "fusion_computed": false, "anatomy": {"basilic vein": -1.0, "brachial artery": -1.0, "brachial vein": -1.0, "cephalic vein": -1.0, "inferior ulnar collateral artery": -1.0, "median antebrachial vein": -1.0, "median cubital vein": -1.0, "median cubital vein 1": -1.0, "middle collateral artery": -1.0, "radial artery": -1.0, "radial collateral artery": -1.0, "radial veins": -1.0, "random artery 1": -1.0, "random artery 2": -1.0, "ulnar artery": -1.0, "ulnar veins": -1.0, "anterior branch of medial antebrachial cutaneous nerve": -1.0, "anterior interosseous nerve of forearm": -1.0, "deep branch of radial nerve": -1.0, "lateral antebrachial cutaneous nerve": -1.0, "median nerve": -1.0, "muscular branches of radial nerve": -1.0, "musculocutaneous nerve": -1.0, "posterior antebrachial cutaneous nerve": -1.0, "posterior branch of medial antebrachial cutaneous nerve": -1.0, "radial nerve": -1.0, "superficial branch of radial nerve": -1.0, "ulnar nerve": -1.0}, "hit_count": -1.0, "angle_PA_target": -1.0, "distance_P1_PA_target": -1.0, "distance_P1_PA_target_X": -1.0, "distance_P1_PA_target_Y": -1.0, "distance_P1_PA_target_Z": -1.0, "distance_P2_PA_target": -1.0, "distance_P2_PA_target_X": -1.0, "distance_P2_PA_target_Y": -1.0, "distance_P2_PA_target_Z": -1.0, "distance_P2e_PA_target": -1.0, "distance_P2e_PA_target_X": -1.0, "distance_P2e_PA_target_Y": -1.0, "distance_P2e_PA_target_Z": -1.0, "delta_id_PA_target": -1.0}
2024-02-26 15:27:38,864 - [ DEBUG] - PERFORM:	 enter data from fusion 360: 	|{"datatype": "PA", "PHASE_id": "028001", "ECP_id": "0367c951", "id": "2cc81f8ac4", "comment": "", "time_init": 1708957264.55, "phase": 1, "ECP_number": 2, "PA_number": 2, "success": true, "entered_articulation": -1, "PA_D": -1.0, "PA_RPC": 5, "values_from_unity": "12", "P1A": 50.107, "P1B": 34.264, "P1C": 119.868, "P1D": 114.373, "P2A": 51.701, "P2B": 43.812, "P2C": 84.974, "P2D": 80.003, "P1A_F": 50.107, "P1B_F": 34.263, "P1C_F": 119.868, "P1D_F": 114.373, "P2A_F": 51.701, "P2B_F": 43.812, "P2C_F": 84.974, "P2D_F": 80.003, "P2eA_F": 51.701, "P2eB_F": 43.811, "P2eC_F": 84.975, "P2eD_F": 80.004, "P1A_U": 50.107, "P1B_U": 34.264, "P1C_U": 119.868, "P1D_U": 114.373, "P2eA_U": 51.701, "P2eB_U": 43.812, "P2eC_U": 84.974, "P2eD_U": 80.003, "P1_mean_max": 1.0, "P1_mean": 0.001, "P2_mean_max": 2.0, "P2_mean": 0.001, "confidence_position": 10.0, "confidence_angle": 20.0, "estimate_hit": false, "target": "ECP:2", "markers": {"A": "M:3", "B": "M:4", "C": "M:8", "D": "M:9"}, "fusion_computed": true, "anatomy": {"basilic vein": 34.737, "brachial artery": 29.173, "brachial vein": 18.58, "cephalic vein": 34.722, "inferior ulnar collateral artery": 15.554, "median antebrachial vein": 35.966, "median cubital vein": 40.496, "median cubital vein 1": 28.123, "middle collateral artery": 10.215, "radial artery": 21.143, "radial collateral artery": 30.936, "radial veins": 18.322, "random artery 1": 17.468, "random artery 2": 14.609, "ulnar artery": 15.616, "ulnar veins": 15.996, "anterior branch of medial antebrachial cutaneous nerve": 34.304, "anterior interosseous nerve of forearm": 14.191, "deep branch of radial nerve": 23.888, "lateral antebrachial cutaneous nerve": 27.617, "median nerve": 18.265, "muscular branches of radial nerve": 18.143, "musculocutaneous nerve": 28.686, "posterior antebrachial cutaneous nerve": 32.561, "posterior branch of medial antebrachial cutaneous nerve": 30.246, "radial nerve": 31.285, "superficial branch of radial nerve": 29.501, "ulnar nerve": 29.482}, "hit_count": 0, "angle_PA_target": 9.261, "distance_P1_PA_target": 10.056, "distance_P1_PA_target_X": 7.69, "distance_P1_PA_target_Y": 6.065, "distance_P1_PA_target_Z": 2.279, "distance_P2_PA_target": 4.681, "distance_P2_PA_target_X": 4.519, "distance_P2_PA_target_Y": 1.092, "distance_P2_PA_target_Z": -0.545, "distance_P2e_PA_target": 4.682, "distance_P2e_PA_target_X": 4.52, "distance_P2e_PA_target_Y": 1.092, "distance_P2e_PA_target_Z": -0.546, "delta_id_PA_target": 1.747}|
2024-02-26 15:27:40,441 - [ DEBUG] - TECHNICAL:	 want to remeasure P1 and/or P2? [Y/N]: 	|n|
2024-02-26 15:27:42,174 - [ DEBUG] - |-- ENTERED ARTICULATION [-1 / 0 (not entered) / 1 (entered)] : 	|0|
2024-02-26 15:27:43,310 - [ DEBUG] - TECHNICAL:	 comment on PA (2cc81f8ac4) [STRING]: 	||
2024-02-26 15:27:44,091 - [ DEBUG] - TECHNICAL:	 remove kwire from phanotm [ENTER when done]: 	||
2024-02-26 15:27:44,091 - [  INFO] - PA2.2 FINISHED!
2024-02-26 15:27:44,091 - [  INFO] - DATA COLLECTION - ECP2 - (0367c951)
2024-02-26 15:27:57,226 - [ DEBUG] - |-- ease of placement [0 difficult - 5 easy]: 	|0|
2024-02-26 15:27:57,228 - [  INFO] - ########################
2024-02-26 15:27:57,228 - [  INFO] - ECP3 START! (b11dc302)
2024-02-26 15:27:57,229 - [  INFO] - ------------------------
2024-02-26 15:27:57,230 - [  INFO] - PA3.1 START! (77f5c9bc16)
2024-02-26 15:28:04,692 - [ DEBUG] - PERFORM:	 reset x-ray machine [ENTER when done]: 	||
2024-02-26 15:28:06,926 - [ DEBUG] - PERFORM:	 give instruction to insert k-wire [ENTER when instruction given]: 	||
2024-02-26 15:32:59,644 - [ DEBUG] - CANDIDATE:	 inserting k-wire... -> checks it and declares it Failed or Successful (Restart timer)	|s|
2024-02-26 15:32:59,644 - [  INFO] - \_candidate has performed SUCCESSFUL positioning attempt!
2024-02-26 15:32:59,645 - [  INFO] - DATA COLLECTION - PA3.1 - (77f5c9bc16)
2024-02-26 15:33:26,530 - [ DEBUG] - |-- CANDIDATE: entrance point distance from entrance point target? [FLOAT]:  |-- CANDIDATE: entrance point distance from entrance point target? [FLOAT]: 	|5|
2024-02-26 15:33:42,381 - [ DEBUG] - |-- CANDIDATE: confidence on angle in deg? [FLOAT]:                          |-- CANDIDATE: confidence on angle in deg? [FLOAT]:                         	|10|
2024-02-26 15:33:46,476 - [ DEBUG] - |-- CANDIDATE: estimate structures hit [Y/N]?:                              	|n|
2024-02-26 15:34:32,955 - [ DEBUG] - |-- RADIATION picture count [INT] : 	|6|
2024-02-26 15:34:34,048 - [ DEBUG] - |-- P from unity	|12|
2024-02-26 15:34:36,942 - [ DEBUG] - |-- P1M:2 [FLOAT]:  |-- P1M:2 [FLOAT]: 	|102.801|
2024-02-26 15:34:36,943 - [ DEBUG] - |-- P1M:3 [FLOAT]:  |-- P1M:3 [FLOAT]: 	|129.542|
2024-02-26 15:34:36,944 - [ DEBUG] - |-- P1M:7 [FLOAT]:  |-- P1M:7 [FLOAT]: 	|52.593|
2024-02-26 15:34:36,945 - [ DEBUG] - |-- P1M:8 [FLOAT]:  |-- P1M:8 [FLOAT]: 	|90.373|
2024-02-26 15:34:36,945 - [ DEBUG] - |-- P2M:2 [FLOAT]:  |-- P2M:2 [FLOAT]: 	|61.694|
2024-02-26 15:34:36,946 - [ DEBUG] - |-- P2M:3 [FLOAT]:  |-- P2M:3 [FLOAT]: 	|84.729|
2024-02-26 15:34:36,958 - [ DEBUG] - |-- P2M:7 [FLOAT]:  |-- P2M:7 [FLOAT]: 	|63.104|
2024-02-26 15:34:37,664 - [ DEBUG] - |-- P2M:8 [FLOAT]:  |-- P2M:8 [FLOAT]: 	|82.351|
2024-02-26 15:34:38,931 - [ DEBUG] - |-- P1M:2 unity [FLOAT]:   |-- P1M:2 unity [FLOAT]:  	|102.801|
2024-02-26 15:34:38,932 - [ DEBUG] - |-- P1M:3 unity [FLOAT]:   |-- P1M:3 unity [FLOAT]:  	|129.542|
2024-02-26 15:34:38,933 - [ DEBUG] - |-- P1M:7 unity [FLOAT]:   |-- P1M:7 unity [FLOAT]:  	|52.593|
2024-02-26 15:34:38,933 - [ DEBUG] - |-- P1M:8 unity [FLOAT]:   |-- P1M:8 unity [FLOAT]:  	|90.373|
2024-02-26 15:34:38,934 - [ DEBUG] - |-- P2eM:2 unity [FLOAT]:  |-- P2eM:2 unity [FLOAT]: 	|61.694|
2024-02-26 15:34:38,934 - [ DEBUG] - |-- P2eM:3 unity [FLOAT]:  |-- P2eM:3 unity [FLOAT]: 	|84.729|
2024-02-26 15:34:38,948 - [ DEBUG] - |-- P2eM:7 unity [FLOAT]:  |-- P2eM:7 unity [FLOAT]: 	|63.104|
2024-02-26 15:34:39,424 - [ DEBUG] - |-- P2eM:8 unity [FLOAT]:  |-- P2eM:8 unity [FLOAT]: 	|82.351|
2024-02-26 15:34:45,754 - [ DEBUG] - TECHNICAL:	 is data entered correct? [Y/N]: 	|y|
2024-02-26 15:34:45,758 - [  INFO] - PERFORM:	 test following string on fusion 360 (already copied in clipboard) -> 
{"datatype": "PA", "PHASE_id": "028001", "ECP_id": "b11dc302", "id": "77f5c9bc16", "comment": "", "time_init": 1708957686.93, "phase": 1, "ECP_number": 3, "PA_number": 1, "success": true, "entered_articulation": -1, "PA_D": -1.0, "PA_RPC": 6, "values_from_unity": "12", "P1A": 102.801, "P1B": 129.542, "P1C": 52.593, "P1D": 90.373, "P2A": 61.694, "P2B": 84.729, "P2C": 63.104, "P2D": 82.351, "P1A_F": -1.0, "P1B_F": -1.0, "P1C_F": -1.0, "P1D_F": -1.0, "P2A_F": -1.0, "P2B_F": -1.0, "P2C_F": -1.0, "P2D_F": -1.0, "P2eA_F": -1.0, "P2eB_F": -1.0, "P2eC_F": -1.0, "P2eD_F": -1.0, "P1A_U": 102.801, "P1B_U": 129.542, "P1C_U": 52.593, "P1D_U": 90.373, "P2eA_U": 61.694, "P2eB_U": 84.729, "P2eC_U": 63.104, "P2eD_U": 82.351, "P1_mean_max": 1.0, "P1_mean": -1.0, "P2_mean_max": 2.0, "P2_mean": -1.0, "confidence_position": 5.0, "confidence_angle": 10.0, "estimate_hit": false, "target": "ECP:3", "markers": {"A": "M:2", "B": "M:3", "C": "M:7", "D": "M:8"}, "fusion_computed": false, "anatomy": {"basilic vein": -1.0, "brachial artery": -1.0, "brachial vein": -1.0, "cephalic vein": -1.0, "inferior ulnar collateral artery": -1.0, "median antebrachial vein": -1.0, "median cubital vein": -1.0, "median cubital vein 1": -1.0, "middle collateral artery": -1.0, "radial artery": -1.0, "radial collateral artery": -1.0, "radial veins": -1.0, "random artery 1": -1.0, "random artery 2": -1.0, "ulnar artery": -1.0, "ulnar veins": -1.0, "anterior branch of medial antebrachial cutaneous nerve": -1.0, "anterior interosseous nerve of forearm": -1.0, "deep branch of radial nerve": -1.0, "lateral antebrachial cutaneous nerve": -1.0, "median nerve": -1.0, "muscular branches of radial nerve": -1.0, "musculocutaneous nerve": -1.0, "posterior antebrachial cutaneous nerve": -1.0, "posterior branch of medial antebrachial cutaneous nerve": -1.0, "radial nerve": -1.0, "superficial branch of radial nerve": -1.0, "ulnar nerve": -1.0}, "hit_count": -1.0, "angle_PA_target": -1.0, "distance_P1_PA_target": -1.0, "distance_P1_PA_target_X": -1.0, "distance_P1_PA_target_Y": -1.0, "distance_P1_PA_target_Z": -1.0, "distance_P2_PA_target": -1.0, "distance_P2_PA_target_X": -1.0, "distance_P2_PA_target_Y": -1.0, "distance_P2_PA_target_Z": -1.0, "distance_P2e_PA_target": -1.0, "distance_P2e_PA_target_X": -1.0, "distance_P2e_PA_target_Y": -1.0, "distance_P2e_PA_target_Z": -1.0, "delta_id_PA_target": -1.0}
2024-02-26 15:35:37,910 - [ DEBUG] - PERFORM:	 enter data from fusion 360: 	|{"datatype": "PA", "PHASE_id": "028001", "ECP_id": "b11dc302", "id": "77f5c9bc16", "comment": "", "time_init": 1708957686.93, "phase": 1, "ECP_number": 3, "PA_number": 1, "success": true, "entered_articulation": -1, "PA_D": -1.0, "PA_RPC": 6, "values_from_unity": "12", "P1A": 102.801, "P1B": 129.542, "P1C": 52.593, "P1D": 90.373, "P2A": 61.694, "P2B": 84.729, "P2C": 63.104, "P2D": 82.351, "P1A_F": 102.539, "P1B_F": 129.734, "P1C_F": 53.081, "P1D_F": 90.072, "P2A_F": 61.66, "P2B_F": 84.756, "P2C_F": 63.141, "P2D_F": 82.324, "P2eA_F": 60.586, "P2eB_F": 83.476, "P2eC_F": 63.887, "P2eD_F": 82.464, "P1A_U": 102.801, "P1B_U": 129.542, "P1C_U": 52.593, "P1D_U": 90.373, "P2eA_U": 61.694, "P2eB_U": 84.729, "P2eC_U": 63.104, "P2eD_U": 82.351, "P1_mean_max": 1.0, "P1_mean": 1.625, "P2_mean_max": 2.0, "P2_mean": 0.15, "confidence_position": 5.0, "confidence_angle": 10.0, "estimate_hit": false, "target": "ECP:3", "markers": {"A": "M:2", "B": "M:3", "C": "M:7", "D": "M:8"}, "fusion_computed": true, "anatomy": {"basilic vein": 0.0, "brachial artery": 8.247, "brachial vein": 3.924, "cephalic vein": 10.035, "inferior ulnar collateral artery": 0.688, "median antebrachial vein": 38.786, "median cubital vein": 0.0, "median cubital vein 1": 3.232, "middle collateral artery": 39.848, "radial artery": 13.671, "radial collateral artery": 32.43, "radial veins": 25.178, "random artery 1": 2.822, "random artery 2": 40.322, "ulnar artery": 13.671, "ulnar veins": 25.18, "anterior branch of medial antebrachial cutaneous nerve": 5.697, "anterior interosseous nerve of forearm": 12.722, "deep branch of radial nerve": 20.241, "lateral antebrachial cutaneous nerve": 15.505, "median nerve": 0.0, "muscular branches of radial nerve": 30.752, "musculocutaneous nerve": 11.118, "posterior antebrachial cutaneous nerve": 26.253, "posterior branch of medial antebrachial cutaneous nerve": 4.321, "radial nerve": 19.947, "superficial branch of radial nerve": 17.908, "ulnar nerve": 3.864}, "hit_count": 3, "angle_PA_target": 82.092, "distance_P1_PA_target": 107.574, "distance_P1_PA_target_X": -0.09, "distance_P1_PA_target_Y": 11.822, "distance_P1_PA_target_Z": 106.922, "distance_P2_PA_target": 49.639, "distance_P2_PA_target_X": 3.349, "distance_P2_PA_target_Y": 13.953, "distance_P2_PA_target_Z": 47.519, "distance_P2e_PA_target": 48.837, "distance_P2e_PA_target_X": 4.313, "distance_P2e_PA_target_Y": 13.633, "distance_P2e_PA_target_Z": 46.697, "delta_id_PA_target": -1.801}|
2024-02-26 15:35:37,910 - [  INFO] - TECHNICAL:	 ATTENTION: P1 measurement error is above max allowed! Please remeasure or import from unity
2024-02-26 15:35:47,472 - [ DEBUG] - |-- P from unity	|12|
2024-02-26 15:36:09,841 - [ DEBUG] - |-- P1M:2 [FLOAT, EMPTY for old value]:  |-- P1M:2 [FLOAT, EMPTY for old value]: 	|113.390|
2024-02-26 15:36:09,842 - [ DEBUG] - |-- P1M:3 [FLOAT, EMPTY for old value]:  |-- P1M:3 [FLOAT, EMPTY for old value]: 	|103.022|
2024-02-26 15:36:09,843 - [ DEBUG] - |-- P1M:7 [FLOAT, EMPTY for old value]:  |-- P1M:7 [FLOAT, EMPTY for old value]: 	|69.754|
2024-02-26 15:36:09,844 - [ DEBUG] - |-- P1M:8 [FLOAT, EMPTY for old value]:  |-- P1M:8 [FLOAT, EMPTY for old value]: 	|52.365|
2024-02-26 15:36:09,845 - [ DEBUG] - |-- P2M:2 [FLOAT, EMPTY for old value]:  |-- P2M:2 [FLOAT, EMPTY for old value]: 	|73.441|
2024-02-26 15:36:09,846 - [ DEBUG] - |-- P2M:3 [FLOAT, EMPTY for old value]:  |-- P2M:3 [FLOAT, EMPTY for old value]: 	|65.983|
2024-02-26 15:36:09,846 - [ DEBUG] - |-- P2M:7 [FLOAT, EMPTY for old value]:  |-- P2M:7 [FLOAT, EMPTY for old value]: 	|68.298|
2024-02-26 15:36:10,337 - [ DEBUG] - |-- P2M:8 [FLOAT, EMPTY for old value]:  |-- P2M:8 [FLOAT, EMPTY for old value]: 	|59.371|
2024-02-26 15:36:11,240 - [ DEBUG] - |-- P1M:2 unity [FLOAT, EMPTY for old value]:   |-- P1M:2 unity [FLOAT, EMPTY for old value]:  	|113.390|
2024-02-26 15:36:11,242 - [ DEBUG] - |-- P1M:3 unity [FLOAT, EMPTY for old value]:   |-- P1M:3 unity [FLOAT, EMPTY for old value]:  	|103.022|
2024-02-26 15:36:11,243 - [ DEBUG] - |-- P1M:7 unity [FLOAT, EMPTY for old value]:   |-- P1M:7 unity [FLOAT, EMPTY for old value]:  	|69.754|
2024-02-26 15:36:11,244 - [ DEBUG] - |-- P1M:8 unity [FLOAT, EMPTY for old value]:   |-- P1M:8 unity [FLOAT, EMPTY for old value]:  	|52.365|
2024-02-26 15:36:11,245 - [ DEBUG] - |-- P2eM:2 unity [FLOAT, EMPTY for old value]:  |-- P2eM:2 unity [FLOAT, EMPTY for old value]: 	|73.441|
2024-02-26 15:36:11,246 - [ DEBUG] - |-- P2eM:3 unity [FLOAT, EMPTY for old value]:  |-- P2eM:3 unity [FLOAT, EMPTY for old value]: 	|65.983|
2024-02-26 15:36:11,247 - [ DEBUG] - |-- P2eM:7 unity [FLOAT, EMPTY for old value]:  |-- P2eM:7 unity [FLOAT, EMPTY for old value]: 	|68.298|
2024-02-26 15:36:11,679 - [ DEBUG] - |-- P2eM:8 unity [FLOAT, EMPTY for old value]:  |-- P2eM:8 unity [FLOAT, EMPTY for old value]: 	|59.371|
2024-02-26 15:36:11,683 - [  INFO] - PERFORM:	 test following string on fusion 360 (already copied in clipboard) -> 
{"datatype": "PA", "PHASE_id": "028001", "ECP_id": "b11dc302", "id": "77f5c9bc16", "comment": "", "time_init": 1708957686.93, "phase": 1, "ECP_number": 3, "PA_number": 1, "success": true, "entered_articulation": -1, "PA_D": -1.0, "PA_RPC": 6, "values_from_unity": "12", "P1A": 113.39, "P1B": 103.022, "P1C": 69.754, "P1D": 52.365, "P2A": 73.441, "P2B": 65.983, "P2C": 68.298, "P2D": 59.371, "P1A_F": 102.539, "P1B_F": 129.734, "P1C_F": 53.081, "P1D_F": 90.072, "P2A_F": 61.66, "P2B_F": 84.756, "P2C_F": 63.141, "P2D_F": 82.324, "P2eA_F": 60.586, "P2eB_F": 83.476, "P2eC_F": 63.887, "P2eD_F": 82.464, "P1A_U": [113.39], "P1B_U": [103.022], "P1C_U": [69.754], "P1D_U": [52.365], "P2eA_U": [73.441], "P2eB_U": [65.983], "P2eC_U": [68.298], "P2eD_U": [59.371], "P1_mean_max": 1.0, "P1_mean": 1.625, "P2_mean_max": 2.0, "P2_mean": 0.15, "confidence_position": 5.0, "confidence_angle": 10.0, "estimate_hit": false, "target": "ECP:3", "markers": {"A": "M:2", "B": "M:3", "C": "M:7", "D": "M:8"}, "fusion_computed": true, "anatomy": {"basilic vein": 0.0, "brachial artery": 8.247, "brachial vein": 3.924, "cephalic vein": 10.035, "inferior ulnar collateral artery": 0.688, "median antebrachial vein": 38.786, "median cubital vein": 0.0, "median cubital vein 1": 3.232, "middle collateral artery": 39.848, "radial artery": 13.671, "radial collateral artery": 32.43, "radial veins": 25.178, "random artery 1": 2.822, "random artery 2": 40.322, "ulnar artery": 13.671, "ulnar veins": 25.18, "anterior branch of medial antebrachial cutaneous nerve": 5.697, "anterior interosseous nerve of forearm": 12.722, "deep branch of radial nerve": 20.241, "lateral antebrachial cutaneous nerve": 15.505, "median nerve": 0.0, "muscular branches of radial nerve": 30.752, "musculocutaneous nerve": 11.118, "posterior antebrachial cutaneous nerve": 26.253, "posterior branch of medial antebrachial cutaneous nerve": 4.321, "radial nerve": 19.947, "superficial branch of radial nerve": 17.908, "ulnar nerve": 3.864}, "hit_count": 3, "angle_PA_target": 82.092, "distance_P1_PA_target": 107.574, "distance_P1_PA_target_X": -0.09, "distance_P1_PA_target_Y": 11.822, "distance_P1_PA_target_Z": 106.922, "distance_P2_PA_target": 49.639, "distance_P2_PA_target_X": 3.349, "distance_P2_PA_target_Y": 13.953, "distance_P2_PA_target_Z": 47.519, "distance_P2e_PA_target": 48.837, "distance_P2e_PA_target_X": 4.313, "distance_P2e_PA_target_Y": 13.633, "distance_P2e_PA_target_Z": 46.697, "delta_id_PA_target": -1.801}
2024-02-26 15:36:51,486 - [ DEBUG] - PERFORM:	 enter data from fusion 360: 	|{"datatype": "PA", "PHASE_id": "028001", "ECP_id": "b11dc302", "id": "77f5c9bc16", "comment": "", "time_init": 1708957686.93, "phase": 1, "ECP_number": 3, "PA_number": 1, "success": true, "entered_articulation": -1, "PA_D": -1.0, "PA_RPC": 6, "values_from_unity": "12", "P1A": 113.39, "P1B": 103.022, "P1C": 69.754, "P1D": 52.365, "P2A": 73.441, "P2B": 65.983, "P2C": 68.298, "P2D": 59.371, "P1A_F": 113.39, "P1B_F": 103.022, "P1C_F": 69.754, "P1D_F": 52.365, "P2A_F": 73.441, "P2B_F": 65.983, "P2C_F": 68.298, "P2D_F": 59.371, "P2eA_F": 73.442, "P2eB_F": 65.984, "P2eC_F": 68.297, "P2eD_F": 59.37, "P1A_U": [113.39], "P1B_U": [103.022], "P1C_U": [69.754], "P1D_U": [52.365], "P2eA_U": [73.441], "P2eB_U": [65.983], "P2eC_U": [68.298], "P2eD_U": [59.371], "P1_mean_max": 1.0, "P1_mean": 0.0, "P2_mean_max": 2.0, "P2_mean": 0.001, "confidence_position": 5.0, "confidence_angle": 10.0, "estimate_hit": false, "target": "ECP:3", "markers": {"A": "M:2", "B": "M:3", "C": "M:7", "D": "M:8"}, "fusion_computed": true, "anatomy": {"basilic vein": 13.202, "brachial artery": 18.304, "brachial vein": 15.323, "cephalic vein": 24.529, "inferior ulnar collateral artery": 19.26, "median antebrachial vein": 25.973, "median cubital vein": 13.884, "median cubital vein 1": 26.943, "middle collateral artery": 17.125, "radial artery": 39.68, "radial collateral artery": 18.584, "radial veins": 51.887, "random artery 1": 9.507, "random artery 2": 29.071, "ulnar artery": 39.68, "ulnar veins": 51.905, "anterior branch of medial antebrachial cutaneous nerve": 22.002, "anterior interosseous nerve of forearm": 32.621, "deep branch of radial nerve": 44.525, "lateral antebrachial cutaneous nerve": 36.994, "median nerve": 18.955, "muscular branches of radial nerve": 19.265, "musculocutaneous nerve": 11.094, "posterior antebrachial cutaneous nerve": 34.45, "posterior branch of medial antebrachial cutaneous nerve": 0.0, "radial nerve": 26.973, "superficial branch of radial nerve": 44.524, "ulnar nerve": 7.094}, "hit_count": 1, "angle_PA_target": 3.532, "distance_P1_PA_target": 2.939, "distance_P1_PA_target_X": -0.464, "distance_P1_PA_target_Y": 0.046, "distance_P1_PA_target_Z": -2.902, "distance_P2_PA_target": 1.407, "distance_P2_PA_target_X": -0.603, "distance_P2_PA_target_Y": 1.255, "distance_P2_PA_target_Z": 0.198, "distance_P2e_PA_target": 1.407, "distance_P2e_PA_target_X": -0.604, "distance_P2e_PA_target_Y": 1.256, "distance_P2e_PA_target_Z": 0.197, "delta_id_PA_target": -1.75}|
2024-02-26 15:36:55,574 - [ DEBUG] - TECHNICAL:	 want to remeasure P1 and/or P2? [Y/N]: 	|n|
2024-02-26 15:36:57,931 - [ DEBUG] - |-- ENTERED ARTICULATION [-1 / 0 (not entered) / 1 (entered)] : 	|0|
2024-02-26 15:36:58,944 - [ DEBUG] - TECHNICAL:	 comment on PA (77f5c9bc16) [STRING]: 	||
2024-02-26 15:37:00,472 - [ DEBUG] - TECHNICAL:	 remove kwire from phanotm [ENTER when done]: 	||
2024-02-26 15:37:00,472 - [  INFO] - PA3.1 FINISHED!
2024-02-26 15:37:00,472 - [  INFO] - DATA COLLECTION - ECP3 - (b11dc302)
2024-02-26 15:37:20,098 - [ DEBUG] - |-- ease of placement [0 difficult - 5 easy]: 	|3|
2024-02-26 15:37:20,099 - [  INFO] - DATA COLLECTION - PHASE - (028001)
2024-02-26 15:37:57,476 - [ DEBUG] - |-- realism xray               [-1 : 5]: 	|3|
2024-02-26 15:38:10,566 - [ DEBUG] - |-- simulation quality xray    [-1 : 5]: 	|2|
2024-02-26 15:38:45,218 - [ DEBUG] - |-- comfort xray               [-1 : 5]: 	|1|
2024-02-26 15:39:07,929 - [ DEBUG] - |-- realism AR                 [-1 : 5]: 	|3|
2024-02-26 15:39:17,191 - [ DEBUG] - |-- simulation quality AR      [-1 : 5]: 	|3|
2024-02-26 15:39:28,194 - [ DEBUG] - |-- comfort AR                 [-1 : 5]: 	|2|
2024-02-26 15:39:41,172 - [ DEBUG] - |-- realism phantom            [-1 : 5]: 	|1|
2024-02-26 15:39:49,473 - [ DEBUG] - |-- simulation quality phantom [-1 : 5]: 	|2|
2024-02-26 15:39:51,276 - [ DEBUG] - TECHNICAL:	 comment on PHASE (028001) [STRING]: 	||
