2024-02-01 15:01:59,200 - [  INFO] - flags: []
2024-02-01 15:01:59,201 - [  INFO] - # POSITIONING TEST COMPANION (v1.21)
2024-02-01 15:01:59,201 - [  INFO] - # What a beautiful day to stick some anti-pigeon spikes into plastic!
2024-02-01 15:01:59,203 - [  INFO] - # BEGIN POSITIONING TEST FOR A CANDIDATE, ONE SINGLE PHASE (8530d9)
2024-02-01 15:01:59,203 - [  INFO] - # 2024/02/01 - 15:01:59
2024-02-01 15:01:59,203 - [  INFO] - DATA COLLECTION - TEST - (8530d9)
2024-02-01 15:02:00,771 - [ DEBUG] - |-- phase [INTEGER]:                	|1|
2024-02-01 15:02:02,458 - [ DEBUG] - |-- phantom id [STRING]:            	|02|
2024-02-01 15:02:06,570 - [ DEBUG] - |-- name [STRING]:                  	|emily|
2024-02-01 15:02:10,002 - [ DEBUG] - |-- surname [STRING]:               	|apostolidou|
2024-02-01 15:02:13,346 - [ DEBUG] - |-- gender [M/F]:                   	|f|
2024-02-01 15:02:14,801 - [ DEBUG] - |-- right-handed [Y/N]:             	|y|
2024-02-01 15:02:18,964 - [ DEBUG] - |-- age [INTEGER]:                  	|25|
2024-02-01 15:02:20,114 - [ DEBUG] - |-- medsurg year        [-1 : 6]:   	|6|
2024-02-01 15:02:27,304 - [ DEBUG] - |-- specialization year [-1 : 5]:   	|-1|
2024-02-01 15:02:48,019 - [ DEBUG] - |-- surgeon year        [-1 : 100]: 	|-1|
2024-02-01 15:02:53,978 - [ DEBUG] - |-- exp operation count [INTEGER]:  	|0|
2024-02-01 15:03:23,615 - [ DEBUG] - |-- glasses [Y/N]:                  	|y|
2024-02-01 15:03:26,332 - [ DEBUG] - |-- glasses type [None [] / Myopia (Nearsightedness) [M] / Hyperopia (Farsightedness) [H] / Astigmatism [AS] / Presbyopia [P] / Strabismus [S] / Amblyopia (Lazy Eye) [AM] / Cataract [C]: 	|as|
2024-02-01 15:03:29,314 - [ DEBUG] - |-- glasses power [-1 : 100]:       	|1|
2024-02-01 15:03:30,094 - [ DEBUG] - |-- exp Virtual Reality   [0 : 5]:  	|0|
2024-02-01 15:03:30,304 - [ DEBUG] - |-- exp Augmented Reality [0 : 5]:  	|0|
2024-02-01 15:03:30,561 - [ DEBUG] - |-- exp 3D editors        [0 : 5]:  	|0|
2024-02-01 15:03:32,742 - [ DEBUG] - TECHNICAL:	 is data entered correct? [Y/N]: 	|y|
2024-02-01 15:03:32,743 - [  INFO] - ########################
2024-02-01 15:03:32,744 - [  INFO] - ECP1 START! (31a96c0e)
2024-02-01 15:03:32,745 - [  INFO] - ------------------------
2024-02-01 15:03:32,746 - [  INFO] - PA1.1 START! (8179988b24)
2024-02-01 15:03:33,478 - [ DEBUG] - PERFORM:	 reset x-ray machine [ENTER when done]: 	||
2024-02-01 15:13:23,522 - [ DEBUG] - PERFORM:	 give instruction to insert k-wire [ENTER when instruction given]: 	||
2024-02-01 15:14:25,354 - [ DEBUG] - CANDIDATE:	 inserting k-wire... -> checks it and declares it failed [f] or successful [s] (restart timer [r]): 	|s|
2024-02-01 15:14:25,355 - [  INFO] - \_candidate has performed SUCCESSFUL positioning attempt!
2024-02-01 15:14:25,355 - [  INFO] - DATA COLLECTION - PA1.1 - (8179988b24)
2024-02-01 15:14:41,830 - [ DEBUG] - |-- CANDIDATE: entrance point distance from entrance point target? [FLOAT]: 	|3|
2024-02-01 15:14:48,619 - [ DEBUG] - |-- CANDIDATE: confidence on angle in deg? [FLOAT]:                         	|0|
2024-02-01 15:14:54,057 - [ DEBUG] - |-- CANDIDATE: estimate structures hit [Y/N]?:                              	|y|
2024-02-01 15:14:56,806 - [ DEBUG] - |-- RADIATION picture count       [INT]  : 	|0|
2024-02-01 15:15:54,518 - [ DEBUG] - |-- P1M:2 [FLOAT]: 	|58.86|
2024-02-01 15:16:14,280 - [ DEBUG] - |-- P1M:3 [FLOAT]: 	|2|
2024-02-01 15:16:14,477 - [ DEBUG] - |-- P1M:7 [FLOAT]: 	|2|
2024-02-01 15:16:14,628 - [ DEBUG] - |-- P1M:8 [FLOAT]: 	|2|
2024-02-01 15:16:14,753 - [ DEBUG] - |-- P2M:2 [FLOAT]: 	|2|
2024-02-01 15:16:15,045 - [ DEBUG] - |-- P2M:3 [FLOAT]: 	|2|
2024-02-01 15:16:15,200 - [ DEBUG] - |-- P2M:7 [FLOAT]: 	|2|
2024-02-01 15:16:15,494 - [ DEBUG] - |-- P2M:8 [FLOAT]: 	|2|
2024-02-01 15:16:15,640 - [ DEBUG] - |-- P1M:2 virtual [FLOAT]: 	|2|
2024-02-01 15:16:16,157 - [ DEBUG] - |-- P1M:3 virtual [FLOAT]: 	|22|
2024-02-01 15:16:16,354 - [ DEBUG] - |-- P1M:7 virtual [FLOAT]: 	|2|
2024-02-01 15:16:16,530 - [ DEBUG] - |-- P1M:8 virtual [FLOAT]: 	|2|
2024-02-01 15:16:16,696 - [ DEBUG] - |-- P2M:2 virtual [FLOAT]: 	|2|
2024-02-01 15:16:16,924 - [ DEBUG] - |-- P2M:3 virtual [FLOAT]: 	|2|
2024-02-01 15:16:17,147 - [ DEBUG] - |-- P2M:7 virtual [FLOAT]: 	|2|
2024-02-01 15:16:17,528 - [ DEBUG] - |-- P2M:8 virtual [FLOAT]: 	|2|
2024-02-01 15:16:18,732 - [ DEBUG] - TECHNICAL:	 is data entered correct? [Y/N]: 	|n|
2024-02-01 15:16:21,346 - [ DEBUG] - |-- CANDIDATE: entrance point distance from entrance point target? [FLOAT]: 	|3|
2024-02-01 15:16:22,436 - [ DEBUG] - |-- CANDIDATE: confidence on angle in deg? [FLOAT]:                         	|0|
2024-02-01 15:16:23,676 - [ DEBUG] - |-- CANDIDATE: estimate structures hit [Y/N]?:                              	|1|
2024-02-01 15:16:29,949 - [ DEBUG] - |-- RADIATION picture count       [INT]  : 	|1|
2024-02-01 15:16:30,129 - [ DEBUG] - |-- P1M:2 [FLOAT]: 	|1|
2024-02-01 15:16:30,418 - [ DEBUG] - |-- P1M:3 [FLOAT]: 	|1|
2024-02-01 15:16:30,564 - [ DEBUG] - |-- P1M:7 [FLOAT]: 	|1|
2024-02-01 15:16:30,847 - [ DEBUG] - |-- P1M:8 [FLOAT]: 	|1|
2024-02-01 15:16:31,002 - [ DEBUG] - |-- P2M:2 [FLOAT]: 	|1|
2024-02-01 15:16:31,153 - [ DEBUG] - |-- P2M:3 [FLOAT]: 	|1|
2024-02-01 15:16:31,306 - [ DEBUG] - |-- P2M:7 [FLOAT]: 	|1|
2024-02-01 15:16:31,464 - [ DEBUG] - |-- P2M:8 [FLOAT]: 	|11|
2024-02-01 15:16:31,613 - [ DEBUG] - |-- P1M:2 virtual [FLOAT]: 	|1|
2024-02-01 15:16:31,930 - [ DEBUG] - |-- P1M:3 virtual [FLOAT]: 	|1|
2024-02-01 15:16:32,119 - [ DEBUG] - |-- P1M:7 virtual [FLOAT]: 	|1|
2024-02-01 15:16:32,283 - [ DEBUG] - |-- P1M:8 virtual [FLOAT]: 	|1|
2024-02-01 15:16:32,443 - [ DEBUG] - |-- P2M:2 virtual [FLOAT]: 	|1|
2024-02-01 15:16:32,612 - [ DEBUG] - |-- P2M:3 virtual [FLOAT]: 	|1|
2024-02-01 15:16:32,765 - [ DEBUG] - |-- P2M:7 virtual [FLOAT]: 	|1|
2024-02-01 15:16:32,926 - [ DEBUG] - |-- P2M:8 virtual [FLOAT]: 	|11|
2024-02-01 15:16:37,048 - [ DEBUG] - TECHNICAL:	 is data entered correct? [Y/N]: 	|1|
2024-02-01 15:16:37,054 - [  INFO] - PERFORM:	 test following string on fusion 360 (already copied in clipboard) -> 
{"datatype": "PA", "TEST_id": "8530d9", "ECP_id": "31a96c0e", "id": "8179988b24", "comment": "", "time_init": 1706796803.52, "phase": 1, "ECP_number": 1, "PA_number": 1, "success": true, "PA_D": -1.0, "PA_RPC": 1, "P1A": 0.19999999999999996, "P1B": 0.19999999999999996, "P1C": 0.19999999999999996, "P1D": 0.19999999999999996, "P2A": 0.19999999999999996, "P2B": 0.19999999999999996, "P2C": 0.19999999999999996, "P2D": 10.2, "P1A_F": -1.0, "P1B_F": -1.0, "P1C_F": -1.0, "P1D_F": -1.0, "P2A_F": -1.0, "P2B_F": -1.0, "P2C_F": -1.0, "P2D_F": -1.0, "P2eA": -1.0, "P2eB": -1.0, "P2eC": -1.0, "P2eD": -1.0, "P1A_U": 1.0, "P1B_U": 1.0, "P1C_U": 1.0, "P1D_U": 1.0, "P2eA_U": 1.0, "P2eB_U": 1.0, "P2eC_U": 1.0, "P2eD_U": 11.0, "P1_mean_max": 1.0, "P1_mean": -1.0, "P2_mean_max": 2.0, "P2_mean": -1.0, "confidence_position": 3.0, "confidence_angle": 0.0, "estimate_hit": true, "target": "ECP:1", "markers": {"A": "M:2", "B": "M:3", "C": "M:7", "D": "M:8"}, "fusion_computed": false, "anatomy": {"basilic vein": -1.0, "brachial artery": -1.0, "brachial vein": -1.0, "cephalic vein": -1.0, "inferior ulnar collateral artery": -1.0, "median antebrachial vein": -1.0, "median cubital vein": -1.0, "median cubital vein 1": -1.0, "middle collateral artery": -1.0, "radial artery": -1.0, "radial collateral artery": -1.0, "radial veins": -1.0, "random artery 1": -1.0, "random artery 2": -1.0, "ulnar artery": -1.0, "ulnar veins": -1.0, "anterior branch of medial antebrachial cutaneous nerve": -1.0, "anterior interosseous nerve of forearm": -1.0, "deep branch of radial nerve": -1.0, "lateral antebrachial cutaneous nerve": -1.0, "median nerve": -1.0, "muscular branches of radial nerve": -1.0, "musculocutaneous nerve": -1.0, "posterior antebrachial cutaneous nerve": -1.0, "posterior branch of medial antebrachial cutaneous nerve": -1.0, "radial nerve": -1.0, "superficial branch of radial nerve": -1.0, "ulnar nerve": -1.0}, "angle_PA_target": -1.0, "distance_P1_PA_target": -1.0, "distance_P1_PA_target_X": -1.0, "distance_P1_PA_target_Y": -1.0, "distance_P1_PA_target_Z": -1.0, "distance_P2_PA_target": -1.0, "distance_P2_PA_target_X": -1.0, "distance_P2_PA_target_Y": -1.0, "distance_P2_PA_target_Z": -1.0, "distance_P2e_PA_target": -1.0, "distance_P2e_PA_target_X": -1.0, "distance_P2e_PA_target_Y": -1.0, "distance_P2e_PA_target_Z": -1.0, "delta_id_PA_target": -1.0}
2024-02-01 15:17:37,212 - [ DEBUG] - PERFORM:	 enter data from fusion 360: 	|{"datatype": "PA", "TEST_id": "8530d9", "ECP_id": "31a96c0e", "id": "8179988b24", "comment": "", "time_init": 1706796803.52, "phase": 1, "ECP_number": 1, "PA_number": 1, "success": true, "PA_D": -1.0, "PA_RPC": 1, "P1A": 0.19999999999999996, "P1B": 0.19999999999999996, "P1C": 0.19999999999999996, "P1D": 0.19999999999999996, "P2A": 0.19999999999999996, "P2B": 0.19999999999999996, "P2C": 0.19999999999999996, "P2D": 10.2, "P1A_F": -1.0, "P1B_F": -1.0, "P1C_F": -1.0, "P1D_F": -1.0, "P2A_F": -1.0, "P2B_F": -1.0, "P2C_F": -1.0, "P2D_F": -1.0, "P2eA": -1.0, "P2eB": -1.0, "P2eC": -1.0, "P2eD": -1.0, "P1A_U": 1.0, "P1B_U": 1.0, "P1C_U": 1.0, "P1D_U": 1.0, "P2eA_U": 1.0, "P2eB_U": 1.0, "P2eC_U": 1.0, "P2eD_U": 11.0, "P1_mean_max": 1.0, "P1_mean": 10.0, "P2_mean_max": 2.0, "P2_mean": 10.0, "confidence_position": 3.0, "confidence_angle": 0.0, "estimate_hit": true, "target": "ECP:1", "markers": {"A": "M:2", "B": "M:3", "C": "M:7", "D": "M:8"}, "fusion_computed": true, "anatomy": {"basilic vein": -1.0, "brachial artery": -1.0, "brachial vein": -1.0, "cephalic vein": -1.0, "inferior ulnar collateral artery": -1.0, "median antebrachial vein": -1.0, "median cubital vein": -1.0, "median cubital vein 1": -1.0, "middle collateral artery": -1.0, "radial artery": -1.0, "radial collateral artery": -1.0, "radial veins": -1.0, "random artery 1": -1.0, "random artery 2": -1.0, "ulnar artery": -1.0, "ulnar veins": -1.0, "anterior branch of medial antebrachial cutaneous nerve": -1.0, "anterior interosseous nerve of forearm": -1.0, "deep branch of radial nerve": -1.0, "lateral antebrachial cutaneous nerve": -1.0, "median nerve": -1.0, "muscular branches of radial nerve": -1.0, "musculocutaneous nerve": -1.0, "posterior antebrachial cutaneous nerve": -1.0, "posterior branch of medial antebrachial cutaneous nerve": -1.0, "radial nerve": -1.0, "superficial branch of radial nerve": -1.0, "ulnar nerve": -1.0}, "angle_PA_target": -1.0, "distance_P1_PA_target": -1.0, "distance_P1_PA_target_X": -1.0, "distance_P1_PA_target_Y": -1.0, "distance_P1_PA_target_Z": -1.0, "distance_P2_PA_target": -1.0, "distance_P2_PA_target_X": -1.0, "distance_P2_PA_target_Y": -1.0, "distance_P2_PA_target_Z": -1.0, "distance_P2e_PA_target": -1.0, "distance_P2e_PA_target_X": -1.0, "distance_P2e_PA_target_Y": -1.0, "distance_P2e_PA_target_Z": -1.0, "delta_id_PA_target": -1.0}|
2024-02-01 15:17:37,212 - [  INFO] - TECHNICAL:	 ATTENTION: P1 measurement error is above max allowed! Please take measurement again:
2024-02-01 15:17:55,790 - [ DEBUG] - |-- P1M:2 [FLOAT]: 	|74.45|
2024-02-01 15:18:14,949 - [ DEBUG] - |-- P1M:3 [FLOAT]: 	|59.40|
2024-02-01 15:18:33,157 - [ DEBUG] - |-- P1M:7 [FLOAT]: 	|103.72|
2024-02-01 15:18:49,107 - [ DEBUG] - |-- P1M:8 [FLOAT]: 	|96.79|
2024-02-01 15:18:49,110 - [  INFO] - PERFORM:	 test following string on fusion 360 (already copied in clipboard) -> 
{"datatype": "PA", "TEST_id": "8530d9", "ECP_id": "31a96c0e", "id": "8179988b24", "comment": "", "time_init": 1706796803.52, "phase": 1, "ECP_number": 1, "PA_number": 1, "success": true, "PA_D": -1.0, "PA_RPC": 1, "P1A": 74.45, "P1B": 59.4, "P1C": 103.72, "P1D": 96.79, "P2A": 0.19999999999999996, "P2B": 0.19999999999999996, "P2C": 0.19999999999999996, "P2D": 10.2, "P1A_F": -1.0, "P1B_F": -1.0, "P1C_F": -1.0, "P1D_F": -1.0, "P2A_F": -1.0, "P2B_F": -1.0, "P2C_F": -1.0, "P2D_F": -1.0, "P2eA": -1.0, "P2eB": -1.0, "P2eC": -1.0, "P2eD": -1.0, "P1A_U": 1.0, "P1B_U": 1.0, "P1C_U": 1.0, "P1D_U": 1.0, "P2eA_U": 1.0, "P2eB_U": 1.0, "P2eC_U": 1.0, "P2eD_U": 11.0, "P1_mean_max": 1.0, "P1_mean": 10.0, "P2_mean_max": 2.0, "P2_mean": 10.0, "confidence_position": 3.0, "confidence_angle": 0.0, "estimate_hit": true, "target": "ECP:1", "markers": {"A": "M:2", "B": "M:3", "C": "M:7", "D": "M:8"}, "fusion_computed": true, "anatomy": {"basilic vein": -1.0, "brachial artery": -1.0, "brachial vein": -1.0, "cephalic vein": -1.0, "inferior ulnar collateral artery": -1.0, "median antebrachial vein": -1.0, "median cubital vein": -1.0, "median cubital vein 1": -1.0, "middle collateral artery": -1.0, "radial artery": -1.0, "radial collateral artery": -1.0, "radial veins": -1.0, "random artery 1": -1.0, "random artery 2": -1.0, "ulnar artery": -1.0, "ulnar veins": -1.0, "anterior branch of medial antebrachial cutaneous nerve": -1.0, "anterior interosseous nerve of forearm": -1.0, "deep branch of radial nerve": -1.0, "lateral antebrachial cutaneous nerve": -1.0, "median nerve": -1.0, "muscular branches of radial nerve": -1.0, "musculocutaneous nerve": -1.0, "posterior antebrachial cutaneous nerve": -1.0, "posterior branch of medial antebrachial cutaneous nerve": -1.0, "radial nerve": -1.0, "superficial branch of radial nerve": -1.0, "ulnar nerve": -1.0}, "angle_PA_target": -1.0, "distance_P1_PA_target": -1.0, "distance_P1_PA_target_X": -1.0, "distance_P1_PA_target_Y": -1.0, "distance_P1_PA_target_Z": -1.0, "distance_P2_PA_target": -1.0, "distance_P2_PA_target_X": -1.0, "distance_P2_PA_target_Y": -1.0, "distance_P2_PA_target_Z": -1.0, "distance_P2e_PA_target": -1.0, "distance_P2e_PA_target_X": -1.0, "distance_P2e_PA_target_Y": -1.0, "distance_P2e_PA_target_Z": -1.0, "delta_id_PA_target": -1.0}
2024-02-01 15:19:23,599 - [ DEBUG] - PERFORM:	 enter data from fusion 360: 	|{"datatype": "PA", "TEST_id": "8530d9", "ECP_id": "31a96c0e", "id": "8179988b24", "comment": "", "time_init": 1706796803.52, "phase": 1, "ECP_number": 1, "PA_number": 1, "success": true, "PA_D": -1.0, "PA_RPC": 1, "P1A": 74.45, "P1B": 59.4, "P1C": 103.72, "P1D": 96.79, "P2A": 0.19999999999999996, "P2B": 0.19999999999999996, "P2C": 0.19999999999999996, "P2D": 10.2, "P1A_F": -1.0, "P1B_F": -1.0, "P1C_F": -1.0, "P1D_F": -1.0, "P2A_F": -1.0, "P2B_F": -1.0, "P2C_F": -1.0, "P2D_F": -1.0, "P2eA": -1.0, "P2eB": -1.0, "P2eC": -1.0, "P2eD": -1.0, "P1A_U": 1.0, "P1B_U": 1.0, "P1C_U": 1.0, "P1D_U": 1.0, "P2eA_U": 1.0, "P2eB_U": 1.0, "P2eC_U": 1.0, "P2eD_U": 11.0, "P1_mean_max": 1.0, "P1_mean": 0.0, "P2_mean_max": 2.0, "P2_mean": 10.0, "confidence_position": 3.0, "confidence_angle": 0.0, "estimate_hit": true, "target": "ECP:1", "markers": {"A": "M:2", "B": "M:3", "C": "M:7", "D": "M:8"}, "fusion_computed": true, "anatomy": {"basilic vein": -1.0, "brachial artery": -1.0, "brachial vein": -1.0, "cephalic vein": -1.0, "inferior ulnar collateral artery": -1.0, "median antebrachial vein": -1.0, "median cubital vein": -1.0, "median cubital vein 1": -1.0, "middle collateral artery": -1.0, "radial artery": -1.0, "radial collateral artery": -1.0, "radial veins": -1.0, "random artery 1": -1.0, "random artery 2": -1.0, "ulnar artery": -1.0, "ulnar veins": -1.0, "anterior branch of medial antebrachial cutaneous nerve": -1.0, "anterior interosseous nerve of forearm": -1.0, "deep branch of radial nerve": -1.0, "lateral antebrachial cutaneous nerve": -1.0, "median nerve": -1.0, "muscular branches of radial nerve": -1.0, "musculocutaneous nerve": -1.0, "posterior antebrachial cutaneous nerve": -1.0, "posterior branch of medial antebrachial cutaneous nerve": -1.0, "radial nerve": -1.0, "superficial branch of radial nerve": -1.0, "ulnar nerve": -1.0}, "angle_PA_target": -1.0, "distance_P1_PA_target": -1.0, "distance_P1_PA_target_X": -1.0, "distance_P1_PA_target_Y": -1.0, "distance_P1_PA_target_Z": -1.0, "distance_P2_PA_target": -1.0, "distance_P2_PA_target_X": -1.0, "distance_P2_PA_target_Y": -1.0, "distance_P2_PA_target_Z": -1.0, "distance_P2e_PA_target": -1.0, "distance_P2e_PA_target_X": -1.0, "distance_P2e_PA_target_Y": -1.0, "distance_P2e_PA_target_Z": -1.0, "delta_id_PA_target": -1.0}|
2024-02-01 15:19:23,599 - [  INFO] - TECHNICAL:	 ATTENTION: P2 measurement error is above max allowed! Please take measurement again:
2024-02-01 15:19:37,642 - [ DEBUG] - |-- P2M:2 [FLOAT]: 	|58.89|
2024-02-01 15:19:50,072 - [ DEBUG] - |-- P2M:3 [FLOAT]: 	|56.60|
2024-02-01 15:20:09,139 - [ DEBUG] - |-- P2M:7 [FLOAT]: 	|77.85|
2024-02-01 15:20:18,106 - [ DEBUG] - |-- P2M:8 [FLOAT]: 	|74.29|
2024-02-01 15:20:18,109 - [  INFO] - PERFORM:	 test following string on fusion 360 (already copied in clipboard) -> 
{"datatype": "PA", "TEST_id": "8530d9", "ECP_id": "31a96c0e", "id": "8179988b24", "comment": "", "time_init": 1706796803.52, "phase": 1, "ECP_number": 1, "PA_number": 1, "success": true, "PA_D": -1.0, "PA_RPC": 1, "P1A": 74.45, "P1B": 59.4, "P1C": 103.72, "P1D": 96.79, "P2A": 58.89, "P2B": 56.6, "P2C": 77.85, "P2D": 74.29, "P1A_F": -1.0, "P1B_F": -1.0, "P1C_F": -1.0, "P1D_F": -1.0, "P2A_F": -1.0, "P2B_F": -1.0, "P2C_F": -1.0, "P2D_F": -1.0, "P2eA": -1.0, "P2eB": -1.0, "P2eC": -1.0, "P2eD": -1.0, "P1A_U": 1.0, "P1B_U": 1.0, "P1C_U": 1.0, "P1D_U": 1.0, "P2eA_U": 1.0, "P2eB_U": 1.0, "P2eC_U": 1.0, "P2eD_U": 11.0, "P1_mean_max": 1.0, "P1_mean": 0.0, "P2_mean_max": 2.0, "P2_mean": 10.0, "confidence_position": 3.0, "confidence_angle": 0.0, "estimate_hit": true, "target": "ECP:1", "markers": {"A": "M:2", "B": "M:3", "C": "M:7", "D": "M:8"}, "fusion_computed": true, "anatomy": {"basilic vein": -1.0, "brachial artery": -1.0, "brachial vein": -1.0, "cephalic vein": -1.0, "inferior ulnar collateral artery": -1.0, "median antebrachial vein": -1.0, "median cubital vein": -1.0, "median cubital vein 1": -1.0, "middle collateral artery": -1.0, "radial artery": -1.0, "radial collateral artery": -1.0, "radial veins": -1.0, "random artery 1": -1.0, "random artery 2": -1.0, "ulnar artery": -1.0, "ulnar veins": -1.0, "anterior branch of medial antebrachial cutaneous nerve": -1.0, "anterior interosseous nerve of forearm": -1.0, "deep branch of radial nerve": -1.0, "lateral antebrachial cutaneous nerve": -1.0, "median nerve": -1.0, "muscular branches of radial nerve": -1.0, "musculocutaneous nerve": -1.0, "posterior antebrachial cutaneous nerve": -1.0, "posterior branch of medial antebrachial cutaneous nerve": -1.0, "radial nerve": -1.0, "superficial branch of radial nerve": -1.0, "ulnar nerve": -1.0}, "angle_PA_target": -1.0, "distance_P1_PA_target": -1.0, "distance_P1_PA_target_X": -1.0, "distance_P1_PA_target_Y": -1.0, "distance_P1_PA_target_Z": -1.0, "distance_P2_PA_target": -1.0, "distance_P2_PA_target_X": -1.0, "distance_P2_PA_target_Y": -1.0, "distance_P2_PA_target_Z": -1.0, "distance_P2e_PA_target": -1.0, "distance_P2e_PA_target_X": -1.0, "distance_P2e_PA_target_Y": -1.0, "distance_P2e_PA_target_Z": -1.0, "delta_id_PA_target": -1.0}
2024-02-01 15:20:48,765 - [ DEBUG] - PERFORM:	 enter data from fusion 360: 	|{"datatype": "PA", "TEST_id": "8530d9", "ECP_id": "31a96c0e", "id": "8179988b24", "comment": "", "time_init": 1706796803.52, "phase": 1, "ECP_number": 1, "PA_number": 1, "success": true, "PA_D": -1.0, "PA_RPC": 1, "P1A": 74.45, "P1B": 59.4, "P1C": 103.72, "P1D": 96.79, "P2A": 58.89, "P2B": 56.6, "P2C": 77.85, "P2D": 74.29, "P1A_F": 73.886, "P1B_F": 60.018, "P1C_F": 104.062, "P1D_F": 96.373, "P2A_F": 58.903, "P2B_F": 56.583, "P2C_F": 77.839, "P2D_F": 74.3, "P2eA": 57.085, "P2eB": 49.739, "P2eC": 82.173, "P2eD": 76.733, "P1A_U": 1.0, "P1B_U": 1.0, "P1C_U": 1.0, "P1D_U": 1.0, "P2eA_U": 1.0, "P2eB_U": 1.0, "P2eC_U": 1.0, "P2eD_U": 11.0, "P1_mean_max": 1.0, "P1_mean": 1.792, "P2_mean_max": 2.0, "P2_mean": 0.073, "confidence_position": 3.0, "confidence_angle": 0.0, "estimate_hit": true, "target": "ECP:1", "markers": {"A": "M:2", "B": "M:3", "C": "M:7", "D": "M:8"}, "fusion_computed": true, "anatomy": {"basilic vein": 14.348, "brachial artery": 16.331, "brachial vein": 13.11, "cephalic vein": 21.798, "inferior ulnar collateral artery": 19.297, "median antebrachial vein": 38.792, "median cubital vein": 17.759, "median cubital vein 1": 20.193, "middle collateral artery": 17.878, "radial artery": 25.495, "radial collateral artery": 6.964, "radial veins": 37.346, "random artery 1": 9.663, "random artery 2": 35.431, "ulnar artery": 25.495, "ulnar veins": 37.32, "anterior branch of medial antebrachial cutaneous nerve": 22.961, "anterior interosseous nerve of forearm": 24.755, "deep branch of radial nerve": 22.46, "lateral antebrachial cutaneous nerve": 22.7, "median nerve": 18.894, "muscular branches of radial nerve": 4.979, "musculocutaneous nerve": 13.884, "posterior antebrachial cutaneous nerve": 11.119, "posterior branch of medial antebrachial cutaneous nerve": 2.032, "radial nerve": 14.81, "superficial branch of radial nerve": 22.785, "ulnar nerve": 7.306}, "angle_PA_target": 1.936, "distance_P1_PA_target": 7.65, "distance_P1_PA_target_X": 2.533, "distance_P1_PA_target_Y": -4.345, "distance_P1_PA_target_Z": 5.764, "distance_P2_PA_target": 21.032, "distance_P2_PA_target_X": -0.634, "distance_P2_PA_target_Y": -8.17, "distance_P2_PA_target_Z": 19.369, "distance_P2e_PA_target": 4.096, "distance_P2e_PA_target_X": 3.911, "distance_P2e_PA_target_Y": -0.644, "distance_P2e_PA_target_Z": 1.03, "delta_id_PA_target": 5.974}|
2024-02-01 15:20:48,765 - [  INFO] - TECHNICAL:	 ATTENTION: P1 measurement error is above max allowed! Please take measurement again:
2024-02-01 15:21:20,276 - [ DEBUG] - |-- P1M:2 [FLOAT]: 	|73.95|
2024-02-01 15:21:52,166 - [ DEBUG] - |-- P1M:3 [FLOAT]: 	|61.34|
2024-02-01 15:22:18,294 - [ DEBUG] - |-- P1M:7 [FLOAT]: 	|103.11|
2024-02-01 15:22:28,015 - [ DEBUG] - |-- P1M:8 [FLOAT]: 	|96.05|
2024-02-01 15:22:28,018 - [  INFO] - PERFORM:	 test following string on fusion 360 (already copied in clipboard) -> 
{"datatype": "PA", "TEST_id": "8530d9", "ECP_id": "31a96c0e", "id": "8179988b24", "comment": "", "time_init": 1706796803.52, "phase": 1, "ECP_number": 1, "PA_number": 1, "success": true, "PA_D": -1.0, "PA_RPC": 1, "P1A": 73.95, "P1B": 61.34, "P1C": 103.11, "P1D": 96.05, "P2A": 58.89, "P2B": 56.6, "P2C": 77.85, "P2D": 74.29, "P1A_F": 73.886, "P1B_F": 60.018, "P1C_F": 104.062, "P1D_F": 96.373, "P2A_F": 58.903, "P2B_F": 56.583, "P2C_F": 77.839, "P2D_F": 74.3, "P2eA": 57.085, "P2eB": 49.739, "P2eC": 82.173, "P2eD": 76.733, "P1A_U": 1.0, "P1B_U": 1.0, "P1C_U": 1.0, "P1D_U": 1.0, "P2eA_U": 1.0, "P2eB_U": 1.0, "P2eC_U": 1.0, "P2eD_U": 11.0, "P1_mean_max": 1.0, "P1_mean": 1.792, "P2_mean_max": 2.0, "P2_mean": 0.073, "confidence_position": 3.0, "confidence_angle": 0.0, "estimate_hit": true, "target": "ECP:1", "markers": {"A": "M:2", "B": "M:3", "C": "M:7", "D": "M:8"}, "fusion_computed": true, "anatomy": {"basilic vein": 14.348, "brachial artery": 16.331, "brachial vein": 13.11, "cephalic vein": 21.798, "inferior ulnar collateral artery": 19.297, "median antebrachial vein": 38.792, "median cubital vein": 17.759, "median cubital vein 1": 20.193, "middle collateral artery": 17.878, "radial artery": 25.495, "radial collateral artery": 6.964, "radial veins": 37.346, "random artery 1": 9.663, "random artery 2": 35.431, "ulnar artery": 25.495, "ulnar veins": 37.32, "anterior branch of medial antebrachial cutaneous nerve": 22.961, "anterior interosseous nerve of forearm": 24.755, "deep branch of radial nerve": 22.46, "lateral antebrachial cutaneous nerve": 22.7, "median nerve": 18.894, "muscular branches of radial nerve": 4.979, "musculocutaneous nerve": 13.884, "posterior antebrachial cutaneous nerve": 11.119, "posterior branch of medial antebrachial cutaneous nerve": 2.032, "radial nerve": 14.81, "superficial branch of radial nerve": 22.785, "ulnar nerve": 7.306}, "angle_PA_target": 1.936, "distance_P1_PA_target": 7.65, "distance_P1_PA_target_X": 2.533, "distance_P1_PA_target_Y": -4.345, "distance_P1_PA_target_Z": 5.764, "distance_P2_PA_target": 21.032, "distance_P2_PA_target_X": -0.634, "distance_P2_PA_target_Y": -8.17, "distance_P2_PA_target_Z": 19.369, "distance_P2e_PA_target": 4.096, "distance_P2e_PA_target_X": 3.911, "distance_P2e_PA_target_Y": -0.644, "distance_P2e_PA_target_Z": 1.03, "delta_id_PA_target": 5.974}
2024-02-01 15:22:46,242 - [ DEBUG] - PERFORM:	 enter data from fusion 360: 	|{"datatype": "PA", "TEST_id": "8530d9", "ECP_id": "31a96c0e", "id": "8179988b24", "comment": "", "time_init": 1706796803.52, "phase": 1, "ECP_number": 1, "PA_number": 1, "success": true, "PA_D": -1.0, "PA_RPC": 1, "P1A": 73.95, "P1B": 61.34, "P1C": 103.11, "P1D": 96.05, "P2A": 58.89, "P2B": 56.6, "P2C": 77.85, "P2D": 74.29, "P1A_F": 73.965, "P1B_F": 61.322, "P1C_F": 103.1, "P1D_F": 96.061, "P2A_F": 58.903, "P2B_F": 56.583, "P2C_F": 77.839, "P2D_F": 74.3, "P2eA": 57.068, "P2eB": 50.208, "P2eC": 81.73, "P2eD": 76.559, "P1A_U": 1.0, "P1B_U": 1.0, "P1C_U": 1.0, "P1D_U": 1.0, "P2eA_U": 1.0, "P2eB_U": 1.0, "P2eC_U": 1.0, "P2eD_U": 11.0, "P1_mean_max": 1.0, "P1_mean": 0.05, "P2_mean_max": 2.0, "P2_mean": 0.073, "confidence_position": 3.0, "confidence_angle": 0.0, "estimate_hit": true, "target": "ECP:1", "markers": {"A": "M:2", "B": "M:3", "C": "M:7", "D": "M:8"}, "fusion_computed": true, "anatomy": {"basilic vein": 14.292, "brachial artery": 16.808, "brachial vein": 13.504, "cephalic vein": 22.479, "inferior ulnar collateral artery": 19.366, "median antebrachial vein": 38.579, "median cubital vein": 17.799, "median cubital vein 1": 20.564, "middle collateral artery": 17.21, "radial artery": 26.138, "radial collateral artery": 7.456, "radial veins": 38.04, "random artery 1": 9.804, "random artery 2": 35.486, "ulnar artery": 26.138, "ulnar veins": 38.011, "anterior branch of medial antebrachial cutaneous nerve": 22.929, "anterior interosseous nerve of forearm": 25.141, "deep branch of radial nerve": 23.32, "lateral antebrachial cutaneous nerve": 23.293, "median nerve": 19.031, "muscular branches of radial nerve": 4.794, "musculocutaneous nerve": 14.336, "posterior antebrachial cutaneous nerve": 12.323, "posterior branch of medial antebrachial cutaneous nerve": 1.576, "radial nerve": 15.66, "superficial branch of radial nerve": 23.64, "ulnar nerve": 7.703}, "angle_PA_target": 1.099, "distance_P1_PA_target": 6.847, "distance_P1_PA_target_X": 1.702, "distance_P1_PA_target_Y": -2.922, "distance_P1_PA_target_Z": 5.954, "distance_P2_PA_target": 21.032, "distance_P2_PA_target_X": -0.634, "distance_P2_PA_target_Y": -8.17, "distance_P2_PA_target_Z": 19.369, "distance_P2e_PA_target": 3.81, "distance_P2e_PA_target_X": 3.63, "distance_P2e_PA_target_Y": -0.201, "distance_P2e_PA_target_Z": 1.137, "delta_id_PA_target": 5.794}|
2024-02-01 15:22:50,341 - [ DEBUG] - TECHNICAL:	 want to remeasure P1? [Y/N]: 	|n|
2024-02-01 15:22:51,037 - [ DEBUG] - TECHNICAL:	 want to remeasure P2? [Y/N]: 	|n|
2024-02-01 15:22:52,594 - [ DEBUG] - TECHNICAL:	 comment on PA (8179988b24) [STRING]: 	||
2024-02-01 15:23:21,297 - [ DEBUG] - TECHNICAL:	 remove kwire from phanotm [ENTER when done]: 	||
2024-02-01 15:23:21,297 - [  INFO] - PA1.1 FINISHED!
2024-02-01 15:23:21,298 - [  INFO] - DATA COLLECTION - ECP1 - (31a96c0e)
2024-02-01 15:23:33,509 - [ DEBUG] - |-- ease of placement [0 difficult - 5 easy]: 	|5|
2024-02-01 15:23:33,511 - [  INFO] - ########################
2024-02-01 15:23:33,512 - [  INFO] - ECP2 START! (86e99f85)
2024-02-01 15:23:33,514 - [  INFO] - ------------------------
2024-02-01 15:23:33,515 - [  INFO] - PA2.1 START! (410d5abfbf)
2024-02-01 15:23:34,797 - [ DEBUG] - PERFORM:	 reset x-ray machine [ENTER when done]: 	||
2024-02-01 15:24:27,328 - [ DEBUG] - PERFORM:	 give instruction to insert k-wire [ENTER when instruction given]: 	|s|
2024-02-01 15:26:04,483 - [ DEBUG] - CANDIDATE:	 inserting k-wire... -> checks it and declares it failed [f] or successful [s] (restart timer [r]): 	|s|
2024-02-01 15:26:04,483 - [  INFO] - \_candidate has performed SUCCESSFUL positioning attempt!
2024-02-01 15:26:04,483 - [  INFO] - DATA COLLECTION - PA2.1 - (410d5abfbf)
2024-02-01 15:26:07,385 - [ DEBUG] - |-- CANDIDATE: entrance point distance from entrance point target? [FLOAT]: 	|0|
2024-02-01 15:26:08,128 - [ DEBUG] - |-- CANDIDATE: confidence on angle in deg? [FLOAT]:                         	|0|
2024-02-01 15:26:13,889 - [ DEBUG] - |-- CANDIDATE: estimate structures hit [Y/N]?:                              	|n|
2024-02-01 15:26:18,626 - [ DEBUG] - |-- RADIATION picture count       [INT]  : 	|0|
2024-02-01 15:26:35,967 - [ DEBUG] - |-- P1M:3 [FLOAT]: 	|55.29|
2024-02-01 15:27:08,478 - [ DEBUG] - |-- P1M:4 [FLOAT]: 	|43.32|
2024-02-01 15:29:18,516 - [ DEBUG] - |-- P1M:8 [FLOAT]: 	|110.6|
2024-02-01 15:29:32,578 - [ DEBUG] - |-- P1M:9 [FLOAT]: 	|105.75|
2024-02-01 15:29:50,964 - [ DEBUG] - |-- P2M:3 [FLOAT]: 	|60.99|
2024-02-01 15:30:03,356 - [ DEBUG] - |-- P2M:4 [FLOAT]: 	|85.68|
2024-02-01 15:30:24,954 - [ DEBUG] - |-- P2M:8 [FLOAT]: 	|70.00|
2024-02-01 15:30:30,296 - [ DEBUG] - |-- P2M:9 [FLOAT]: 	|68.87|
2024-02-01 15:30:39,990 - [ DEBUG] - |-- P1M:3 virtual [FLOAT]: 	|55.132|
2024-02-01 15:30:39,991 - [ DEBUG] - |-- P1M:4 virtual [FLOAT]: 	|44.259|
2024-02-01 15:30:39,992 - [ DEBUG] - |-- P1M:8 virtual [FLOAT]: 	|110.779|
2024-02-01 15:30:39,992 - [ DEBUG] - |-- P1M:9 virtual [FLOAT]: 	|105.990|
2024-02-01 15:30:39,993 - [ DEBUG] - |-- P2M:3 virtual [FLOAT]: 	|65.177|
2024-02-01 15:30:39,993 - [ DEBUG] - |-- P2M:4 virtual [FLOAT]: 	|66.386|
2024-02-01 15:30:40,003 - [ DEBUG] - |-- P2M:8 virtual [FLOAT]: 	|60.839|
2024-02-01 15:30:41,639 - [ DEBUG] - |-- P2M:9 virtual [FLOAT]: 	|60.709|
2024-02-01 15:30:44,030 - [ DEBUG] - TECHNICAL:	 is data entered correct? [Y/N]: 	|y|
2024-02-01 15:30:44,034 - [  INFO] - PERFORM:	 test following string on fusion 360 (already copied in clipboard) -> 
{"datatype": "PA", "TEST_id": "8530d9", "ECP_id": "86e99f85", "id": "410d5abfbf", "comment": "", "time_init": 1706797467.33, "phase": 1, "ECP_number": 2, "PA_number": 1, "success": true, "PA_D": -1.0, "PA_RPC": 0, "P1A": 54.49, "P1B": 42.52, "P1C": 109.8, "P1D": 104.95, "P2A": 60.190000000000005, "P2B": 84.88000000000001, "P2C": 69.2, "P2D": 68.07000000000001, "P1A_F": -1.0, "P1B_F": -1.0, "P1C_F": -1.0, "P1D_F": -1.0, "P2A_F": -1.0, "P2B_F": -1.0, "P2C_F": -1.0, "P2D_F": -1.0, "P2eA": -1.0, "P2eB": -1.0, "P2eC": -1.0, "P2eD": -1.0, "P1A_U": 55.132, "P1B_U": 44.259, "P1C_U": 110.779, "P1D_U": 105.99, "P2eA_U": 65.177, "P2eB_U": 66.386, "P2eC_U": 60.839, "P2eD_U": 60.709, "P1_mean_max": 1.0, "P1_mean": -1.0, "P2_mean_max": 2.0, "P2_mean": -1.0, "confidence_position": 0.0, "confidence_angle": 0.0, "estimate_hit": false, "target": "ECP:2", "markers": {"A": "M:3", "B": "M:4", "C": "M:8", "D": "M:9"}, "fusion_computed": false, "anatomy": {"basilic vein": -1.0, "brachial artery": -1.0, "brachial vein": -1.0, "cephalic vein": -1.0, "inferior ulnar collateral artery": -1.0, "median antebrachial vein": -1.0, "median cubital vein": -1.0, "median cubital vein 1": -1.0, "middle collateral artery": -1.0, "radial artery": -1.0, "radial collateral artery": -1.0, "radial veins": -1.0, "random artery 1": -1.0, "random artery 2": -1.0, "ulnar artery": -1.0, "ulnar veins": -1.0, "anterior branch of medial antebrachial cutaneous nerve": -1.0, "anterior interosseous nerve of forearm": -1.0, "deep branch of radial nerve": -1.0, "lateral antebrachial cutaneous nerve": -1.0, "median nerve": -1.0, "muscular branches of radial nerve": -1.0, "musculocutaneous nerve": -1.0, "posterior antebrachial cutaneous nerve": -1.0, "posterior branch of medial antebrachial cutaneous nerve": -1.0, "radial nerve": -1.0, "superficial branch of radial nerve": -1.0, "ulnar nerve": -1.0}, "angle_PA_target": -1.0, "distance_P1_PA_target": -1.0, "distance_P1_PA_target_X": -1.0, "distance_P1_PA_target_Y": -1.0, "distance_P1_PA_target_Z": -1.0, "distance_P2_PA_target": -1.0, "distance_P2_PA_target_X": -1.0, "distance_P2_PA_target_Y": -1.0, "distance_P2_PA_target_Z": -1.0, "distance_P2e_PA_target": -1.0, "distance_P2e_PA_target_X": -1.0, "distance_P2e_PA_target_Y": -1.0, "distance_P2e_PA_target_Z": -1.0, "delta_id_PA_target": -1.0}
2024-02-01 15:32:12,566 - [ DEBUG] - PERFORM:	 enter data from fusion 360: 	|{"datatype": "PA", "TEST_id": "8530d9", "ECP_id": "86e99f85", "id": "410d5abfbf", "comment": "", "time_init": 1706797467.33, "phase": 1, "ECP_number": 2, "PA_number": 1, "success": true, "PA_D": -1.0, "PA_RPC": 0, "P1A": 54.49, "P1B": 42.52, "P1C": 109.8, "P1D": 104.95, "P2A": 60.190000000000005, "P2B": 84.88000000000001, "P2C": 69.2, "P2D": 68.07000000000001, "P1A_F": -1.0, "P1B_F": -1.0, "P1C_F": -1.0, "P1D_F": -1.0, "P2A_F": -1.0, "P2B_F": -1.0, "P2C_F": -1.0, "P2D_F": -1.0, "P2eA": -1.0, "P2eB": -1.0, "P2eC": -1.0, "P2eD": -1.0, "P1A_U": 55.132, "P1B_U": 44.259, "P1C_U": 110.779, "P1D_U": 105.99, "P2eA_U": 65.177, "P2eB_U": 66.386, "P2eC_U": 60.839, "P2eD_U": 60.709, "P1_mean_max": 1.0, "P1_mean": -1.0, "P2_mean_max": 2.0, "P2_mean": 10.0, "confidence_position": 0.0, "confidence_angle": 0.0, "estimate_hit": false, "target": "ECP:2", "markers": {"A": "M:3", "B": "M:4", "C": "M:8", "D": "M:9"}, "fusion_computed": true, "anatomy": {"basilic vein": -1.0, "brachial artery": -1.0, "brachial vein": -1.0, "cephalic vein": -1.0, "inferior ulnar collateral artery": -1.0, "median antebrachial vein": -1.0, "median cubital vein": -1.0, "median cubital vein 1": -1.0, "middle collateral artery": -1.0, "radial artery": -1.0, "radial collateral artery": -1.0, "radial veins": -1.0, "random artery 1": -1.0, "random artery 2": -1.0, "ulnar artery": -1.0, "ulnar veins": -1.0, "anterior branch of medial antebrachial cutaneous nerve": -1.0, "anterior interosseous nerve of forearm": -1.0, "deep branch of radial nerve": -1.0, "lateral antebrachial cutaneous nerve": -1.0, "median nerve": -1.0, "muscular branches of radial nerve": -1.0, "musculocutaneous nerve": -1.0, "posterior antebrachial cutaneous nerve": -1.0, "posterior branch of medial antebrachial cutaneous nerve": -1.0, "radial nerve": -1.0, "superficial branch of radial nerve": -1.0, "ulnar nerve": -1.0}, "angle_PA_target": -1.0, "distance_P1_PA_target": -1.0, "distance_P1_PA_target_X": -1.0, "distance_P1_PA_target_Y": -1.0, "distance_P1_PA_target_Z": -1.0, "distance_P2_PA_target": -1.0, "distance_P2_PA_target_X": -1.0, "distance_P2_PA_target_Y": -1.0, "distance_P2_PA_target_Z": -1.0, "distance_P2e_PA_target": -1.0, "distance_P2e_PA_target_X": -1.0, "distance_P2e_PA_target_Y": -1.0, "distance_P2e_PA_target_Z": -1.0, "delta_id_PA_target": -1.0}|
2024-02-01 15:32:12,566 - [  INFO] - TECHNICAL:	 ATTENTION: P2 measurement error is above max allowed! Please take measurement again:
2024-02-01 15:32:24,899 - [ DEBUG] - |-- P2M:3 [FLOAT]: 	|65.177|
2024-02-01 15:32:24,900 - [ DEBUG] - |-- P2M:4 [FLOAT]: 	|66.386|
2024-02-01 15:32:24,900 - [ DEBUG] - |-- P2M:8 [FLOAT]: 	|60.839|
2024-02-01 15:32:25,582 - [ DEBUG] - |-- P2M:9 [FLOAT]: 	|60.709|
2024-02-01 15:32:25,586 - [  INFO] - PERFORM:	 test following string on fusion 360 (already copied in clipboard) -> 
{"datatype": "PA", "TEST_id": "8530d9", "ECP_id": "86e99f85", "id": "410d5abfbf", "comment": "", "time_init": 1706797467.33, "phase": 1, "ECP_number": 2, "PA_number": 1, "success": true, "PA_D": -1.0, "PA_RPC": 0, "P1A": 54.49, "P1B": 42.52, "P1C": 109.8, "P1D": 104.95, "P2A": 65.177, "P2B": 66.386, "P2C": 60.839, "P2D": 60.709, "P1A_F": -1.0, "P1B_F": -1.0, "P1C_F": -1.0, "P1D_F": -1.0, "P2A_F": -1.0, "P2B_F": -1.0, "P2C_F": -1.0, "P2D_F": -1.0, "P2eA": -1.0, "P2eB": -1.0, "P2eC": -1.0, "P2eD": -1.0, "P1A_U": 55.132, "P1B_U": 44.259, "P1C_U": 110.779, "P1D_U": 105.99, "P2eA_U": 65.177, "P2eB_U": 66.386, "P2eC_U": 60.839, "P2eD_U": 60.709, "P1_mean_max": 1.0, "P1_mean": -1.0, "P2_mean_max": 2.0, "P2_mean": 10.0, "confidence_position": 0.0, "confidence_angle": 0.0, "estimate_hit": false, "target": "ECP:2", "markers": {"A": "M:3", "B": "M:4", "C": "M:8", "D": "M:9"}, "fusion_computed": true, "anatomy": {"basilic vein": -1.0, "brachial artery": -1.0, "brachial vein": -1.0, "cephalic vein": -1.0, "inferior ulnar collateral artery": -1.0, "median antebrachial vein": -1.0, "median cubital vein": -1.0, "median cubital vein 1": -1.0, "middle collateral artery": -1.0, "radial artery": -1.0, "radial collateral artery": -1.0, "radial veins": -1.0, "random artery 1": -1.0, "random artery 2": -1.0, "ulnar artery": -1.0, "ulnar veins": -1.0, "anterior branch of medial antebrachial cutaneous nerve": -1.0, "anterior interosseous nerve of forearm": -1.0, "deep branch of radial nerve": -1.0, "lateral antebrachial cutaneous nerve": -1.0, "median nerve": -1.0, "muscular branches of radial nerve": -1.0, "musculocutaneous nerve": -1.0, "posterior antebrachial cutaneous nerve": -1.0, "posterior branch of medial antebrachial cutaneous nerve": -1.0, "radial nerve": -1.0, "superficial branch of radial nerve": -1.0, "ulnar nerve": -1.0}, "angle_PA_target": -1.0, "distance_P1_PA_target": -1.0, "distance_P1_PA_target_X": -1.0, "distance_P1_PA_target_Y": -1.0, "distance_P1_PA_target_Z": -1.0, "distance_P2_PA_target": -1.0, "distance_P2_PA_target_X": -1.0, "distance_P2_PA_target_Y": -1.0, "distance_P2_PA_target_Z": -1.0, "distance_P2e_PA_target": -1.0, "distance_P2e_PA_target_X": -1.0, "distance_P2e_PA_target_Y": -1.0, "distance_P2e_PA_target_Z": -1.0, "delta_id_PA_target": -1.0}
2024-02-01 15:32:40,244 - [ DEBUG] - PERFORM:	 enter data from fusion 360: 	|{"datatype": "PA", "TEST_id": "8530d9", "ECP_id": "86e99f85", "id": "410d5abfbf", "comment": "", "time_init": 1706797467.33, "phase": 1, "ECP_number": 2, "PA_number": 1, "success": true, "PA_D": -1.0, "PA_RPC": 0, "P1A": 54.49, "P1B": 42.52, "P1C": 109.8, "P1D": 104.95, "P2A": 65.177, "P2B": 66.386, "P2C": 60.839, "P2D": 60.709, "P1A_F": 54.294, "P1B_F": 42.752, "P1C_F": 109.882, "P1D_F": 104.86, "P2A_F": 65.177, "P2B_F": 66.386, "P2C_F": 60.839, "P2D_F": 60.709, "P2eA": 60.536, "P2eB": 60.181, "P2eC": 68.154, "P2eD": 66.794, "P1A_U": 55.132, "P1B_U": 44.259, "P1C_U": 110.779, "P1D_U": 105.99, "P2eA_U": 65.177, "P2eB_U": 66.386, "P2eC_U": 60.839, "P2eD_U": 60.709, "P1_mean_max": 1.0, "P1_mean": 0.591, "P2_mean_max": 2.0, "P2_mean": 0.001, "confidence_position": 0.0, "confidence_angle": 0.0, "estimate_hit": false, "target": "ECP:2", "markers": {"A": "M:3", "B": "M:4", "C": "M:8", "D": "M:9"}, "fusion_computed": true, "anatomy": {"basilic vein": 23.185, "brachial artery": 34.536, "brachial vein": 24.723, "cephalic vein": 37.714, "inferior ulnar collateral artery": 12.16, "median antebrachial vein": 27.073, "median cubital vein": 46.138, "median cubital vein 1": 27.13, "middle collateral artery": 15.497, "radial artery": 24.939, "radial collateral artery": 31.905, "radial veins": 23.634, "random artery 1": 11.914, "random artery 2": 6.383, "ulnar artery": 13.591, "ulnar veins": 18.883, "anterior branch of medial antebrachial cutaneous nerve": 27.58, "anterior interosseous nerve of forearm": 16.206, "deep branch of radial nerve": 33.384, "lateral antebrachial cutaneous nerve": 33.475, "median nerve": 16.688, "muscular branches of radial nerve": 28.16, "musculocutaneous nerve": 34.18, "posterior antebrachial cutaneous nerve": 43.16, "posterior branch of medial antebrachial cutaneous nerve": 18.431, "radial nerve": 39.38, "superficial branch of radial nerve": 35.547, "ulnar nerve": 20.068}, "angle_PA_target": 6.827, "distance_P1_PA_target": 7.617, "distance_P1_PA_target_X": -3.977, "distance_P1_PA_target_Y": 6.195, "distance_P1_PA_target_Z": -1.958, "distance_P2_PA_target": 21.449, "distance_P2_PA_target_X": -16.283, "distance_P2_PA_target_Y": 13.865, "distance_P2_PA_target_Z": -1.642, "distance_P2e_PA_target": 14.063, "distance_P2e_PA_target_X": -10.218, "distance_P2e_PA_target_Y": 8.658, "distance_P2e_PA_target_Z": -4.289, "delta_id_PA_target": -5.003}|
2024-02-01 15:32:41,440 - [ DEBUG] - TECHNICAL:	 want to remeasure P1? [Y/N]: 	|n|
2024-02-01 15:32:41,691 - [ DEBUG] - TECHNICAL:	 want to remeasure P2? [Y/N]: 	|n|
2024-02-01 15:32:53,241 - [ DEBUG] - TECHNICAL:	 comment on PA (410d5abfbf) [STRING]: 	|p2-markers distances from unity|
2024-02-01 15:32:56,962 - [ DEBUG] - TECHNICAL:	 remove kwire from phanotm [ENTER when done]: 	||
2024-02-01 15:32:56,962 - [  INFO] - PA2.1 FINISHED!
2024-02-01 15:32:56,963 - [  INFO] - DATA COLLECTION - ECP2 - (86e99f85)
2024-02-01 15:33:01,783 - [ DEBUG] - |-- ease of placement [0 difficult - 5 easy]: 	|5|
2024-02-01 15:33:01,785 - [  INFO] - ########################
2024-02-01 15:33:01,785 - [  INFO] - ECP3 START! (3edce36d)
2024-02-01 15:33:01,786 - [  INFO] - ------------------------
2024-02-01 15:33:01,787 - [  INFO] - PA3.1 START! (81dab3ec3e)
2024-02-01 15:33:02,721 - [ DEBUG] - PERFORM:	 reset x-ray machine [ENTER when done]: 	||
2024-02-01 15:34:47,524 - [ DEBUG] - PERFORM:	 give instruction to insert k-wire [ENTER when instruction given]: 	||
2024-02-01 15:35:33,458 - [ DEBUG] - CANDIDATE:	 inserting k-wire... -> checks it and declares it failed [f] or successful [s] (restart timer [r]): 	|s|
2024-02-01 15:35:33,458 - [  INFO] - \_candidate has performed SUCCESSFUL positioning attempt!
2024-02-01 15:35:33,458 - [  INFO] - DATA COLLECTION - PA3.1 - (81dab3ec3e)
2024-02-01 15:35:51,311 - [ DEBUG] - |-- CANDIDATE: entrance point distance from entrance point target? [FLOAT]: 	|1|
2024-02-01 15:35:53,397 - [ DEBUG] - |-- CANDIDATE: confidence on angle in deg? [FLOAT]:                         	|10|
2024-02-01 15:35:56,660 - [ DEBUG] - |-- CANDIDATE: estimate structures hit [Y/N]?:                              	|n|
2024-02-01 15:36:00,033 - [ DEBUG] - |-- RADIATION picture count       [INT]  : 	|1|
2024-02-01 15:37:31,737 - [ DEBUG] - |-- P1M:2 [FLOAT]: 	|103.79|
2024-02-01 15:37:45,382 - [ DEBUG] - |-- P1M:3 [FLOAT]: 	|94.19|
2024-02-01 15:38:03,187 - [ DEBUG] - |-- P1M:7 [FLOAT]: 	|69.96|
2024-02-01 15:38:19,038 - [ DEBUG] - |-- P1M:8 [FLOAT]: 	|25.26|
2024-02-01 15:38:47,742 - [ DEBUG] - |-- P2M:2 [FLOAT]: 	|67.27|
2024-02-01 15:39:00,932 - [ DEBUG] - |-- P2M:3 [FLOAT]: 	|58.97|
2024-02-01 15:39:19,565 - [ DEBUG] - |-- P2M:7 [FLOAT]: 	|75.77|
2024-02-01 15:39:29,608 - [ DEBUG] - |-- P2M:8 [FLOAT]: 	|67.96|
2024-02-01 15:41:01,136 - [ DEBUG] - |-- P1M:2 virtual [FLOAT]: 	|102.581|
2024-02-01 15:41:01,137 - [ DEBUG] - |-- P1M:3 virtual [FLOAT]: 	|91.878|
2024-02-01 15:41:01,137 - [ DEBUG] - |-- P1M:7 virtual [FLOAT]: 	|71.249|
2024-02-01 15:41:01,138 - [ DEBUG] - |-- P1M:8 virtual [FLOAT]: 	|55.819|
2024-02-01 15:41:01,139 - [ DEBUG] - |-- P2M:2 virtual [FLOAT]: 	|54.828|
2024-02-01 15:41:01,141 - [ DEBUG] - |-- P2M:3 virtual [FLOAT]: 	|47.019|
2024-02-01 15:41:01,142 - [ DEBUG] - |-- P2M:7 virtual [FLOAT]: 	|84.394|
2024-02-01 15:41:01,648 - [ DEBUG] - |-- P2M:8 virtual [FLOAT]: 	|78.815|
2024-02-01 15:41:05,538 - [ DEBUG] - TECHNICAL:	 is data entered correct? [Y/N]: 	|y|
2024-02-01 15:41:05,541 - [  INFO] - PERFORM:	 test following string on fusion 360 (already copied in clipboard) -> 
{"datatype": "PA", "TEST_id": "8530d9", "ECP_id": "3edce36d", "id": "81dab3ec3e", "comment": "", "time_init": 1706798087.52, "phase": 1, "ECP_number": 3, "PA_number": 1, "success": true, "PA_D": -1.0, "PA_RPC": 1, "P1A": 102.99000000000001, "P1B": 93.39, "P1C": 69.16, "P1D": 24.46, "P2A": 66.47, "P2B": 58.17, "P2C": 74.97, "P2D": 67.16, "P1A_F": -1.0, "P1B_F": -1.0, "P1C_F": -1.0, "P1D_F": -1.0, "P2A_F": -1.0, "P2B_F": -1.0, "P2C_F": -1.0, "P2D_F": -1.0, "P2eA": -1.0, "P2eB": -1.0, "P2eC": -1.0, "P2eD": -1.0, "P1A_U": 102.581, "P1B_U": 91.878, "P1C_U": 71.249, "P1D_U": 55.819, "P2eA_U": 54.828, "P2eB_U": 47.019, "P2eC_U": 84.394, "P2eD_U": 78.815, "P1_mean_max": 1.0, "P1_mean": -1.0, "P2_mean_max": 2.0, "P2_mean": -1.0, "confidence_position": 1.0, "confidence_angle": 10.0, "estimate_hit": false, "target": "ECP:3", "markers": {"A": "M:2", "B": "M:3", "C": "M:7", "D": "M:8"}, "fusion_computed": false, "anatomy": {"basilic vein": -1.0, "brachial artery": -1.0, "brachial vein": -1.0, "cephalic vein": -1.0, "inferior ulnar collateral artery": -1.0, "median antebrachial vein": -1.0, "median cubital vein": -1.0, "median cubital vein 1": -1.0, "middle collateral artery": -1.0, "radial artery": -1.0, "radial collateral artery": -1.0, "radial veins": -1.0, "random artery 1": -1.0, "random artery 2": -1.0, "ulnar artery": -1.0, "ulnar veins": -1.0, "anterior branch of medial antebrachial cutaneous nerve": -1.0, "anterior interosseous nerve of forearm": -1.0, "deep branch of radial nerve": -1.0, "lateral antebrachial cutaneous nerve": -1.0, "median nerve": -1.0, "muscular branches of radial nerve": -1.0, "musculocutaneous nerve": -1.0, "posterior antebrachial cutaneous nerve": -1.0, "posterior branch of medial antebrachial cutaneous nerve": -1.0, "radial nerve": -1.0, "superficial branch of radial nerve": -1.0, "ulnar nerve": -1.0}, "angle_PA_target": -1.0, "distance_P1_PA_target": -1.0, "distance_P1_PA_target_X": -1.0, "distance_P1_PA_target_Y": -1.0, "distance_P1_PA_target_Z": -1.0, "distance_P2_PA_target": -1.0, "distance_P2_PA_target_X": -1.0, "distance_P2_PA_target_Y": -1.0, "distance_P2_PA_target_Z": -1.0, "distance_P2e_PA_target": -1.0, "distance_P2e_PA_target_X": -1.0, "distance_P2e_PA_target_Y": -1.0, "distance_P2e_PA_target_Z": -1.0, "delta_id_PA_target": -1.0}
2024-02-01 15:41:17,711 - [ DEBUG] - PERFORM:	 enter data from fusion 360: 	|{"datatype": "PA", "TEST_id": "8530d9", "ECP_id": "3edce36d", "id": "81dab3ec3e", "comment": "", "time_init": 1706798087.52, "phase": 1, "ECP_number": 3, "PA_number": 1, "success": true, "PA_D": -1.0, "PA_RPC": 1, "P1A": 102.99000000000001, "P1B": 93.39, "P1C": 69.16, "P1D": 24.46, "P2A": 66.47, "P2B": 58.17, "P2C": 74.97, "P2D": 67.16, "P1A_F": 114.451, "P1B_F": 92.397, "P1C_F": 74.759, "P1D_F": 30.785, "P2A_F": 66.466, "P2B_F": 58.174, "P2C_F": 74.973, "P2D_F": 67.156, "P2eA": 82.903, "P2eB": 67.897, "P2eC": 70.995, "P2eD": 51.956, "P1A_U": 102.581, "P1B_U": 91.878, "P1C_U": 71.249, "P1D_U": 55.819, "P2eA_U": 54.828, "P2eB_U": 47.019, "P2eC_U": 84.394, "P2eD_U": 78.815, "P1_mean_max": 1.0, "P1_mean": 4.891, "P2_mean_max": 2.0, "P2_mean": 0.026, "confidence_position": 1.0, "confidence_angle": 10.0, "estimate_hit": false, "target": "ECP:3", "markers": {"A": "M:2", "B": "M:3", "C": "M:7", "D": "M:8"}, "fusion_computed": true, "anatomy": {"basilic vein": 20.459, "brachial artery": 31.837, "brachial vein": 31.051, "cephalic vein": 62.73, "inferior ulnar collateral artery": 21.539, "median antebrachial vein": 31.518, "median cubital vein": 24.549, "median cubital vein 1": 42.023, "middle collateral artery": 48.901, "radial artery": 48.892, "radial collateral artery": 66.771, "radial veins": 54.514, "random artery 1": 15.634, "random artery 2": 27.287, "ulnar artery": 48.892, "ulnar veins": 54.478, "anterior branch of medial antebrachial cutaneous nerve": 23.952, "anterior interosseous nerve of forearm": 41.44, "deep branch of radial nerve": 56.568, "lateral antebrachial cutaneous nerve": 46.981, "median nerve": 22.528, "muscular branches of radial nerve": 49.075, "musculocutaneous nerve": 43.318, "posterior antebrachial cutaneous nerve": 58.885, "posterior branch of medial antebrachial cutaneous nerve": 2.525, "radial nerve": 56.528, "superficial branch of radial nerve": 56.535, "ulnar nerve": 1.452}, "angle_PA_target": 63.124, "distance_P1_PA_target": 49.14, "distance_P1_PA_target_X": -1.106, "distance_P1_PA_target_Y": -43.13, "distance_P1_PA_target_Z": 23.522, "distance_P2_PA_target": 7.727, "distance_P2_PA_target_X": 7.646, "distance_P2_PA_target_Y": 0.611, "distance_P2_PA_target_Z": 0.94, "distance_P2e_PA_target": 11.768, "distance_P2e_PA_target_X": -5.92, "distance_P2e_PA_target_Y": -9.991, "distance_P2e_PA_target_Z": -1.899, "delta_id_PA_target": 12.453}|
2024-02-01 15:41:17,711 - [  INFO] - TECHNICAL:	 ATTENTION: P1 measurement error is above max allowed! Please take measurement again:
2024-02-01 15:42:45,590 - [ DEBUG] - |-- P1M:2 [FLOAT]: 	|104.38|
2024-02-01 15:43:23,372 - [ DEBUG] - |-- P1M:3 [FLOAT]: 	|93.80|
2024-02-01 15:43:44,362 - [ DEBUG] - |-- P1M:7 [FLOAT]: 	|68.89|
2024-02-01 15:43:53,528 - [ DEBUG] - |-- P1M:8 [FLOAT]: 	|51.72|
2024-02-01 15:43:53,531 - [  INFO] - PERFORM:	 test following string on fusion 360 (already copied in clipboard) -> 
{"datatype": "PA", "TEST_id": "8530d9", "ECP_id": "3edce36d", "id": "81dab3ec3e", "comment": "", "time_init": 1706798087.52, "phase": 1, "ECP_number": 3, "PA_number": 1, "success": true, "PA_D": -1.0, "PA_RPC": 1, "P1A": 104.38, "P1B": 93.8, "P1C": 68.89, "P1D": 51.72, "P2A": 66.47, "P2B": 58.17, "P2C": 74.97, "P2D": 67.16, "P1A_F": 114.451, "P1B_F": 92.397, "P1C_F": 74.759, "P1D_F": 30.785, "P2A_F": 66.466, "P2B_F": 58.174, "P2C_F": 74.973, "P2D_F": 67.156, "P2eA": 82.903, "P2eB": 67.897, "P2eC": 70.995, "P2eD": 51.956, "P1A_U": 102.581, "P1B_U": 91.878, "P1C_U": 71.249, "P1D_U": 55.819, "P2eA_U": 54.828, "P2eB_U": 47.019, "P2eC_U": 84.394, "P2eD_U": 78.815, "P1_mean_max": 1.0, "P1_mean": 4.891, "P2_mean_max": 2.0, "P2_mean": 0.026, "confidence_position": 1.0, "confidence_angle": 10.0, "estimate_hit": false, "target": "ECP:3", "markers": {"A": "M:2", "B": "M:3", "C": "M:7", "D": "M:8"}, "fusion_computed": true, "anatomy": {"basilic vein": 20.459, "brachial artery": 31.837, "brachial vein": 31.051, "cephalic vein": 62.73, "inferior ulnar collateral artery": 21.539, "median antebrachial vein": 31.518, "median cubital vein": 24.549, "median cubital vein 1": 42.023, "middle collateral artery": 48.901, "radial artery": 48.892, "radial collateral artery": 66.771, "radial veins": 54.514, "random artery 1": 15.634, "random artery 2": 27.287, "ulnar artery": 48.892, "ulnar veins": 54.478, "anterior branch of medial antebrachial cutaneous nerve": 23.952, "anterior interosseous nerve of forearm": 41.44, "deep branch of radial nerve": 56.568, "lateral antebrachial cutaneous nerve": 46.981, "median nerve": 22.528, "muscular branches of radial nerve": 49.075, "musculocutaneous nerve": 43.318, "posterior antebrachial cutaneous nerve": 58.885, "posterior branch of medial antebrachial cutaneous nerve": 2.525, "radial nerve": 56.528, "superficial branch of radial nerve": 56.535, "ulnar nerve": 1.452}, "angle_PA_target": 63.124, "distance_P1_PA_target": 49.14, "distance_P1_PA_target_X": -1.106, "distance_P1_PA_target_Y": -43.13, "distance_P1_PA_target_Z": 23.522, "distance_P2_PA_target": 7.727, "distance_P2_PA_target_X": 7.646, "distance_P2_PA_target_Y": 0.611, "distance_P2_PA_target_Z": 0.94, "distance_P2e_PA_target": 11.768, "distance_P2e_PA_target_X": -5.92, "distance_P2e_PA_target_Y": -9.991, "distance_P2e_PA_target_Z": -1.899, "delta_id_PA_target": 12.453}
2024-02-01 15:44:55,879 - [ DEBUG] - PERFORM:	 enter data from fusion 360: 	|{"datatype": "PA", "TEST_id": "8530d9", "ECP_id": "3edce36d", "id": "81dab3ec3e", "comment": "", "time_init": 1706798087.52, "phase": 1, "ECP_number": 3, "PA_number": 1, "success": true, "PA_D": -1.0, "PA_RPC": 1, "P1A": 104.38, "P1B": 93.8, "P1C": 68.89, "P1D": 51.72, "P2A": 66.47, "P2B": 58.17, "P2C": 74.97, "P2D": 67.16, "P1A_F": 104.463, "P1B_F": 93.706, "P1C_F": 68.77, "P1D_F": 51.89, "P2A_F": 66.466, "P2B_F": 58.174, "P2C_F": 74.973, "P2D_F": 67.156, "P2eA": 65.383, "P2eB": 57.234, "P2eC": 75.565, "P2eD": 68.031, "P1A_U": 102.581, "P1B_U": 91.878, "P1C_U": 71.249, "P1D_U": 55.819, "P2eA_U": 54.828, "P2eB_U": 47.019, "P2eC_U": 84.394, "P2eD_U": 78.815, "P1_mean_max": 1.0, "P1_mean": 0.439, "P2_mean_max": 2.0, "P2_mean": 0.026, "confidence_position": 1.0, "confidence_angle": 10.0, "estimate_hit": false, "target": "ECP:3", "markers": {"A": "M:2", "B": "M:3", "C": "M:7", "D": "M:8"}, "fusion_computed": true, "anatomy": {"basilic vein": 12.878, "brachial artery": 20.869, "brachial vein": 16.392, "cephalic vein": 25.904, "inferior ulnar collateral artery": 19.799, "median antebrachial vein": 29.601, "median cubital vein": 14.654, "median cubital vein 1": 33.282, "middle collateral artery": 15.979, "radial artery": 46.555, "radial collateral artery": 18.93, "radial veins": 58.204, "random artery 1": 5.875, "random artery 2": 34.139, "ulnar artery": 46.555, "ulnar veins": 58.247, "anterior branch of medial antebrachial cutaneous nerve": 20.99, "anterior interosseous nerve of forearm": 38.85, "deep branch of radial nerve": 52.299, "lateral antebrachial cutaneous nerve": 44.055, "median nerve": 19.711, "muscular branches of radial nerve": 17.881, "musculocutaneous nerve": 8.501, "posterior antebrachial cutaneous nerve": 43.914, "posterior branch of medial antebrachial cutaneous nerve": 1.211, "radial nerve": 25.965, "superficial branch of radial nerve": 52.255, "ulnar nerve": 6.619}, "angle_PA_target": 4.607, "distance_P1_PA_target": 8.067, "distance_P1_PA_target_X": 7.063, "distance_P1_PA_target_Y": -2.881, "distance_P1_PA_target_Z": 2.627, "distance_P2_PA_target": 7.727, "distance_P2_PA_target_X": 7.646, "distance_P2_PA_target_Y": 0.611, "distance_P2_PA_target_Z": 0.94, "distance_P2e_PA_target": 8.814, "distance_P2e_PA_target_X": 8.612, "distance_P2e_PA_target_Y": 0.302, "distance_P2e_PA_target_Z": 1.852, "delta_id_PA_target": 0.286}|
2024-02-01 15:44:57,551 - [ DEBUG] - TECHNICAL:	 want to remeasure P1? [Y/N]: 	|n|
2024-02-01 15:44:59,667 - [ DEBUG] - TECHNICAL:	 want to remeasure P2? [Y/N]: 	|n|
2024-02-01 15:45:01,616 - [ DEBUG] - TECHNICAL:	 comment on PA (81dab3ec3e) [STRING]: 	||
2024-02-01 15:45:02,848 - [ DEBUG] - TECHNICAL:	 remove kwire from phanotm [ENTER when done]: 	||
2024-02-01 15:45:02,848 - [  INFO] - PA3.1 FINISHED!
2024-02-01 15:45:02,848 - [  INFO] - DATA COLLECTION - ECP3 - (3edce36d)
2024-02-01 15:45:08,580 - [ DEBUG] - |-- ease of placement [0 difficult - 5 easy]: 	|4|
2024-02-01 15:45:08,580 - [  INFO] - DATA COLLECTION - TEST - (8530d9)
2024-02-01 15:45:15,078 - [ DEBUG] - |-- realism xray    [-1 : 5]:            	|5|
2024-02-01 15:45:20,231 - [ DEBUG] - |-- simulation quality xray    [-1 : 5]: 	|4|
2024-02-01 15:45:24,540 - [ DEBUG] - |-- comfort xray [-1 : 5]:               	|5|
2024-02-01 15:45:28,511 - [ DEBUG] - |-- realism AR      [-1 : 5]:            	|4|
2024-02-01 15:45:34,277 - [ DEBUG] - |-- simulation quality AR      [-1 : 5]: 	|4|
2024-02-01 15:45:37,973 - [ DEBUG] - |-- comfort ar   [-1 : 5]:               	|5|
2024-02-01 15:45:41,745 - [ DEBUG] - |-- realism phantom [-1 : 5]:            	|5|
2024-02-01 15:45:53,303 - [ DEBUG] - |-- simulation quality phantom [-1 : 5]: 	|4|
2024-02-01 15:45:54,193 - [ DEBUG] - TECHNICAL:	 comment on TEST (8530d9) [STRING]: 	||
2024-02-01 15:45:54,206 - [  INFO] - SAVED ON DATABASE!
2024-02-01 15:45:54,207 - [  INFO] - bye!
