2024-01-30 12:33:30,829 - [  INFO] - flags: []
2024-01-30 12:33:30,830 - [  INFO] - # POSITIONING TEST COMPANION (v1.21)
2024-01-30 12:33:30,830 - [  INFO] - # What a beautiful day to stick some anti-pigeon spikes into plastic!
2024-01-30 12:33:30,837 - [  INFO] - # BEGIN POSITIONING TEST FOR A CANDIDATE, ONE SINGLE PHASE (eadb92)
2024-01-30 12:33:30,837 - [  INFO] - # 2024/01/30 - 12:33:30
2024-01-30 12:33:30,837 - [  INFO] - DATA COLLECTION - TEST - (eadb92)
2024-01-30 12:34:13,991 - [ DEBUG] - |-- phase [INTEGER]:                	|1|
2024-01-30 12:34:16,204 - [ DEBUG] - |-- phantom id [STRING]:            	|01|
2024-01-30 12:34:31,961 - [ DEBUG] - |-- name [STRING]:                  	|giacomo|
2024-01-30 12:34:33,473 - [ DEBUG] - |-- surname [STRING]:               	|riberi|
2024-01-30 12:34:34,679 - [ DEBUG] - |-- gender [M/F]:                   	|m|
2024-01-30 12:34:36,400 - [ DEBUG] - |-- right-handed [Y/N]:             	|y|
2024-01-30 12:34:39,526 - [ DEBUG] - |-- age [INTEGER]:                  	|24|
2024-01-30 12:34:41,191 - [ DEBUG] - |-- medsurg year        [-1 : 6]:   	|6|
2024-01-30 12:34:42,379 - [ DEBUG] - |-- specialization year [-1 : 5]:   	|-1|
2024-01-30 12:34:43,815 - [ DEBUG] - |-- surgeon year        [-1 : 100]: 	|-1|
2024-01-30 12:34:45,734 - [ DEBUG] - |-- exp operation count [INTEGER]:  	|0|
2024-01-30 12:34:47,163 - [ DEBUG] - |-- glasses [Y/N]:                  	|y|
2024-01-30 12:34:49,241 - [ DEBUG] - |-- glasses type [None [] / Myopia (Nearsightedness) [M] / Hyperopia (Farsightedness) [H] / Astigmatism [AS] / Presbyopia [P] / Strabismus [S] / Amblyopia (Lazy Eye) [AM] / Cataract [C]: 	|m|
2024-01-30 12:34:55,514 - [ DEBUG] - |-- glasses power [-1 : 100]:       	|5|
2024-01-30 12:34:57,184 - [ DEBUG] - |-- exp Virtual Reality   [0 : 5]:  	|5|
2024-01-30 12:35:01,354 - [ DEBUG] - |-- exp Augmented Reality [0 : 5]:  	|5|
2024-01-30 12:35:02,190 - [ DEBUG] - |-- exp 3D editors        [0 : 5]:  	|5|
2024-01-30 12:35:03,685 - [ DEBUG] - TECHNICAL:	 is data entered correct? [Y/N]: 	|y|
2024-01-30 12:35:03,686 - [  INFO] - ########################
2024-01-30 12:35:03,687 - [  INFO] - ECP1 START! (d641dc4c)
2024-01-30 12:35:03,688 - [  INFO] - ------------------------
2024-01-30 12:35:03,688 - [  INFO] - PA1.1 START! (dbfbc9ec3d)
2024-01-30 12:37:47,732 - [ DEBUG] - PERFORM:	 reset x-ray machine [ENTER when done]: 	||
2024-01-30 12:37:55,828 - [ DEBUG] - PERFORM:	 give instruction to insert k-wire [ENTER when instruction given]: 	||
2024-01-30 12:40:12,256 - [ DEBUG] - CANDIDATE:	 inserting k-wire... -> checks it and declares it failed [f] or successful [s]: 	|s|
2024-01-30 12:40:12,256 - [  INFO] - \_candidate has performed SUCCESSFUL positioning attempt!
2024-01-30 12:40:12,256 - [  INFO] - DATA COLLECTION - PA1.1 - (dbfbc9ec3d)
2024-01-30 12:40:32,540 - [ DEBUG] - |-- RADIATION picture count       [INT]  : 	|5|
2024-01-30 12:42:33,274 - [ DEBUG] - |-- P1M:2 [FLOAT]: 	|75.40|
2024-01-30 12:43:10,682 - [ DEBUG] - |-- P1M:3 [FLOAT]: 	|65.07|
2024-01-30 12:44:20,754 - [ DEBUG] - |-- P1M:7 [FLOAT]: 	|103.43|
2024-01-30 12:44:37,938 - [ DEBUG] - |-- P1M:8 [FLOAT]: 	|98.48|
2024-01-30 12:45:07,982 - [ DEBUG] - |-- P2M:2 [FLOAT]: 	|58.68|
2024-01-30 12:45:33,707 - [ DEBUG] - |-- P2M:3 [FLOAT]: 	|52.78|
2024-01-30 12:46:06,725 - [ DEBUG] - |-- P2M:7 [FLOAT]: 	|78.97|
2024-01-30 12:46:32,296 - [ DEBUG] - |-- P2M:8 [FLOAT]: 	|74.53|
2024-01-30 12:47:40,615 - [ DEBUG] - |-- P1M:2 virtual [FLOAT]: 	|56.42|
2024-01-30 12:47:52,938 - [ DEBUG] - |-- P1M:3 virtual [FLOAT]: 	|59.76|
2024-01-30 12:48:03,739 - [ DEBUG] - |-- P1M:7 virtual [FLOAT]: 	|75.73|
2024-01-30 12:48:14,151 - [ DEBUG] - |-- P1M:8 virtual [FLOAT]: 	|76.18|
2024-01-30 12:48:25,233 - [ DEBUG] - |-- P2M:2 virtual [FLOAT]: 	|74.59|
2024-01-30 12:48:32,732 - [ DEBUG] - |-- P2M:3 virtual [FLOAT]: 	|64.64|
2024-01-30 12:48:50,860 - [ DEBUG] - |-- P2M:7 virtual [FLOAT]: 	|103.56|
2024-01-30 12:49:14,286 - [ DEBUG] - |-- P2M:8 virtual [FLOAT]: 	|98.26|
2024-01-30 12:49:16,957 - [ DEBUG] - |-- CANDIDATE: confidence on entrance position in mm? [FLOAT]: 	|1|
2024-01-30 12:50:03,350 - [ DEBUG] - |-- CANDIDATE: confidence on angle in deg? [FLOAT]:            	|1|
2024-01-30 12:50:15,477 - [ DEBUG] - |-- CANDIDATE: estimate structures hit [Y/N]?:                 	|n|
2024-01-30 12:50:26,856 - [ DEBUG] - TECHNICAL:	 is data entered correct? [Y/N]: 	|n|
2024-01-30 12:50:30,212 - [ DEBUG] - |-- RADIATION picture count       [INT]  : 	|5|
2024-01-30 12:50:37,950 - [ DEBUG] - |-- P1M:2 [FLOAT]: 	|75.40|
2024-01-30 12:50:43,537 - [ DEBUG] - |-- P1M:3 [FLOAT]: 	|65.07|
2024-01-30 12:50:47,434 - [ DEBUG] - |-- P1M:7 [FLOAT]: 	|103.43|
2024-01-30 12:50:57,350 - [ DEBUG] - |-- P1M:8 [FLOAT]: 	|98.48|
2024-01-30 12:51:01,486 - [ DEBUG] - |-- P2M:2 [FLOAT]: 	|58.68|
2024-01-30 12:51:05,097 - [ DEBUG] - |-- P2M:3 [FLOAT]: 	|52.78|
2024-01-30 12:51:08,903 - [ DEBUG] - |-- P2M:7 [FLOAT]: 	|78.97|
2024-01-30 12:51:14,605 - [ DEBUG] - |-- P2M:8 [FLOAT]: 	|74.53|
2024-01-30 12:51:31,841 - [ DEBUG] - |-- P1M:2 virtual [FLOAT]: 	|74.59|
2024-01-30 12:51:51,676 - [ DEBUG] - |-- P1M:3 virtual [FLOAT]: 	|64.64|
2024-01-30 12:51:57,340 - [ DEBUG] - |-- P1M:7 virtual [FLOAT]: 	|103.56|
2024-01-30 12:52:01,968 - [ DEBUG] - |-- P1M:8 virtual [FLOAT]: 	|98.26|
2024-01-30 12:52:18,389 - [ DEBUG] - |-- P2M:2 virtual [FLOAT]: 	|56.42|
2024-01-30 12:52:42,414 - [ DEBUG] - |-- P2M:3 virtual [FLOAT]: 	|59.76|
2024-01-30 12:52:52,793 - [ DEBUG] - |-- P2M:7 virtual [FLOAT]: 	|75.73|
2024-01-30 12:53:44,115 - [ DEBUG] - |-- P2M:8 virtual [FLOAT]: 	|76.18|
2024-01-30 12:53:57,859 - [ DEBUG] - |-- CANDIDATE: confidence on entrance position in mm? [FLOAT]: 	|1|
2024-01-30 12:53:58,452 - [ DEBUG] - |-- CANDIDATE: confidence on angle in deg? [FLOAT]:            	|1|
2024-01-30 12:53:59,706 - [ DEBUG] - |-- CANDIDATE: estimate structures hit [Y/N]?:                 	|n|
2024-01-30 12:54:01,240 - [ DEBUG] - TECHNICAL:	 is data entered correct? [Y/N]: 	|y|
2024-01-30 12:54:01,245 - [  INFO] - PERFORM:	 test following string on fusion 360 (already copied in clipboard) -> 
{"datatype": "PA", "TEST_id": "eadb92", "ECP_id": "d641dc4c", "id": "dbfbc9ec3d", "comment": "", "time_init": 1706614675.83, "phase": 1, "ECP_number": 1, "PA_number": 1, "success": true, "PA_D": -1.0, "PA_RPC": 5, "P1A": 74.60000000000001, "P1B": 64.27, "P1C": 102.63000000000001, "P1D": 97.68, "P2A": 57.88, "P2B": 51.980000000000004, "P2C": 78.17, "P2D": 73.73, "P1A_F": -1.0, "P1B_F": -1.0, "P1C_F": -1.0, "P1D_F": -1.0, "P2A_F": -1.0, "P2B_F": -1.0, "P2C_F": -1.0, "P2D_F": -1.0, "P2eA": -1.0, "P2eB": -1.0, "P2eC": -1.0, "P2eD": -1.0, "P1A_U": 74.59, "P1B_U": 64.64, "P1C_U": 103.56, "P1D_U": 98.26, "P2eA_U": 56.42, "P2eB_U": 59.76, "P2eC_U": 75.73, "P2eD_U": 76.18, "P1_mean_max": 1.0, "P1_mean": -1.0, "P2_mean_max": 2.0, "P2_mean": -1.0, "confidence_position": 1.0, "confidence_angle": 1.0, "estimate_hit": false, "target": "ECP:1", "markers": {"A": "M:2", "B": "M:3", "C": "M:7", "D": "M:8"}, "fusion_computed": false, "anatomy": {"basilic vein": -1.0, "brachial artery": -1.0, "brachial vein": -1.0, "cephalic vein": -1.0, "inferior ulnar collateral artery": -1.0, "median antebrachial vein": -1.0, "median cubital vein": -1.0, "median cubital vein 1": -1.0, "middle collateral artery": -1.0, "radial artery": -1.0, "radial collateral artery": -1.0, "radial veins": -1.0, "random artery 1": -1.0, "random artery 2": -1.0, "ulnar artery": -1.0, "ulnar veins": -1.0, "anterior branch of medial antebrachial cutaneous nerve": -1.0, "anterior interosseous nerve of forearm": -1.0, "deep branch of radial nerve": -1.0, "lateral antebrachial cutaneous nerve": -1.0, "median nerve": -1.0, "muscular branches of radial nerve": -1.0, "musculocutaneous nerve": -1.0, "posterior antebrachial cutaneous nerve": -1.0, "posterior branch of medial antebrachial cutaneous nerve": -1.0, "radial nerve": -1.0, "superficial branch of radial nerve": -1.0, "ulnar nerve": -1.0}, "angle_PA_target": -1.0, "distance_P1_PA_target": -1.0, "distance_P1_PA_target_X": -1.0, "distance_P1_PA_target_Y": -1.0, "distance_P1_PA_target_Z": -1.0, "distance_P2_PA_target": -1.0, "distance_P2_PA_target_X": -1.0, "distance_P2_PA_target_Y": -1.0, "distance_P2_PA_target_Z": -1.0, "distance_P2e_PA_target": -1.0, "distance_P2e_PA_target_X": -1.0, "distance_P2e_PA_target_Y": -1.0, "distance_P2e_PA_target_Z": -1.0, "delta_id_PA_target": -1.0}
2024-01-30 12:56:09,624 - [ DEBUG] - PERFORM:	 enter data from fusion 360: 	|{"datatype": "PA", "TEST_id": "eadb92", "ECP_id": "d641dc4c", "id": "dbfbc9ec3d", "comment": "", "time_init": 1706614675.83, "phase": 1, "ECP_number": 1, "PA_number": 1, "success": true, "PA_D": -1.0, "PA_RPC": 5, "P1A": 74.60000000000001, "P1B": 64.27, "P1C": 102.63000000000001, "P1D": 97.68, "P2A": 57.88, "P2B": 51.980000000000004, "P2C": 78.17, "P2D": 73.73, "P1A_F": 74.358, "P1B_F": 64.53, "P1C_F": 102.786, "P1D_F": 97.503, "P2A_F": 58.169, "P2B_F": 52.688, "P2C_F": 78.781, "P2D_F": 73.972, "P2eA": 58.153, "P2eB": 52.015, "P2eC": 80.031, "P2eD": 75.108, "P1A_U": 74.59, "P1B_U": 64.64, "P1C_U": 103.56, "P1D_U": 98.26, "P2eA_U": 56.42, "P2eB_U": 59.76, "P2eC_U": 75.73, "P2eD_U": 76.18, "P1_mean_max": 1.0, "P1_mean": 0.766, "P2_mean_max": 2.0, "P2_mean": 1.088, "confidence_position": 1.0, "confidence_angle": 1.0, "estimate_hit": false, "target": "ECP:1", "markers": {"A": "M:2", "B": "M:3", "C": "M:7", "D": "M:8"}, "fusion_computed": true, "anatomy": {"basilic vein": 14.947, "brachial artery": 18.748, "brachial vein": 14.92, "cephalic vein": 26.099, "inferior ulnar collateral artery": 19.903, "median antebrachial vein": 36.812, "median cubital vein": 19.574, "median cubital vein 1": 22.206, "middle collateral artery": 14.474, "radial artery": 25.791, "radial collateral artery": 12.489, "radial veins": 36.564, "random artery 1": 9.689, "random artery 2": 33.325, "ulnar artery": 25.791, "ulnar veins": 36.567, "anterior branch of medial antebrachial cutaneous nerve": 23.663, "anterior interosseous nerve of forearm": 24.838, "deep branch of radial nerve": 23.28, "lateral antebrachial cutaneous nerve": 22.848, "median nerve": 20.01, "muscular branches of radial nerve": 8.537, "musculocutaneous nerve": 16.044, "posterior antebrachial cutaneous nerve": 14.309, "posterior branch of medial antebrachial cutaneous nerve": 0.471, "radial nerve": 18.463, "superficial branch of radial nerve": 23.564, "ulnar nerve": 8.188}, "angle_PA_target": 3.005, "distance_P1_PA_target": 5.642, "distance_P1_PA_target_X": 1.404, "distance_P1_PA_target_Y": 1.153, "distance_P1_PA_target_Z": 5.342, "distance_P2_PA_target": 5.011, "distance_P2_PA_target_X": 0.941, "distance_P2_PA_target_Y": -1.353, "distance_P2_PA_target_Z": 4.732, "distance_P2e_PA_target": 2.252, "distance_P2e_PA_target_X": 1.962, "distance_P2e_PA_target_Y": 0.623, "distance_P2e_PA_target_Z": 0.915, "delta_id_PA_target": 3.783}|
2024-01-30 12:56:11,259 - [ DEBUG] - TECHNICAL:	 want to remeasure P1? [Y/N]: 	|n|
2024-01-30 12:56:12,016 - [ DEBUG] - TECHNICAL:	 want to remeasure P2? [Y/N]: 	|n|
2024-01-30 12:56:18,891 - [ DEBUG] - TECHNICAL:	 comment on PA (dbfbc9ec3d) [STRING]: 	||
2024-01-30 12:56:18,891 - [  INFO] - PA1.1 FINISHED!
2024-01-30 12:56:18,892 - [  INFO] - DATA COLLECTION - ECP1 - (d641dc4c)
2024-01-30 12:56:38,933 - [ DEBUG] - |-- ease of placement [0 difficult - 5 easy]: 	|5|
2024-01-30 12:56:38,934 - [  INFO] - ########################
2024-01-30 12:56:38,934 - [  INFO] - ECP2 START! (8e039546)
2024-01-30 12:56:38,935 - [  INFO] - ------------------------
2024-01-30 12:56:38,935 - [  INFO] - PA2.1 START! (6e3396a797)
2024-01-30 13:26:13,445 - [ DEBUG] - PERFORM:	 reset x-ray machine [ENTER when done]: 	||
2024-01-30 13:26:16,050 - [ DEBUG] - PERFORM:	 give instruction to insert k-wire [ENTER when instruction given]: 	||
2024-01-30 13:29:28,081 - [ DEBUG] - CANDIDATE:	 inserting k-wire... -> checks it and declares it failed [f] or successful [s]: 	|f|
2024-01-30 13:29:28,081 - [  INFO] - \_candidate has FAILED positioning attempt!
2024-01-30 13:29:28,081 - [  INFO] - DATA COLLECTION - PA2.1 - (6e3396a797)
2024-01-30 13:29:59,066 - [ DEBUG] - |-- RADIATION picture count       [INT]  : 	|2|
2024-01-30 13:31:01,962 - [ DEBUG] - |-- P1M:3 [FLOAT]: 	|54.63|
2024-01-30 13:31:35,784 - [ DEBUG] - |-- P1M:4 [FLOAT]: 	|40.38|
2024-01-30 13:32:29,092 - [ DEBUG] - |-- P1M:8 [FLOAT]: 	|113.54|
2024-01-30 13:32:59,600 - [ DEBUG] - |-- P1M:9 [FLOAT]: 	|106.69|
2024-01-30 13:33:26,267 - [ DEBUG] - |-- P2M:3 [FLOAT]: 	|58.26|
2024-01-30 13:33:42,457 - [ DEBUG] - |-- P2M:4 [FLOAT]: 	|55.03|
2024-01-30 13:33:53,993 - [ DEBUG] - |-- P2M:8 [FLOAT]: 	|73.62|
2024-01-30 13:34:12,174 - [ DEBUG] - |-- P2M:9 [FLOAT]: 	|70.94|
2024-01-30 13:36:31,170 - [ DEBUG] - |-- P1M:3 virtual [FLOAT]: 	|53.291|
2024-01-30 13:36:31,171 - [ DEBUG] - |-- P1M:4 virtual [FLOAT]: 	|38.292|
2024-01-30 13:36:31,173 - [ DEBUG] - |-- P1M:8 virtual [FLOAT]: 	|112.604|
2024-01-30 13:36:31,174 - [ DEBUG] - |-- P1M:9 virtual [FLOAT]: 	|106.609|
2024-01-30 13:36:31,175 - [ DEBUG] - |-- P2M:3 virtual [FLOAT]: 	|65.198|
2024-01-30 13:36:31,176 - [ DEBUG] - |-- P2M:4 virtual [FLOAT]: 	|63.641|
2024-01-30 13:36:31,177 - [ DEBUG] - |-- P2M:8 virtual [FLOAT]: 	|63.347|
2024-01-30 13:36:35,900 - [ DEBUG] - |-- P2M:9 virtual [FLOAT]: 	|60.556|
2024-01-30 13:36:39,223 - [ DEBUG] - |-- CANDIDATE: confidence on entrance position in mm? [FLOAT]: 	|5|
2024-01-30 13:36:41,515 - [ DEBUG] - |-- CANDIDATE: confidence on angle in deg? [FLOAT]:            	|4|
2024-01-30 13:36:44,978 - [ DEBUG] - |-- CANDIDATE: estimate structures hit [Y/N]?:                 	|n|
2024-01-30 13:37:07,203 - [ DEBUG] - TECHNICAL:	 is data entered correct? [Y/N]: 	|n|
2024-01-30 13:37:10,194 - [ DEBUG] - |-- RADIATION picture count       [INT]  : 	|2|
2024-01-30 13:37:28,603 - [ DEBUG] - |-- P1M:3 [FLOAT]: 	|54.63|
2024-01-30 13:37:35,646 - [ DEBUG] - |-- P1M:4 [FLOAT]: 	|40.38|
2024-01-30 13:37:40,087 - [ DEBUG] - |-- P1M:8 [FLOAT]: 	|113.54|
2024-01-30 13:37:51,887 - [ DEBUG] - |-- P1M:9 [FLOAT]: 	|107.49|
2024-01-30 13:37:57,656 - [ DEBUG] - |-- P2M:3 [FLOAT]: 	|58.26|
2024-01-30 13:38:00,544 - [ DEBUG] - |-- P2M:4 [FLOAT]: 	|55.03|
2024-01-30 13:38:03,664 - [ DEBUG] - |-- P2M:8 [FLOAT]: 	|73.62|
2024-01-30 13:38:06,746 - [ DEBUG] - |-- P2M:9 [FLOAT]: 	|70.94|
2024-01-30 13:38:16,551 - [ DEBUG] - |-- P1M:3 virtual [FLOAT]: 	|53.291|
2024-01-30 13:38:16,552 - [ DEBUG] - |-- P1M:4 virtual [FLOAT]: 	|38.292|
2024-01-30 13:38:16,552 - [ DEBUG] - |-- P1M:8 virtual [FLOAT]: 	|112.604|
2024-01-30 13:38:16,553 - [ DEBUG] - |-- P1M:9 virtual [FLOAT]: 	|106.609|
2024-01-30 13:38:16,554 - [ DEBUG] - |-- P2M:3 virtual [FLOAT]: 	|65.198|
2024-01-30 13:38:16,554 - [ DEBUG] - |-- P2M:4 virtual [FLOAT]: 	|63.641|
2024-01-30 13:38:16,560 - [ DEBUG] - |-- P2M:8 virtual [FLOAT]: 	|63.347|
2024-01-30 13:38:18,501 - [ DEBUG] - |-- P2M:9 virtual [FLOAT]: 	|60.556|
2024-01-30 13:38:21,372 - [ DEBUG] - |-- CANDIDATE: confidence on entrance position in mm? [FLOAT]: 	|5|
2024-01-30 13:38:22,162 - [ DEBUG] - |-- CANDIDATE: confidence on angle in deg? [FLOAT]:            	|4|
2024-01-30 13:38:23,126 - [ DEBUG] - |-- CANDIDATE: estimate structures hit [Y/N]?:                 	|n|
2024-01-30 13:38:27,773 - [ DEBUG] - TECHNICAL:	 is data entered correct? [Y/N]: 	|y|
2024-01-30 13:38:27,781 - [  INFO] - PERFORM:	 test following string on fusion 360 (already copied in clipboard) -> 
{"datatype": "PA", "TEST_id": "eadb92", "ECP_id": "8e039546", "id": "6e3396a797", "comment": "", "time_init": 1706617576.05, "phase": 1, "ECP_number": 2, "PA_number": 1, "success": false, "PA_D": -1.0, "PA_RPC": 2, "P1A": 53.830000000000005, "P1B": 39.580000000000005, "P1C": 112.74000000000001, "P1D": 106.69, "P2A": 57.46, "P2B": 54.230000000000004, "P2C": 72.82000000000001, "P2D": 70.14, "P1A_F": -1.0, "P1B_F": -1.0, "P1C_F": -1.0, "P1D_F": -1.0, "P2A_F": -1.0, "P2B_F": -1.0, "P2C_F": -1.0, "P2D_F": -1.0, "P2eA": -1.0, "P2eB": -1.0, "P2eC": -1.0, "P2eD": -1.0, "P1A_U": 53.291, "P1B_U": 38.292, "P1C_U": 112.604, "P1D_U": 106.609, "P2eA_U": 65.198, "P2eB_U": 63.641, "P2eC_U": 63.347, "P2eD_U": 60.556, "P1_mean_max": 1.0, "P1_mean": -1.0, "P2_mean_max": 2.0, "P2_mean": -1.0, "confidence_position": 5.0, "confidence_angle": 4.0, "estimate_hit": false, "target": "ECP:2", "markers": {"A": "M:3", "B": "M:4", "C": "M:8", "D": "M:9"}, "fusion_computed": false, "anatomy": {"basilic vein": -1.0, "brachial artery": -1.0, "brachial vein": -1.0, "cephalic vein": -1.0, "inferior ulnar collateral artery": -1.0, "median antebrachial vein": -1.0, "median cubital vein": -1.0, "median cubital vein 1": -1.0, "middle collateral artery": -1.0, "radial artery": -1.0, "radial collateral artery": -1.0, "radial veins": -1.0, "random artery 1": -1.0, "random artery 2": -1.0, "ulnar artery": -1.0, "ulnar veins": -1.0, "anterior branch of medial antebrachial cutaneous nerve": -1.0, "anterior interosseous nerve of forearm": -1.0, "deep branch of radial nerve": -1.0, "lateral antebrachial cutaneous nerve": -1.0, "median nerve": -1.0, "muscular branches of radial nerve": -1.0, "musculocutaneous nerve": -1.0, "posterior antebrachial cutaneous nerve": -1.0, "posterior branch of medial antebrachial cutaneous nerve": -1.0, "radial nerve": -1.0, "superficial branch of radial nerve": -1.0, "ulnar nerve": -1.0}, "angle_PA_target": -1.0, "distance_P1_PA_target": -1.0, "distance_P1_PA_target_X": -1.0, "distance_P1_PA_target_Y": -1.0, "distance_P1_PA_target_Z": -1.0, "distance_P2_PA_target": -1.0, "distance_P2_PA_target_X": -1.0, "distance_P2_PA_target_Y": -1.0, "distance_P2_PA_target_Z": -1.0, "distance_P2e_PA_target": -1.0, "distance_P2e_PA_target_X": -1.0, "distance_P2e_PA_target_Y": -1.0, "distance_P2e_PA_target_Z": -1.0, "delta_id_PA_target": -1.0}
2024-01-30 13:39:26,434 - [ DEBUG] - PERFORM:	 enter data from fusion 360: 	|{"datatype": "PA", "TEST_id": "eadb92", "ECP_id": "8e039546", "id": "6e3396a797", "comment": "", "time_init": 1706617576.05, "phase": 1, "ECP_number": 2, "PA_number": 1, "success": false, "PA_D": -1.0, "PA_RPC": 2, "P1A": 53.830000000000005, "P1B": 39.580000000000005, "P1C": 112.74000000000001, "P1D": 106.69, "P2A": 57.46, "P2B": 54.230000000000004, "P2C": 72.82000000000001, "P2D": 70.14, "P1A_F": 53.972, "P1B_F": 39.389, "P1C_F": 112.678, "P1D_F": 106.754, "P2A_F": 57.157, "P2B_F": 54.41, "P2C_F": 72.942, "P2D_F": 69.916, "P2eA": 53.481, "P2eB": 48.318, "P2eC": 80.741, "P2eD": 76.854, "P1A_U": 53.291, "P1B_U": 38.292, "P1C_U": 112.604, "P1D_U": 106.609, "P2eA_U": 65.198, "P2eB_U": 63.641, "P2eC_U": 63.347, "P2eD_U": 60.556, "P1_mean_max": 1.0, "P1_mean": 0.455, "P2_mean_max": 2.0, "P2_mean": -2.306, "confidence_position": 5.0, "confidence_angle": 4.0, "estimate_hit": false, "target": "ECP:2", "markers": {"A": "M:3", "B": "M:4", "C": "M:8", "D": "M:9"}, "fusion_computed": true, "anatomy": {"basilic vein": 26.018, "brachial artery": 24.613, "brachial vein": 14.7, "cephalic vein": 29.785, "inferior ulnar collateral artery": 8.561, "median antebrachial vein": 25.789, "median cubital vein": 36.788, "median cubital vein 1": 19.628, "middle collateral artery": 13.411, "radial artery": 16.133, "radial collateral artery": 29.341, "radial veins": 14.524, "random artery 1": 11.035, "random artery 2": 5.127, "ulnar artery": 7.36, "ulnar veins": 14.016, "anterior branch of medial antebrachial cutaneous nerve": 23.482, "anterior interosseous nerve of forearm": 8.467, "deep branch of radial nerve": 28.38, "lateral antebrachial cutaneous nerve": 23.358, "median nerve": 11.294, "muscular branches of radial nerve": 21.938, "musculocutaneous nerve": 24.467, "posterior antebrachial cutaneous nerve": 39.052, "posterior branch of medial antebrachial cutaneous nerve": 25.721, "radial nerve": 29.426, "superficial branch of radial nerve": 25.962, "ulnar nerve": 23.943}, "angle_PA_target": 3.443, "distance_P1_PA_target": 5.254, "distance_P1_PA_target_X": -1.183, "distance_P1_PA_target_Y": 5.031, "distance_P1_PA_target_Z": 0.947, "distance_P2_PA_target": 10.306, "distance_P2_PA_target_X": -5.535, "distance_P2_PA_target_Y": 8.674, "distance_P2_PA_target_Z": 0.576, "distance_P2e_PA_target": 3.916, "distance_P2e_PA_target_X": 0.791, "distance_P2e_PA_target_Y": 2.661, "distance_P2e_PA_target_Z": -2.763, "delta_id_PA_target": 4.259}|
2024-01-30 13:39:28,040 - [ DEBUG] - TECHNICAL:	 want to remeasure P1? [Y/N]: 	|n|
2024-01-30 13:39:28,515 - [ DEBUG] - TECHNICAL:	 want to remeasure P2? [Y/N]: 	|n|
2024-01-30 13:39:43,740 - [ DEBUG] - TECHNICAL:	 comment on PA (6e3396a797) [STRING]: 	|error p2 measurement manually disabled|
2024-01-30 13:39:43,740 - [  INFO] - PA2.1 FINISHED!
2024-01-30 13:39:43,741 - [  INFO] - ------------------------
2024-01-30 13:39:43,742 - [  INFO] - PA2.2 START! (6ad1c98ce7)
2024-01-30 13:39:46,372 - [ DEBUG] - PERFORM:	 reset x-ray machine [ENTER when done]: 	||
2024-01-30 13:46:12,600 - [ DEBUG] - PERFORM:	 give instruction to insert k-wire [ENTER when instruction given]: 	||
2024-01-30 13:48:08,572 - [ DEBUG] - CANDIDATE:	 inserting k-wire... -> checks it and declares it failed [f] or successful [s]: 	|s|
2024-01-30 13:48:08,572 - [  INFO] - \_candidate has performed SUCCESSFUL positioning attempt!
2024-01-30 13:48:08,572 - [  INFO] - DATA COLLECTION - PA2.2 - (6ad1c98ce7)
2024-01-30 13:48:12,045 - [ DEBUG] - |-- RADIATION picture count       [INT]  : 	|2|
2024-01-30 13:49:22,310 - [ DEBUG] - |-- P1M:3 [FLOAT]: 	|57.23|
2024-01-30 13:49:45,865 - [ DEBUG] - |-- P1M:4 [FLOAT]: 	|43.55|
2024-01-30 13:50:29,544 - [ DEBUG] - |-- P1M:8 [FLOAT]: 	|120.68|
2024-01-30 13:51:00,167 - [ DEBUG] - |-- P1M:9 [FLOAT]: 	|114.91|
2024-01-30 13:51:37,093 - [ DEBUG] - |-- P2M:3 [FLOAT]: 	|56.93|
2024-01-30 13:52:05,252 - [ DEBUG] - |-- P2M:4 [FLOAT]: 	|50.47|
2024-01-30 13:52:21,865 - [ DEBUG] - |-- P2M:8 [FLOAT]: 	|78.00|
2024-01-30 13:52:34,878 - [ DEBUG] - |-- P2M:9 [FLOAT]: 	|73.92|
2024-01-30 13:56:38,511 - [ DEBUG] - |-- P1M:3 virtual [FLOAT]: 	|57.986|
2024-01-30 13:56:38,511 - [ DEBUG] - |-- P1M:4 virtual [FLOAT]: 	|38.168|
2024-01-30 13:56:38,512 - [ DEBUG] - |-- P1M:8 virtual [FLOAT]: 	|116.772|
2024-01-30 13:56:38,513 - [ DEBUG] - |-- P1M:9 virtual [FLOAT]: 	|108.861|
2024-01-30 13:56:38,514 - [ DEBUG] - |-- P2M:3 virtual [FLOAT]: 	|63.179|
2024-01-30 13:56:38,515 - [ DEBUG] - |-- P2M:4 virtual [FLOAT]: 	|57.569|
2024-01-30 13:56:38,516 - [ DEBUG] - |-- P2M:8 virtual [FLOAT]: 	|69.777|
2024-01-30 13:56:41,498 - [ DEBUG] - |-- P2M:9 virtual [FLOAT]: 	|63.926|
2024-01-30 13:56:44,881 - [ DEBUG] - |-- CANDIDATE: confidence on entrance position in mm? [FLOAT]: 	|2|
2024-01-30 13:56:47,100 - [ DEBUG] - |-- CANDIDATE: confidence on angle in deg? [FLOAT]:            	|2|
2024-01-30 13:56:48,575 - [ DEBUG] - |-- CANDIDATE: estimate structures hit [Y/N]?:                 	|n|
2024-01-30 13:56:49,944 - [ DEBUG] - TECHNICAL:	 is data entered correct? [Y/N]: 	|y|
2024-01-30 13:56:49,952 - [  INFO] - PERFORM:	 test following string on fusion 360 (already copied in clipboard) -> 
{"datatype": "PA", "TEST_id": "eadb92", "ECP_id": "8e039546", "id": "6ad1c98ce7", "comment": "", "time_init": 1706618772.6, "phase": 1, "ECP_number": 2, "PA_number": 2, "success": true, "PA_D": -1.0, "PA_RPC": 2, "P1A": 56.43, "P1B": 42.75, "P1C": 119.88000000000001, "P1D": 114.11, "P2A": 56.13, "P2B": 49.67, "P2C": 77.2, "P2D": 73.12, "P1A_F": -1.0, "P1B_F": -1.0, "P1C_F": -1.0, "P1D_F": -1.0, "P2A_F": -1.0, "P2B_F": -1.0, "P2C_F": -1.0, "P2D_F": -1.0, "P2eA": -1.0, "P2eB": -1.0, "P2eC": -1.0, "P2eD": -1.0, "P1A_U": 57.986, "P1B_U": 38.168, "P1C_U": 116.772, "P1D_U": 108.861, "P2eA_U": 63.179, "P2eB_U": 57.569, "P2eC_U": 69.777, "P2eD_U": 63.926, "P1_mean_max": 1.0, "P1_mean": -1.0, "P2_mean_max": 2.0, "P2_mean": -1.0, "confidence_position": 2.0, "confidence_angle": 2.0, "estimate_hit": false, "target": "ECP:2", "markers": {"A": "M:3", "B": "M:4", "C": "M:8", "D": "M:9"}, "fusion_computed": false, "anatomy": {"basilic vein": -1.0, "brachial artery": -1.0, "brachial vein": -1.0, "cephalic vein": -1.0, "inferior ulnar collateral artery": -1.0, "median antebrachial vein": -1.0, "median cubital vein": -1.0, "median cubital vein 1": -1.0, "middle collateral artery": -1.0, "radial artery": -1.0, "radial collateral artery": -1.0, "radial veins": -1.0, "random artery 1": -1.0, "random artery 2": -1.0, "ulnar artery": -1.0, "ulnar veins": -1.0, "anterior branch of medial antebrachial cutaneous nerve": -1.0, "anterior interosseous nerve of forearm": -1.0, "deep branch of radial nerve": -1.0, "lateral antebrachial cutaneous nerve": -1.0, "median nerve": -1.0, "muscular branches of radial nerve": -1.0, "musculocutaneous nerve": -1.0, "posterior antebrachial cutaneous nerve": -1.0, "posterior branch of medial antebrachial cutaneous nerve": -1.0, "radial nerve": -1.0, "superficial branch of radial nerve": -1.0, "ulnar nerve": -1.0}, "angle_PA_target": -1.0, "distance_P1_PA_target": -1.0, "distance_P1_PA_target_X": -1.0, "distance_P1_PA_target_Y": -1.0, "distance_P1_PA_target_Z": -1.0, "distance_P2_PA_target": -1.0, "distance_P2_PA_target_X": -1.0, "distance_P2_PA_target_Y": -1.0, "distance_P2_PA_target_Z": -1.0, "distance_P2e_PA_target": -1.0, "distance_P2e_PA_target_X": -1.0, "distance_P2e_PA_target_Y": -1.0, "distance_P2e_PA_target_Z": -1.0, "delta_id_PA_target": -1.0}
2024-01-30 13:57:43,847 - [ DEBUG] - PERFORM:	 enter data from fusion 360: 	|{"datatype": "PA", "TEST_id": "eadb92", "ECP_id": "8e039546", "id": "6ad1c98ce7", "comment": "", "time_init": 1706618772.6, "phase": 1, "ECP_number": 2, "PA_number": 2, "success": true, "PA_D": -1.0, "PA_RPC": 2, "P1A": 56.43, "P1B": 42.75, "P1C": 119.88000000000001, "P1D": 114.11, "P2A": 56.13, "P2B": 49.67, "P2C": 77.2, "P2D": 73.12, "P1A_F": 56.602, "P1B_F": 42.523, "P1C_F": 119.805, "P1D_F": 114.186, "P2A_F": 55.699, "P2B_F": 50.029, "P2C_F": 77.433, "P2D_F": 72.814, "P2eA": 52.979, "P2eB": 45.712, "P2eC": 83.196, "P2eD": 78.331, "P1A_U": 57.986, "P1B_U": 38.168, "P1C_U": 116.772, "P1D_U": 108.861, "P2eA_U": 63.179, "P2eB_U": 57.569, "P2eC_U": 69.777, "P2eD_U": 63.926, "P1_mean_max": 1.0, "P1_mean": 0.559, "P2_mean_max": 2.0, "P2_mean": -2.955, "confidence_position": 2.0, "confidence_angle": 2.0, "estimate_hit": false, "target": "ECP:2", "markers": {"A": "M:3", "B": "M:4", "C": "M:8", "D": "M:9"}, "fusion_computed": true, "anatomy": {"basilic vein": 33.625, "brachial artery": 19.813, "brachial vein": 12.481, "cephalic vein": 29.25, "inferior ulnar collateral artery": 14.146, "median antebrachial vein": 34.137, "median cubital vein": 31.732, "median cubital vein 1": 22.231, "middle collateral artery": 16.945, "radial artery": 15.517, "radial collateral artery": 27.69, "radial veins": 13.504, "random artery 1": 16.362, "random artery 2": 16.571, "ulnar artery": 12.564, "ulnar veins": 13.449, "anterior branch of medial antebrachial cutaneous nerve": 30.315, "anterior interosseous nerve of forearm": 12.039, "deep branch of radial nerve": 20.671, "lateral antebrachial cutaneous nerve": 18.269, "median nerve": 14.713, "muscular branches of radial nerve": 16.648, "musculocutaneous nerve": 19.644, "posterior antebrachial cutaneous nerve": 32.079, "posterior branch of medial antebrachial cutaneous nerve": 33.561, "radial nerve": 22.18, "superficial branch of radial nerve": 21.297, "ulnar nerve": 29.219}, "angle_PA_target": 2.41, "distance_P1_PA_target": 5.541, "distance_P1_PA_target_X": 4.201, "distance_P1_PA_target_Y": 0.725, "distance_P1_PA_target_Z": -3.539, "distance_P2_PA_target": 6.504, "distance_P2_PA_target_X": -2.113, "distance_P2_PA_target_Y": 5.741, "distance_P2_PA_target_Z": 2.21, "distance_P2e_PA_target": 3.151, "distance_P2e_PA_target_X": 2.684, "distance_P2e_PA_target_Y": 1.254, "distance_P2e_PA_target_Z": -1.074, "delta_id_PA_target": -2.382}|
2024-01-30 13:57:45,081 - [ DEBUG] - TECHNICAL:	 want to remeasure P1? [Y/N]: 	|n|
2024-01-30 13:57:45,320 - [ DEBUG] - TECHNICAL:	 want to remeasure P2? [Y/N]: 	|n|
2024-01-30 13:57:46,283 - [ DEBUG] - TECHNICAL:	 comment on PA (6ad1c98ce7) [STRING]: 	||
2024-01-30 13:57:46,283 - [  INFO] - PA2.2 FINISHED!
2024-01-30 13:57:46,283 - [  INFO] - DATA COLLECTION - ECP2 - (8e039546)
2024-01-30 13:57:52,330 - [ DEBUG] - |-- ease of placement [0 difficult - 5 easy]: 	|4|
2024-01-30 13:57:52,332 - [  INFO] - ########################
2024-01-30 13:57:52,332 - [  INFO] - ECP3 START! (05e5116d)
2024-01-30 13:57:52,333 - [  INFO] - ------------------------
2024-01-30 13:57:52,333 - [  INFO] - PA3.1 START! (b520f08d15)
2024-01-30 13:57:53,855 - [ DEBUG] - PERFORM:	 reset x-ray machine [ENTER when done]: 	||
2024-01-30 14:00:22,891 - [ DEBUG] - PERFORM:	 give instruction to insert k-wire [ENTER when instruction given]: 	||
2024-01-30 14:02:21,477 - [ DEBUG] - CANDIDATE:	 inserting k-wire... -> checks it and declares it failed [f] or successful [s]: 	|s|
2024-01-30 14:02:21,477 - [  INFO] - \_candidate has performed SUCCESSFUL positioning attempt!
2024-01-30 14:02:21,478 - [  INFO] - DATA COLLECTION - PA3.1 - (b520f08d15)
2024-01-30 14:02:38,684 - [ DEBUG] - |-- RADIATION picture count       [INT]  : 	|3|
2024-01-30 14:07:42,593 - [ DEBUG] - |-- P1M:2 [FLOAT]: 	|109.28|
2024-01-30 14:07:54,766 - [ DEBUG] - |-- P1M:3 [FLOAT]: 	|102.82|
2024-01-30 14:09:04,234 - [ DEBUG] - |-- P1M:7 [FLOAT]: 	|66.42|
2024-01-30 14:09:23,518 - [ DEBUG] - |-- P1M:8 [FLOAT]: 	|54.72|
2024-01-30 14:10:03,499 - [ DEBUG] - |-- P2M:2 [FLOAT]: 	|68.59|
2024-01-30 14:10:18,893 - [ DEBUG] - |-- P2M:3 [FLOAT]: 	|58.47|
2024-01-30 14:10:51,108 - [ DEBUG] - |-- P2M:7 [FLOAT]: 	|75.10|
2024-01-30 14:11:04,305 - [ DEBUG] - |-- P2M:8 [FLOAT]: 	|65.32|
2024-01-30 14:11:26,361 - [ DEBUG] - |-- P1M:2 virtual [FLOAT]: 	|110.528|
2024-01-30 14:11:26,362 - [ DEBUG] - |-- P1M:3 virtual [FLOAT]: 	|101.688|
2024-01-30 14:11:26,363 - [ DEBUG] - |-- P1M:7 virtual [FLOAT]: 	|66.314|
2024-01-30 14:11:26,363 - [ DEBUG] - |-- P1M:8 virtual [FLOAT]: 	|51.025|
2024-01-30 14:11:26,364 - [ DEBUG] - |-- P2M:2 virtual [FLOAT]: 	|61.343|
2024-01-30 14:11:26,364 - [ DEBUG] - |-- P2M:3 virtual [FLOAT]: 	|61.542|
2024-01-30 14:11:26,373 - [ DEBUG] - |-- P2M:7 virtual [FLOAT]: 	|71.088|
2024-01-30 14:11:28,278 - [ DEBUG] - |-- P2M:8 virtual [FLOAT]: 	|69.343|
2024-01-30 14:11:34,553 - [ DEBUG] - |-- CANDIDATE: confidence on entrance position in mm? [FLOAT]: 	|2|
2024-01-30 14:11:38,447 - [ DEBUG] - |-- CANDIDATE: confidence on angle in deg? [FLOAT]:            	|3|
2024-01-30 14:11:40,462 - [ DEBUG] - |-- CANDIDATE: estimate structures hit [Y/N]?:                 	|n|
2024-01-30 14:11:41,628 - [ DEBUG] - TECHNICAL:	 is data entered correct? [Y/N]: 	|y|
2024-01-30 14:11:41,638 - [  INFO] - PERFORM:	 test following string on fusion 360 (already copied in clipboard) -> 
{"datatype": "PA", "TEST_id": "eadb92", "ECP_id": "05e5116d", "id": "b520f08d15", "comment": "", "time_init": 1706619622.89, "phase": 1, "ECP_number": 3, "PA_number": 1, "success": true, "PA_D": -1.0, "PA_RPC": 3, "P1A": 108.48, "P1B": 102.02, "P1C": 65.62, "P1D": 53.92, "P2A": 67.79, "P2B": 57.67, "P2C": 74.3, "P2D": 64.52, "P1A_F": -1.0, "P1B_F": -1.0, "P1C_F": -1.0, "P1D_F": -1.0, "P2A_F": -1.0, "P2B_F": -1.0, "P2C_F": -1.0, "P2D_F": -1.0, "P2eA": -1.0, "P2eB": -1.0, "P2eC": -1.0, "P2eD": -1.0, "P1A_U": 110.528, "P1B_U": 101.688, "P1C_U": 66.314, "P1D_U": 51.025, "P2eA_U": 61.343, "P2eB_U": 61.542, "P2eC_U": 71.088, "P2eD_U": 69.343, "P1_mean_max": 1.0, "P1_mean": -1.0, "P2_mean_max": 2.0, "P2_mean": -1.0, "confidence_position": 2.0, "confidence_angle": 3.0, "estimate_hit": false, "target": "ECP:3", "markers": {"A": "M:2", "B": "M:3", "C": "M:7", "D": "M:8"}, "fusion_computed": false, "anatomy": {"basilic vein": -1.0, "brachial artery": -1.0, "brachial vein": -1.0, "cephalic vein": -1.0, "inferior ulnar collateral artery": -1.0, "median antebrachial vein": -1.0, "median cubital vein": -1.0, "median cubital vein 1": -1.0, "middle collateral artery": -1.0, "radial artery": -1.0, "radial collateral artery": -1.0, "radial veins": -1.0, "random artery 1": -1.0, "random artery 2": -1.0, "ulnar artery": -1.0, "ulnar veins": -1.0, "anterior branch of medial antebrachial cutaneous nerve": -1.0, "anterior interosseous nerve of forearm": -1.0, "deep branch of radial nerve": -1.0, "lateral antebrachial cutaneous nerve": -1.0, "median nerve": -1.0, "muscular branches of radial nerve": -1.0, "musculocutaneous nerve": -1.0, "posterior antebrachial cutaneous nerve": -1.0, "posterior branch of medial antebrachial cutaneous nerve": -1.0, "radial nerve": -1.0, "superficial branch of radial nerve": -1.0, "ulnar nerve": -1.0}, "angle_PA_target": -1.0, "distance_P1_PA_target": -1.0, "distance_P1_PA_target_X": -1.0, "distance_P1_PA_target_Y": -1.0, "distance_P1_PA_target_Z": -1.0, "distance_P2_PA_target": -1.0, "distance_P2_PA_target_X": -1.0, "distance_P2_PA_target_Y": -1.0, "distance_P2_PA_target_Z": -1.0, "distance_P2e_PA_target": -1.0, "distance_P2e_PA_target_X": -1.0, "distance_P2e_PA_target_Y": -1.0, "distance_P2e_PA_target_Z": -1.0, "delta_id_PA_target": -1.0}
2024-01-30 14:12:27,639 - [ DEBUG] - PERFORM:	 enter data from fusion 360: 	|{"datatype": "PA", "TEST_id": "eadb92", "ECP_id": "05e5116d", "id": "b520f08d15", "comment": "", "time_init": 1706619622.89, "phase": 1, "ECP_number": 3, "PA_number": 1, "success": true, "PA_D": -1.0, "PA_RPC": 3, "P1A": 108.48, "P1B": 102.02, "P1C": 65.62, "P1D": 53.92, "P2A": 67.79, "P2B": 57.67, "P2C": 74.3, "P2D": 64.52, "P1A_F": 108.61, "P1B_F": 101.878, "P1C_F": 65.414, "P1D_F": 54.181, "P2A_F": 67.838, "P2B_F": 57.996, "P2C_F": 74.597, "P2D_F": 64.744, "P2eA": 74.555, "P2eB": 65.45, "P2eC": 69.261, "P2eD": 58.567, "P1A_U": 110.528, "P1B_U": 101.688, "P1C_U": 66.314, "P1D_U": 51.025, "P2eA_U": 61.343, "P2eB_U": 61.542, "P2eC_U": 71.088, "P2eD_U": 69.343, "P1_mean_max": 1.0, "P1_mean": 0.67, "P2_mean_max": 2.0, "P2_mean": 0.389, "confidence_position": 2.0, "confidence_angle": 3.0, "estimate_hit": false, "target": "ECP:3", "markers": {"A": "M:2", "B": "M:3", "C": "M:7", "D": "M:8"}, "fusion_computed": true, "anatomy": {"basilic vein": 21.446, "brachial artery": 28.988, "brachial vein": 25.04, "cephalic vein": 34.566, "inferior ulnar collateral artery": 21.877, "median antebrachial vein": 25.902, "median cubital vein": 23.061, "median cubital vein 1": 33.633, "middle collateral artery": 2.554, "radial artery": 42.496, "radial collateral artery": 15.714, "radial veins": 53.013, "random artery 1": 2.698, "random artery 2": 29.061, "ulnar artery": 42.496, "ulnar veins": 53.003, "anterior branch of medial antebrachial cutaneous nerve": 30.114, "anterior interosseous nerve of forearm": 36.146, "deep branch of radial nerve": 47.142, "lateral antebrachial cutaneous nerve": 39.711, "median nerve": 27.387, "muscular branches of radial nerve": 4.941, "musculocutaneous nerve": 25.253, "posterior antebrachial cutaneous nerve": 40.573, "posterior branch of medial antebrachial cutaneous nerve": 0.693, "radial nerve": 33.738, "superficial branch of radial nerve": 47.188, "ulnar nerve": 3.294}, "angle_PA_target": 9.144, "distance_P1_PA_target": 6.022, "distance_P1_PA_target_X": 1.809, "distance_P1_PA_target_Y": 5.541, "distance_P1_PA_target_Z": 1.513, "distance_P2_PA_target": 11.103, "distance_P2_PA_target_X": 6.175, "distance_P2_PA_target_Y": -5.896, "distance_P2_PA_target_Z": 7.099, "distance_P2e_PA_target": 1.246, "distance_P2e_PA_target_X": -0.85, "distance_P2e_PA_target_Y": -0.864, "distance_P2e_PA_target_Z": -0.286, "delta_id_PA_target": 0.549}|
2024-01-30 14:12:29,597 - [ DEBUG] - TECHNICAL:	 want to remeasure P1? [Y/N]: 	|n|
2024-01-30 14:12:30,070 - [ DEBUG] - TECHNICAL:	 want to remeasure P2? [Y/N]: 	|n|
2024-01-30 14:12:31,672 - [ DEBUG] - TECHNICAL:	 comment on PA (b520f08d15) [STRING]: 	||
2024-01-30 14:12:31,672 - [  INFO] - PA3.1 FINISHED!
2024-01-30 14:12:31,673 - [  INFO] - DATA COLLECTION - ECP3 - (05e5116d)
2024-01-30 14:12:35,101 - [ DEBUG] - |-- ease of placement [0 difficult - 5 easy]: 	|4|
2024-01-30 14:12:35,101 - [  INFO] - DATA COLLECTION - TEST - (eadb92)
2024-01-30 14:12:38,895 - [ DEBUG] - |-- realism xray    [-1 : 5]:            	|4|
2024-01-30 14:12:41,020 - [ DEBUG] - |-- realism AR      [-1 : 5]:            	|5|
2024-01-30 14:12:44,193 - [ DEBUG] - |-- realism phantom [-1 : 5]:            	|4|
2024-01-30 14:12:51,850 - [ DEBUG] - |-- simulation quality xray    [-1 : 5]: 	|3|
2024-01-30 14:12:52,960 - [ DEBUG] - |-- simulation quality AR      [-1 : 5]: 	|4|
2024-01-30 14:12:54,585 - [ DEBUG] - |-- simulation quality phantom [-1 : 5]: 	|4|
2024-01-30 14:13:00,866 - [ DEBUG] - |-- comfort xray [-1 : 5]:               	|2|
2024-01-30 14:13:02,225 - [ DEBUG] - |-- comfort ar   [-1 : 5]:               	|3|
2024-01-30 14:13:06,575 - [ DEBUG] - TECHNICAL:	 comment on TEST (eadb92) [STRING]: 	||
2024-01-30 14:13:06,586 - [  INFO] - SAVED ON DATABASE!
2024-01-30 14:13:06,588 - [  INFO] - bye!
