2024-02-20 11:18:45,903 - [  INFO] - flags: []
2024-02-20 11:18:45,904 - [  INFO] - # POSITIONING PHASE COMPANION (v1.27)
2024-02-20 11:18:45,904 - [  INFO] - # What a beautiful day to stick some anti-pigeon spikes into plastic!
2024-02-20 11:18:45,906 - [  INFO] - # BEGIN POSITIONING PHASE FOR A CANDIDATE, ONE SINGLE PHASE (6a3bcc)
2024-02-20 11:18:45,907 - [  INFO] - # 2024/02/20 - 11:18:45
2024-02-20 11:18:45,907 - [  INFO] - DATA COLLECTION - PHASE - (6a3bcc)
2024-02-20 11:18:54,222 - [ DEBUG] - |-- phase      [INTEGER]:           	|1|
2024-02-20 11:18:54,223 - [ DEBUG] - |-- phantom id [STRING]:            	|04|
2024-02-20 11:18:54,226 - [ DEBUG] - |-- country origin [STRING]:        	|italy|
2024-02-20 11:18:54,226 - [ DEBUG] - |-- country    [STRING]:            	|italy|
2024-02-20 11:18:54,227 - [ DEBUG] - |-- city       [STRING]:            	|turin|
2024-02-20 11:18:54,227 - [ DEBUG] - |-- institute  [STRING]:            	|unito|
2024-02-20 11:18:54,228 - [ DEBUG] - |-- name [STRING]:                  	|fiamma|
2024-02-20 11:18:54,229 - [ DEBUG] - |-- surname [STRING]:               	|cusumano|
2024-02-20 11:18:54,229 - [ DEBUG] - |-- gender                          	|f|
2024-02-20 11:18:54,237 - [ DEBUG] - |-- right-handed [Y/N]:             	|true|
2024-02-20 11:18:54,238 - [ DEBUG] - |-- age [INTEGER]:                  	|22|
2024-02-20 11:18:54,238 - [ DEBUG] - |-- career:   	|st|
2024-02-20 11:18:54,239 - [ DEBUG] - |-- medsurg year        [-1 : 7]:   	|3|
2024-02-20 11:18:54,239 - [ DEBUG] - |-- specialization year [-1 : 5]:   	|-1|
2024-02-20 11:18:54,240 - [ DEBUG] - |-- surgeon year        [-1 : 100]: 	|0|
2024-02-20 11:18:54,240 - [ DEBUG] - |-- exp operation count [INTEGER]:  	|1|
2024-02-20 11:18:54,241 - [ DEBUG] - |-- glasses [Y/N]:                  	|0|
2024-02-20 11:19:27,620 - [  INFO] - exiting. DATA NOT SAVED!
