2024-02-20 14:39:42,796 - [  INFO] - flags: []
2024-02-20 14:39:42,797 - [  INFO] - # POSITIONING PHASE COMPANION (v1.27)
2024-02-20 14:39:42,797 - [  INFO] - # What a beautiful day to stick some anti-pigeon spikes into plastic!
2024-02-20 14:39:42,800 - [  INFO] - # BEGIN POSITIONING PHASE FOR A CANDIDATE, ONE SINGLE PHASE (465633)
2024-02-20 14:39:42,800 - [  INFO] - # 2024/02/20 - 14:39:42
2024-02-20 14:39:42,801 - [  INFO] - DATA COLLECTION - PHASE - (465633)
2024-02-20 14:39:46,861 - [ DEBUG] - |-- phase      [INTEGER]:           	|0|
2024-02-20 14:39:48,663 - [ DEBUG] - |-- phantom id [STRING]:            	|04|
2024-02-20 14:39:50,533 - [ DEBUG] - |-- country origin [STRING]:        	|italy|
2024-02-20 14:39:51,782 - [ DEBUG] - |-- country    [STRING]:            	|italy|
2024-02-20 14:39:53,942 - [ DEBUG] - |-- city       [STRING]:            	|turin|
2024-02-20 14:39:55,673 - [ DEBUG] - |-- institute  [STRING]:            	|unito|
2024-02-20 14:39:58,391 - [ DEBUG] - |-- name [STRING]:                  	|roberto|
2024-02-20 14:40:03,217 - [ DEBUG] - |-- surname [STRING]:               	|spagnulo|
2024-02-20 14:40:04,509 - [ DEBUG] - |-- gender                          	|m|
2024-02-20 14:40:06,973 - [ DEBUG] - |-- right-handed [Y/N]:             	|y|
2024-02-20 14:40:09,698 - [ DEBUG] - |-- age [INTEGER]:                  	|22|
2024-02-20 14:40:11,375 - [ DEBUG] - |-- career:   	|st|
2024-02-20 14:40:15,725 - [ DEBUG] - |-- medsurg year        [-1 : 7]:   	|4|
2024-02-20 14:40:17,315 - [ DEBUG] - |-- specialization year [-1 : 5]:   	|-1|
2024-02-20 14:40:18,184 - [ DEBUG] - |-- surgeon year        [-1 : 100]: 	|-1|
2024-02-20 14:40:19,942 - [ DEBUG] - |-- exp operation count [INTEGER]:  	|0|
2024-02-20 14:40:22,432 - [ DEBUG] - |-- glasses [Y/N]:                  	|y|
2024-02-20 14:40:25,202 - [ DEBUG] - |-- glasses type [None [] / Myopia (Nearsightedness) [M] / Hyperopia (Farsightedness) [H] / Astigmatism [AS] / Presbyopia [P] / Strabismus [S] / Amblyopia (Lazy Eye) [AM] / Cataract [C]: 	|m|
2024-02-20 14:40:43,010 - [ DEBUG] - |-- glasses power [-1 : 100]         |-- glasses power [-1 : 100]        	|1.5|
2024-02-20 14:40:54,058 - [ DEBUG] - |-- exp Virtual Reality   [0 : 5]:  	|0|
2024-02-20 14:40:58,259 - [ DEBUG] - |-- exp Augmented Reality [0 : 5]:  	|0|
2024-02-20 14:41:11,313 - [ DEBUG] - |-- exp 3D editors        [0 : 5]:  	|2|
2024-02-20 14:41:17,690 - [ DEBUG] - TECHNICAL:	 is data entered correct? [Y/N]: 	|y|
2024-02-20 14:41:17,692 - [  INFO] - ########################
2024-02-20 14:41:17,692 - [  INFO] - ECP1 START! (14af6d01)
2024-02-20 14:41:17,693 - [  INFO] - ------------------------
2024-02-20 14:41:17,694 - [  INFO] - PA1.1 START! (5b850d72f5)
2024-02-20 14:41:38,475 - [ DEBUG] - PERFORM:	 reset x-ray machine [ENTER when done]: 	||
2024-02-20 14:54:10,998 - [ DEBUG] - PERFORM:	 give instruction to insert k-wire [ENTER when instruction given]: 	||
2024-02-20 14:55:56,353 - [ DEBUG] - CANDIDATE:	 inserting k-wire... -> checks it and declares it Failed or Successful (Restart timer)	|r|
2024-02-20 14:55:56,354 - [  INFO] - \_restart timer!
2024-02-20 14:58:07,549 - [ DEBUG] - CANDIDATE:	 inserting k-wire... -> checks it and declares it Failed or Successful (Restart timer)	|f|
2024-02-20 14:58:07,549 - [  INFO] - \_candidate has FAILED positioning attempt!
2024-02-20 14:58:07,550 - [  INFO] - DATA COLLECTION - PA1.1 - (5b850d72f5)
2024-02-20 14:58:39,385 - [ DEBUG] - |-- CANDIDATE: entrance point distance from entrance point target? [FLOAT]:  |-- CANDIDATE: entrance point distance from entrance point target? [FLOAT]: 	|0|
2024-02-20 14:58:48,499 - [ DEBUG] - |-- CANDIDATE: confidence on angle in deg? [FLOAT]:                          |-- CANDIDATE: confidence on angle in deg? [FLOAT]:                         	|0|
2024-02-20 14:59:46,287 - [ DEBUG] - |-- CANDIDATE: estimate structures hit [Y/N]?:                              	|y|
2024-02-20 14:59:59,076 - [ DEBUG] - |-- RADIATION picture count [INT] : 	|17|
2024-02-20 15:00:00,154 - [ DEBUG] - |-- P from unity	|12|
2024-02-20 15:00:07,456 - [ DEBUG] - |-- P1M:2 [FLOAT]:  |-- P1M:2 [FLOAT]: 	|121.454|
2024-02-20 15:00:07,471 - [ DEBUG] - |-- P1M:3 [FLOAT]:  |-- P1M:3 [FLOAT]: 	|106.054|
2024-02-20 15:00:07,472 - [ DEBUG] - |-- P1M:7 [FLOAT]:  |-- P1M:7 [FLOAT]: 	|82.687|
2024-02-20 15:00:07,474 - [ DEBUG] - |-- P1M:8 [FLOAT]:  |-- P1M:8 [FLOAT]: 	|59.949|
2024-02-20 15:00:07,476 - [ DEBUG] - |-- P2M:2 [FLOAT]:  |-- P2M:2 [FLOAT]: 	|68.652|
2024-02-20 15:00:07,478 - [ DEBUG] - |-- P2M:3 [FLOAT]:  |-- P2M:3 [FLOAT]: 	|56.851|
2024-02-20 15:00:07,480 - [ DEBUG] - |-- P2M:7 [FLOAT]:  |-- P2M:7 [FLOAT]: 	|76.398|
2024-02-20 15:00:07,823 - [ DEBUG] - |-- P2M:8 [FLOAT]:  |-- P2M:8 [FLOAT]: 	|65.342|
2024-02-20 15:00:08,683 - [ DEBUG] - |-- P1M:2 unity [FLOAT]:   |-- P1M:2 unity [FLOAT]:  	|121.454|
2024-02-20 15:00:08,704 - [ DEBUG] - |-- P1M:3 unity [FLOAT]:   |-- P1M:3 unity [FLOAT]:  	|106.054|
2024-02-20 15:00:08,705 - [ DEBUG] - |-- P1M:7 unity [FLOAT]:   |-- P1M:7 unity [FLOAT]:  	|82.687|
2024-02-20 15:00:08,706 - [ DEBUG] - |-- P1M:8 unity [FLOAT]:   |-- P1M:8 unity [FLOAT]:  	|59.949|
2024-02-20 15:00:08,707 - [ DEBUG] - |-- P2eM:2 unity [FLOAT]:  |-- P2eM:2 unity [FLOAT]: 	|68.652|
2024-02-20 15:00:08,709 - [ DEBUG] - |-- P2eM:3 unity [FLOAT]:  |-- P2eM:3 unity [FLOAT]: 	|56.851|
2024-02-20 15:00:08,711 - [ DEBUG] - |-- P2eM:7 unity [FLOAT]:  |-- P2eM:7 unity [FLOAT]: 	|76.398|
2024-02-20 15:00:09,013 - [ DEBUG] - |-- P2eM:8 unity [FLOAT]:  |-- P2eM:8 unity [FLOAT]: 	|65.342|
2024-02-20 15:00:10,316 - [ DEBUG] - TECHNICAL:	 is data entered correct? [Y/N]: 	|y|
2024-02-20 15:00:10,323 - [  INFO] - PERFORM:	 test following string on fusion 360 (already copied in clipboard) -> 
{"datatype": "PA", "PHASE_id": "465633", "ECP_id": "14af6d01", "id": "5b850d72f5", "comment": "", "time_init": 1708437356.35, "phase": 0, "ECP_number": 1, "PA_number": 1, "success": false, "entered_articulation": -1, "PA_D": -1.0, "PA_RPC": 17, "values_from_unity": "12", "P1A": 121.454, "P1B": 106.054, "P1C": 82.687, "P1D": 59.949, "P2A": 68.652, "P2B": 56.851, "P2C": 76.398, "P2D": 65.342, "P1A_F": -1.0, "P1B_F": -1.0, "P1C_F": -1.0, "P1D_F": -1.0, "P2A_F": -1.0, "P2B_F": -1.0, "P2C_F": -1.0, "P2D_F": -1.0, "P2eA_F": -1.0, "P2eB_F": -1.0, "P2eC_F": -1.0, "P2eD_F": -1.0, "P1A_U": 121.454, "P1B_U": 106.054, "P1C_U": 82.687, "P1D_U": 59.949, "P2eA_U": 68.652, "P2eB_U": 56.851, "P2eC_U": 76.398, "P2eD_U": 65.342, "P1_mean_max": 1.0, "P1_mean": -1.0, "P2_mean_max": 2.0, "P2_mean": -1.0, "confidence_position": 0.0, "confidence_angle": 0.0, "estimate_hit": true, "target": "ECP:1", "markers": {"A": "M:2", "B": "M:3", "C": "M:7", "D": "M:8"}, "fusion_computed": false, "anatomy": {"basilic vein": -1.0, "brachial artery": -1.0, "brachial vein": -1.0, "cephalic vein": -1.0, "inferior ulnar collateral artery": -1.0, "median antebrachial vein": -1.0, "median cubital vein": -1.0, "median cubital vein 1": -1.0, "middle collateral artery": -1.0, "radial artery": -1.0, "radial collateral artery": -1.0, "radial veins": -1.0, "random artery 1": -1.0, "random artery 2": -1.0, "ulnar artery": -1.0, "ulnar veins": -1.0, "anterior branch of medial antebrachial cutaneous nerve": -1.0, "anterior interosseous nerve of forearm": -1.0, "deep branch of radial nerve": -1.0, "lateral antebrachial cutaneous nerve": -1.0, "median nerve": -1.0, "muscular branches of radial nerve": -1.0, "musculocutaneous nerve": -1.0, "posterior antebrachial cutaneous nerve": -1.0, "posterior branch of medial antebrachial cutaneous nerve": -1.0, "radial nerve": -1.0, "superficial branch of radial nerve": -1.0, "ulnar nerve": -1.0}, "hit_count": -1.0, "angle_PA_target": -1.0, "distance_P1_PA_target": -1.0, "distance_P1_PA_target_X": -1.0, "distance_P1_PA_target_Y": -1.0, "distance_P1_PA_target_Z": -1.0, "distance_P2_PA_target": -1.0, "distance_P2_PA_target_X": -1.0, "distance_P2_PA_target_Y": -1.0, "distance_P2_PA_target_Z": -1.0, "distance_P2e_PA_target": -1.0, "distance_P2e_PA_target_X": -1.0, "distance_P2e_PA_target_Y": -1.0, "distance_P2e_PA_target_Z": -1.0, "delta_id_PA_target": -1.0}
2024-02-20 15:01:34,278 - [ DEBUG] - PERFORM:	 enter data from fusion 360: 	|{"datatype": "PA", "PHASE_id": "465633", "ECP_id": "14af6d01", "id": "5b850d72f5", "comment": "", "time_init": 1708437356.35, "phase": 0, "ECP_number": 1, "PA_number": 1, "success": false, "entered_articulation": -1, "PA_D": -1.0, "PA_RPC": 17, "values_from_unity": "12", "P1A": 121.454, "P1B": 106.054, "P1C": 82.687, "P1D": 59.949, "P2A": 68.652, "P2B": 56.851, "P2C": 76.398, "P2D": 65.342, "P1A_F": 121.454, "P1B_F": 106.054, "P1C_F": 82.687, "P1D_F": 59.949, "P2A_F": 68.652, "P2B_F": 56.851, "P2C_F": 76.398, "P2D_F": 65.342, "P2eA_F": 70.866, "P2eB_F": 58.657, "P2eC_F": 75.479, "P2eD_F": 63.615, "P1A_U": 121.454, "P1B_U": 106.054, "P1C_U": 82.687, "P1D_U": 59.949, "P2eA_U": 68.652, "P2eB_U": 56.851, "P2eC_U": 76.398, "P2eD_U": 65.342, "P1_mean_max": 1.0, "P1_mean": 0.001, "P2_mean_max": 2.0, "P2_mean": 0.001, "confidence_position": 0.0, "confidence_angle": 0.0, "estimate_hit": true, "target": "ECP:1", "markers": {"A": "M:2", "B": "M:3", "C": "M:7", "D": "M:8"}, "fusion_computed": true, "anatomy": {"basilic vein": 17.025, "brachial artery": 21.616, "brachial vein": 19.062, "cephalic vein": 31.442, "inferior ulnar collateral artery": 23.201, "median antebrachial vein": 32.996, "median cubital vein": 17.643, "median cubital vein 1": 30.594, "middle collateral artery": 16.852, "radial artery": 43.208, "radial collateral artery": 24.406, "radial veins": 55.591, "random artery 1": 4.719, "random artery 2": 33.615, "ulnar artery": 43.208, "ulnar veins": 55.566, "anterior branch of medial antebrachial cutaneous nerve": 25.866, "anterior interosseous nerve of forearm": 36.838, "deep branch of radial nerve": 47.024, "lateral antebrachial cutaneous nerve": 40.327, "median nerve": 23.035, "muscular branches of radial nerve": 18.336, "musculocutaneous nerve": 16.343, "posterior antebrachial cutaneous nerve": 36.226, "posterior branch of medial antebrachial cutaneous nerve": 4.463, "radial nerve": 34.152, "superficial branch of radial nerve": 47.08, "ulnar nerve": 1.843}, "hit_count": 0, "angle_PA_target": 49.627, "distance_P1_PA_target": 56.259, "distance_P1_PA_target_X": -54.67, "distance_P1_PA_target_Y": -11.071, "distance_P1_PA_target_Z": -7.325, "distance_P2_PA_target": 9.116, "distance_P2_PA_target_X": -6.539, "distance_P2_PA_target_Y": -6.268, "distance_P2_PA_target_Z": -1.029, "distance_P2e_PA_target": 10.639, "distance_P2e_PA_target_X": -8.391, "distance_P2e_PA_target_Y": -5.548, "distance_P2e_PA_target_Z": -3.464, "delta_id_PA_target": -12.033}|
2024-02-20 15:01:36,087 - [ DEBUG] - TECHNICAL:	 want to remeasure P1 and/or P2? [Y/N]: 	|y|
2024-02-20 15:01:37,411 - [ DEBUG] - |-- P from unity	|12|
2024-02-20 15:01:43,362 - [ DEBUG] - |-- P1M:2 [FLOAT, EMPTY for old value]:  |-- P1M:2 [FLOAT, EMPTY for old value]: 	|72.311|
2024-02-20 15:01:43,363 - [ DEBUG] - |-- P1M:3 [FLOAT, EMPTY for old value]:  |-- P1M:3 [FLOAT, EMPTY for old value]: 	|63.236|
2024-02-20 15:01:43,365 - [ DEBUG] - |-- P1M:7 [FLOAT, EMPTY for old value]:  |-- P1M:7 [FLOAT, EMPTY for old value]: 	|83.114|
2024-02-20 15:01:43,365 - [ DEBUG] - |-- P1M:8 [FLOAT, EMPTY for old value]:  |-- P1M:8 [FLOAT, EMPTY for old value]: 	|76.091|
2024-02-20 15:01:43,366 - [ DEBUG] - |-- P2M:2 [FLOAT, EMPTY for old value]:  |-- P2M:2 [FLOAT, EMPTY for old value]: 	|67.280|
2024-02-20 15:01:43,367 - [ DEBUG] - |-- P2M:3 [FLOAT, EMPTY for old value]:  |-- P2M:3 [FLOAT, EMPTY for old value]: 	|61.096|
2024-02-20 15:01:43,368 - [ DEBUG] - |-- P2M:7 [FLOAT, EMPTY for old value]:  |-- P2M:7 [FLOAT, EMPTY for old value]: 	|71.169|
2024-02-20 15:01:43,760 - [ DEBUG] - |-- P2M:8 [FLOAT, EMPTY for old value]:  |-- P2M:8 [FLOAT, EMPTY for old value]: 	|64.340|
2024-02-20 15:01:43,763 - [  INFO] - PERFORM:	 test following string on fusion 360 (already copied in clipboard) -> 
{"datatype": "PA", "PHASE_id": "465633", "ECP_id": "14af6d01", "id": "5b850d72f5", "comment": "", "time_init": 1708437356.35, "phase": 0, "ECP_number": 1, "PA_number": 1, "success": false, "entered_articulation": -1, "PA_D": -1.0, "PA_RPC": 17, "values_from_unity": "12", "P1A": 72.311, "P1B": 63.236, "P1C": 83.114, "P1D": 76.091, "P2A": 67.28, "P2B": 61.096, "P2C": 71.169, "P2D": 64.34, "P1A_F": 121.454, "P1B_F": 106.054, "P1C_F": 82.687, "P1D_F": 59.949, "P2A_F": 68.652, "P2B_F": 56.851, "P2C_F": 76.398, "P2D_F": 65.342, "P2eA_F": 70.866, "P2eB_F": 58.657, "P2eC_F": 75.479, "P2eD_F": 63.615, "P1A_U": 121.454, "P1B_U": 106.054, "P1C_U": 82.687, "P1D_U": 59.949, "P2eA_U": 68.652, "P2eB_U": 56.851, "P2eC_U": 76.398, "P2eD_U": 65.342, "P1_mean_max": 1.0, "P1_mean": 0.001, "P2_mean_max": 2.0, "P2_mean": 0.001, "confidence_position": 0.0, "confidence_angle": 0.0, "estimate_hit": true, "target": "ECP:1", "markers": {"A": "M:2", "B": "M:3", "C": "M:7", "D": "M:8"}, "fusion_computed": true, "anatomy": {"basilic vein": 17.025, "brachial artery": 21.616, "brachial vein": 19.062, "cephalic vein": 31.442, "inferior ulnar collateral artery": 23.201, "median antebrachial vein": 32.996, "median cubital vein": 17.643, "median cubital vein 1": 30.594, "middle collateral artery": 16.852, "radial artery": 43.208, "radial collateral artery": 24.406, "radial veins": 55.591, "random artery 1": 4.719, "random artery 2": 33.615, "ulnar artery": 43.208, "ulnar veins": 55.566, "anterior branch of medial antebrachial cutaneous nerve": 25.866, "anterior interosseous nerve of forearm": 36.838, "deep branch of radial nerve": 47.024, "lateral antebrachial cutaneous nerve": 40.327, "median nerve": 23.035, "muscular branches of radial nerve": 18.336, "musculocutaneous nerve": 16.343, "posterior antebrachial cutaneous nerve": 36.226, "posterior branch of medial antebrachial cutaneous nerve": 4.463, "radial nerve": 34.152, "superficial branch of radial nerve": 47.08, "ulnar nerve": 1.843}, "hit_count": 0, "angle_PA_target": 49.627, "distance_P1_PA_target": 56.259, "distance_P1_PA_target_X": -54.67, "distance_P1_PA_target_Y": -11.071, "distance_P1_PA_target_Z": -7.325, "distance_P2_PA_target": 9.116, "distance_P2_PA_target_X": -6.539, "distance_P2_PA_target_Y": -6.268, "distance_P2_PA_target_Z": -1.029, "distance_P2e_PA_target": 10.639, "distance_P2e_PA_target_X": -8.391, "distance_P2e_PA_target_Y": -5.548, "distance_P2e_PA_target_Z": -3.464, "delta_id_PA_target": -12.033}
2024-02-20 15:02:19,376 - [ DEBUG] - PERFORM:	 enter data from fusion 360: 	|{"datatype": "PA", "PHASE_id": "465633", "ECP_id": "14af6d01", "id": "5b850d72f5", "comment": "", "time_init": 1708437356.35, "phase": 0, "ECP_number": 1, "PA_number": 1, "success": false, "entered_articulation": -1, "PA_D": -1.0, "PA_RPC": 17, "values_from_unity": "12", "P1A": 72.311, "P1B": 63.236, "P1C": 83.114, "P1D": 76.091, "P2A": 67.28, "P2B": 61.096, "P2C": 71.169, "P2D": 64.34, "P1A_F": 72.311, "P1B_F": 63.236, "P1C_F": 83.114, "P1D_F": 76.091, "P2A_F": 67.28, "P2B_F": 61.096, "P2C_F": 71.169, "P2D_F": 64.34, "P2eA_F": 67.362, "P2eB_F": 60.618, "P2eC_F": 72.506, "P2eD_F": 65.583, "P1A_U": 121.454, "P1B_U": 106.054, "P1C_U": 82.687, "P1D_U": 59.949, "P2eA_U": 68.652, "P2eB_U": 56.851, "P2eC_U": 76.398, "P2eD_U": 65.342, "P1_mean_max": 1.0, "P1_mean": 0.0, "P2_mean_max": 2.0, "P2_mean": 0.002, "confidence_position": 0.0, "confidence_angle": 0.0, "estimate_hit": true, "target": "ECP:1", "markers": {"A": "M:2", "B": "M:3", "C": "M:7", "D": "M:8"}, "fusion_computed": true, "anatomy": {"basilic vein": 16.807, "brachial artery": 19.894, "brachial vein": 15.458, "cephalic vein": 28.779, "inferior ulnar collateral artery": 11.246, "median antebrachial vein": 28.766, "median cubital vein": 23.558, "median cubital vein 1": 24.307, "middle collateral artery": 12.62, "radial artery": 21.609, "radial collateral artery": 12.858, "radial veins": 29.159, "random artery 1": 7.826, "random artery 2": 23.803, "ulnar artery": 21.609, "ulnar veins": 29.181, "anterior branch of medial antebrachial cutaneous nerve": 25.855, "anterior interosseous nerve of forearm": 21.78, "deep branch of radial nerve": 19.581, "lateral antebrachial cutaneous nerve": 18.745, "median nerve": 20.882, "muscular branches of radial nerve": 0.169, "musculocutaneous nerve": 16.855, "posterior antebrachial cutaneous nerve": 4.694, "posterior branch of medial antebrachial cutaneous nerve": 0.0, "radial nerve": 18.827, "superficial branch of radial nerve": 19.733, "ulnar nerve": 7.558}, "hit_count": 1, "angle_PA_target": 2.897, "distance_P1_PA_target": 26.14, "distance_P1_PA_target_X": -13.719, "distance_P1_PA_target_Y": -8.06, "distance_P1_PA_target_Z": 20.739, "distance_P2_PA_target": 9.039, "distance_P2_PA_target_X": -8.804, "distance_P2_PA_target_Y": -0.997, "distance_P2_PA_target_Z": 1.786, "distance_P2e_PA_target": 8.173, "distance_P2e_PA_target_X": -7.869, "distance_P2e_PA_target_Y": 0.948, "distance_P2e_PA_target_Z": -1.996, "delta_id_PA_target": 25.089}|
2024-02-20 15:02:21,208 - [ DEBUG] - TECHNICAL:	 want to remeasure P1 and/or P2? [Y/N]: 	|n|
2024-02-20 15:02:23,080 - [ DEBUG] - |-- ENTERED ARTICULATION [-1 / 0 (not entered) / 1 (entered)] : 	|1|
2024-02-20 15:02:46,476 - [ DEBUG] - TECHNICAL:	 comment on PA (5b850d72f5) [STRING]: 	|replace p12_u with p12 maunally on db|
2024-02-20 15:02:47,709 - [ DEBUG] - TECHNICAL:	 remove kwire from phanotm [ENTER when done]: 	||
2024-02-20 15:02:47,709 - [  INFO] - PA1.1 FINISHED!
2024-02-20 15:02:47,711 - [  INFO] - ------------------------
2024-02-20 15:02:47,711 - [  INFO] - PA1.2 START! (e1c94c9aa6)
2024-02-20 15:02:50,019 - [ DEBUG] - PERFORM:	 reset x-ray machine [ENTER when done]: 	||
2024-02-20 15:04:35,777 - [ DEBUG] - PERFORM:	 give instruction to insert k-wire [ENTER when instruction given]: 	||
2024-02-20 15:06:17,250 - [ DEBUG] - CANDIDATE:	 inserting k-wire... -> checks it and declares it Failed or Successful (Restart timer)	|s|
2024-02-20 15:06:17,250 - [  INFO] - \_candidate has performed SUCCESSFUL positioning attempt!
2024-02-20 15:06:17,250 - [  INFO] - DATA COLLECTION - PA1.2 - (e1c94c9aa6)
2024-02-20 15:06:23,831 - [ DEBUG] - |-- CANDIDATE: entrance point distance from entrance point target? [FLOAT]:  |-- CANDIDATE: entrance point distance from entrance point target? [FLOAT]: 	|0|
2024-02-20 15:06:24,933 - [ DEBUG] - |-- CANDIDATE: confidence on angle in deg? [FLOAT]:                          |-- CANDIDATE: confidence on angle in deg? [FLOAT]:                         	|0|
2024-02-20 15:06:45,478 - [ DEBUG] - |-- CANDIDATE: estimate structures hit [Y/N]?:                              	|n|
2024-02-20 15:06:58,212 - [ DEBUG] - |-- RADIATION picture count [INT] : 	|28|
2024-02-20 15:07:00,845 - [ DEBUG] - |-- P from unity	|12|
2024-02-20 15:07:10,328 - [ DEBUG] - |-- P1M:2 [FLOAT]:  |-- P1M:2 [FLOAT]: 	|79.749|
2024-02-20 15:07:10,329 - [ DEBUG] - |-- P1M:3 [FLOAT]:  |-- P1M:3 [FLOAT]: 	|60.278|
2024-02-20 15:07:10,329 - [ DEBUG] - |-- P1M:7 [FLOAT]:  |-- P1M:7 [FLOAT]: 	|110.806|
2024-02-20 15:07:10,330 - [ DEBUG] - |-- P1M:8 [FLOAT]:  |-- P1M:8 [FLOAT]: 	|99.771|
2024-02-20 15:07:10,330 - [ DEBUG] - |-- P2M:2 [FLOAT]:  |-- P2M:2 [FLOAT]: 	|61.369|
2024-02-20 15:07:10,331 - [ DEBUG] - |-- P2M:3 [FLOAT]:  |-- P2M:3 [FLOAT]: 	|48.744|
2024-02-20 15:07:10,331 - [ DEBUG] - |-- P2M:7 [FLOAT]:  |-- P2M:7 [FLOAT]: 	|83.334|
2024-02-20 15:07:10,687 - [ DEBUG] - |-- P2M:8 [FLOAT]:  |-- P2M:8 [FLOAT]: 	|74.090|
2024-02-20 15:07:11,592 - [ DEBUG] - |-- P1M:2 unity [FLOAT]:   |-- P1M:2 unity [FLOAT]:  	|79.749|
2024-02-20 15:07:11,593 - [ DEBUG] - |-- P1M:3 unity [FLOAT]:   |-- P1M:3 unity [FLOAT]:  	|60.278|
2024-02-20 15:07:11,594 - [ DEBUG] - |-- P1M:7 unity [FLOAT]:   |-- P1M:7 unity [FLOAT]:  	|110.806|
2024-02-20 15:07:11,594 - [ DEBUG] - |-- P1M:8 unity [FLOAT]:   |-- P1M:8 unity [FLOAT]:  	|99.771|
2024-02-20 15:07:11,595 - [ DEBUG] - |-- P2eM:2 unity [FLOAT]:  |-- P2eM:2 unity [FLOAT]: 	|61.369|
2024-02-20 15:07:11,596 - [ DEBUG] - |-- P2eM:3 unity [FLOAT]:  |-- P2eM:3 unity [FLOAT]: 	|48.744|
2024-02-20 15:07:11,597 - [ DEBUG] - |-- P2eM:7 unity [FLOAT]:  |-- P2eM:7 unity [FLOAT]: 	|83.334|
2024-02-20 15:07:12,197 - [ DEBUG] - |-- P2eM:8 unity [FLOAT]:  |-- P2eM:8 unity [FLOAT]: 	|74.090|
2024-02-20 15:07:13,888 - [ DEBUG] - TECHNICAL:	 is data entered correct? [Y/N]: 	|y|
2024-02-20 15:07:13,892 - [  INFO] - PERFORM:	 test following string on fusion 360 (already copied in clipboard) -> 
{"datatype": "PA", "PHASE_id": "465633", "ECP_id": "14af6d01", "id": "e1c94c9aa6", "comment": "", "time_init": 1708437875.78, "phase": 0, "ECP_number": 1, "PA_number": 2, "success": true, "entered_articulation": -1, "PA_D": -1.0, "PA_RPC": 28, "values_from_unity": "12", "P1A": 79.749, "P1B": 60.278, "P1C": 110.806, "P1D": 99.771, "P2A": 61.369, "P2B": 48.744, "P2C": 83.334, "P2D": 74.09, "P1A_F": -1.0, "P1B_F": -1.0, "P1C_F": -1.0, "P1D_F": -1.0, "P2A_F": -1.0, "P2B_F": -1.0, "P2C_F": -1.0, "P2D_F": -1.0, "P2eA_F": -1.0, "P2eB_F": -1.0, "P2eC_F": -1.0, "P2eD_F": -1.0, "P1A_U": 79.749, "P1B_U": 60.278, "P1C_U": 110.806, "P1D_U": 99.771, "P2eA_U": 61.369, "P2eB_U": 48.744, "P2eC_U": 83.334, "P2eD_U": 74.09, "P1_mean_max": 1.0, "P1_mean": -1.0, "P2_mean_max": 2.0, "P2_mean": -1.0, "confidence_position": 0.0, "confidence_angle": 0.0, "estimate_hit": false, "target": "ECP:1", "markers": {"A": "M:2", "B": "M:3", "C": "M:7", "D": "M:8"}, "fusion_computed": false, "anatomy": {"basilic vein": -1.0, "brachial artery": -1.0, "brachial vein": -1.0, "cephalic vein": -1.0, "inferior ulnar collateral artery": -1.0, "median antebrachial vein": -1.0, "median cubital vein": -1.0, "median cubital vein 1": -1.0, "middle collateral artery": -1.0, "radial artery": -1.0, "radial collateral artery": -1.0, "radial veins": -1.0, "random artery 1": -1.0, "random artery 2": -1.0, "ulnar artery": -1.0, "ulnar veins": -1.0, "anterior branch of medial antebrachial cutaneous nerve": -1.0, "anterior interosseous nerve of forearm": -1.0, "deep branch of radial nerve": -1.0, "lateral antebrachial cutaneous nerve": -1.0, "median nerve": -1.0, "muscular branches of radial nerve": -1.0, "musculocutaneous nerve": -1.0, "posterior antebrachial cutaneous nerve": -1.0, "posterior branch of medial antebrachial cutaneous nerve": -1.0, "radial nerve": -1.0, "superficial branch of radial nerve": -1.0, "ulnar nerve": -1.0}, "hit_count": -1.0, "angle_PA_target": -1.0, "distance_P1_PA_target": -1.0, "distance_P1_PA_target_X": -1.0, "distance_P1_PA_target_Y": -1.0, "distance_P1_PA_target_Z": -1.0, "distance_P2_PA_target": -1.0, "distance_P2_PA_target_X": -1.0, "distance_P2_PA_target_Y": -1.0, "distance_P2_PA_target_Z": -1.0, "distance_P2e_PA_target": -1.0, "distance_P2e_PA_target_X": -1.0, "distance_P2e_PA_target_Y": -1.0, "distance_P2e_PA_target_Z": -1.0, "delta_id_PA_target": -1.0}
2024-02-20 15:09:34,944 - [ DEBUG] - PERFORM:	 enter data from fusion 360: 	|{"datatype": "PA", "PHASE_id": "465633", "ECP_id": "14af6d01", "id": "e1c94c9aa6", "comment": "", "time_init": 1708437875.78, "phase": 0, "ECP_number": 1, "PA_number": 2, "success": true, "entered_articulation": -1, "PA_D": -1.0, "PA_RPC": 28, "values_from_unity": "12", "P1A": 79.749, "P1B": 60.278, "P1C": 110.806, "P1D": 99.771, "P2A": 61.369, "P2B": 48.744, "P2C": 83.334, "P2D": 74.09, "P1A_F": 79.749, "P1B_F": 60.277, "P1C_F": 110.806, "P1D_F": 99.771, "P2A_F": 61.369, "P2B_F": 48.744, "P2C_F": 83.334, "P2D_F": 74.09, "P2eA_F": 61.396, "P2eB_F": 48.579, "P2eC_F": 83.59, "P2eD_F": 74.294, "P1A_U": 79.749, "P1B_U": 60.278, "P1C_U": 110.806, "P1D_U": 99.771, "P2eA_U": 61.369, "P2eB_U": 48.744, "P2eC_U": 83.334, "P2eD_U": 74.09, "P1_mean_max": 1.0, "P1_mean": 0.001, "P2_mean_max": 2.0, "P2_mean": 0.002, "confidence_position": 0.0, "confidence_angle": 0.0, "estimate_hit": false, "target": "ECP:1", "markers": {"A": "M:2", "B": "M:3", "C": "M:7", "D": "M:8"}, "fusion_computed": true, "anatomy": {"basilic vein": 19.814, "brachial artery": 21.071, "brachial vein": 17.5, "cephalic vein": 27.07, "inferior ulnar collateral artery": 21.294, "median antebrachial vein": 39.79, "median cubital vein": 23.418, "median cubital vein 1": 25.12, "middle collateral artery": 13.224, "radial artery": 26.552, "radial collateral artery": 14.638, "radial veins": 35.945, "random artery 1": 4.638, "random artery 2": 33.837, "ulnar artery": 26.552, "ulnar veins": 35.929, "anterior branch of medial antebrachial cutaneous nerve": 28.362, "anterior interosseous nerve of forearm": 27.02, "deep branch of radial nerve": 23.192, "lateral antebrachial cutaneous nerve": 23.814, "median nerve": 23.799, "muscular branches of radial nerve": 11.844, "musculocutaneous nerve": 18.46, "posterior antebrachial cutaneous nerve": 15.459, "posterior branch of medial antebrachial cutaneous nerve": 6.728, "radial nerve": 19.104, "superficial branch of radial nerve": 23.436, "ulnar nerve": 1.873}, "hit_count": 0, "angle_PA_target": 4.141, "distance_P1_PA_target": 9.831, "distance_P1_PA_target_X": 4.76, "distance_P1_PA_target_Y": -8.503, "distance_P1_PA_target_Z": -1.305, "distance_P2_PA_target": 6.594, "distance_P2_PA_target_X": 2.272, "distance_P2_PA_target_Y": -6.19, "distance_P2_PA_target_Z": -0.07, "distance_P2e_PA_target": 6.474, "distance_P2e_PA_target_X": 2.464, "distance_P2e_PA_target_Y": -5.945, "distance_P2e_PA_target_Z": -0.704, "delta_id_PA_target": -0.15}|
2024-02-20 15:09:38,322 - [ DEBUG] - TECHNICAL:	 want to remeasure P1 and/or P2? [Y/N]: 	|n|
2024-02-20 15:09:40,150 - [ DEBUG] - |-- ENTERED ARTICULATION [-1 / 0 (not entered) / 1 (entered)] : 	|0|
2024-02-20 15:10:03,901 - [ DEBUG] - TECHNICAL:	 comment on PA (e1c94c9aa6) [STRING]: 	|cambiare: 5mm distanza stimata e 5gradi angolo rispetto al target|
2024-02-20 15:10:05,202 - [ DEBUG] - TECHNICAL:	 remove kwire from phanotm [ENTER when done]: 	||
2024-02-20 15:10:05,202 - [  INFO] - PA1.2 FINISHED!
2024-02-20 15:10:05,202 - [  INFO] - DATA COLLECTION - ECP1 - (14af6d01)
2024-02-20 15:11:25,135 - [ DEBUG] - |-- ease of placement [0 difficult - 5 easy]: 	|4|
2024-02-20 15:11:25,137 - [  INFO] - ########################
2024-02-20 15:11:25,138 - [  INFO] - ECP2 START! (b72082ae)
2024-02-20 15:11:25,140 - [  INFO] - ------------------------
2024-02-20 15:11:25,140 - [  INFO] - PA2.1 START! (6e16f4a5bc)
2024-02-20 15:11:27,477 - [ DEBUG] - PERFORM:	 reset x-ray machine [ENTER when done]: 	||
2024-02-20 15:12:01,140 - [ DEBUG] - PERFORM:	 give instruction to insert k-wire [ENTER when instruction given]: 	||
2024-02-20 15:16:37,026 - [ DEBUG] - CANDIDATE:	 inserting k-wire... -> checks it and declares it Failed or Successful (Restart timer)	|f|
2024-02-20 15:16:37,026 - [  INFO] - \_candidate has FAILED positioning attempt!
2024-02-20 15:16:37,027 - [  INFO] - DATA COLLECTION - PA2.1 - (6e16f4a5bc)
2024-02-20 15:16:51,617 - [ DEBUG] - |-- CANDIDATE: entrance point distance from entrance point target? [FLOAT]:  |-- CANDIDATE: entrance point distance from entrance point target? [FLOAT]: 	|0|
2024-02-20 15:16:58,454 - [ DEBUG] - |-- CANDIDATE: confidence on angle in deg? [FLOAT]:                          |-- CANDIDATE: confidence on angle in deg? [FLOAT]:                         	|25|
2024-02-20 15:17:07,385 - [ DEBUG] - |-- CANDIDATE: estimate structures hit [Y/N]?:                              	|y|
2024-02-20 15:17:16,234 - [ DEBUG] - |-- RADIATION picture count [INT] : 	|29|
2024-02-20 15:17:18,769 - [ DEBUG] - |-- P from unity	|12|
2024-02-20 15:17:24,303 - [ DEBUG] - |-- P1M:3 [FLOAT]:  |-- P1M:3 [FLOAT]: 	|57.396|
2024-02-20 15:17:24,306 - [ DEBUG] - |-- P1M:4 [FLOAT]:  |-- P1M:4 [FLOAT]: 	|36.472|
2024-02-20 15:17:24,308 - [ DEBUG] - |-- P1M:8 [FLOAT]:  |-- P1M:8 [FLOAT]: 	|104.834|
2024-02-20 15:17:24,314 - [ DEBUG] - |-- P1M:9 [FLOAT]:  |-- P1M:9 [FLOAT]: 	|95.538|
2024-02-20 15:17:24,316 - [ DEBUG] - |-- P2M:3 [FLOAT]:  |-- P2M:3 [FLOAT]: 	|67.108|
2024-02-20 15:17:24,317 - [ DEBUG] - |-- P2M:4 [FLOAT]:  |-- P2M:4 [FLOAT]: 	|56.663|
2024-02-20 15:17:24,318 - [ DEBUG] - |-- P2M:8 [FLOAT]:  |-- P2M:8 [FLOAT]: 	|72.696|
2024-02-20 15:17:24,576 - [ DEBUG] - |-- P2M:9 [FLOAT]:  |-- P2M:9 [FLOAT]: 	|63.014|
2024-02-20 15:17:25,403 - [ DEBUG] - |-- P1M:3 unity [FLOAT]:   |-- P1M:3 unity [FLOAT]:  	|57.396|
2024-02-20 15:17:25,404 - [ DEBUG] - |-- P1M:4 unity [FLOAT]:   |-- P1M:4 unity [FLOAT]:  	|36.472|
2024-02-20 15:17:25,410 - [ DEBUG] - |-- P1M:8 unity [FLOAT]:   |-- P1M:8 unity [FLOAT]:  	|104.834|
2024-02-20 15:17:25,417 - [ DEBUG] - |-- P1M:9 unity [FLOAT]:   |-- P1M:9 unity [FLOAT]:  	|95.538|
2024-02-20 15:17:25,418 - [ DEBUG] - |-- P2eM:3 unity [FLOAT]:  |-- P2eM:3 unity [FLOAT]: 	|67.108|
2024-02-20 15:17:25,419 - [ DEBUG] - |-- P2eM:4 unity [FLOAT]:  |-- P2eM:4 unity [FLOAT]: 	|56.663|
2024-02-20 15:17:25,420 - [ DEBUG] - |-- P2eM:8 unity [FLOAT]:  |-- P2eM:8 unity [FLOAT]: 	|72.696|
2024-02-20 15:17:25,693 - [ DEBUG] - |-- P2eM:9 unity [FLOAT]:  |-- P2eM:9 unity [FLOAT]: 	|63.014|
2024-02-20 15:17:26,707 - [ DEBUG] - TECHNICAL:	 is data entered correct? [Y/N]: 	|y|
2024-02-20 15:17:26,711 - [  INFO] - PERFORM:	 test following string on fusion 360 (already copied in clipboard) -> 
{"datatype": "PA", "PHASE_id": "465633", "ECP_id": "b72082ae", "id": "6e16f4a5bc", "comment": "", "time_init": 1708438321.14, "phase": 0, "ECP_number": 2, "PA_number": 1, "success": false, "entered_articulation": -1, "PA_D": -1.0, "PA_RPC": 29, "values_from_unity": "12", "P1A": 57.396, "P1B": 36.472, "P1C": 104.834, "P1D": 95.538, "P2A": 67.108, "P2B": 56.663, "P2C": 72.696, "P2D": 63.014, "P1A_F": -1.0, "P1B_F": -1.0, "P1C_F": -1.0, "P1D_F": -1.0, "P2A_F": -1.0, "P2B_F": -1.0, "P2C_F": -1.0, "P2D_F": -1.0, "P2eA_F": -1.0, "P2eB_F": -1.0, "P2eC_F": -1.0, "P2eD_F": -1.0, "P1A_U": 57.396, "P1B_U": 36.472, "P1C_U": 104.834, "P1D_U": 95.538, "P2eA_U": 67.108, "P2eB_U": 56.663, "P2eC_U": 72.696, "P2eD_U": 63.014, "P1_mean_max": 1.0, "P1_mean": -1.0, "P2_mean_max": 2.0, "P2_mean": -1.0, "confidence_position": 0.0, "confidence_angle": 25.0, "estimate_hit": true, "target": "ECP:2", "markers": {"A": "M:3", "B": "M:4", "C": "M:8", "D": "M:9"}, "fusion_computed": false, "anatomy": {"basilic vein": -1.0, "brachial artery": -1.0, "brachial vein": -1.0, "cephalic vein": -1.0, "inferior ulnar collateral artery": -1.0, "median antebrachial vein": -1.0, "median cubital vein": -1.0, "median cubital vein 1": -1.0, "middle collateral artery": -1.0, "radial artery": -1.0, "radial collateral artery": -1.0, "radial veins": -1.0, "random artery 1": -1.0, "random artery 2": -1.0, "ulnar artery": -1.0, "ulnar veins": -1.0, "anterior branch of medial antebrachial cutaneous nerve": -1.0, "anterior interosseous nerve of forearm": -1.0, "deep branch of radial nerve": -1.0, "lateral antebrachial cutaneous nerve": -1.0, "median nerve": -1.0, "muscular branches of radial nerve": -1.0, "musculocutaneous nerve": -1.0, "posterior antebrachial cutaneous nerve": -1.0, "posterior branch of medial antebrachial cutaneous nerve": -1.0, "radial nerve": -1.0, "superficial branch of radial nerve": -1.0, "ulnar nerve": -1.0}, "hit_count": -1.0, "angle_PA_target": -1.0, "distance_P1_PA_target": -1.0, "distance_P1_PA_target_X": -1.0, "distance_P1_PA_target_Y": -1.0, "distance_P1_PA_target_Z": -1.0, "distance_P2_PA_target": -1.0, "distance_P2_PA_target_X": -1.0, "distance_P2_PA_target_Y": -1.0, "distance_P2_PA_target_Z": -1.0, "distance_P2e_PA_target": -1.0, "distance_P2e_PA_target_X": -1.0, "distance_P2e_PA_target_Y": -1.0, "distance_P2e_PA_target_Z": -1.0, "delta_id_PA_target": -1.0}
2024-02-20 15:18:09,606 - [ DEBUG] - PERFORM:	 enter data from fusion 360: 	|{"datatype": "PA", "PHASE_id": "465633", "ECP_id": "b72082ae", "id": "6e16f4a5bc", "comment": "", "time_init": 1708438321.14, "phase": 0, "ECP_number": 2, "PA_number": 1, "success": false, "entered_articulation": -1, "PA_D": -1.0, "PA_RPC": 29, "values_from_unity": "12", "P1A": 57.396, "P1B": 36.472, "P1C": 104.834, "P1D": 95.538, "P2A": 67.108, "P2B": 56.663, "P2C": 72.696, "P2D": 63.014, "P1A_F": 57.396, "P1B_F": 36.472, "P1C_F": 104.834, "P1D_F": 95.538, "P2A_F": 67.108, "P2B_F": 56.663, "P2C_F": 72.696, "P2D_F": 63.014, "P2eA_F": 63.556, "P2eB_F": 51.075, "P2eC_F": 78.999, "P2eD_F": 69.384, "P1A_U": 57.396, "P1B_U": 36.472, "P1C_U": 104.834, "P1D_U": 95.538, "P2eA_U": 67.108, "P2eB_U": 56.663, "P2eC_U": 72.696, "P2eD_U": 63.014, "P1_mean_max": 1.0, "P1_mean": 0.001, "P2_mean_max": 2.0, "P2_mean": 0.003, "confidence_position": 0.0, "confidence_angle": 25.0, "estimate_hit": true, "target": "ECP:2", "markers": {"A": "M:3", "B": "M:4", "C": "M:8", "D": "M:9"}, "fusion_computed": true, "anatomy": {"basilic vein": 41.079, "brachial artery": 35.035, "brachial vein": 22.17, "cephalic vein": 29.746, "inferior ulnar collateral artery": 23.805, "median antebrachial vein": 34.179, "median cubital vein": 45.836, "median cubital vein 1": 27.327, "middle collateral artery": 0.794, "radial artery": 16.27, "radial collateral artery": 17.955, "radial veins": 15.68, "random artery 1": 25.721, "random artery 2": 14.455, "ulnar artery": 13.503, "ulnar veins": 5.27, "anterior branch of medial antebrachial cutaneous nerve": 34.482, "anterior interosseous nerve of forearm": 4.852, "deep branch of radial nerve": 14.265, "lateral antebrachial cutaneous nerve": 33.186, "median nerve": 12.004, "muscular branches of radial nerve": 16.402, "musculocutaneous nerve": 34.637, "posterior antebrachial cutaneous nerve": 26.28, "posterior branch of medial antebrachial cutaneous nerve": 34.113, "radial nerve": 35.361, "superficial branch of radial nerve": 28.252, "ulnar nerve": 36.611}, "hit_count": 0, "angle_PA_target": 8.805, "distance_P1_PA_target": 16.958, "distance_P1_PA_target_X": -9.597, "distance_P1_PA_target_Y": 6.241, "distance_P1_PA_target_Z": 12.511, "distance_P2_PA_target": 13.859, "distance_P2_PA_target_X": -11.145, "distance_P2_PA_target_Y": 1.199, "distance_P2_PA_target_Z": 8.15, "distance_P2e_PA_target": 8.412, "distance_P2e_PA_target_X": -5.464, "distance_P2e_PA_target_Y": -2.965, "distance_P2e_PA_target_Z": 5.667, "delta_id_PA_target": 11.022}|
2024-02-20 15:18:15,012 - [ DEBUG] - TECHNICAL:	 want to remeasure P1 and/or P2? [Y/N]: 	|n|
2024-02-20 15:18:23,775 - [ DEBUG] - |-- ENTERED ARTICULATION [-1 / 0 (not entered) / 1 (entered)] : 	|0|
2024-02-20 15:18:25,420 - [ DEBUG] - TECHNICAL:	 comment on PA (6e16f4a5bc) [STRING]: 	||
2024-02-20 15:18:26,240 - [ DEBUG] - TECHNICAL:	 remove kwire from phanotm [ENTER when done]: 	||
2024-02-20 15:18:26,240 - [  INFO] - PA2.1 FINISHED!
2024-02-20 15:18:26,242 - [  INFO] - ------------------------
2024-02-20 15:18:26,242 - [  INFO] - PA2.2 START! (a22614e243)
2024-02-20 15:18:28,533 - [ DEBUG] - PERFORM:	 reset x-ray machine [ENTER when done]: 	||
2024-02-20 15:18:34,087 - [ DEBUG] - PERFORM:	 give instruction to insert k-wire [ENTER when instruction given]: 	||
2024-02-20 15:19:24,998 - [ DEBUG] - CANDIDATE:	 inserting k-wire... -> checks it and declares it Failed or Successful (Restart timer)	|s|
2024-02-20 15:19:24,998 - [  INFO] - \_candidate has performed SUCCESSFUL positioning attempt!
2024-02-20 15:19:24,998 - [  INFO] - DATA COLLECTION - PA2.2 - (a22614e243)
2024-02-20 15:19:40,417 - [ DEBUG] - |-- CANDIDATE: entrance point distance from entrance point target? [FLOAT]:  |-- CANDIDATE: entrance point distance from entrance point target? [FLOAT]: 	|4|
2024-02-20 15:20:18,182 - [ DEBUG] - |-- CANDIDATE: confidence on angle in deg? [FLOAT]:                          |-- CANDIDATE: confidence on angle in deg? [FLOAT]:                         	|7|
2024-02-20 15:20:22,557 - [ DEBUG] - |-- CANDIDATE: estimate structures hit [Y/N]?:                              	|n|
2024-02-20 15:20:26,783 - [ DEBUG] - |-- RADIATION picture count [INT] : 	|13|
2024-02-20 15:20:28,215 - [ DEBUG] - |-- P from unity	|12|
2024-02-20 15:20:38,803 - [ DEBUG] - |-- P1M:3 [FLOAT]:  |-- P1M:3 [FLOAT]: 	|54.605|
2024-02-20 15:20:38,804 - [ DEBUG] - |-- P1M:4 [FLOAT]:  |-- P1M:4 [FLOAT]: 	|45.135|
2024-02-20 15:20:38,804 - [ DEBUG] - |-- P1M:8 [FLOAT]:  |-- P1M:8 [FLOAT]: 	|107.130|
2024-02-20 15:20:38,805 - [ DEBUG] - |-- P1M:9 [FLOAT]:  |-- P1M:9 [FLOAT]: 	|102.752|
2024-02-20 15:20:38,806 - [ DEBUG] - |-- P2M:3 [FLOAT]:  |-- P2M:3 [FLOAT]: 	|55.528|
2024-02-20 15:20:38,806 - [ DEBUG] - |-- P2M:4 [FLOAT]:  |-- P2M:4 [FLOAT]: 	|52.989|
2024-02-20 15:20:38,816 - [ DEBUG] - |-- P2M:8 [FLOAT]:  |-- P2M:8 [FLOAT]: 	|75.314|
2024-02-20 15:20:39,041 - [ DEBUG] - |-- P2M:9 [FLOAT]:  |-- P2M:9 [FLOAT]: 	|72.650|
2024-02-20 15:20:39,862 - [ DEBUG] - |-- P1M:3 unity [FLOAT]:   |-- P1M:3 unity [FLOAT]:  	|54.605|
2024-02-20 15:20:39,862 - [ DEBUG] - |-- P1M:4 unity [FLOAT]:   |-- P1M:4 unity [FLOAT]:  	|45.135|
2024-02-20 15:20:39,863 - [ DEBUG] - |-- P1M:8 unity [FLOAT]:   |-- P1M:8 unity [FLOAT]:  	|107.130|
2024-02-20 15:20:39,863 - [ DEBUG] - |-- P1M:9 unity [FLOAT]:   |-- P1M:9 unity [FLOAT]:  	|102.752|
2024-02-20 15:20:39,864 - [ DEBUG] - |-- P2eM:3 unity [FLOAT]:  |-- P2eM:3 unity [FLOAT]: 	|55.528|
2024-02-20 15:20:39,865 - [ DEBUG] - |-- P2eM:4 unity [FLOAT]:  |-- P2eM:4 unity [FLOAT]: 	|52.989|
2024-02-20 15:20:39,869 - [ DEBUG] - |-- P2eM:8 unity [FLOAT]:  |-- P2eM:8 unity [FLOAT]: 	|75.314|
2024-02-20 15:20:40,092 - [ DEBUG] - |-- P2eM:9 unity [FLOAT]:  |-- P2eM:9 unity [FLOAT]: 	|72.650|
2024-02-20 15:20:41,200 - [ DEBUG] - TECHNICAL:	 is data entered correct? [Y/N]: 	|y|
2024-02-20 15:20:41,204 - [  INFO] - PERFORM:	 test following string on fusion 360 (already copied in clipboard) -> 
{"datatype": "PA", "PHASE_id": "465633", "ECP_id": "b72082ae", "id": "a22614e243", "comment": "", "time_init": 1708438714.09, "phase": 0, "ECP_number": 2, "PA_number": 2, "success": true, "entered_articulation": -1, "PA_D": -1.0, "PA_RPC": 13, "values_from_unity": "12", "P1A": 54.605, "P1B": 45.135, "P1C": 107.13, "P1D": 102.752, "P2A": 55.528, "P2B": 52.989, "P2C": 75.314, "P2D": 72.65, "P1A_F": -1.0, "P1B_F": -1.0, "P1C_F": -1.0, "P1D_F": -1.0, "P2A_F": -1.0, "P2B_F": -1.0, "P2C_F": -1.0, "P2D_F": -1.0, "P2eA_F": -1.0, "P2eB_F": -1.0, "P2eC_F": -1.0, "P2eD_F": -1.0, "P1A_U": 54.605, "P1B_U": 45.135, "P1C_U": 107.13, "P1D_U": 102.752, "P2eA_U": 55.528, "P2eB_U": 52.989, "P2eC_U": 75.314, "P2eD_U": 72.65, "P1_mean_max": 1.0, "P1_mean": -1.0, "P2_mean_max": 2.0, "P2_mean": -1.0, "confidence_position": 4.0, "confidence_angle": 7.0, "estimate_hit": false, "target": "ECP:2", "markers": {"A": "M:3", "B": "M:4", "C": "M:8", "D": "M:9"}, "fusion_computed": false, "anatomy": {"basilic vein": -1.0, "brachial artery": -1.0, "brachial vein": -1.0, "cephalic vein": -1.0, "inferior ulnar collateral artery": -1.0, "median antebrachial vein": -1.0, "median cubital vein": -1.0, "median cubital vein 1": -1.0, "middle collateral artery": -1.0, "radial artery": -1.0, "radial collateral artery": -1.0, "radial veins": -1.0, "random artery 1": -1.0, "random artery 2": -1.0, "ulnar artery": -1.0, "ulnar veins": -1.0, "anterior branch of medial antebrachial cutaneous nerve": -1.0, "anterior interosseous nerve of forearm": -1.0, "deep branch of radial nerve": -1.0, "lateral antebrachial cutaneous nerve": -1.0, "median nerve": -1.0, "muscular branches of radial nerve": -1.0, "musculocutaneous nerve": -1.0, "posterior antebrachial cutaneous nerve": -1.0, "posterior branch of medial antebrachial cutaneous nerve": -1.0, "radial nerve": -1.0, "superficial branch of radial nerve": -1.0, "ulnar nerve": -1.0}, "hit_count": -1.0, "angle_PA_target": -1.0, "distance_P1_PA_target": -1.0, "distance_P1_PA_target_X": -1.0, "distance_P1_PA_target_Y": -1.0, "distance_P1_PA_target_Z": -1.0, "distance_P2_PA_target": -1.0, "distance_P2_PA_target_X": -1.0, "distance_P2_PA_target_Y": -1.0, "distance_P2_PA_target_Z": -1.0, "distance_P2e_PA_target": -1.0, "distance_P2e_PA_target_X": -1.0, "distance_P2e_PA_target_Y": -1.0, "distance_P2e_PA_target_Z": -1.0, "delta_id_PA_target": -1.0}
2024-02-20 15:21:13,893 - [ DEBUG] - PERFORM:	 enter data from fusion 360: 	|{"datatype": "PA", "PHASE_id": "465633", "ECP_id": "b72082ae", "id": "a22614e243", "comment": "", "time_init": 1708438714.09, "phase": 0, "ECP_number": 2, "PA_number": 2, "success": true, "entered_articulation": -1, "PA_D": -1.0, "PA_RPC": 13, "values_from_unity": "12", "P1A": 54.605, "P1B": 45.135, "P1C": 107.13, "P1D": 102.752, "P2A": 55.528, "P2B": 52.989, "P2C": 75.314, "P2D": 72.65, "P1A_F": 54.605, "P1B_F": 45.135, "P1C_F": 107.13, "P1D_F": 102.752, "P2A_F": 55.528, "P2B_F": 52.989, "P2C_F": 75.314, "P2D_F": 72.65, "P2eA_F": 54.449, "P2eB_F": 51.307, "P2eC_F": 77.808, "P2eD_F": 74.937, "P1A_U": 54.605, "P1B_U": 45.135, "P1C_U": 107.13, "P1D_U": 102.752, "P2eA_U": 55.528, "P2eB_U": 52.989, "P2eC_U": 75.314, "P2eD_U": 72.65, "P1_mean_max": 1.0, "P1_mean": 0.001, "P2_mean_max": 2.0, "P2_mean": 0.001, "confidence_position": 4.0, "confidence_angle": 7.0, "estimate_hit": false, "target": "ECP:2", "markers": {"A": "M:3", "B": "M:4", "C": "M:8", "D": "M:9"}, "fusion_computed": true, "anatomy": {"basilic vein": 28.686, "brachial artery": 19.304, "brachial vein": 7.596, "cephalic vein": 22.727, "inferior ulnar collateral artery": 9.487, "median antebrachial vein": 25.873, "median cubital vein": 32.058, "median cubital vein 1": 13.616, "middle collateral artery": 13.217, "radial artery": 8.918, "radial collateral artery": 25.616, "radial veins": 7.466, "random artery 1": 11.884, "random artery 2": 10.347, "ulnar artery": 1.61, "ulnar veins": 7.42, "anterior branch of medial antebrachial cutaneous nerve": 21.363, "anterior interosseous nerve of forearm": 1.528, "deep branch of radial nerve": 22.416, "lateral antebrachial cutaneous nerve": 17.565, "median nerve": 4.709, "muscular branches of radial nerve": 21.366, "musculocutaneous nerve": 19.494, "posterior antebrachial cutaneous nerve": 36.868, "posterior branch of medial antebrachial cutaneous nerve": 28.994, "radial nerve": 23.731, "superficial branch of radial nerve": 18.745, "ulnar nerve": 24.812}, "hit_count": 0, "angle_PA_target": 3.791, "distance_P1_PA_target": 10.595, "distance_P1_PA_target_X": -6.618, "distance_P1_PA_target_Y": 7.449, "distance_P1_PA_target_Z": -3.598, "distance_P2_PA_target": 7.777, "distance_P2_PA_target_X": -3.506, "distance_P2_PA_target_Y": 6.4, "distance_P2_PA_target_Z": -2.689, "distance_P2e_PA_target": 6.213, "distance_P2e_PA_target_X": -1.557, "distance_P2e_PA_target_Y": 4.344, "distance_P2e_PA_target_Z": -4.16, "delta_id_PA_target": 5.437}|
2024-02-20 15:21:16,436 - [ DEBUG] - TECHNICAL:	 want to remeasure P1 and/or P2? [Y/N]: 	|n|
2024-02-20 15:21:19,369 - [ DEBUG] - |-- ENTERED ARTICULATION [-1 / 0 (not entered) / 1 (entered)] : 	|0|
2024-02-20 15:21:41,119 - [ DEBUG] - TECHNICAL:	 comment on PA (a22614e243) [STRING]: 	||
2024-02-20 15:21:42,178 - [ DEBUG] - TECHNICAL:	 remove kwire from phanotm [ENTER when done]: 	||
2024-02-20 15:21:42,178 - [  INFO] - PA2.2 FINISHED!
2024-02-20 15:21:42,178 - [  INFO] - DATA COLLECTION - ECP2 - (b72082ae)
2024-02-20 15:22:05,868 - [ DEBUG] - |-- ease of placement [0 difficult - 5 easy]: 	|2|
2024-02-20 15:22:05,869 - [  INFO] - ########################
2024-02-20 15:22:05,870 - [  INFO] - ECP3 START! (6d99ceb5)
2024-02-20 15:22:05,872 - [  INFO] - ------------------------
2024-02-20 15:22:05,872 - [  INFO] - PA3.1 START! (d0ca3d9f50)
2024-02-20 15:22:07,844 - [ DEBUG] - PERFORM:	 reset x-ray machine [ENTER when done]: 	||
2024-02-20 15:29:56,558 - [ DEBUG] - PERFORM:	 give instruction to insert k-wire [ENTER when instruction given]: 	||
2024-02-20 15:31:43,679 - [ DEBUG] - CANDIDATE:	 inserting k-wire... -> checks it and declares it Failed or Successful (Restart timer)	|r|
2024-02-20 15:31:43,680 - [  INFO] - \_restart timer!
2024-02-20 15:34:41,574 - [ DEBUG] - CANDIDATE:	 inserting k-wire... -> checks it and declares it Failed or Successful (Restart timer)	|f|
2024-02-20 15:34:41,575 - [  INFO] - \_candidate has FAILED positioning attempt!
2024-02-20 15:34:41,575 - [  INFO] - DATA COLLECTION - PA3.1 - (d0ca3d9f50)
2024-02-20 15:34:51,574 - [ DEBUG] - |-- CANDIDATE: entrance point distance from entrance point target? [FLOAT]:  |-- CANDIDATE: entrance point distance from entrance point target? [FLOAT]: 	|0|
2024-02-20 15:34:58,798 - [ DEBUG] - |-- CANDIDATE: confidence on angle in deg? [FLOAT]:                          |-- CANDIDATE: confidence on angle in deg? [FLOAT]:                         	|7|
2024-02-20 15:35:32,053 - [ DEBUG] - |-- CANDIDATE: estimate structures hit [Y/N]?:                              	|n|
2024-02-20 15:35:36,038 - [ DEBUG] - |-- RADIATION picture count [INT] : 	|30|
2024-02-20 15:35:37,113 - [ DEBUG] - |-- P from unity	|12|
2024-02-20 15:35:44,203 - [ DEBUG] - |-- P1M:2 [FLOAT]:  |-- P1M:2 [FLOAT]: 	|131.764|
2024-02-20 15:35:44,204 - [ DEBUG] - |-- P1M:3 [FLOAT]:  |-- P1M:3 [FLOAT]: 	|117.855|
2024-02-20 15:35:44,205 - [ DEBUG] - |-- P1M:7 [FLOAT]:  |-- P1M:7 [FLOAT]: 	|70.316|
2024-02-20 15:35:44,212 - [ DEBUG] - |-- P1M:8 [FLOAT]:  |-- P1M:8 [FLOAT]: 	|39.358|
2024-02-20 15:35:44,216 - [ DEBUG] - |-- P2M:2 [FLOAT]:  |-- P2M:2 [FLOAT]: 	|66.327|
2024-02-20 15:35:44,217 - [ DEBUG] - |-- P2M:3 [FLOAT]:  |-- P2M:3 [FLOAT]: 	|54.498|
2024-02-20 15:35:44,218 - [ DEBUG] - |-- P2M:7 [FLOAT]:  |-- P2M:7 [FLOAT]: 	|78.288|
2024-02-20 15:35:44,712 - [ DEBUG] - |-- P2M:8 [FLOAT]:  |-- P2M:8 [FLOAT]: 	|67.959|
2024-02-20 15:35:45,638 - [ DEBUG] - |-- P1M:2 unity [FLOAT]:   |-- P1M:2 unity [FLOAT]:  	|131.764|
2024-02-20 15:35:45,638 - [ DEBUG] - |-- P1M:3 unity [FLOAT]:   |-- P1M:3 unity [FLOAT]:  	|117.855|
2024-02-20 15:35:45,639 - [ DEBUG] - |-- P1M:7 unity [FLOAT]:   |-- P1M:7 unity [FLOAT]:  	|70.316|
2024-02-20 15:35:45,640 - [ DEBUG] - |-- P1M:8 unity [FLOAT]:   |-- P1M:8 unity [FLOAT]:  	|39.358|
2024-02-20 15:35:45,640 - [ DEBUG] - |-- P2eM:2 unity [FLOAT]:  |-- P2eM:2 unity [FLOAT]: 	|66.327|
2024-02-20 15:35:45,641 - [ DEBUG] - |-- P2eM:3 unity [FLOAT]:  |-- P2eM:3 unity [FLOAT]: 	|54.498|
2024-02-20 15:35:45,648 - [ DEBUG] - |-- P2eM:7 unity [FLOAT]:  |-- P2eM:7 unity [FLOAT]: 	|78.288|
2024-02-20 15:35:46,104 - [ DEBUG] - |-- P2eM:8 unity [FLOAT]:  |-- P2eM:8 unity [FLOAT]: 	|67.959|
2024-02-20 15:35:50,232 - [ DEBUG] - TECHNICAL:	 is data entered correct? [Y/N]: 	|y|
2024-02-20 15:35:50,236 - [  INFO] - PERFORM:	 test following string on fusion 360 (already copied in clipboard) -> 
{"datatype": "PA", "PHASE_id": "465633", "ECP_id": "6d99ceb5", "id": "d0ca3d9f50", "comment": "", "time_init": 1708439503.68, "phase": 0, "ECP_number": 3, "PA_number": 1, "success": false, "entered_articulation": -1, "PA_D": -1.0, "PA_RPC": 30, "values_from_unity": "12", "P1A": 131.764, "P1B": 117.855, "P1C": 70.316, "P1D": 39.358, "P2A": 66.327, "P2B": 54.498, "P2C": 78.288, "P2D": 67.959, "P1A_F": -1.0, "P1B_F": -1.0, "P1C_F": -1.0, "P1D_F": -1.0, "P2A_F": -1.0, "P2B_F": -1.0, "P2C_F": -1.0, "P2D_F": -1.0, "P2eA_F": -1.0, "P2eB_F": -1.0, "P2eC_F": -1.0, "P2eD_F": -1.0, "P1A_U": 131.764, "P1B_U": 117.855, "P1C_U": 70.316, "P1D_U": 39.358, "P2eA_U": 66.327, "P2eB_U": 54.498, "P2eC_U": 78.288, "P2eD_U": 67.959, "P1_mean_max": 1.0, "P1_mean": -1.0, "P2_mean_max": 2.0, "P2_mean": -1.0, "confidence_position": 0.0, "confidence_angle": 7.0, "estimate_hit": false, "target": "ECP:3", "markers": {"A": "M:2", "B": "M:3", "C": "M:7", "D": "M:8"}, "fusion_computed": false, "anatomy": {"basilic vein": -1.0, "brachial artery": -1.0, "brachial vein": -1.0, "cephalic vein": -1.0, "inferior ulnar collateral artery": -1.0, "median antebrachial vein": -1.0, "median cubital vein": -1.0, "median cubital vein 1": -1.0, "middle collateral artery": -1.0, "radial artery": -1.0, "radial collateral artery": -1.0, "radial veins": -1.0, "random artery 1": -1.0, "random artery 2": -1.0, "ulnar artery": -1.0, "ulnar veins": -1.0, "anterior branch of medial antebrachial cutaneous nerve": -1.0, "anterior interosseous nerve of forearm": -1.0, "deep branch of radial nerve": -1.0, "lateral antebrachial cutaneous nerve": -1.0, "median nerve": -1.0, "muscular branches of radial nerve": -1.0, "musculocutaneous nerve": -1.0, "posterior antebrachial cutaneous nerve": -1.0, "posterior branch of medial antebrachial cutaneous nerve": -1.0, "radial nerve": -1.0, "superficial branch of radial nerve": -1.0, "ulnar nerve": -1.0}, "hit_count": -1.0, "angle_PA_target": -1.0, "distance_P1_PA_target": -1.0, "distance_P1_PA_target_X": -1.0, "distance_P1_PA_target_Y": -1.0, "distance_P1_PA_target_Z": -1.0, "distance_P2_PA_target": -1.0, "distance_P2_PA_target_X": -1.0, "distance_P2_PA_target_Y": -1.0, "distance_P2_PA_target_Z": -1.0, "distance_P2e_PA_target": -1.0, "distance_P2e_PA_target_X": -1.0, "distance_P2e_PA_target_Y": -1.0, "distance_P2e_PA_target_Z": -1.0, "delta_id_PA_target": -1.0}
2024-02-20 15:36:23,371 - [ DEBUG] - PERFORM:	 enter data from fusion 360: 	|{"datatype": "PA", "PHASE_id": "465633", "ECP_id": "6d99ceb5", "id": "d0ca3d9f50", "comment": "", "time_init": 1708439503.68, "phase": 0, "ECP_number": 3, "PA_number": 1, "success": false, "entered_articulation": -1, "PA_D": -1.0, "PA_RPC": 30, "values_from_unity": "12", "P1A": 131.764, "P1B": 117.855, "P1C": 70.316, "P1D": 39.358, "P2A": 66.327, "P2B": 54.498, "P2C": 78.288, "P2D": 67.959, "P1A_F": 131.764, "P1B_F": 117.855, "P1C_F": 70.316, "P1D_F": 39.358, "P2A_F": 66.327, "P2B_F": 54.498, "P2C_F": 78.288, "P2D_F": 67.959, "P2eA_F": 71.082, "P2eB_F": 58.853, "P2eC_F": 75.342, "P2eD_F": 63.392, "P1A_U": 131.764, "P1B_U": 117.855, "P1C_U": 70.316, "P1D_U": 39.358, "P2eA_U": 66.327, "P2eB_U": 54.498, "P2eC_U": 78.288, "P2eD_U": 67.959, "P1_mean_max": 1.0, "P1_mean": 0.0, "P2_mean_max": 2.0, "P2_mean": 0.002, "confidence_position": 0.0, "confidence_angle": 7.0, "estimate_hit": false, "target": "ECP:3", "markers": {"A": "M:2", "B": "M:3", "C": "M:7", "D": "M:8"}, "fusion_computed": true, "anatomy": {"basilic vein": 14.971, "brachial artery": 25.24, "brachial vein": 19.976, "cephalic vein": 44.957, "inferior ulnar collateral artery": 23.122, "median antebrachial vein": 29.932, "median cubital vein": 19.078, "median cubital vein 1": 38.061, "middle collateral artery": 28.308, "radial artery": 48.708, "radial collateral artery": 39.214, "radial veins": 57.586, "random artery 1": 1.085, "random artery 2": 30.474, "ulnar artery": 48.708, "ulnar veins": 57.614, "anterior branch of medial antebrachial cutaneous nerve": 21.928, "anterior interosseous nerve of forearm": 41.339, "deep branch of radial nerve": 55.248, "lateral antebrachial cutaneous nerve": 46.328, "median nerve": 21.783, "muscular branches of radial nerve": 23.294, "musculocutaneous nerve": 25.31, "posterior antebrachial cutaneous nerve": 51.688, "posterior branch of medial antebrachial cutaneous nerve": 4.575, "radial nerve": 48.97, "superficial branch of radial nerve": 55.212, "ulnar nerve": 2.234}, "hit_count": 0, "angle_PA_target": 18.136, "distance_P1_PA_target": 23.708, "distance_P1_PA_target_X": -20.113, "distance_P1_PA_target_Y": -12.084, "distance_P1_PA_target_Z": -3.392, "distance_P2_PA_target": 11.183, "distance_P2_PA_target_X": 9.575, "distance_P2_PA_target_Y": -4.992, "distance_P2_PA_target_Z": 2.906, "distance_P2e_PA_target": 6.653, "distance_P2e_PA_target_X": 4.894, "distance_P2e_PA_target_Y": -4.506, "distance_P2e_PA_target_Z": 0.012, "delta_id_PA_target": -20.062}|
2024-02-20 15:36:26,497 - [ DEBUG] - TECHNICAL:	 want to remeasure P1 and/or P2? [Y/N]: 	|n|
2024-02-20 15:36:28,631 - [ DEBUG] - |-- ENTERED ARTICULATION [-1 / 0 (not entered) / 1 (entered)] : 	|0|
2024-02-20 15:36:29,300 - [ DEBUG] - TECHNICAL:	 comment on PA (d0ca3d9f50) [STRING]: 	||
2024-02-20 15:36:29,824 - [ DEBUG] - TECHNICAL:	 remove kwire from phanotm [ENTER when done]: 	||
2024-02-20 15:36:29,824 - [  INFO] - PA3.1 FINISHED!
2024-02-20 15:36:29,828 - [  INFO] - ------------------------
2024-02-20 15:36:29,829 - [  INFO] - PA3.2 START! (4c366cc9aa)
2024-02-20 15:36:30,525 - [ DEBUG] - PERFORM:	 reset x-ray machine [ENTER when done]: 	||
2024-02-20 15:36:32,863 - [ DEBUG] - PERFORM:	 give instruction to insert k-wire [ENTER when instruction given]: 	||
2024-02-20 15:37:53,301 - [ DEBUG] - CANDIDATE:	 inserting k-wire... -> checks it and declares it Failed or Successful (Restart timer)	|s|
2024-02-20 15:37:53,301 - [  INFO] - \_candidate has performed SUCCESSFUL positioning attempt!
2024-02-20 15:37:53,301 - [  INFO] - DATA COLLECTION - PA3.2 - (4c366cc9aa)
2024-02-20 15:38:07,575 - [ DEBUG] - |-- CANDIDATE: entrance point distance from entrance point target? [FLOAT]:  |-- CANDIDATE: entrance point distance from entrance point target? [FLOAT]: 	|0|
2024-02-20 15:38:20,275 - [ DEBUG] - |-- CANDIDATE: confidence on angle in deg? [FLOAT]:                          |-- CANDIDATE: confidence on angle in deg? [FLOAT]:                         	|0|
2024-02-20 15:38:31,468 - [ DEBUG] - |-- CANDIDATE: estimate structures hit [Y/N]?:                              	|n|
2024-02-20 15:38:36,300 - [ DEBUG] - |-- RADIATION picture count [INT] : 	|20|
2024-02-20 15:38:42,229 - [ DEBUG] - |-- P from unity	|12|
2024-02-20 15:38:48,929 - [ DEBUG] - |-- P1M:2 [FLOAT]:  |-- P1M:2 [FLOAT]: 	|117.086|
2024-02-20 15:38:48,932 - [ DEBUG] - |-- P1M:3 [FLOAT]:  |-- P1M:3 [FLOAT]: 	|99.941|
2024-02-20 15:38:48,933 - [ DEBUG] - |-- P1M:7 [FLOAT]:  |-- P1M:7 [FLOAT]: 	|76.520|
2024-02-20 15:38:48,935 - [ DEBUG] - |-- P1M:8 [FLOAT]:  |-- P1M:8 [FLOAT]: 	|47.989|
2024-02-20 15:38:48,936 - [ DEBUG] - |-- P2M:2 [FLOAT]:  |-- P2M:2 [FLOAT]: 	|72.270|
2024-02-20 15:38:48,937 - [ DEBUG] - |-- P2M:3 [FLOAT]:  |-- P2M:3 [FLOAT]: 	|59.597|
2024-02-20 15:38:48,938 - [ DEBUG] - |-- P2M:7 [FLOAT]:  |-- P2M:7 [FLOAT]: 	|74.698|
2024-02-20 15:38:49,553 - [ DEBUG] - |-- P2M:8 [FLOAT]:  |-- P2M:8 [FLOAT]: 	|61.832|
2024-02-20 15:38:50,721 - [ DEBUG] - |-- P1M:2 unity [FLOAT]:   |-- P1M:2 unity [FLOAT]:  	|117.086|
2024-02-20 15:38:50,722 - [ DEBUG] - |-- P1M:3 unity [FLOAT]:   |-- P1M:3 unity [FLOAT]:  	|99.941|
2024-02-20 15:38:50,724 - [ DEBUG] - |-- P1M:7 unity [FLOAT]:   |-- P1M:7 unity [FLOAT]:  	|76.520|
2024-02-20 15:38:50,725 - [ DEBUG] - |-- P1M:8 unity [FLOAT]:   |-- P1M:8 unity [FLOAT]:  	|47.989|
2024-02-20 15:38:50,727 - [ DEBUG] - |-- P2eM:2 unity [FLOAT]:  |-- P2eM:2 unity [FLOAT]: 	|72.270|
2024-02-20 15:38:50,729 - [ DEBUG] - |-- P2eM:3 unity [FLOAT]:  |-- P2eM:3 unity [FLOAT]: 	|59.597|
2024-02-20 15:38:50,731 - [ DEBUG] - |-- P2eM:7 unity [FLOAT]:  |-- P2eM:7 unity [FLOAT]: 	|74.698|
2024-02-20 15:38:51,464 - [ DEBUG] - |-- P2eM:8 unity [FLOAT]:  |-- P2eM:8 unity [FLOAT]: 	|61.832|
2024-02-20 15:38:53,721 - [ DEBUG] - TECHNICAL:	 is data entered correct? [Y/N]: 	|n|
2024-02-20 15:38:58,901 - [ DEBUG] - |-- CANDIDATE: entrance point distance from entrance point target? [FLOAT]:  |-- CANDIDATE: entrance point distance from entrance point target? [FLOAT]: 	|3|
2024-02-20 15:39:00,503 - [ DEBUG] - |-- CANDIDATE: confidence on angle in deg? [FLOAT]:                          |-- CANDIDATE: confidence on angle in deg? [FLOAT]:                         	|0|
2024-02-20 15:39:01,082 - [ DEBUG] - |-- CANDIDATE: estimate structures hit [Y/N]?:                              	|n|
2024-02-20 15:39:03,122 - [ DEBUG] - |-- RADIATION picture count [INT] : 	|20|
2024-02-20 15:39:04,733 - [ DEBUG] - |-- P from unity	|12|
2024-02-20 15:39:06,863 - [ DEBUG] - |-- P1M:2 [FLOAT]:  |-- P1M:2 [FLOAT]: 	|117.086|
2024-02-20 15:39:06,868 - [ DEBUG] - |-- P1M:3 [FLOAT]:  |-- P1M:3 [FLOAT]: 	|99.941|
2024-02-20 15:39:06,880 - [ DEBUG] - |-- P1M:7 [FLOAT]:  |-- P1M:7 [FLOAT]: 	|76.520|
2024-02-20 15:39:06,881 - [ DEBUG] - |-- P1M:8 [FLOAT]:  |-- P1M:8 [FLOAT]: 	|47.989|
2024-02-20 15:39:06,882 - [ DEBUG] - |-- P2M:2 [FLOAT]:  |-- P2M:2 [FLOAT]: 	|72.270|
2024-02-20 15:39:06,882 - [ DEBUG] - |-- P2M:3 [FLOAT]:  |-- P2M:3 [FLOAT]: 	|59.597|
2024-02-20 15:39:06,883 - [ DEBUG] - |-- P2M:7 [FLOAT]:  |-- P2M:7 [FLOAT]: 	|74.698|
2024-02-20 15:39:07,415 - [ DEBUG] - |-- P2M:8 [FLOAT]:  |-- P2M:8 [FLOAT]: 	|61.832|
2024-02-20 15:39:10,947 - [ DEBUG] - |-- P1M:2 unity [FLOAT]:   |-- P1M:2 unity [FLOAT]:  	|117.086|
2024-02-20 15:39:10,989 - [ DEBUG] - |-- P1M:3 unity [FLOAT]:   |-- P1M:3 unity [FLOAT]:  	|99.941|
2024-02-20 15:39:11,006 - [ DEBUG] - |-- P1M:7 unity [FLOAT]:   |-- P1M:7 unity [FLOAT]:  	|76.520|
2024-02-20 15:39:11,034 - [ DEBUG] - |-- P1M:8 unity [FLOAT]:   |-- P1M:8 unity [FLOAT]:  	|47.989|
2024-02-20 15:39:11,108 - [ DEBUG] - |-- P2eM:2 unity [FLOAT]:  |-- P2eM:2 unity [FLOAT]: 	|72.270|
2024-02-20 15:39:11,163 - [ DEBUG] - |-- P2eM:3 unity [FLOAT]:  |-- P2eM:3 unity [FLOAT]: 	|59.597|
2024-02-20 15:39:11,221 - [ DEBUG] - |-- P2eM:7 unity [FLOAT]:  |-- P2eM:7 unity [FLOAT]: 	|74.698|
2024-02-20 15:39:11,882 - [ DEBUG] - |-- P2eM:8 unity [FLOAT]:  |-- P2eM:8 unity [FLOAT]: 	|61.832|
2024-02-20 15:39:14,505 - [ DEBUG] - TECHNICAL:	 is data entered correct? [Y/N]: 	|y|
2024-02-20 15:39:14,509 - [  INFO] - PERFORM:	 test following string on fusion 360 (already copied in clipboard) -> 
{"datatype": "PA", "PHASE_id": "465633", "ECP_id": "6d99ceb5", "id": "4c366cc9aa", "comment": "", "time_init": 1708439792.86, "phase": 0, "ECP_number": 3, "PA_number": 2, "success": true, "entered_articulation": -1, "PA_D": -1.0, "PA_RPC": 20, "values_from_unity": "12", "P1A": 117.086, "P1B": 99.941, "P1C": 76.52, "P1D": 47.989, "P2A": 72.27, "P2B": 59.597, "P2C": 74.698, "P2D": 61.832, "P1A_F": -1.0, "P1B_F": -1.0, "P1C_F": -1.0, "P1D_F": -1.0, "P2A_F": -1.0, "P2B_F": -1.0, "P2C_F": -1.0, "P2D_F": -1.0, "P2eA_F": -1.0, "P2eB_F": -1.0, "P2eC_F": -1.0, "P2eD_F": -1.0, "P1A_U": 117.086, "P1B_U": 99.941, "P1C_U": 76.52, "P1D_U": 47.989, "P2eA_U": 72.27, "P2eB_U": 59.597, "P2eC_U": 74.698, "P2eD_U": 61.832, "P1_mean_max": 1.0, "P1_mean": -1.0, "P2_mean_max": 2.0, "P2_mean": -1.0, "confidence_position": 3.0, "confidence_angle": 0.0, "estimate_hit": false, "target": "ECP:3", "markers": {"A": "M:2", "B": "M:3", "C": "M:7", "D": "M:8"}, "fusion_computed": false, "anatomy": {"basilic vein": -1.0, "brachial artery": -1.0, "brachial vein": -1.0, "cephalic vein": -1.0, "inferior ulnar collateral artery": -1.0, "median antebrachial vein": -1.0, "median cubital vein": -1.0, "median cubital vein 1": -1.0, "middle collateral artery": -1.0, "radial artery": -1.0, "radial collateral artery": -1.0, "radial veins": -1.0, "random artery 1": -1.0, "random artery 2": -1.0, "ulnar artery": -1.0, "ulnar veins": -1.0, "anterior branch of medial antebrachial cutaneous nerve": -1.0, "anterior interosseous nerve of forearm": -1.0, "deep branch of radial nerve": -1.0, "lateral antebrachial cutaneous nerve": -1.0, "median nerve": -1.0, "muscular branches of radial nerve": -1.0, "musculocutaneous nerve": -1.0, "posterior antebrachial cutaneous nerve": -1.0, "posterior branch of medial antebrachial cutaneous nerve": -1.0, "radial nerve": -1.0, "superficial branch of radial nerve": -1.0, "ulnar nerve": -1.0}, "hit_count": -1.0, "angle_PA_target": -1.0, "distance_P1_PA_target": -1.0, "distance_P1_PA_target_X": -1.0, "distance_P1_PA_target_Y": -1.0, "distance_P1_PA_target_Z": -1.0, "distance_P2_PA_target": -1.0, "distance_P2_PA_target_X": -1.0, "distance_P2_PA_target_Y": -1.0, "distance_P2_PA_target_Z": -1.0, "distance_P2e_PA_target": -1.0, "distance_P2e_PA_target_X": -1.0, "distance_P2e_PA_target_Y": -1.0, "distance_P2e_PA_target_Z": -1.0, "delta_id_PA_target": -1.0}
2024-02-20 15:40:33,287 - [ DEBUG] - PERFORM:	 enter data from fusion 360: 	|{"datatype": "PA", "PHASE_id": "465633", "ECP_id": "6d99ceb5", "id": "4c366cc9aa", "comment": "", "time_init": 1708439792.86, "phase": 0, "ECP_number": 3, "PA_number": 2, "success": true, "entered_articulation": -1, "PA_D": -1.0, "PA_RPC": 20, "values_from_unity": "12", "P1A": 117.086, "P1B": 99.941, "P1C": 76.52, "P1D": 47.989, "P2A": 72.27, "P2B": 59.597, "P2C": 74.698, "P2D": 61.832, "P1A_F": 117.086, "P1B_F": 99.941, "P1C_F": 76.52, "P1D_F": 47.989, "P2A_F": 72.27, "P2B_F": 59.597, "P2C_F": 74.698, "P2D_F": 61.832, "P2eA_F": 74.966, "P2eB_F": 61.755, "P2eC_F": 73.728, "P2eD_F": 59.674, "P1A_U": 117.086, "P1B_U": 99.941, "P1C_U": 76.52, "P1D_U": 47.989, "P2eA_U": 72.27, "P2eB_U": 59.597, "P2eC_U": 74.698, "P2eD_U": 61.832, "P1_mean_max": 1.0, "P1_mean": 0.001, "P2_mean_max": 2.0, "P2_mean": 0.003, "confidence_position": 3.0, "confidence_angle": 0.0, "estimate_hit": false, "target": "ECP:3", "markers": {"A": "M:2", "B": "M:3", "C": "M:7", "D": "M:8"}, "fusion_computed": true, "anatomy": {"basilic vein": 15.031, "brachial artery": 19.449, "brachial vein": 16.777, "cephalic vein": 25.58, "inferior ulnar collateral artery": 21.061, "median antebrachial vein": 32.476, "median cubital vein": 15.84, "median cubital vein 1": 30.204, "middle collateral artery": 18.023, "radial artery": 43.004, "radial collateral artery": 20.379, "radial veins": 54.798, "random artery 1": 5.184, "random artery 2": 31.417, "ulnar artery": 43.004, "ulnar veins": 54.78, "anterior branch of medial antebrachial cutaneous nerve": 23.883, "anterior interosseous nerve of forearm": 36.436, "deep branch of radial nerve": 47.463, "lateral antebrachial cutaneous nerve": 40.2, "median nerve": 21.401, "muscular branches of radial nerve": 19.571, "musculocutaneous nerve": 9.916, "posterior antebrachial cutaneous nerve": 37.28, "posterior branch of medial antebrachial cutaneous nerve": 5.103, "radial nerve": 28.29, "superficial branch of radial nerve": 47.487, "ulnar nerve": 0.636}, "hit_count": 0, "angle_PA_target": 10.643, "distance_P1_PA_target": 14.74, "distance_P1_PA_target_X": -0.583, "distance_P1_PA_target_Y": -13.704, "distance_P1_PA_target_Z": -5.398, "distance_P2_PA_target": 7.504, "distance_P2_PA_target_X": 3.625, "distance_P2_PA_target_Y": -6.398, "distance_P2_PA_target_Z": 1.493, "distance_P2e_PA_target": 6.233, "distance_P2e_PA_target_X": 1.359, "distance_P2e_PA_target_Y": -6.002, "distance_P2e_PA_target_Z": -0.985, "delta_id_PA_target": -2.859}|
2024-02-20 15:40:34,430 - [ DEBUG] - TECHNICAL:	 want to remeasure P1 and/or P2? [Y/N]: 	|n|
2024-02-20 15:41:31,358 - [ DEBUG] - |-- ENTERED ARTICULATION [-1 / 0 (not entered) / 1 (entered)] : 	|0|
2024-02-20 15:41:32,014 - [ DEBUG] - TECHNICAL:	 comment on PA (4c366cc9aa) [STRING]: 	||
2024-02-20 15:41:32,396 - [ DEBUG] - TECHNICAL:	 remove kwire from phanotm [ENTER when done]: 	||
2024-02-20 15:41:32,397 - [  INFO] - PA3.2 FINISHED!
2024-02-20 15:41:32,397 - [  INFO] - DATA COLLECTION - ECP3 - (6d99ceb5)
2024-02-20 15:42:19,057 - [ DEBUG] - |-- ease of placement [0 difficult - 5 easy]: 	|2|
2024-02-20 15:42:19,057 - [  INFO] - DATA COLLECTION - PHASE - (465633)
2024-02-20 15:43:06,749 - [ DEBUG] - |-- realism xray               [-1 : 5]: 	|4|
2024-02-20 15:43:07,186 - [ DEBUG] - |-- simulation quality xray    [-1 : 5]: 	|4|
2024-02-20 15:43:52,877 - [ DEBUG] - |-- comfort xray               [-1 : 5]: 	|3|
2024-02-20 15:43:55,142 - [ DEBUG] - |-- realism AR                 [-1 : 5]: 	|-1|
2024-02-20 15:43:55,972 - [ DEBUG] - |-- simulation quality AR      [-1 : 5]: 	|-1|
2024-02-20 15:43:56,854 - [ DEBUG] - |-- comfort AR                 [-1 : 5]: 	|-1|
2024-02-20 15:44:17,891 - [ DEBUG] - |-- realism phantom            [-1 : 5]: 	|3|
2024-02-20 15:44:18,226 - [ DEBUG] - |-- simulation quality phantom [-1 : 5]: 	|3|
2024-02-20 15:44:19,057 - [ DEBUG] - TECHNICAL:	 comment on PHASE (465633) [STRING]: 	||
2024-02-20 15:44:19,073 - [  INFO] - SAVED ON DATABASE!
2024-02-20 15:44:19,077 - [  INFO] - bye!
