2024-01-31 15:20:47,677 - [  INFO] - flags: []
2024-01-31 15:20:47,677 - [  INFO] - # POSITIONING TEST COMPANION (v1.21)
2024-01-31 15:20:47,678 - [  INFO] - # What a beautiful day to stick some anti-pigeon spikes into plastic!
2024-01-31 15:20:47,680 - [  INFO] - # BEGIN POSITIONING TEST FOR A CANDIDATE, ONE SINGLE PHASE (2ce811)
2024-01-31 15:20:47,680 - [  INFO] - # 2024/01/31 - 15:20:47
2024-01-31 15:20:47,681 - [  INFO] - DATA COLLECTION - TEST - (2ce811)
2024-01-31 15:20:49,460 - [ DEBUG] - |-- phase [INTEGER]:                	|1|
2024-01-31 15:20:51,341 - [ DEBUG] - |-- phantom id [STRING]:            	|02|
2024-01-31 15:20:53,952 - [ DEBUG] - |-- name [STRING]:                  	|federica|
2024-01-31 15:20:55,723 - [ DEBUG] - |-- surname [STRING]:               	|catalano|
2024-01-31 15:20:56,939 - [ DEBUG] - |-- gender [M/F]:                   	|f|
2024-01-31 15:20:58,822 - [ DEBUG] - |-- right-handed [Y/N]:             	|y|
2024-01-31 15:21:11,501 - [ DEBUG] - |-- age [INTEGER]:                  	|22|
2024-01-31 15:21:13,357 - [ DEBUG] - |-- medsurg year        [-1 : 6]:   	|4|
2024-01-31 15:21:14,883 - [ DEBUG] - |-- specialization year [-1 : 5]:   	|-1|
2024-01-31 15:21:16,149 - [ DEBUG] - |-- surgeon year        [-1 : 100]: 	|-1|
2024-01-31 15:21:18,896 - [ DEBUG] - |-- exp operation count [INTEGER]:  	|0|
2024-01-31 15:21:26,669 - [ DEBUG] - |-- glasses [Y/N]:                  	|n|
2024-01-31 15:21:28,901 - [ DEBUG] - |-- glasses type [None [] / Myopia (Nearsightedness) [M] / Hyperopia (Farsightedness) [H] / Astigmatism [AS] / Presbyopia [P] / Strabismus [S] / Amblyopia (Lazy Eye) [AM] / Cataract [C]: 	||
2024-01-31 15:21:30,312 - [ DEBUG] - |-- glasses power [-1 : 100]:       	|-1|
2024-01-31 15:21:43,747 - [ DEBUG] - |-- exp Virtual Reality   [0 : 5]:  	|0|
2024-01-31 15:21:44,028 - [ DEBUG] - |-- exp Augmented Reality [0 : 5]:  	|0|
2024-01-31 15:21:44,582 - [ DEBUG] - |-- exp 3D editors        [0 : 5]:  	|0|
2024-01-31 15:21:46,460 - [ DEBUG] - TECHNICAL:	 is data entered correct? [Y/N]: 	|y|
2024-01-31 15:21:46,461 - [  INFO] - ########################
2024-01-31 15:21:46,461 - [  INFO] - ECP1 START! (8bd7516a)
2024-01-31 15:21:46,463 - [  INFO] - ------------------------
2024-01-31 15:21:46,463 - [  INFO] - PA1.1 START! (7c49cfc489)
2024-01-31 15:21:47,547 - [ DEBUG] - PERFORM:	 reset x-ray machine [ENTER when done]: 	||
2024-01-31 15:22:23,499 - [ DEBUG] - PERFORM:	 give instruction to insert k-wire [ENTER when instruction given]: 	||
2024-01-31 15:24:09,498 - [ DEBUG] - CANDIDATE:	 inserting k-wire... -> checks it and declares it failed [f] or successful [s] (restart timer [r]): 	|s|
2024-01-31 15:24:09,498 - [  INFO] - \_candidate has performed SUCCESSFUL positioning attempt!
2024-01-31 15:24:09,498 - [  INFO] - DATA COLLECTION - PA1.1 - (7c49cfc489)
2024-01-31 15:24:13,045 - [ DEBUG] - |-- RADIATION picture count       [INT]  : 	|0|
2024-01-31 15:25:13,757 - [ DEBUG] - |-- P1M:2 [FLOAT]: 	|82.11|
2024-01-31 15:25:32,338 - [ DEBUG] - |-- P1M:3 [FLOAT]: 	|63.74|
2024-01-31 15:26:18,823 - [ DEBUG] - |-- P1M:7 [FLOAT]: 	|113.93|
2024-01-31 15:26:21,673 - [ DEBUG] - |-- P1M:8 [FLOAT]: 	|105.45|
2024-01-31 15:26:33,056 - [ DEBUG] - |-- P2M:2 [FLOAT]: 	|64.12|
2024-01-31 15:26:52,327 - [ DEBUG] - |-- P2M:3 [FLOAT]: 	|49.42|
2024-01-31 15:27:24,016 - [ DEBUG] - |-- P2M:7 [FLOAT]: 	|83.32|
2024-01-31 15:27:36,326 - [ DEBUG] - |-- P2M:8 [FLOAT]: 	|73.31|
2024-01-31 15:28:41,698 - [ DEBUG] - |-- P1M:2 virtual [FLOAT]: 	|82.770|
2024-01-31 15:28:41,699 - [ DEBUG] - |-- P1M:3 virtual [FLOAT]: 	|67.161|
2024-01-31 15:28:41,700 - [ DEBUG] - |-- P1M:7 virtual [FLOAT]: 	|117.388|
2024-01-31 15:28:41,700 - [ DEBUG] - |-- P1M:8 virtual [FLOAT]: 	|109.129|
2024-01-31 15:28:41,701 - [ DEBUG] - |-- P2M:2 virtual [FLOAT]: 	|66.152|
2024-01-31 15:28:41,702 - [ DEBUG] - |-- P2M:3 virtual [FLOAT]: 	|54.597|
2024-01-31 15:28:41,713 - [ DEBUG] - |-- P2M:7 virtual [FLOAT]: 	|83.035|
2024-01-31 15:28:42,195 - [ DEBUG] - |-- P2M:8 virtual [FLOAT]: 	|72.530|
2024-01-31 15:29:40,424 - [ DEBUG] - |-- CANDIDATE: confidence on entrance position in mm? [FLOAT]: 	|4|
2024-01-31 15:29:45,289 - [ DEBUG] - |-- CANDIDATE: confidence on angle in deg? [FLOAT]:            	|5|
2024-01-31 15:30:11,628 - [ DEBUG] - |-- CANDIDATE: estimate structures hit [Y/N]?:                 	|n|
2024-01-31 15:30:12,922 - [ DEBUG] - TECHNICAL:	 is data entered correct? [Y/N]: 	|y|
2024-01-31 15:30:12,927 - [  INFO] - PERFORM:	 test following string on fusion 360 (already copied in clipboard) -> 
{"datatype": "PA", "TEST_id": "2ce811", "ECP_id": "8bd7516a", "id": "7c49cfc489", "comment": "", "time_init": 1706710943.5, "phase": 1, "ECP_number": 1, "PA_number": 1, "success": true, "PA_D": -1.0, "PA_RPC": 0, "P1A": 81.31, "P1B": 62.940000000000005, "P1C": 113.13000000000001, "P1D": 104.65, "P2A": 63.32000000000001, "P2B": 48.620000000000005, "P2C": 82.52, "P2D": 72.51, "P1A_F": -1.0, "P1B_F": -1.0, "P1C_F": -1.0, "P1D_F": -1.0, "P2A_F": -1.0, "P2B_F": -1.0, "P2C_F": -1.0, "P2D_F": -1.0, "P2eA": -1.0, "P2eB": -1.0, "P2eC": -1.0, "P2eD": -1.0, "P1A_U": 82.77, "P1B_U": 67.161, "P1C_U": 117.388, "P1D_U": 109.129, "P2eA_U": 66.152, "P2eB_U": 54.597, "P2eC_U": 83.035, "P2eD_U": 72.53, "P1_mean_max": 1.0, "P1_mean": -1.0, "P2_mean_max": 2.0, "P2_mean": -1.0, "confidence_position": 4.0, "confidence_angle": 5.0, "estimate_hit": false, "target": "ECP:1", "markers": {"A": "M:2", "B": "M:3", "C": "M:7", "D": "M:8"}, "fusion_computed": false, "anatomy": {"basilic vein": -1.0, "brachial artery": -1.0, "brachial vein": -1.0, "cephalic vein": -1.0, "inferior ulnar collateral artery": -1.0, "median antebrachial vein": -1.0, "median cubital vein": -1.0, "median cubital vein 1": -1.0, "middle collateral artery": -1.0, "radial artery": -1.0, "radial collateral artery": -1.0, "radial veins": -1.0, "random artery 1": -1.0, "random artery 2": -1.0, "ulnar artery": -1.0, "ulnar veins": -1.0, "anterior branch of medial antebrachial cutaneous nerve": -1.0, "anterior interosseous nerve of forearm": -1.0, "deep branch of radial nerve": -1.0, "lateral antebrachial cutaneous nerve": -1.0, "median nerve": -1.0, "muscular branches of radial nerve": -1.0, "musculocutaneous nerve": -1.0, "posterior antebrachial cutaneous nerve": -1.0, "posterior branch of medial antebrachial cutaneous nerve": -1.0, "radial nerve": -1.0, "superficial branch of radial nerve": -1.0, "ulnar nerve": -1.0}, "angle_PA_target": -1.0, "distance_P1_PA_target": -1.0, "distance_P1_PA_target_X": -1.0, "distance_P1_PA_target_Y": -1.0, "distance_P1_PA_target_Z": -1.0, "distance_P2_PA_target": -1.0, "distance_P2_PA_target_X": -1.0, "distance_P2_PA_target_Y": -1.0, "distance_P2_PA_target_Z": -1.0, "distance_P2e_PA_target": -1.0, "distance_P2e_PA_target_X": -1.0, "distance_P2e_PA_target_Y": -1.0, "distance_P2e_PA_target_Z": -1.0, "delta_id_PA_target": -1.0}
2024-01-31 15:30:32,462 - [ DEBUG] - PERFORM:	 enter data from fusion 360: 	|{"datatype": "PA", "TEST_id": "2ce811", "ECP_id": "8bd7516a", "id": "7c49cfc489", "comment": "", "time_init": 1706710943.5, "phase": 1, "ECP_number": 1, "PA_number": 1, "success": true, "PA_D": -1.0, "PA_RPC": 0, "P1A": 81.31, "P1B": 62.940000000000005, "P1C": 113.13000000000001, "P1D": 104.65, "P2A": 63.32000000000001, "P2B": 48.620000000000005, "P2C": 82.52, "P2D": 72.51, "P1A_F": 80.686, "P1B_F": 63.64, "P1C_F": 113.507, "P1D_F": 104.183, "P2A_F": 63.368, "P2B_F": 49.345, "P2C_F": 83.123, "P2D_F": 72.585, "P2eA": 63.325, "P2eB": 49.17, "P2eC": 83.371, "P2eD": 72.833, "P1A_U": 82.77, "P1B_U": 67.161, "P1C_U": 117.388, "P1D_U": 109.129, "P2eA_U": 66.152, "P2eB_U": 54.597, "P2eC_U": 83.035, "P2eD_U": 72.53, "P1_mean_max": 1.0, "P1_mean": 2.114, "P2_mean_max": 2.0, "P2_mean": 1.244, "confidence_position": 4.0, "confidence_angle": 5.0, "estimate_hit": false, "target": "ECP:1", "markers": {"A": "M:2", "B": "M:3", "C": "M:7", "D": "M:8"}, "fusion_computed": true, "anatomy": {"basilic vein": 23.058, "brachial artery": 26.526, "brachial vein": 22.411, "cephalic vein": 34.532, "inferior ulnar collateral artery": 20.309, "median antebrachial vein": 39.989, "median cubital vein": 27.361, "median cubital vein 1": 30.26, "middle collateral artery": 6.583, "radial artery": 30.002, "radial collateral artery": 23.252, "radial veins": 37.117, "random artery 1": 1.788, "random artery 2": 32.89, "ulnar artery": 30.002, "ulnar veins": 37.162, "anterior branch of medial antebrachial cutaneous nerve": 31.781, "anterior interosseous nerve of forearm": 30.28, "deep branch of radial nerve": 27.448, "lateral antebrachial cutaneous nerve": 27.169, "median nerve": 27.876, "muscular branches of radial nerve": 12.098, "musculocutaneous nerve": 23.613, "posterior antebrachial cutaneous nerve": 22.167, "posterior branch of medial antebrachial cutaneous nerve": 7.953, "radial nerve": 25.711, "superficial branch of radial nerve": 27.63, "ulnar nerve": 0.109}, "angle_PA_target": 5.628, "distance_P1_PA_target": 8.927, "distance_P1_PA_target_X": 7.005, "distance_P1_PA_target_Y": -3.848, "distance_P1_PA_target_Z": -3.977, "distance_P2_PA_target": 7.792, "distance_P2_PA_target_X": 0.978, "distance_P2_PA_target_Y": -7.696, "distance_P2_PA_target_Z": -0.725, "distance_P2e_PA_target": 7.602, "distance_P2e_PA_target_X": 1.205, "distance_P2e_PA_target_Y": -7.385, "distance_P2e_PA_target_Z": -1.344, "delta_id_PA_target": -5.316}|
2024-01-31 15:30:32,462 - [  INFO] - TECHNICAL:	 ATTENTION: P1 measurement error is above max allowed! Please take measurement again:
2024-01-31 15:31:14,887 - [ DEBUG] - |-- P1M:2 [FLOAT]: 	|84.27|
2024-01-31 15:31:35,247 - [ DEBUG] - |-- P1M:3 [FLOAT]: 	|65.15|
2024-01-31 15:32:25,805 - [ DEBUG] - |-- P1M:7 [FLOAT]: 	|116.14|
2024-01-31 15:32:28,630 - [ DEBUG] - |-- P1M:8 [FLOAT]: 	|107.61|
2024-01-31 15:32:28,633 - [  INFO] - PERFORM:	 test following string on fusion 360 (already copied in clipboard) -> 
{"datatype": "PA", "TEST_id": "2ce811", "ECP_id": "8bd7516a", "id": "7c49cfc489", "comment": "", "time_init": 1706710943.5, "phase": 1, "ECP_number": 1, "PA_number": 1, "success": true, "PA_D": -1.0, "PA_RPC": 0, "P1A": 84.27, "P1B": 65.15, "P1C": 116.14, "P1D": 107.61, "P2A": 63.32000000000001, "P2B": 48.620000000000005, "P2C": 82.52, "P2D": 72.51, "P1A_F": 80.686, "P1B_F": 63.64, "P1C_F": 113.507, "P1D_F": 104.183, "P2A_F": 63.368, "P2B_F": 49.345, "P2C_F": 83.123, "P2D_F": 72.585, "P2eA": 63.325, "P2eB": 49.17, "P2eC": 83.371, "P2eD": 72.833, "P1A_U": 82.77, "P1B_U": 67.161, "P1C_U": 117.388, "P1D_U": 109.129, "P2eA_U": 66.152, "P2eB_U": 54.597, "P2eC_U": 83.035, "P2eD_U": 72.53, "P1_mean_max": 1.0, "P1_mean": 2.114, "P2_mean_max": 2.0, "P2_mean": 1.244, "confidence_position": 4.0, "confidence_angle": 5.0, "estimate_hit": false, "target": "ECP:1", "markers": {"A": "M:2", "B": "M:3", "C": "M:7", "D": "M:8"}, "fusion_computed": true, "anatomy": {"basilic vein": 23.058, "brachial artery": 26.526, "brachial vein": 22.411, "cephalic vein": 34.532, "inferior ulnar collateral artery": 20.309, "median antebrachial vein": 39.989, "median cubital vein": 27.361, "median cubital vein 1": 30.26, "middle collateral artery": 6.583, "radial artery": 30.002, "radial collateral artery": 23.252, "radial veins": 37.117, "random artery 1": 1.788, "random artery 2": 32.89, "ulnar artery": 30.002, "ulnar veins": 37.162, "anterior branch of medial antebrachial cutaneous nerve": 31.781, "anterior interosseous nerve of forearm": 30.28, "deep branch of radial nerve": 27.448, "lateral antebrachial cutaneous nerve": 27.169, "median nerve": 27.876, "muscular branches of radial nerve": 12.098, "musculocutaneous nerve": 23.613, "posterior antebrachial cutaneous nerve": 22.167, "posterior branch of medial antebrachial cutaneous nerve": 7.953, "radial nerve": 25.711, "superficial branch of radial nerve": 27.63, "ulnar nerve": 0.109}, "angle_PA_target": 5.628, "distance_P1_PA_target": 8.927, "distance_P1_PA_target_X": 7.005, "distance_P1_PA_target_Y": -3.848, "distance_P1_PA_target_Z": -3.977, "distance_P2_PA_target": 7.792, "distance_P2_PA_target_X": 0.978, "distance_P2_PA_target_Y": -7.696, "distance_P2_PA_target_Z": -0.725, "distance_P2e_PA_target": 7.602, "distance_P2e_PA_target_X": 1.205, "distance_P2e_PA_target_Y": -7.385, "distance_P2e_PA_target_Z": -1.344, "delta_id_PA_target": -5.316}
2024-01-31 15:33:44,036 - [ DEBUG] - PERFORM:	 enter data from fusion 360: 	|{"datatype": "PA", "TEST_id": "2ce811", "ECP_id": "8bd7516a", "id": "7c49cfc489", "comment": "", "time_init": 1706710943.5, "phase": 1, "ECP_number": 1, "PA_number": 1, "success": true, "PA_D": -1.0, "PA_RPC": 0, "P1A": 84.27, "P1B": 65.15, "P1C": 116.14, "P1D": 107.61, "P2A": 63.32000000000001, "P2B": 48.620000000000005, "P2C": 82.52, "P2D": 72.51, "P1A_F": 83.488, "P1B_F": 66.008, "P1C_F": 116.605, "P1D_F": 107.02, "P2A_F": 63.368, "P2B_F": 49.345, "P2C_F": 83.123, "P2D_F": 72.585, "P2eA": 63.332, "P2eB": 49.167, "P2eC": 83.376, "P2eD": 72.831, "P1A_U": 82.77, "P1B_U": 67.161, "P1C_U": 117.388, "P1D_U": 109.129, "P2eA_U": 66.152, "P2eB_U": 54.597, "P2eC_U": 83.035, "P2eD_U": 72.53, "P1_mean_max": 1.0, "P1_mean": -2.689, "P2_mean_max": 2.0, "P2_mean": 1.244, "confidence_position": 4.0, "confidence_angle": 5.0, "estimate_hit": false, "target": "ECP:1", "markers": {"A": "M:2", "B": "M:3", "C": "M:7", "D": "M:8"}, "fusion_computed": true, "anatomy": {"basilic vein": 22.874, "brachial artery": 25.999, "brachial vein": 21.908, "cephalic vein": 34.097, "inferior ulnar collateral artery": 20.198, "median antebrachial vein": 39.893, "median cubital vein": 27.175, "median cubital vein 1": 29.813, "middle collateral artery": 7.513, "radial artery": 29.462, "radial collateral artery": 24.325, "radial veins": 36.691, "random artery 1": 1.984, "random artery 2": 32.771, "ulnar artery": 29.462, "ulnar veins": 36.726, "anterior branch of medial antebrachial cutaneous nerve": 31.573, "anterior interosseous nerve of forearm": 29.859, "deep branch of radial nerve": 26.888, "lateral antebrachial cutaneous nerve": 26.652, "median nerve": 27.524, "muscular branches of radial nerve": 12.767, "musculocutaneous nerve": 23.097, "posterior antebrachial cutaneous nerve": 25.13, "posterior branch of medial antebrachial cutaneous nerve": 7.946, "radial nerve": 25.193, "superficial branch of radial nerve": 27.073, "ulnar nerve": 0.14}, "angle_PA_target": 5.353, "distance_P1_PA_target": 11.525, "distance_P1_PA_target_X": 8.191, "distance_P1_PA_target_Y": -2.932, "distance_P1_PA_target_Z": -7.559, "distance_P2_PA_target": 7.792, "distance_P2_PA_target_X": 0.978, "distance_P2_PA_target_Y": -7.696, "distance_P2_PA_target_Z": -0.725, "distance_P2e_PA_target": 7.612, "distance_P2e_PA_target_X": 1.204, "distance_P2e_PA_target_Y": -7.395, "distance_P2e_PA_target_Z": -1.347, "delta_id_PA_target": -9.125}|
2024-01-31 15:33:45,346 - [ DEBUG] - TECHNICAL:	 want to remeasure P1? [Y/N]: 	|n|
2024-01-31 15:33:45,667 - [ DEBUG] - TECHNICAL:	 want to remeasure P2? [Y/N]: 	|n|
2024-01-31 15:33:47,679 - [ DEBUG] - TECHNICAL:	 comment on PA (7c49cfc489) [STRING]: 	||
2024-01-31 15:33:47,679 - [  INFO] - PA1.1 FINISHED!
2024-01-31 15:33:47,680 - [  INFO] - DATA COLLECTION - ECP1 - (8bd7516a)
2024-01-31 15:34:00,691 - [ DEBUG] - |-- ease of placement [0 difficult - 5 easy]: 	|5|
2024-01-31 15:34:00,692 - [  INFO] - ########################
2024-01-31 15:34:00,693 - [  INFO] - ECP2 START! (795e8dd6)
2024-01-31 15:34:00,694 - [  INFO] - ------------------------
2024-01-31 15:34:00,695 - [  INFO] - PA2.1 START! (a9ecd0a44a)
2024-01-31 15:34:01,603 - [ DEBUG] - PERFORM:	 reset x-ray machine [ENTER when done]: 	||
2024-01-31 15:34:37,730 - [ DEBUG] - PERFORM:	 give instruction to insert k-wire [ENTER when instruction given]: 	||
2024-01-31 15:35:25,549 - [ DEBUG] - CANDIDATE:	 inserting k-wire... -> checks it and declares it failed [f] or successful [s] (restart timer [r]): 	|r|
2024-01-31 15:35:25,549 - [  INFO] - \_restart timer!
2024-01-31 15:36:09,500 - [ DEBUG] - CANDIDATE:	 inserting k-wire... -> checks it and declares it failed [f] or successful [s] (restart timer [r]): 	|r|
2024-01-31 15:36:09,501 - [  INFO] - \_restart timer!
2024-01-31 15:37:38,653 - [ DEBUG] - CANDIDATE:	 inserting k-wire... -> checks it and declares it failed [f] or successful [s] (restart timer [r]): 	|r|
2024-01-31 15:37:38,653 - [  INFO] - \_restart timer!
2024-01-31 15:38:18,743 - [ DEBUG] - CANDIDATE:	 inserting k-wire... -> checks it and declares it failed [f] or successful [s] (restart timer [r]): 	|r|
2024-01-31 15:38:18,743 - [  INFO] - \_restart timer!
2024-01-31 15:40:09,867 - [ DEBUG] - CANDIDATE:	 inserting k-wire... -> checks it and declares it failed [f] or successful [s] (restart timer [r]): 	|s|
2024-01-31 15:40:09,867 - [  INFO] - \_candidate has performed SUCCESSFUL positioning attempt!
2024-01-31 15:40:09,868 - [  INFO] - DATA COLLECTION - PA2.1 - (a9ecd0a44a)
2024-01-31 15:40:30,644 - [ DEBUG] - |-- RADIATION picture count       [INT]  : 	|1|
2024-01-31 15:42:00,691 - [ DEBUG] - |-- P1M:3 [FLOAT]: 	|61.74|
2024-01-31 15:42:22,657 - [ DEBUG] - |-- P1M:4 [FLOAT]: 	|37.50|
2024-01-31 15:42:50,855 - [ DEBUG] - |-- P1M:8 [FLOAT]: 	|115.46|
2024-01-31 15:43:07,831 - [ DEBUG] - |-- P1M:9 [FLOAT]: 	|104.68|
2024-01-31 15:43:36,893 - [ DEBUG] - |-- P2M:3 [FLOAT]: 	|63.19|
2024-01-31 15:43:51,221 - [ DEBUG] - |-- P2M:4 [FLOAT]: 	|53.37|
2024-01-31 15:44:04,140 - [ DEBUG] - |-- P2M:8 [FLOAT]: 	|74.47|
2024-01-31 15:44:25,795 - [ DEBUG] - |-- P2M:9 [FLOAT]: 	|67.20|
2024-01-31 15:44:37,481 - [ DEBUG] - |-- P1M:3 virtual [FLOAT]: 	|62.989|
2024-01-31 15:44:37,481 - [ DEBUG] - |-- P1M:4 virtual [FLOAT]: 	|37.121|
2024-01-31 15:44:37,482 - [ DEBUG] - |-- P1M:8 virtual [FLOAT]: 	|117.501|
2024-01-31 15:44:37,483 - [ DEBUG] - |-- P1M:9 virtual [FLOAT]: 	|106.790|
2024-01-31 15:44:37,483 - [ DEBUG] - |-- P2M:3 virtual [FLOAT]: 	|64.055|
2024-01-31 15:44:37,484 - [ DEBUG] - |-- P2M:4 virtual [FLOAT]: 	|60.469|
2024-01-31 15:44:37,494 - [ DEBUG] - |-- P2M:8 virtual [FLOAT]: 	|67.135|
2024-01-31 15:44:40,941 - [ DEBUG] - |-- P2M:9 virtual [FLOAT]: 	|62.600|
2024-01-31 15:44:55,657 - [ DEBUG] - |-- CANDIDATE: confidence on entrance position in mm? [FLOAT]: 	|1|
2024-01-31 15:45:10,624 - [ DEBUG] - |-- CANDIDATE: confidence on angle in deg? [FLOAT]:            	|5|
2024-01-31 15:45:17,749 - [ DEBUG] - |-- CANDIDATE: estimate structures hit [Y/N]?:                 	|n|
2024-01-31 15:45:19,776 - [ DEBUG] - TECHNICAL:	 is data entered correct? [Y/N]: 	|y|
2024-01-31 15:45:19,780 - [  INFO] - PERFORM:	 test following string on fusion 360 (already copied in clipboard) -> 
{"datatype": "PA", "TEST_id": "2ce811", "ECP_id": "795e8dd6", "id": "a9ecd0a44a", "comment": "", "time_init": 1706711898.74, "phase": 1, "ECP_number": 2, "PA_number": 1, "success": true, "PA_D": -1.0, "PA_RPC": 1, "P1A": 60.940000000000005, "P1B": 36.7, "P1C": 114.66, "P1D": 103.88000000000001, "P2A": 62.39, "P2B": 52.57, "P2C": 73.67, "P2D": 66.4, "P1A_F": -1.0, "P1B_F": -1.0, "P1C_F": -1.0, "P1D_F": -1.0, "P2A_F": -1.0, "P2B_F": -1.0, "P2C_F": -1.0, "P2D_F": -1.0, "P2eA": -1.0, "P2eB": -1.0, "P2eC": -1.0, "P2eD": -1.0, "P1A_U": 62.989, "P1B_U": 37.121, "P1C_U": 117.501, "P1D_U": 106.79, "P2eA_U": 64.055, "P2eB_U": 60.469, "P2eC_U": 67.135, "P2eD_U": 62.6, "P1_mean_max": 1.0, "P1_mean": -1.0, "P2_mean_max": 2.0, "P2_mean": -1.0, "confidence_position": 1.0, "confidence_angle": 5.0, "estimate_hit": false, "target": "ECP:2", "markers": {"A": "M:3", "B": "M:4", "C": "M:8", "D": "M:9"}, "fusion_computed": false, "anatomy": {"basilic vein": -1.0, "brachial artery": -1.0, "brachial vein": -1.0, "cephalic vein": -1.0, "inferior ulnar collateral artery": -1.0, "median antebrachial vein": -1.0, "median cubital vein": -1.0, "median cubital vein 1": -1.0, "middle collateral artery": -1.0, "radial artery": -1.0, "radial collateral artery": -1.0, "radial veins": -1.0, "random artery 1": -1.0, "random artery 2": -1.0, "ulnar artery": -1.0, "ulnar veins": -1.0, "anterior branch of medial antebrachial cutaneous nerve": -1.0, "anterior interosseous nerve of forearm": -1.0, "deep branch of radial nerve": -1.0, "lateral antebrachial cutaneous nerve": -1.0, "median nerve": -1.0, "muscular branches of radial nerve": -1.0, "musculocutaneous nerve": -1.0, "posterior antebrachial cutaneous nerve": -1.0, "posterior branch of medial antebrachial cutaneous nerve": -1.0, "radial nerve": -1.0, "superficial branch of radial nerve": -1.0, "ulnar nerve": -1.0}, "angle_PA_target": -1.0, "distance_P1_PA_target": -1.0, "distance_P1_PA_target_X": -1.0, "distance_P1_PA_target_Y": -1.0, "distance_P1_PA_target_Z": -1.0, "distance_P2_PA_target": -1.0, "distance_P2_PA_target_X": -1.0, "distance_P2_PA_target_Y": -1.0, "distance_P2_PA_target_Z": -1.0, "distance_P2e_PA_target": -1.0, "distance_P2e_PA_target_X": -1.0, "distance_P2e_PA_target_Y": -1.0, "distance_P2e_PA_target_Z": -1.0, "delta_id_PA_target": -1.0}
2024-01-31 15:46:20,093 - [ DEBUG] - PERFORM:	 enter data from fusion 360: 	|{"datatype": "PA", "TEST_id": "2ce811", "ECP_id": "795e8dd6", "id": "a9ecd0a44a", "comment": "", "time_init": 1706711898.74, "phase": 1, "ECP_number": 2, "PA_number": 1, "success": true, "PA_D": -1.0, "PA_RPC": 1, "P1A": 60.940000000000005, "P1B": 36.7, "P1C": 114.66, "P1D": 103.88000000000001, "P2A": 62.39, "P2B": 52.57, "P2C": 73.67, "P2D": 66.4, "P1A_F": 60.862, "P1B_F": 36.832, "P1C_F": 114.696, "P1D_F": 103.839, "P2A_F": 62.563, "P2B_F": 53.488, "P2C_F": 74.458, "P2D_F": 66.595, "P2eA": 60.862, "P2eB": 36.832, "P2eC": 114.696, "P2eD": 103.839, "P1A_U": 62.989, "P1B_U": 37.121, "P1C_U": 117.501, "P1D_U": 106.79, "P2eA_U": 64.055, "P2eB_U": 60.469, "P2eC_U": 67.135, "P2eD_U": 62.6, "P1_mean_max": 1.0, "P1_mean": 0.326, "P2_mean_max": 2.0, "P2_mean": 1.046, "confidence_position": 1.0, "confidence_angle": 5.0, "estimate_hit": false, "target": "ECP:2", "markers": {"A": "M:3", "B": "M:4", "C": "M:8", "D": "M:9"}, "fusion_computed": true, "anatomy": {"basilic vein": 47.867, "brachial artery": 44.992, "brachial vein": 45.462, "cephalic vein": 36.064, "inferior ulnar collateral artery": 41.002, "median antebrachial vein": 65.935, "median cubital vein": 48.623, "median cubital vein 1": 52.588, "middle collateral artery": 5.779, "radial artery": 57.857, "radial collateral artery": 9.524, "radial veins": 64.549, "random artery 1": 30.589, "random artery 2": 51.811, "ulnar artery": 57.857, "ulnar veins": 64.591, "anterior branch of medial antebrachial cutaneous nerve": 56.043, "anterior interosseous nerve of forearm": 57.78, "deep branch of radial nerve": 56.49, "lateral antebrachial cutaneous nerve": 54.837, "median nerve": 53.149, "muscular branches of radial nerve": 1.665, "musculocutaneous nerve": 34.868, "posterior antebrachial cutaneous nerve": 45.284, "posterior branch of medial antebrachial cutaneous nerve": 47.192, "radial nerve": 30.102, "superficial branch of radial nerve": 56.724, "ulnar nerve": 39.342}, "angle_PA_target": 85.492, "distance_P1_PA_target": 69.805, "distance_P1_PA_target_X": 1.089, "distance_P1_PA_target_Y": 37.57, "distance_P1_PA_target_Z": 58.822, "distance_P2_PA_target": 12.193, "distance_P2_PA_target_X": -7.333, "distance_P2_PA_target_Y": 4.694, "distance_P2_PA_target_Z": 8.535, "distance_P2e_PA_target": 51.821, "distance_P2e_PA_target_X": 27.198, "distance_P2e_PA_target_Y": 12.258, "distance_P2e_PA_target_Z": 42.372, "delta_id_PA_target": 39.912}|
2024-01-31 15:46:21,764 - [ DEBUG] - TECHNICAL:	 want to remeasure P1? [Y/N]: 	|y|
2024-01-31 15:47:01,411 - [ DEBUG] - |-- P1M:3 [FLOAT]: 	|61.93|
2024-01-31 15:47:37,277 - [ DEBUG] - |-- P1M:4 [FLOAT]: 	|37.07|
2024-01-31 15:47:57,785 - [ DEBUG] - |-- P1M:8 [FLOAT]: 	|115.28|
2024-01-31 15:48:18,670 - [ DEBUG] - |-- P1M:9 [FLOAT]: 	|104.46|
2024-01-31 15:48:18,673 - [  INFO] - PERFORM:	 test following string on fusion 360 (already copied in clipboard) -> 
{"datatype": "PA", "TEST_id": "2ce811", "ECP_id": "795e8dd6", "id": "a9ecd0a44a", "comment": "", "time_init": 1706711898.74, "phase": 1, "ECP_number": 2, "PA_number": 1, "success": true, "PA_D": -1.0, "PA_RPC": 1, "P1A": 61.93, "P1B": 37.07, "P1C": 115.28, "P1D": 104.46, "P2A": 62.39, "P2B": 52.57, "P2C": 73.67, "P2D": 66.4, "P1A_F": 60.862, "P1B_F": 36.832, "P1C_F": 114.696, "P1D_F": 103.839, "P2A_F": 62.563, "P2B_F": 53.488, "P2C_F": 74.458, "P2D_F": 66.595, "P2eA": 60.862, "P2eB": 36.832, "P2eC": 114.696, "P2eD": 103.839, "P1A_U": 62.989, "P1B_U": 37.121, "P1C_U": 117.501, "P1D_U": 106.79, "P2eA_U": 64.055, "P2eB_U": 60.469, "P2eC_U": 67.135, "P2eD_U": 62.6, "P1_mean_max": 1.0, "P1_mean": 0.326, "P2_mean_max": 2.0, "P2_mean": 1.046, "confidence_position": 1.0, "confidence_angle": 5.0, "estimate_hit": false, "target": "ECP:2", "markers": {"A": "M:3", "B": "M:4", "C": "M:8", "D": "M:9"}, "fusion_computed": true, "anatomy": {"basilic vein": 47.867, "brachial artery": 44.992, "brachial vein": 45.462, "cephalic vein": 36.064, "inferior ulnar collateral artery": 41.002, "median antebrachial vein": 65.935, "median cubital vein": 48.623, "median cubital vein 1": 52.588, "middle collateral artery": 5.779, "radial artery": 57.857, "radial collateral artery": 9.524, "radial veins": 64.549, "random artery 1": 30.589, "random artery 2": 51.811, "ulnar artery": 57.857, "ulnar veins": 64.591, "anterior branch of medial antebrachial cutaneous nerve": 56.043, "anterior interosseous nerve of forearm": 57.78, "deep branch of radial nerve": 56.49, "lateral antebrachial cutaneous nerve": 54.837, "median nerve": 53.149, "muscular branches of radial nerve": 1.665, "musculocutaneous nerve": 34.868, "posterior antebrachial cutaneous nerve": 45.284, "posterior branch of medial antebrachial cutaneous nerve": 47.192, "radial nerve": 30.102, "superficial branch of radial nerve": 56.724, "ulnar nerve": 39.342}, "angle_PA_target": 85.492, "distance_P1_PA_target": 69.805, "distance_P1_PA_target_X": 1.089, "distance_P1_PA_target_Y": 37.57, "distance_P1_PA_target_Z": 58.822, "distance_P2_PA_target": 12.193, "distance_P2_PA_target_X": -7.333, "distance_P2_PA_target_Y": 4.694, "distance_P2_PA_target_Z": 8.535, "distance_P2e_PA_target": 51.821, "distance_P2e_PA_target_X": 27.198, "distance_P2e_PA_target_Y": 12.258, "distance_P2e_PA_target_Z": 42.372, "delta_id_PA_target": 39.912}
2024-01-31 15:49:26,988 - [ DEBUG] - PERFORM:	 enter data from fusion 360: 	|{"datatype": "PA", "TEST_id": "2ce811", "ECP_id": "795e8dd6", "id": "a9ecd0a44a", "comment": "", "time_init": 1706711898.74, "phase": 1, "ECP_number": 2, "PA_number": 1, "success": true, "PA_D": -1.0, "PA_RPC": 1, "P1A": 61.93, "P1B": 37.07, "P1C": 115.28, "P1D": 104.46, "P2A": 62.39, "P2B": 52.57, "P2C": 73.67, "P2D": 66.4, "P1A_F": 62.121, "P1B_F": 36.744, "P1C_F": 115.182, "P1D_F": 104.562, "P2A_F": 62.563, "P2B_F": 53.488, "P2C_F": 74.458, "P2D_F": 66.595, "P2eA": 59.196, "P2eB": 45.855, "P2eC": 83.637, "P2eD": 74.786, "P1A_U": 62.989, "P1B_U": 37.121, "P1C_U": 117.501, "P1D_U": 106.79, "P2eA_U": 64.055, "P2eB_U": 60.469, "P2eC_U": 67.135, "P2eD_U": 62.6, "P1_mean_max": 1.0, "P1_mean": 0.818, "P2_mean_max": 2.0, "P2_mean": 1.046, "confidence_position": 1.0, "confidence_angle": 5.0, "estimate_hit": false, "target": "ECP:2", "markers": {"A": "M:3", "B": "M:4", "C": "M:8", "D": "M:9"}, "fusion_computed": true, "anatomy": {"basilic vein": 29.461, "brachial artery": 22.823, "brachial vein": 11.731, "cephalic vein": 27.556, "inferior ulnar collateral artery": 13.425, "median antebrachial vein": 28.451, "median cubital vein": 35.038, "median cubital vein 1": 18.949, "middle collateral artery": 11.797, "radial artery": 13.686, "radial collateral artery": 27.739, "radial veins": 11.649, "random artery 1": 15.643, "random artery 2": 8.865, "ulnar artery": 6.643, "ulnar veins": 11.29, "anterior branch of medial antebrachial cutaneous nerve": 25.13, "anterior interosseous nerve of forearm": 6.372, "deep branch of radial nerve": 24.859, "lateral antebrachial cutaneous nerve": 21.225, "median nerve": 9.835, "muscular branches of radial nerve": 14.841, "musculocutaneous nerve": 22.704, "posterior antebrachial cutaneous nerve": 33.698, "posterior branch of medial antebrachial cutaneous nerve": 30.493, "radial nerve": 26.387, "superficial branch of radial nerve": 23.233, "ulnar nerve": 30.076}, "angle_PA_target": 7.804, "distance_P1_PA_target": 12.004, "distance_P1_PA_target_X": -2.926, "distance_P1_PA_target_Y": -2.595, "distance_P1_PA_target_Z": 11.349, "distance_P2_PA_target": 12.193, "distance_P2_PA_target_X": -7.333, "distance_P2_PA_target_Y": 4.694, "distance_P2_PA_target_Z": 8.535, "distance_P2e_PA_target": 6.12, "distance_P2e_PA_target_X": -0.031, "distance_P2e_PA_target_Y": -3.107, "distance_P2e_PA_target_Z": 5.272, "delta_id_PA_target": 4.393}|
2024-01-31 15:49:27,864 - [ DEBUG] - TECHNICAL:	 want to remeasure P1? [Y/N]: 	|n|
2024-01-31 15:49:28,141 - [ DEBUG] - TECHNICAL:	 want to remeasure P2? [Y/N]: 	|n|
2024-01-31 15:49:28,845 - [ DEBUG] - TECHNICAL:	 comment on PA (a9ecd0a44a) [STRING]: 	||
2024-01-31 15:49:28,845 - [  INFO] - PA2.1 FINISHED!
2024-01-31 15:49:28,846 - [  INFO] - DATA COLLECTION - ECP2 - (795e8dd6)
2024-01-31 15:49:36,290 - [ DEBUG] - |-- ease of placement [0 difficult - 5 easy]: 	|4|
2024-01-31 15:49:36,292 - [  INFO] - ########################
2024-01-31 15:49:36,292 - [  INFO] - ECP3 START! (503147a2)
2024-01-31 15:49:36,292 - [  INFO] - ------------------------
2024-01-31 15:49:36,293 - [  INFO] - PA3.1 START! (57430db274)
2024-01-31 15:49:37,309 - [ DEBUG] - PERFORM:	 reset x-ray machine [ENTER when done]: 	||
2024-01-31 15:50:16,852 - [ DEBUG] - PERFORM:	 give instruction to insert k-wire [ENTER when instruction given]: 	||
2024-01-31 15:51:44,373 - [ DEBUG] - CANDIDATE:	 inserting k-wire... -> checks it and declares it failed [f] or successful [s] (restart timer [r]): 	|s|
2024-01-31 15:51:44,373 - [  INFO] - \_candidate has performed SUCCESSFUL positioning attempt!
2024-01-31 15:51:44,374 - [  INFO] - DATA COLLECTION - PA3.1 - (57430db274)
2024-01-31 15:52:39,786 - [ DEBUG] - |-- RADIATION picture count       [INT]  : 	|0|
2024-01-31 15:53:45,931 - [ DEBUG] - |-- P1M:2 [FLOAT]: 	|112.96|
2024-01-31 15:54:15,114 - [ DEBUG] - |-- P1M:3 [FLOAT]: 	|95.15|
2024-01-31 15:55:33,801 - [ DEBUG] - |-- P1M:7 [FLOAT]: 	|92.07|
2024-01-31 15:55:36,970 - [ DEBUG] - |-- P1M:8 [FLOAT]: 	|74.65|
2024-01-31 15:56:28,916 - [ DEBUG] - |-- P2M:2 [FLOAT]: 	|70.40|
2024-01-31 15:56:48,430 - [ DEBUG] - |-- P2M:3 [FLOAT]: 	|55.14|
2024-01-31 15:57:38,447 - [ DEBUG] - |-- P2M:7 [FLOAT]: 	|78.82|
2024-01-31 15:57:47,671 - [ DEBUG] - |-- P2M:8 [FLOAT]: 	|66.46|
2024-01-31 15:58:45,342 - [ DEBUG] - |-- P1M:2 virtual [FLOAT]: 	|114.014|
2024-01-31 15:58:45,343 - [ DEBUG] - |-- P1M:3 virtual [FLOAT]: 	|95.757|
2024-01-31 15:58:45,344 - [ DEBUG] - |-- P1M:7 virtual [FLOAT]: 	|98.534|
2024-01-31 15:58:45,345 - [ DEBUG] - |-- P1M:8 virtual [FLOAT]: 	|79.414|
2024-01-31 15:58:45,346 - [ DEBUG] - |-- P2M:2 virtual [FLOAT]: 	|75.499|
2024-01-31 15:58:45,347 - [ DEBUG] - |-- P2M:3 virtual [FLOAT]: 	|60.053|
2024-01-31 15:58:45,347 - [ DEBUG] - |-- P2M:7 virtual [FLOAT]: 	|78.571|
2024-01-31 15:58:46,031 - [ DEBUG] - |-- P2M:8 virtual [FLOAT]: 	|62.338|
2024-01-31 15:59:09,528 - [ DEBUG] - |-- CANDIDATE: confidence on entrance position in mm? [FLOAT]: 	|4|
2024-01-31 15:59:10,916 - [ DEBUG] - |-- CANDIDATE: confidence on angle in deg? [FLOAT]:            	|30|
2024-01-31 15:59:15,112 - [ DEBUG] - |-- CANDIDATE: estimate structures hit [Y/N]?:                 	|n|
2024-01-31 15:59:17,642 - [ DEBUG] - TECHNICAL:	 is data entered correct? [Y/N]: 	|y|
2024-01-31 15:59:17,645 - [  INFO] - PERFORM:	 test following string on fusion 360 (already copied in clipboard) -> 
{"datatype": "PA", "TEST_id": "2ce811", "ECP_id": "503147a2", "id": "57430db274", "comment": "", "time_init": 1706712616.85, "phase": 1, "ECP_number": 3, "PA_number": 1, "success": true, "PA_D": -1.0, "PA_RPC": 0, "P1A": 112.16, "P1B": 94.35000000000001, "P1C": 91.27, "P1D": 73.85000000000001, "P2A": 69.60000000000001, "P2B": 54.34, "P2C": 78.02, "P2D": 65.66, "P1A_F": -1.0, "P1B_F": -1.0, "P1C_F": -1.0, "P1D_F": -1.0, "P2A_F": -1.0, "P2B_F": -1.0, "P2C_F": -1.0, "P2D_F": -1.0, "P2eA": -1.0, "P2eB": -1.0, "P2eC": -1.0, "P2eD": -1.0, "P1A_U": 114.014, "P1B_U": 95.757, "P1C_U": 98.534, "P1D_U": 79.414, "P2eA_U": 75.499, "P2eB_U": 60.053, "P2eC_U": 78.571, "P2eD_U": 62.338, "P1_mean_max": 1.0, "P1_mean": -1.0, "P2_mean_max": 2.0, "P2_mean": -1.0, "confidence_position": 4.0, "confidence_angle": 30.0, "estimate_hit": false, "target": "ECP:3", "markers": {"A": "M:2", "B": "M:3", "C": "M:7", "D": "M:8"}, "fusion_computed": false, "anatomy": {"basilic vein": -1.0, "brachial artery": -1.0, "brachial vein": -1.0, "cephalic vein": -1.0, "inferior ulnar collateral artery": -1.0, "median antebrachial vein": -1.0, "median cubital vein": -1.0, "median cubital vein 1": -1.0, "middle collateral artery": -1.0, "radial artery": -1.0, "radial collateral artery": -1.0, "radial veins": -1.0, "random artery 1": -1.0, "random artery 2": -1.0, "ulnar artery": -1.0, "ulnar veins": -1.0, "anterior branch of medial antebrachial cutaneous nerve": -1.0, "anterior interosseous nerve of forearm": -1.0, "deep branch of radial nerve": -1.0, "lateral antebrachial cutaneous nerve": -1.0, "median nerve": -1.0, "muscular branches of radial nerve": -1.0, "musculocutaneous nerve": -1.0, "posterior antebrachial cutaneous nerve": -1.0, "posterior branch of medial antebrachial cutaneous nerve": -1.0, "radial nerve": -1.0, "superficial branch of radial nerve": -1.0, "ulnar nerve": -1.0}, "angle_PA_target": -1.0, "distance_P1_PA_target": -1.0, "distance_P1_PA_target_X": -1.0, "distance_P1_PA_target_Y": -1.0, "distance_P1_PA_target_Z": -1.0, "distance_P2_PA_target": -1.0, "distance_P2_PA_target_X": -1.0, "distance_P2_PA_target_Y": -1.0, "distance_P2_PA_target_Z": -1.0, "distance_P2e_PA_target": -1.0, "distance_P2e_PA_target_X": -1.0, "distance_P2e_PA_target_Y": -1.0, "distance_P2e_PA_target_Z": -1.0, "delta_id_PA_target": -1.0}
2024-01-31 15:59:31,246 - [ DEBUG] - PERFORM:	 enter data from fusion 360: 	|{"datatype": "PA", "TEST_id": "2ce811", "ECP_id": "503147a2", "id": "57430db274", "comment": "", "time_init": 1706712616.85, "phase": 1, "ECP_number": 3, "PA_number": 1, "success": true, "PA_D": -1.0, "PA_RPC": 0, "P1A": 112.16, "P1B": 94.35000000000001, "P1C": 91.27, "P1D": 73.85000000000001, "P2A": 69.60000000000001, "P2B": 54.34, "P2C": 78.02, "P2D": 65.66, "P1A_F": 111.621, "P1B_F": 94.909, "P1C_F": 91.818, "P1D_F": 73.029, "P2A_F": 69.681, "P2B_F": 55.161, "P2C_F": 78.761, "P2D_F": 65.741, "P2eA": 70.538, "P2eB": 55.815, "P2eC": 78.532, "P2eD": 65.196, "P1A_U": 114.014, "P1B_U": 95.757, "P1C_U": 98.534, "P1D_U": 79.414, "P2eA_U": 75.499, "P2eB_U": 60.053, "P2eC_U": 78.571, "P2eD_U": 62.338, "P1_mean_max": 1.0, "P1_mean": 2.598, "P2_mean_max": 2.0, "P2_mean": 1.69, "confidence_position": 4.0, "confidence_angle": 30.0, "estimate_hit": false, "target": "ECP:3", "markers": {"A": "M:2", "B": "M:3", "C": "M:7", "D": "M:8"}, "fusion_computed": true, "anatomy": {"basilic vein": 22.647, "brachial artery": 25.447, "brachial vein": 23.055, "cephalic vein": 29.831, "inferior ulnar collateral artery": 25.036, "median antebrachial vein": 36.925, "median cubital vein": 24.027, "median cubital vein 1": 30.944, "middle collateral artery": 9.053, "radial artery": 40.693, "radial collateral artery": 16.912, "radial veins": 53.086, "random artery 1": 1.111, "random artery 2": 35.555, "ulnar artery": 40.693, "ulnar veins": 53.082, "anterior branch of medial antebrachial cutaneous nerve": 31.318, "anterior interosseous nerve of forearm": 36.295, "deep branch of radial nerve": 41.91, "lateral antebrachial cutaneous nerve": 37.54, "median nerve": 27.622, "muscular branches of radial nerve": 13.235, "musculocutaneous nerve": 22.286, "posterior antebrachial cutaneous nerve": 30.345, "posterior branch of medial antebrachial cutaneous nerve": 7.547, "radial nerve": 29.559, "superficial branch of radial nerve": 42.118, "ulnar nerve": 0.0}, "angle_PA_target": 21.269, "distance_P1_PA_target": 25.873, "distance_P1_PA_target_X": 16.721, "distance_P1_PA_target_Y": -1.059, "distance_P1_PA_target_Z": -19.715, "distance_P2_PA_target": 11.308, "distance_P2_PA_target_X": 7.789, "distance_P2_PA_target_Y": -8.042, "distance_P2_PA_target_Z": 1.586, "distance_P2e_PA_target": 10.343, "distance_P2e_PA_target_X": 7.172, "distance_P2e_PA_target_Y": -7.453, "distance_P2e_PA_target_Z": 0.074, "delta_id_PA_target": -12.935}|
2024-01-31 15:59:31,246 - [  INFO] - TECHNICAL:	 ATTENTION: P1 measurement error is above max allowed! Please take measurement again:
2024-01-31 16:00:04,773 - [ DEBUG] - |-- P1M:2 [FLOAT]: 	|112.67|
2024-01-31 16:00:29,722 - [ DEBUG] - |-- P1M:3 [FLOAT]: 	|95.11|
2024-01-31 16:00:52,365 - [ DEBUG] - |-- P1M:7 [FLOAT]: 	|92.17|
2024-01-31 16:01:15,889 - [ DEBUG] - |-- P1M:8 [FLOAT]: 	|74.86|
2024-01-31 16:01:15,891 - [  INFO] - PERFORM:	 test following string on fusion 360 (already copied in clipboard) -> 
{"datatype": "PA", "TEST_id": "2ce811", "ECP_id": "503147a2", "id": "57430db274", "comment": "", "time_init": 1706712616.85, "phase": 1, "ECP_number": 3, "PA_number": 1, "success": true, "PA_D": -1.0, "PA_RPC": 0, "P1A": 112.67, "P1B": 95.11, "P1C": 92.17, "P1D": 74.86, "P2A": 69.60000000000001, "P2B": 54.34, "P2C": 78.02, "P2D": 65.66, "P1A_F": 111.621, "P1B_F": 94.909, "P1C_F": 91.818, "P1D_F": 73.029, "P2A_F": 69.681, "P2B_F": 55.161, "P2C_F": 78.761, "P2D_F": 65.741, "P2eA": 70.538, "P2eB": 55.815, "P2eC": 78.532, "P2eD": 65.196, "P1A_U": 114.014, "P1B_U": 95.757, "P1C_U": 98.534, "P1D_U": 79.414, "P2eA_U": 75.499, "P2eB_U": 60.053, "P2eC_U": 78.571, "P2eD_U": 62.338, "P1_mean_max": 1.0, "P1_mean": 2.598, "P2_mean_max": 2.0, "P2_mean": 1.69, "confidence_position": 4.0, "confidence_angle": 30.0, "estimate_hit": false, "target": "ECP:3", "markers": {"A": "M:2", "B": "M:3", "C": "M:7", "D": "M:8"}, "fusion_computed": true, "anatomy": {"basilic vein": 22.647, "brachial artery": 25.447, "brachial vein": 23.055, "cephalic vein": 29.831, "inferior ulnar collateral artery": 25.036, "median antebrachial vein": 36.925, "median cubital vein": 24.027, "median cubital vein 1": 30.944, "middle collateral artery": 9.053, "radial artery": 40.693, "radial collateral artery": 16.912, "radial veins": 53.086, "random artery 1": 1.111, "random artery 2": 35.555, "ulnar artery": 40.693, "ulnar veins": 53.082, "anterior branch of medial antebrachial cutaneous nerve": 31.318, "anterior interosseous nerve of forearm": 36.295, "deep branch of radial nerve": 41.91, "lateral antebrachial cutaneous nerve": 37.54, "median nerve": 27.622, "muscular branches of radial nerve": 13.235, "musculocutaneous nerve": 22.286, "posterior antebrachial cutaneous nerve": 30.345, "posterior branch of medial antebrachial cutaneous nerve": 7.547, "radial nerve": 29.559, "superficial branch of radial nerve": 42.118, "ulnar nerve": 0.0}, "angle_PA_target": 21.269, "distance_P1_PA_target": 25.873, "distance_P1_PA_target_X": 16.721, "distance_P1_PA_target_Y": -1.059, "distance_P1_PA_target_Z": -19.715, "distance_P2_PA_target": 11.308, "distance_P2_PA_target_X": 7.789, "distance_P2_PA_target_Y": -8.042, "distance_P2_PA_target_Z": 1.586, "distance_P2e_PA_target": 10.343, "distance_P2e_PA_target_X": 7.172, "distance_P2e_PA_target_Y": -7.453, "distance_P2e_PA_target_Z": 0.074, "delta_id_PA_target": -12.935}
2024-01-31 16:02:13,651 - [ DEBUG] - PERFORM:	 enter data from fusion 360: 	|{"datatype": "PA", "TEST_id": "2ce811", "ECP_id": "503147a2", "id": "57430db274", "comment": "", "time_init": 1706712616.85, "phase": 1, "ECP_number": 3, "PA_number": 1, "success": true, "PA_D": -1.0, "PA_RPC": 0, "P1A": 112.67, "P1B": 95.11, "P1C": 92.17, "P1D": 74.86, "P2A": 69.60000000000001, "P2B": 54.34, "P2C": 78.02, "P2D": 65.66, "P1A_F": 112.202, "P1B_F": 95.602, "P1C_F": 92.652, "P1D_F": 74.155, "P2A_F": 69.681, "P2B_F": 55.161, "P2C_F": 78.761, "P2D_F": 65.741, "P2eA": 70.517, "P2eB": 55.8, "P2eC": 78.541, "P2eD": 65.216, "P1A_U": 114.014, "P1B_U": 95.757, "P1C_U": 98.534, "P1D_U": 79.414, "P2eA_U": 75.499, "P2eB_U": 60.053, "P2eC_U": 78.571, "P2eD_U": 62.338, "P1_mean_max": 1.0, "P1_mean": -2.268, "P2_mean_max": 2.0, "P2_mean": 1.69, "confidence_position": 4.0, "confidence_angle": 30.0, "estimate_hit": false, "target": "ECP:3", "markers": {"A": "M:2", "B": "M:3", "C": "M:7", "D": "M:8"}, "fusion_computed": true, "anatomy": {"basilic vein": 22.804, "brachial artery": 25.618, "brachial vein": 23.179, "cephalic vein": 30.542, "inferior ulnar collateral artery": 24.961, "median antebrachial vein": 36.946, "median cubital vein": 24.244, "median cubital vein 1": 30.989, "middle collateral artery": 9.094, "radial artery": 40.566, "radial collateral artery": 17.991, "radial veins": 52.922, "random artery 1": 1.044, "random artery 2": 35.536, "ulnar artery": 40.566, "ulnar veins": 52.915, "anterior branch of medial antebrachial cutaneous nerve": 31.458, "anterior interosseous nerve of forearm": 36.241, "deep branch of radial nerve": 41.711, "lateral antebrachial cutaneous nerve": 37.411, "median nerve": 27.751, "muscular branches of radial nerve": 13.644, "musculocutaneous nerve": 22.558, "posterior antebrachial cutaneous nerve": 30.613, "posterior branch of medial antebrachial cutaneous nerve": 7.544, "radial nerve": 30.1, "superficial branch of radial nerve": 41.924, "ulnar nerve": 0.0}, "angle_PA_target": 21.806, "distance_P1_PA_target": 26.762, "distance_P1_PA_target_X": 16.879, "distance_P1_PA_target_Y": -0.294, "distance_P1_PA_target_Z": -20.765, "distance_P2_PA_target": 11.308, "distance_P2_PA_target_X": 7.789, "distance_P2_PA_target_Y": -8.042, "distance_P2_PA_target_Z": 1.586, "distance_P2e_PA_target": 10.351, "distance_P2e_PA_target_X": 7.191, "distance_P2e_PA_target_Y": -7.445, "distance_P2e_PA_target_Z": 0.08, "delta_id_PA_target": -14.066}|
2024-01-31 16:02:14,639 - [ DEBUG] - TECHNICAL:	 want to remeasure P1? [Y/N]: 	|n|
2024-01-31 16:02:15,225 - [ DEBUG] - TECHNICAL:	 want to remeasure P2? [Y/N]: 	|n|
2024-01-31 16:02:34,521 - [ DEBUG] - TECHNICAL:	 comment on PA (57430db274) [STRING]: 	|error p1 measurement manually disabled|
2024-01-31 16:02:34,521 - [  INFO] - PA3.1 FINISHED!
2024-01-31 16:02:34,521 - [  INFO] - DATA COLLECTION - ECP3 - (503147a2)
2024-01-31 16:02:44,971 - [ DEBUG] - |-- ease of placement [0 difficult - 5 easy]: 	|3|
2024-01-31 16:02:44,971 - [  INFO] - DATA COLLECTION - TEST - (2ce811)
2024-01-31 16:02:58,199 - [ DEBUG] - |-- realism xray    [-1 : 5]:            	|4|
2024-01-31 16:03:04,817 - [ DEBUG] - |-- realism AR      [-1 : 5]:            	|4|
2024-01-31 16:03:11,201 - [ DEBUG] - |-- realism phantom [-1 : 5]:            	|3|
2024-01-31 16:03:19,937 - [ DEBUG] - |-- simulation quality xray    [-1 : 5]: 	|4|
2024-01-31 16:03:24,586 - [ DEBUG] - |-- simulation quality AR      [-1 : 5]: 	|5|
2024-01-31 16:03:28,915 - [ DEBUG] - |-- simulation quality phantom [-1 : 5]: 	|3|
2024-01-31 16:03:46,522 - [ DEBUG] - |-- comfort xray [-1 : 5]:               	|4|
2024-01-31 16:03:52,773 - [ DEBUG] - |-- comfort ar   [-1 : 5]:               	|3|
2024-01-31 16:03:54,875 - [ DEBUG] - TECHNICAL:	 comment on TEST (2ce811) [STRING]: 	||
2024-01-31 16:03:54,886 - [  INFO] - SAVED ON DATABASE!
2024-01-31 16:03:54,888 - [  INFO] - bye!
