2024-02-08 14:29:35,165 - [  INFO] - flags: []
2024-02-08 14:29:35,165 - [  INFO] - # POSITIONING PHASE COMPANION (v1.23)
2024-02-08 14:29:35,166 - [  INFO] - # What a beautiful day to stick some anti-pigeon spikes into plastic!
2024-02-08 14:29:35,167 - [  INFO] - # BEGIN POSITIONING PHASE FOR A CANDIDATE, ONE SINGLE PHASE (4a5c13)
2024-02-08 14:29:35,168 - [  INFO] - # 2024/02/08 - 14:29:35
2024-02-08 14:29:35,168 - [  INFO] - DATA COLLECTION - PHASE - (4a5c13)
2024-02-08 14:29:37,099 - [ DEBUG] - |-- phase [INTEGER]:                	|0|
2024-02-08 14:29:37,750 - [ DEBUG] - |-- phantom id [STRING]:            	|03|
2024-02-08 14:29:40,416 - [ DEBUG] - |-- country    [STRING]:            	|israel|
2024-02-08 14:29:44,197 - [ DEBUG] - |-- city       [STRING]:            	|tel aviv|
2024-02-08 14:29:47,148 - [ DEBUG] - |-- institute  [STRING]:            	|unito|
2024-02-08 14:30:09,476 - [ DEBUG] - |-- name [STRING]:                  	|daniel|
2024-02-08 14:30:13,646 - [ DEBUG] - |-- surname [STRING]:               	|kristalinsky|
2024-02-08 14:30:15,040 - [ DEBUG] - |-- gender                          	|m|
2024-02-08 14:30:21,089 - [ DEBUG] - |-- right-handed [Y/N]:             	|y|
2024-02-08 14:30:42,976 - [ DEBUG] - |-- age [INTEGER]:                  	|27|
2024-02-08 14:30:47,302 - [ DEBUG] - |-- medsurg year        [-1 : 6]:   	|3|
2024-02-08 14:30:48,439 - [ DEBUG] - |-- specialization year [-1 : 5]:   	|-1|
2024-02-08 14:30:49,566 - [ DEBUG] - |-- surgeon year        [-1 : 100]: 	|-1|
2024-02-08 14:30:51,425 - [ DEBUG] - |-- exp operation count [INTEGER]:  	|0|
2024-02-08 14:30:57,962 - [ DEBUG] - |-- glasses [Y/N]:                  	|n|
2024-02-08 14:30:59,393 - [ DEBUG] - |-- glasses type [None [] / Myopia (Nearsightedness) [M] / Hyperopia (Farsightedness) [H] / Astigmatism [AS] / Presbyopia [P] / Strabismus [S] / Amblyopia (Lazy Eye) [AM] / Cataract [C]: 	||
2024-02-08 14:31:01,654 - [ DEBUG] - |-- glasses power [-1 : 100]         |-- glasses power [-1 : 100]        	|-1|
2024-02-08 14:31:42,707 - [ DEBUG] - |-- exp Virtual Reality   [0 : 5]:  	|5|
2024-02-08 14:32:01,811 - [ DEBUG] - |-- exp Augmented Reality [0 : 5]:  	|0|
2024-02-08 14:32:23,547 - [ DEBUG] - |-- exp 3D editors        [0 : 5]:  	|0|
2024-02-08 14:32:25,085 - [ DEBUG] - TECHNICAL:	 is data entered correct? [Y/N]: 	|y|
2024-02-08 14:32:25,087 - [  INFO] - ########################
2024-02-08 14:32:25,087 - [  INFO] - ECP1 START! (69347f2e)
2024-02-08 14:32:25,088 - [  INFO] - ------------------------
2024-02-08 14:32:25,089 - [  INFO] - PA1.1 START! (c3168fe062)
2024-02-08 15:03:15,191 - [ DEBUG] - PERFORM:	 reset x-ray machine [ENTER when done]: 	||
2024-02-08 15:03:19,856 - [ DEBUG] - PERFORM:	 give instruction to insert k-wire [ENTER when instruction given]: 	||
2024-02-08 15:04:37,646 - [ DEBUG] - CANDIDATE:	 inserting k-wire... -> checks it and declares it Failed or Successful (Restart timer)	|f|
2024-02-08 15:04:37,647 - [  INFO] - \_candidate has FAILED positioning attempt!
2024-02-08 15:04:37,647 - [  INFO] - DATA COLLECTION - PA1.1 - (c3168fe062)
2024-02-08 15:06:41,188 - [ DEBUG] - |-- CANDIDATE: entrance point distance from entrance point target? [FLOAT]:  |-- CANDIDATE: entrance point distance from entrance point target? [FLOAT]: 	|20|
2024-02-08 15:07:14,389 - [ DEBUG] - |-- CANDIDATE: confidence on angle in deg? [FLOAT]:                          |-- CANDIDATE: confidence on angle in deg? [FLOAT]:                         	|10|
2024-02-08 15:08:05,445 - [ DEBUG] - |-- CANDIDATE: estimate structures hit [Y/N]?:                              	|y|
2024-02-08 15:08:37,571 - [ DEBUG] - |-- RADIATION picture count [INT] : 	|7|
2024-02-08 15:08:42,389 - [ DEBUG] - |-- P from unity	|12|
2024-02-08 15:08:48,705 - [ DEBUG] - |-- P1M:2 [FLOAT]:  |-- P1M:2 [FLOAT]: 	|88.511|
2024-02-08 15:08:48,706 - [ DEBUG] - |-- P1M:3 [FLOAT]:  |-- P1M:3 [FLOAT]: 	|57.598|
2024-02-08 15:08:48,707 - [ DEBUG] - |-- P1M:7 [FLOAT]:  |-- P1M:7 [FLOAT]: 	|113.486|
2024-02-08 15:08:48,707 - [ DEBUG] - |-- P1M:8 [FLOAT]:  |-- P1M:8 [FLOAT]: 	|93.856|
2024-02-08 15:08:48,708 - [ DEBUG] - |-- P2M:2 [FLOAT]:  |-- P2M:2 [FLOAT]: 	|75.148|
2024-02-08 15:08:48,709 - [ DEBUG] - |-- P2M:3 [FLOAT]:  |-- P2M:3 [FLOAT]: 	|52.129|
2024-02-08 15:08:48,709 - [ DEBUG] - |-- P2M:7 [FLOAT]:  |-- P2M:7 [FLOAT]: 	|91.786|
2024-02-08 15:08:49,786 - [ DEBUG] - |-- P2M:8 [FLOAT]:  |-- P2M:8 [FLOAT]: 	|73.041|
2024-02-08 15:08:51,064 - [ DEBUG] - |-- P1M:2 virtual [FLOAT]:  |-- P1M:2 virtual [FLOAT]: 	|88.511|
2024-02-08 15:08:51,065 - [ DEBUG] - |-- P1M:3 virtual [FLOAT]:  |-- P1M:3 virtual [FLOAT]: 	|57.598|
2024-02-08 15:08:51,065 - [ DEBUG] - |-- P1M:7 virtual [FLOAT]:  |-- P1M:7 virtual [FLOAT]: 	|113.486|
2024-02-08 15:08:51,067 - [ DEBUG] - |-- P1M:8 virtual [FLOAT]:  |-- P1M:8 virtual [FLOAT]: 	|93.856|
2024-02-08 15:08:51,068 - [ DEBUG] - |-- P2M:2 virtual [FLOAT]:  |-- P2M:2 virtual [FLOAT]: 	|75.148|
2024-02-08 15:08:51,069 - [ DEBUG] - |-- P2M:3 virtual [FLOAT]:  |-- P2M:3 virtual [FLOAT]: 	|52.129|
2024-02-08 15:08:51,070 - [ DEBUG] - |-- P2M:7 virtual [FLOAT]:  |-- P2M:7 virtual [FLOAT]: 	|91.786|
2024-02-08 15:08:53,845 - [ DEBUG] - |-- P2M:8 virtual [FLOAT]:  |-- P2M:8 virtual [FLOAT]: 	|73.041|
2024-02-08 15:08:55,256 - [ DEBUG] - TECHNICAL:	 is data entered correct? [Y/N]: 	|y|
2024-02-08 15:08:55,262 - [  INFO] - PERFORM:	 test following string on fusion 360 (already copied in clipboard) -> 
{"datatype": "PA", "PHASE_id": "4a5c13", "ECP_id": "69347f2e", "id": "c3168fe062", "comment": "", "time_init": 1707400999.86, "phase": 0, "ECP_number": 1, "PA_number": 1, "success": false, "entered_articulation": -1, "PA_D": -1.0, "PA_RPC": 7, "values_from_unity": "12", "P1A": 88.511, "P1B": 57.598, "P1C": 113.486, "P1D": 93.856, "P2A": 75.148, "P2B": 52.129, "P2C": 91.786, "P2D": 73.041, "P1A_F": -1.0, "P1B_F": -1.0, "P1C_F": -1.0, "P1D_F": -1.0, "P2A_F": -1.0, "P2B_F": -1.0, "P2C_F": -1.0, "P2D_F": -1.0, "P2eA": -1.0, "P2eB": -1.0, "P2eC": -1.0, "P2eD": -1.0, "P1A_U": 88.511, "P1B_U": 57.598, "P1C_U": 113.486, "P1D_U": 93.856, "P2eA_U": 75.148, "P2eB_U": 52.129, "P2eC_U": 91.786, "P2eD_U": 73.041, "P1_mean_max": 1.0, "P1_mean": -1.0, "P2_mean_max": 2.0, "P2_mean": -1.0, "confidence_position": 20.0, "confidence_angle": 10.0, "estimate_hit": true, "target": "ECP:1", "markers": {"A": "M:2", "B": "M:3", "C": "M:7", "D": "M:8"}, "fusion_computed": false, "anatomy": {"basilic vein": -1.0, "brachial artery": -1.0, "brachial vein": -1.0, "cephalic vein": -1.0, "inferior ulnar collateral artery": -1.0, "median antebrachial vein": -1.0, "median cubital vein": -1.0, "median cubital vein 1": -1.0, "middle collateral artery": -1.0, "radial artery": -1.0, "radial collateral artery": -1.0, "radial veins": -1.0, "random artery 1": -1.0, "random artery 2": -1.0, "ulnar artery": -1.0, "ulnar veins": -1.0, "anterior branch of medial antebrachial cutaneous nerve": -1.0, "anterior interosseous nerve of forearm": -1.0, "deep branch of radial nerve": -1.0, "lateral antebrachial cutaneous nerve": -1.0, "median nerve": -1.0, "muscular branches of radial nerve": -1.0, "musculocutaneous nerve": -1.0, "posterior antebrachial cutaneous nerve": -1.0, "posterior branch of medial antebrachial cutaneous nerve": -1.0, "radial nerve": -1.0, "superficial branch of radial nerve": -1.0, "ulnar nerve": -1.0}, "angle_PA_target": -1.0, "distance_P1_PA_target": -1.0, "distance_P1_PA_target_X": -1.0, "distance_P1_PA_target_Y": -1.0, "distance_P1_PA_target_Z": -1.0, "distance_P2_PA_target": -1.0, "distance_P2_PA_target_X": -1.0, "distance_P2_PA_target_Y": -1.0, "distance_P2_PA_target_Z": -1.0, "distance_P2e_PA_target": -1.0, "distance_P2e_PA_target_X": -1.0, "distance_P2e_PA_target_Y": -1.0, "distance_P2e_PA_target_Z": -1.0, "delta_id_PA_target": -1.0}
2024-02-08 15:13:59,787 - [ DEBUG] - PERFORM:	 enter data from fusion 360: 	|{"datatype": "PA", "PHASE_id": "4a5c13", "ECP_id": "69347f2e", "id": "c3168fe062", "comment": "", "time_init": 1707400999.86, "phase": 0, "ECP_number": 1, "PA_number": 1, "success": false, "entered_articulation": -1, "PA_D": -1.0, "PA_RPC": 7, "values_from_unity": "12", "P1A": 88.511, "P1B": 57.598, "P1C": 113.486, "P1D": 93.856, "P2A": 75.148, "P2B": 52.129, "P2C": 91.786, "P2D": 73.041, "P1A_F": 88.511, "P1B_F": 57.598, "P1C_F": 113.486, "P1D_F": 93.856, "P2A_F": 75.148, "P2B_F": 52.129, "P2C_F": 91.786, "P2D_F": 73.041, "P2eA": 73.439, "P2eB": 44.756, "P2eC": 93.96, "P2eD": 73.854, "P1A_U": 88.511, "P1B_U": 57.598, "P1C_U": 113.486, "P1D_U": 93.856, "P2eA_U": 75.148, "P2eB_U": 52.129, "P2eC_U": 91.786, "P2eD_U": 73.041, "P1_mean_max": 1.0, "P1_mean": 0.001, "P2_mean_max": 2.0, "P2_mean": 0.001, "confidence_position": 20.0, "confidence_angle": 10.0, "estimate_hit": true, "target": "ECP:1", "markers": {"A": "M:2", "B": "M:3", "C": "M:7", "D": "M:8"}, "fusion_computed": true, "anatomy": {"basilic vein": 37.986, "brachial artery": 40.485, "brachial vein": 37.119, "cephalic vein": 45.031, "inferior ulnar collateral artery": 32.052, "median antebrachial vein": 53.268, "median cubital vein": 39.701, "median cubital vein 1": 44.28, "middle collateral artery": 2.396, "radial artery": 45.782, "radial collateral artery": 25.975, "radial veins": 52.645, "random artery 1": 10.967, "random artery 2": 44.609, "ulnar artery": 45.782, "ulnar veins": 52.641, "anterior branch of medial antebrachial cutaneous nerve": 46.648, "anterior interosseous nerve of forearm": 46.011, "deep branch of radial nerve": 43.169, "lateral antebrachial cutaneous nerve": 42.931, "median nerve": 42.828, "muscular branches of radial nerve": 1.194, "musculocutaneous nerve": 38.015, "posterior antebrachial cutaneous nerve": 28.255, "posterior branch of medial antebrachial cutaneous nerve": 24.124, "radial nerve": 39.221, "superficial branch of radial nerve": 43.376, "ulnar nerve": 12.698}, "angle_PA_target": 2.753, "distance_P1_PA_target": 25.384, "distance_P1_PA_target_X": 0.161, "distance_P1_PA_target_Y": -24.993, "distance_P1_PA_target_Z": -4.435, "distance_P2_PA_target": 33.359, "distance_P2_PA_target_X": -0.967, "distance_P2_PA_target_Y": -31.037, "distance_P2_PA_target_Z": 12.19, "distance_P2e_PA_target": 24.34, "distance_P2e_PA_target_X": 2.496, "distance_P2e_PA_target_Y": -23.681, "distance_P2e_PA_target_Z": -5.042, "delta_id_PA_target": 1.535}|
2024-02-08 15:14:01,172 - [ DEBUG] - TECHNICAL:	 want to remeasure P1 and/or P2? [Y/N]: 	|n|
2024-02-08 15:14:04,152 - [ DEBUG] - |-- ENTERED ARTICULATION [-1 / 0 (not entered) / 1 (entered)] : 	|0|
2024-02-08 15:14:07,884 - [ DEBUG] - TECHNICAL:	 comment on PA (c3168fe062) [STRING]: 	||
2024-02-08 15:14:43,546 - [ DEBUG] - TECHNICAL:	 remove kwire from phanotm [ENTER when done]: 	||
2024-02-08 15:14:43,546 - [  INFO] - PA1.1 FINISHED!
2024-02-08 15:14:43,548 - [  INFO] - ------------------------
2024-02-08 15:14:43,549 - [  INFO] - PA1.2 START! (0de48c4084)
2024-02-08 15:14:44,490 - [ DEBUG] - PERFORM:	 reset x-ray machine [ENTER when done]: 	||
2024-02-08 15:14:45,623 - [ DEBUG] - PERFORM:	 give instruction to insert k-wire [ENTER when instruction given]: 	||
2024-02-08 15:19:26,988 - [ DEBUG] - CANDIDATE:	 inserting k-wire... -> checks it and declares it Failed or Successful (Restart timer)	|s|
2024-02-08 15:19:26,988 - [  INFO] - \_candidate has performed SUCCESSFUL positioning attempt!
2024-02-08 15:19:26,988 - [  INFO] - DATA COLLECTION - PA1.2 - (0de48c4084)
2024-02-08 15:19:51,387 - [ DEBUG] - |-- CANDIDATE: entrance point distance from entrance point target? [FLOAT]:  |-- CANDIDATE: entrance point distance from entrance point target? [FLOAT]: 	|4|
2024-02-08 15:20:14,278 - [ DEBUG] - |-- CANDIDATE: confidence on angle in deg? [FLOAT]:                          |-- CANDIDATE: confidence on angle in deg? [FLOAT]:                         	|30|
2024-02-08 15:20:28,849 - [ DEBUG] - |-- CANDIDATE: estimate structures hit [Y/N]?:                              	|n|
2024-02-08 15:20:35,312 - [ DEBUG] - |-- RADIATION picture count [INT] : 	|30|
2024-02-08 15:20:40,654 - [ DEBUG] - |-- P from unity	|12|
2024-02-08 15:21:50,019 - [ DEBUG] - |-- P1M:2 [FLOAT]:  |-- P1M:2 [FLOAT]: 	|86.927|
2024-02-08 15:21:50,020 - [ DEBUG] - |-- P1M:3 [FLOAT]:  |-- P1M:3 [FLOAT]: 	|57.690|
2024-02-08 15:21:50,021 - [ DEBUG] - |-- P1M:7 [FLOAT]:  |-- P1M:7 [FLOAT]: 	|109.410|
2024-02-08 15:21:50,022 - [ DEBUG] - |-- P1M:8 [FLOAT]:  |-- P1M:8 [FLOAT]: 	|90.266|
2024-02-08 15:21:50,022 - [ DEBUG] - |-- P2M:2 [FLOAT]:  |-- P2M:2 [FLOAT]: 	|67.239|
2024-02-08 15:21:50,023 - [ DEBUG] - |-- P2M:3 [FLOAT]:  |-- P2M:3 [FLOAT]: 	|53.687|
2024-02-08 15:21:50,023 - [ DEBUG] - |-- P2M:7 [FLOAT]:  |-- P2M:7 [FLOAT]: 	|85.000|
2024-02-08 15:21:50,786 - [ DEBUG] - |-- P2M:8 [FLOAT]:  |-- P2M:8 [FLOAT]: 	|73.190|
2024-02-08 15:21:51,713 - [ DEBUG] - |-- P1M:2 virtual [FLOAT]:  |-- P1M:2 virtual [FLOAT]: 	|86.927|
2024-02-08 15:21:51,714 - [ DEBUG] - |-- P1M:3 virtual [FLOAT]:  |-- P1M:3 virtual [FLOAT]: 	|57.690|
2024-02-08 15:21:51,715 - [ DEBUG] - |-- P1M:7 virtual [FLOAT]:  |-- P1M:7 virtual [FLOAT]: 	|109.410|
2024-02-08 15:21:51,716 - [ DEBUG] - |-- P1M:8 virtual [FLOAT]:  |-- P1M:8 virtual [FLOAT]: 	|90.266|
2024-02-08 15:21:51,716 - [ DEBUG] - |-- P2M:2 virtual [FLOAT]:  |-- P2M:2 virtual [FLOAT]: 	|67.239|
2024-02-08 15:21:51,717 - [ DEBUG] - |-- P2M:3 virtual [FLOAT]:  |-- P2M:3 virtual [FLOAT]: 	|53.687|
2024-02-08 15:21:51,717 - [ DEBUG] - |-- P2M:7 virtual [FLOAT]:  |-- P2M:7 virtual [FLOAT]: 	|85.000|
2024-02-08 15:21:52,379 - [ DEBUG] - |-- P2M:8 virtual [FLOAT]:  |-- P2M:8 virtual [FLOAT]: 	|73.190|
2024-02-08 15:21:53,657 - [ DEBUG] - TECHNICAL:	 is data entered correct? [Y/N]: 	|y|
2024-02-08 15:21:53,661 - [  INFO] - PERFORM:	 test following string on fusion 360 (already copied in clipboard) -> 
{"datatype": "PA", "PHASE_id": "4a5c13", "ECP_id": "69347f2e", "id": "0de48c4084", "comment": "", "time_init": 1707401685.62, "phase": 0, "ECP_number": 1, "PA_number": 2, "success": true, "entered_articulation": -1, "PA_D": -1.0, "PA_RPC": 30, "values_from_unity": "12", "P1A": 86.927, "P1B": 57.69, "P1C": 109.41, "P1D": 90.266, "P2A": 67.239, "P2B": 53.687, "P2C": 85.0, "P2D": 73.19, "P1A_F": -1.0, "P1B_F": -1.0, "P1C_F": -1.0, "P1D_F": -1.0, "P2A_F": -1.0, "P2B_F": -1.0, "P2C_F": -1.0, "P2D_F": -1.0, "P2eA": -1.0, "P2eB": -1.0, "P2eC": -1.0, "P2eD": -1.0, "P1A_U": 86.927, "P1B_U": 57.69, "P1C_U": 109.41, "P1D_U": 90.266, "P2eA_U": 67.239, "P2eB_U": 53.687, "P2eC_U": 85.0, "P2eD_U": 73.19, "P1_mean_max": 1.0, "P1_mean": -1.0, "P2_mean_max": 2.0, "P2_mean": -1.0, "confidence_position": 4.0, "confidence_angle": 30.0, "estimate_hit": false, "target": "ECP:1", "markers": {"A": "M:2", "B": "M:3", "C": "M:7", "D": "M:8"}, "fusion_computed": false, "anatomy": {"basilic vein": -1.0, "brachial artery": -1.0, "brachial vein": -1.0, "cephalic vein": -1.0, "inferior ulnar collateral artery": -1.0, "median antebrachial vein": -1.0, "median cubital vein": -1.0, "median cubital vein 1": -1.0, "middle collateral artery": -1.0, "radial artery": -1.0, "radial collateral artery": -1.0, "radial veins": -1.0, "random artery 1": -1.0, "random artery 2": -1.0, "ulnar artery": -1.0, "ulnar veins": -1.0, "anterior branch of medial antebrachial cutaneous nerve": -1.0, "anterior interosseous nerve of forearm": -1.0, "deep branch of radial nerve": -1.0, "lateral antebrachial cutaneous nerve": -1.0, "median nerve": -1.0, "muscular branches of radial nerve": -1.0, "musculocutaneous nerve": -1.0, "posterior antebrachial cutaneous nerve": -1.0, "posterior branch of medial antebrachial cutaneous nerve": -1.0, "radial nerve": -1.0, "superficial branch of radial nerve": -1.0, "ulnar nerve": -1.0}, "angle_PA_target": -1.0, "distance_P1_PA_target": -1.0, "distance_P1_PA_target_X": -1.0, "distance_P1_PA_target_Y": -1.0, "distance_P1_PA_target_Z": -1.0, "distance_P2_PA_target": -1.0, "distance_P2_PA_target_X": -1.0, "distance_P2_PA_target_Y": -1.0, "distance_P2_PA_target_Z": -1.0, "distance_P2e_PA_target": -1.0, "distance_P2e_PA_target_X": -1.0, "distance_P2e_PA_target_Y": -1.0, "distance_P2e_PA_target_Z": -1.0, "delta_id_PA_target": -1.0}
2024-02-08 15:22:31,460 - [ DEBUG] - PERFORM:	 enter data from fusion 360: 	|{"datatype": "PA", "PHASE_id": "4a5c13", "ECP_id": "69347f2e", "id": "0de48c4084", "comment": "", "time_init": 1707401685.62, "phase": 0, "ECP_number": 1, "PA_number": 2, "success": true, "entered_articulation": -1, "PA_D": -1.0, "PA_RPC": 30, "values_from_unity": "12", "P1A": 86.927, "P1B": 57.69, "P1C": 109.41, "P1D": 90.266, "P2A": 67.239, "P2B": 53.687, "P2C": 85.0, "P2D": 73.19, "P1A_F": 86.927, "P1B_F": 57.69, "P1C_F": 109.41, "P1D_F": 90.266, "P2A_F": 67.239, "P2B_F": 53.687, "P2C_F": 85.0, "P2D_F": 73.19, "P2eA": 68.007, "P2eB": 45.781, "P2eC": 88.977, "P2eD": 73.326, "P1A_U": 86.927, "P1B_U": 57.69, "P1C_U": 109.41, "P1D_U": 90.266, "P2eA_U": 67.239, "P2eB_U": 53.687, "P2eC_U": 85.0, "P2eD_U": 73.19, "P1_mean_max": 1.0, "P1_mean": 0.0, "P2_mean_max": 2.0, "P2_mean": 0.0, "confidence_position": 4.0, "confidence_angle": 30.0, "estimate_hit": false, "target": "ECP:1", "markers": {"A": "M:2", "B": "M:3", "C": "M:7", "D": "M:8"}, "fusion_computed": true, "anatomy": {"basilic vein": 27.36, "brachial artery": 26.628, "brachial vein": 23.966, "cephalic vein": 28.752, "inferior ulnar collateral artery": 26.658, "median antebrachial vein": 46.441, "median cubital vein": 29.236, "median cubital vein 1": 31.105, "middle collateral artery": 8.313, "radial artery": 34.328, "radial collateral artery": 10.454, "radial veins": 44.154, "random artery 1": 1.111, "random artery 2": 39.286, "ulnar artery": 34.328, "ulnar veins": 44.16, "anterior branch of medial antebrachial cutaneous nerve": 35.924, "anterior interosseous nerve of forearm": 34.77, "deep branch of radial nerve": 30.936, "lateral antebrachial cutaneous nerve": 31.589, "median nerve": 31.008, "muscular branches of radial nerve": 6.022, "musculocutaneous nerve": 24.454, "posterior antebrachial cutaneous nerve": 19.214, "posterior branch of medial antebrachial cutaneous nerve": 16.131, "radial nerve": 23.001, "superficial branch of radial nerve": 31.212, "ulnar nerve": 4.345}, "angle_PA_target": 10.358, "distance_P1_PA_target": 24.16, "distance_P1_PA_target_X": -2.531, "distance_P1_PA_target_Y": -23.979, "distance_P1_PA_target_Z": -1.516, "distance_P2_PA_target": 27.452, "distance_P2_PA_target_X": -0.822, "distance_P2_PA_target_Y": -21.196, "distance_P2_PA_target_Z": 17.427, "distance_P2e_PA_target": 16.135, "distance_P2e_PA_target_X": 2.306, "distance_P2e_PA_target_Y": -15.513, "distance_P2e_PA_target_Z": -3.792, "delta_id_PA_target": 5.811}|
2024-02-08 15:22:32,509 - [ DEBUG] - TECHNICAL:	 want to remeasure P1 and/or P2? [Y/N]: 	|n|
2024-02-08 15:23:18,794 - [ DEBUG] - |-- ENTERED ARTICULATION [-1 / 0 (not entered) / 1 (entered)] : 	|1|
2024-02-08 15:23:20,121 - [ DEBUG] - TECHNICAL:	 comment on PA (0de48c4084) [STRING]: 	||
2024-02-08 15:23:23,276 - [ DEBUG] - TECHNICAL:	 remove kwire from phanotm [ENTER when done]: 	||
2024-02-08 15:23:23,278 - [  INFO] - PA1.2 FINISHED!
2024-02-08 15:23:23,278 - [  INFO] - DATA COLLECTION - ECP1 - (69347f2e)
2024-02-08 15:23:59,093 - [ DEBUG] - |-- ease of placement [0 difficult - 5 easy]: 	|2|
2024-02-08 15:23:59,094 - [  INFO] - ########################
2024-02-08 15:23:59,094 - [  INFO] - ECP2 START! (a31102c8)
2024-02-08 15:23:59,095 - [  INFO] - ------------------------
2024-02-08 15:23:59,096 - [  INFO] - PA2.1 START! (05daf8800b)
2024-02-08 15:24:00,456 - [ DEBUG] - PERFORM:	 reset x-ray machine [ENTER when done]: 	||
2024-02-08 15:24:19,154 - [ DEBUG] - PERFORM:	 give instruction to insert k-wire [ENTER when instruction given]: 	||
2024-02-08 15:26:28,459 - [ DEBUG] - CANDIDATE:	 inserting k-wire... -> checks it and declares it Failed or Successful (Restart timer)	|r|
2024-02-08 15:26:28,459 - [  INFO] - \_restart timer!
2024-02-08 15:32:58,431 - [ DEBUG] - CANDIDATE:	 inserting k-wire... -> checks it and declares it Failed or Successful (Restart timer)	|s|
2024-02-08 15:32:58,432 - [  INFO] - \_candidate has performed SUCCESSFUL positioning attempt!
2024-02-08 15:32:58,432 - [  INFO] - DATA COLLECTION - PA2.1 - (05daf8800b)
2024-02-08 15:33:26,575 - [ DEBUG] - |-- CANDIDATE: entrance point distance from entrance point target? [FLOAT]:  |-- CANDIDATE: entrance point distance from entrance point target? [FLOAT]: 	|40|
2024-02-08 15:33:41,562 - [ DEBUG] - |-- CANDIDATE: confidence on angle in deg? [FLOAT]:                          |-- CANDIDATE: confidence on angle in deg? [FLOAT]:                         	|10|
2024-02-08 15:33:50,666 - [ DEBUG] - |-- CANDIDATE: estimate structures hit [Y/N]?:                              	|y|
2024-02-08 15:34:00,064 - [ DEBUG] - |-- RADIATION picture count [INT] : 	|44|
2024-02-08 15:34:01,826 - [ DEBUG] - |-- P from unity	|12|
2024-02-08 15:34:57,093 - [ DEBUG] - |-- P1M:3 [FLOAT]:  |-- P1M:3 [FLOAT]: 	|47.480|
2024-02-08 15:34:57,094 - [ DEBUG] - |-- P1M:4 [FLOAT]:  |-- P1M:4 [FLOAT]: 	|64.436|
2024-02-08 15:34:57,095 - [ DEBUG] - |-- P1M:8 [FLOAT]:  |-- P1M:8 [FLOAT]: 	|130.332|
2024-02-08 15:34:57,096 - [ DEBUG] - |-- P1M:9 [FLOAT]:  |-- P1M:9 [FLOAT]: 	|136.488|
2024-02-08 15:34:57,097 - [ DEBUG] - |-- P2M:3 [FLOAT]:  |-- P2M:3 [FLOAT]: 	|37.072|
2024-02-08 15:34:57,097 - [ DEBUG] - |-- P2M:4 [FLOAT]:  |-- P2M:4 [FLOAT]: 	|53.180|
2024-02-08 15:34:57,098 - [ DEBUG] - |-- P2M:8 [FLOAT]:  |-- P2M:8 [FLOAT]: 	|83.117|
2024-02-08 15:34:57,862 - [ DEBUG] - |-- P2M:9 [FLOAT]:  |-- P2M:9 [FLOAT]: 	|89.696|
2024-02-08 15:34:59,140 - [ DEBUG] - |-- P1M:3 virtual [FLOAT]:  |-- P1M:3 virtual [FLOAT]: 	|47.480|
2024-02-08 15:34:59,141 - [ DEBUG] - |-- P1M:4 virtual [FLOAT]:  |-- P1M:4 virtual [FLOAT]: 	|64.436|
2024-02-08 15:34:59,142 - [ DEBUG] - |-- P1M:8 virtual [FLOAT]:  |-- P1M:8 virtual [FLOAT]: 	|130.332|
2024-02-08 15:34:59,142 - [ DEBUG] - |-- P1M:9 virtual [FLOAT]:  |-- P1M:9 virtual [FLOAT]: 	|136.488|
2024-02-08 15:34:59,143 - [ DEBUG] - |-- P2M:3 virtual [FLOAT]:  |-- P2M:3 virtual [FLOAT]: 	|37.072|
2024-02-08 15:34:59,144 - [ DEBUG] - |-- P2M:4 virtual [FLOAT]:  |-- P2M:4 virtual [FLOAT]: 	|53.180|
2024-02-08 15:34:59,151 - [ DEBUG] - |-- P2M:8 virtual [FLOAT]:  |-- P2M:8 virtual [FLOAT]: 	|83.117|
2024-02-08 15:35:00,160 - [ DEBUG] - |-- P2M:9 virtual [FLOAT]:  |-- P2M:9 virtual [FLOAT]: 	|89.696|
2024-02-08 15:35:01,396 - [ DEBUG] - TECHNICAL:	 is data entered correct? [Y/N]: 	|y|
2024-02-08 15:35:01,400 - [  INFO] - PERFORM:	 test following string on fusion 360 (already copied in clipboard) -> 
{"datatype": "PA", "PHASE_id": "4a5c13", "ECP_id": "a31102c8", "id": "05daf8800b", "comment": "", "time_init": 1707402388.46, "phase": 0, "ECP_number": 2, "PA_number": 1, "success": true, "entered_articulation": -1, "PA_D": -1.0, "PA_RPC": 44, "values_from_unity": "12", "P1A": 47.48, "P1B": 64.436, "P1C": 130.332, "P1D": 136.488, "P2A": 37.072, "P2B": 53.18, "P2C": 83.117, "P2D": 89.696, "P1A_F": -1.0, "P1B_F": -1.0, "P1C_F": -1.0, "P1D_F": -1.0, "P2A_F": -1.0, "P2B_F": -1.0, "P2C_F": -1.0, "P2D_F": -1.0, "P2eA": -1.0, "P2eB": -1.0, "P2eC": -1.0, "P2eD": -1.0, "P1A_U": 47.48, "P1B_U": 64.436, "P1C_U": 130.332, "P1D_U": 136.488, "P2eA_U": 37.072, "P2eB_U": 53.18, "P2eC_U": 83.117, "P2eD_U": 89.696, "P1_mean_max": 1.0, "P1_mean": -1.0, "P2_mean_max": 2.0, "P2_mean": -1.0, "confidence_position": 40.0, "confidence_angle": 10.0, "estimate_hit": true, "target": "ECP:2", "markers": {"A": "M:3", "B": "M:4", "C": "M:8", "D": "M:9"}, "fusion_computed": false, "anatomy": {"basilic vein": -1.0, "brachial artery": -1.0, "brachial vein": -1.0, "cephalic vein": -1.0, "inferior ulnar collateral artery": -1.0, "median antebrachial vein": -1.0, "median cubital vein": -1.0, "median cubital vein 1": -1.0, "middle collateral artery": -1.0, "radial artery": -1.0, "radial collateral artery": -1.0, "radial veins": -1.0, "random artery 1": -1.0, "random artery 2": -1.0, "ulnar artery": -1.0, "ulnar veins": -1.0, "anterior branch of medial antebrachial cutaneous nerve": -1.0, "anterior interosseous nerve of forearm": -1.0, "deep branch of radial nerve": -1.0, "lateral antebrachial cutaneous nerve": -1.0, "median nerve": -1.0, "muscular branches of radial nerve": -1.0, "musculocutaneous nerve": -1.0, "posterior antebrachial cutaneous nerve": -1.0, "posterior branch of medial antebrachial cutaneous nerve": -1.0, "radial nerve": -1.0, "superficial branch of radial nerve": -1.0, "ulnar nerve": -1.0}, "angle_PA_target": -1.0, "distance_P1_PA_target": -1.0, "distance_P1_PA_target_X": -1.0, "distance_P1_PA_target_Y": -1.0, "distance_P1_PA_target_Z": -1.0, "distance_P2_PA_target": -1.0, "distance_P2_PA_target_X": -1.0, "distance_P2_PA_target_Y": -1.0, "distance_P2_PA_target_Z": -1.0, "distance_P2e_PA_target": -1.0, "distance_P2e_PA_target_X": -1.0, "distance_P2e_PA_target_Y": -1.0, "distance_P2e_PA_target_Z": -1.0, "delta_id_PA_target": -1.0}
2024-02-08 15:36:53,010 - [ DEBUG] - PERFORM:	 enter data from fusion 360: 	|{"datatype": "PA", "PHASE_id": "4a5c13", "ECP_id": "a31102c8", "id": "05daf8800b", "comment": "", "time_init": 1707402388.46, "phase": 0, "ECP_number": 2, "PA_number": 1, "success": true, "entered_articulation": -1, "PA_D": -1.0, "PA_RPC": 44, "values_from_unity": "12", "P1A": 47.48, "P1B": 64.436, "P1C": 130.332, "P1D": 136.488, "P2A": 37.072, "P2B": 53.18, "P2C": 83.117, "P2D": 89.696, "P1A_F": 47.48, "P1B_F": 64.436, "P1C_F": 130.332, "P1D_F": 136.488, "P2A_F": 37.072, "P2B_F": 53.18, "P2C_F": 83.117, "P2D_F": 89.696, "P2eA": 37.758, "P2eB": 53.573, "P2eC": 82.245, "P2eD": 88.828, "P1A_U": 47.48, "P1B_U": 64.436, "P1C_U": 130.332, "P1D_U": 136.488, "P2eA_U": 37.072, "P2eB_U": 53.18, "P2eC_U": 83.117, "P2eD_U": 89.696, "P1_mean_max": 1.0, "P1_mean": 0.001, "P2_mean_max": 2.0, "P2_mean": 0.0, "confidence_position": 40.0, "confidence_angle": 10.0, "estimate_hit": true, "target": "ECP:2", "markers": {"A": "M:3", "B": "M:4", "C": "M:8", "D": "M:9"}, "fusion_computed": true, "anatomy": {"basilic vein": 22.921, "brachial artery": 19.113, "brachial vein": 15.381, "cephalic vein": 35.117, "inferior ulnar collateral artery": 7.471, "median antebrachial vein": 29.234, "median cubital vein": 24.536, "median cubital vein 1": 21.828, "middle collateral artery": 28.857, "radial artery": 19.564, "radial collateral artery": 39.546, "radial veins": 27.526, "random artery 1": 1.356, "random artery 2": 17.99, "ulnar artery": 19.564, "ulnar veins": 27.547, "anterior branch of medial antebrachial cutaneous nerve": 24.87, "anterior interosseous nerve of forearm": 16.814, "deep branch of radial nerve": 25.131, "lateral antebrachial cutaneous nerve": 17.066, "median nerve": 16.718, "muscular branches of radial nerve": 29.979, "musculocutaneous nerve": 16.335, "posterior antebrachial cutaneous nerve": 35.99, "posterior branch of medial antebrachial cutaneous nerve": 19.944, "radial nerve": 25.11, "superficial branch of radial nerve": 25.14, "ulnar nerve": 12.256}, "angle_PA_target": 17.527, "distance_P1_PA_target": 44.3, "distance_P1_PA_target_X": 19.871, "distance_P1_PA_target_Y": 23.217, "distance_P1_PA_target_Z": -32.072, "distance_P2_PA_target": 27.228, "distance_P2_PA_target_X": 9.626, "distance_P2_PA_target_Y": 22.286, "distance_P2_PA_target_Z": -12.329, "distance_P2e_PA_target": 27.057, "distance_P2e_PA_target_X": 8.853, "distance_P2e_PA_target_Y": 22.805, "distance_P2e_PA_target_Z": -11.56, "delta_id_PA_target": -18.093}|
2024-02-08 15:36:54,248 - [ DEBUG] - TECHNICAL:	 want to remeasure P1 and/or P2? [Y/N]: 	|n|
2024-02-08 15:36:58,747 - [ DEBUG] - |-- ENTERED ARTICULATION [-1 / 0 (not entered) / 1 (entered)] : 	|1|
2024-02-08 15:36:59,649 - [ DEBUG] - TECHNICAL:	 comment on PA (05daf8800b) [STRING]: 	||
2024-02-08 15:37:00,686 - [ DEBUG] - TECHNICAL:	 remove kwire from phanotm [ENTER when done]: 	||
2024-02-08 15:37:00,686 - [  INFO] - PA2.1 FINISHED!
2024-02-08 15:37:00,687 - [  INFO] - DATA COLLECTION - ECP2 - (a31102c8)
2024-02-08 15:37:28,332 - [ DEBUG] - |-- ease of placement [0 difficult - 5 easy]: 	|2|
2024-02-08 15:37:28,333 - [  INFO] - ########################
2024-02-08 15:37:28,333 - [  INFO] - ECP3 START! (17fc4cd2)
2024-02-08 15:37:28,334 - [  INFO] - ------------------------
2024-02-08 15:37:28,335 - [  INFO] - PA3.1 START! (b9c3d4c55b)
2024-02-08 15:37:29,014 - [ DEBUG] - PERFORM:	 reset x-ray machine [ENTER when done]: 	||
2024-02-08 15:37:34,216 - [ DEBUG] - PERFORM:	 give instruction to insert k-wire [ENTER when instruction given]: 	||
2024-02-08 15:39:24,893 - [ DEBUG] - CANDIDATE:	 inserting k-wire... -> checks it and declares it Failed or Successful (Restart timer)	|s|
2024-02-08 15:39:24,893 - [  INFO] - \_candidate has performed SUCCESSFUL positioning attempt!
2024-02-08 15:39:24,893 - [  INFO] - DATA COLLECTION - PA3.1 - (b9c3d4c55b)
2024-02-08 15:39:43,508 - [ DEBUG] - |-- CANDIDATE: entrance point distance from entrance point target? [FLOAT]:  |-- CANDIDATE: entrance point distance from entrance point target? [FLOAT]: 	|5|
2024-02-08 15:40:30,572 - [ DEBUG] - |-- CANDIDATE: confidence on angle in deg? [FLOAT]:                          |-- CANDIDATE: confidence on angle in deg? [FLOAT]:                         	|20|
2024-02-08 15:40:41,860 - [ DEBUG] - |-- CANDIDATE: estimate structures hit [Y/N]?:                              	|y|
2024-02-08 15:40:43,067 - [ DEBUG] - |-- RADIATION picture count [INT] : 	|11|
2024-02-08 15:40:44,638 - [ DEBUG] - |-- P from unity	|12|
2024-02-08 15:41:20,352 - [ DEBUG] - |-- P1M:2 [FLOAT]:  |-- P1M:2 [FLOAT]: 	|105.697|
2024-02-08 15:41:20,353 - [ DEBUG] - |-- P1M:3 [FLOAT]:  |-- P1M:3 [FLOAT]: 	|92.572|
2024-02-08 15:41:20,354 - [ DEBUG] - |-- P1M:7 [FLOAT]:  |-- P1M:7 [FLOAT]: 	|79.312|
2024-02-08 15:41:20,355 - [ DEBUG] - |-- P1M:8 [FLOAT]:  |-- P1M:8 [FLOAT]: 	|62.459|
2024-02-08 15:41:20,356 - [ DEBUG] - |-- P2M:2 [FLOAT]:  |-- P2M:2 [FLOAT]: 	|59.960|
2024-02-08 15:41:20,356 - [ DEBUG] - |-- P2M:3 [FLOAT]:  |-- P2M:3 [FLOAT]: 	|54.758|
2024-02-08 15:41:20,357 - [ DEBUG] - |-- P2M:7 [FLOAT]:  |-- P2M:7 [FLOAT]: 	|78.680|
2024-02-08 15:41:21,052 - [ DEBUG] - |-- P2M:8 [FLOAT]:  |-- P2M:8 [FLOAT]: 	|73.225|
2024-02-08 15:41:21,955 - [ DEBUG] - |-- P1M:2 virtual [FLOAT]:  |-- P1M:2 virtual [FLOAT]: 	|105.697|
2024-02-08 15:41:21,956 - [ DEBUG] - |-- P1M:3 virtual [FLOAT]:  |-- P1M:3 virtual [FLOAT]: 	|92.572|
2024-02-08 15:41:21,957 - [ DEBUG] - |-- P1M:7 virtual [FLOAT]:  |-- P1M:7 virtual [FLOAT]: 	|79.312|
2024-02-08 15:41:21,957 - [ DEBUG] - |-- P1M:8 virtual [FLOAT]:  |-- P1M:8 virtual [FLOAT]: 	|62.459|
2024-02-08 15:41:21,958 - [ DEBUG] - |-- P2M:2 virtual [FLOAT]:  |-- P2M:2 virtual [FLOAT]: 	|59.960|
2024-02-08 15:41:21,959 - [ DEBUG] - |-- P2M:3 virtual [FLOAT]:  |-- P2M:3 virtual [FLOAT]: 	|54.758|
2024-02-08 15:41:21,959 - [ DEBUG] - |-- P2M:7 virtual [FLOAT]:  |-- P2M:7 virtual [FLOAT]: 	|78.680|
2024-02-08 15:41:22,728 - [ DEBUG] - |-- P2M:8 virtual [FLOAT]:  |-- P2M:8 virtual [FLOAT]: 	|73.225|
2024-02-08 15:41:35,255 - [ DEBUG] - TECHNICAL:	 is data entered correct? [Y/N]: 	|y|
2024-02-08 15:41:35,260 - [  INFO] - PERFORM:	 test following string on fusion 360 (already copied in clipboard) -> 
{"datatype": "PA", "PHASE_id": "4a5c13", "ECP_id": "17fc4cd2", "id": "b9c3d4c55b", "comment": "", "time_init": 1707403054.22, "phase": 0, "ECP_number": 3, "PA_number": 1, "success": true, "entered_articulation": -1, "PA_D": -1.0, "PA_RPC": 11, "values_from_unity": "12", "P1A": 105.697, "P1B": 92.572, "P1C": 79.312, "P1D": 62.459, "P2A": 59.96, "P2B": 54.758, "P2C": 78.68, "P2D": 73.225, "P1A_F": -1.0, "P1B_F": -1.0, "P1C_F": -1.0, "P1D_F": -1.0, "P2A_F": -1.0, "P2B_F": -1.0, "P2C_F": -1.0, "P2D_F": -1.0, "P2eA": -1.0, "P2eB": -1.0, "P2eC": -1.0, "P2eD": -1.0, "P1A_U": 105.697, "P1B_U": 92.572, "P1C_U": 79.312, "P1D_U": 62.459, "P2eA_U": 59.96, "P2eB_U": 54.758, "P2eC_U": 78.68, "P2eD_U": 73.225, "P1_mean_max": 1.0, "P1_mean": -1.0, "P2_mean_max": 2.0, "P2_mean": -1.0, "confidence_position": 5.0, "confidence_angle": 20.0, "estimate_hit": true, "target": "ECP:3", "markers": {"A": "M:2", "B": "M:3", "C": "M:7", "D": "M:8"}, "fusion_computed": false, "anatomy": {"basilic vein": -1.0, "brachial artery": -1.0, "brachial vein": -1.0, "cephalic vein": -1.0, "inferior ulnar collateral artery": -1.0, "median antebrachial vein": -1.0, "median cubital vein": -1.0, "median cubital vein 1": -1.0, "middle collateral artery": -1.0, "radial artery": -1.0, "radial collateral artery": -1.0, "radial veins": -1.0, "random artery 1": -1.0, "random artery 2": -1.0, "ulnar artery": -1.0, "ulnar veins": -1.0, "anterior branch of medial antebrachial cutaneous nerve": -1.0, "anterior interosseous nerve of forearm": -1.0, "deep branch of radial nerve": -1.0, "lateral antebrachial cutaneous nerve": -1.0, "median nerve": -1.0, "muscular branches of radial nerve": -1.0, "musculocutaneous nerve": -1.0, "posterior antebrachial cutaneous nerve": -1.0, "posterior branch of medial antebrachial cutaneous nerve": -1.0, "radial nerve": -1.0, "superficial branch of radial nerve": -1.0, "ulnar nerve": -1.0}, "angle_PA_target": -1.0, "distance_P1_PA_target": -1.0, "distance_P1_PA_target_X": -1.0, "distance_P1_PA_target_Y": -1.0, "distance_P1_PA_target_Z": -1.0, "distance_P2_PA_target": -1.0, "distance_P2_PA_target_X": -1.0, "distance_P2_PA_target_Y": -1.0, "distance_P2_PA_target_Z": -1.0, "distance_P2e_PA_target": -1.0, "distance_P2e_PA_target_X": -1.0, "distance_P2e_PA_target_Y": -1.0, "distance_P2e_PA_target_Z": -1.0, "delta_id_PA_target": -1.0}
2024-02-08 15:42:22,801 - [ DEBUG] - PERFORM:	 enter data from fusion 360: 	|{"datatype": "PA", "PHASE_id": "4a5c13", "ECP_id": "17fc4cd2", "id": "b9c3d4c55b", "comment": "", "time_init": 1707403054.22, "phase": 0, "ECP_number": 3, "PA_number": 1, "success": true, "entered_articulation": -1, "PA_D": -1.0, "PA_RPC": 11, "values_from_unity": "12", "P1A": 105.697, "P1B": 92.572, "P1C": 79.312, "P1D": 62.459, "P2A": 59.96, "P2B": 54.758, "P2C": 78.68, "P2D": 73.225, "P1A_F": 105.697, "P1B_F": 92.572, "P1C_F": 79.312, "P1D_F": 62.46, "P2A_F": 59.96, "P2B_F": 54.758, "P2C_F": 78.68, "P2D_F": 73.225, "P2eA": 71.382, "P2eB": 61.892, "P2eC": 72.116, "P2eD": 62.068, "P1A_U": 105.697, "P1B_U": 92.572, "P1C_U": 79.312, "P1D_U": 62.459, "P2eA_U": 59.96, "P2eB_U": 54.758, "P2eC_U": 78.68, "P2eD_U": 73.225, "P1_mean_max": 1.0, "P1_mean": 0.002, "P2_mean_max": 2.0, "P2_mean": 0.001, "confidence_position": 5.0, "confidence_angle": 20.0, "estimate_hit": true, "target": "ECP:3", "markers": {"A": "M:2", "B": "M:3", "C": "M:7", "D": "M:8"}, "fusion_computed": true, "anatomy": {"basilic vein": 16.152, "brachial artery": 18.51, "brachial vein": 16.302, "cephalic vein": 19.491, "inferior ulnar collateral artery": 21.293, "median antebrachial vein": 30.336, "median cubital vein": 17.494, "median cubital vein 1": 24.925, "middle collateral artery": 16.025, "radial artery": 36.824, "radial collateral artery": 9.038, "radial veins": 50.102, "random artery 1": 7.632, "random artery 2": 31.315, "ulnar artery": 36.824, "ulnar veins": 50.095, "anterior branch of medial antebrachial cutaneous nerve": 24.797, "anterior interosseous nerve of forearm": 31.183, "deep branch of radial nerve": 39.293, "lateral antebrachial cutaneous nerve": 33.797, "median nerve": 20.885, "muscular branches of radial nerve": 15.65, "musculocutaneous nerve": 14.912, "posterior antebrachial cutaneous nerve": 25.632, "posterior branch of medial antebrachial cutaneous nerve": 0.953, "radial nerve": 19.806, "superficial branch of radial nerve": 39.411, "ulnar nerve": 4.793}, "angle_PA_target": 15.927, "distance_P1_PA_target": 14.828, "distance_P1_PA_target_X": 12.895, "distance_P1_PA_target_Y": -0.914, "distance_P1_PA_target_Z": -7.264, "distance_P2_PA_target": 24.519, "distance_P2_PA_target_X": 12.901, "distance_P2_PA_target_Y": -7.966, "distance_P2_PA_target_Z": 19.269, "distance_P2e_PA_target": 3.09, "distance_P2e_PA_target_X": 2.847, "distance_P2e_PA_target_Y": -1.185, "distance_P2e_PA_target_Z": 0.199, "delta_id_PA_target": -0.177}|
2024-02-08 15:42:27,919 - [ DEBUG] - TECHNICAL:	 want to remeasure P1 and/or P2? [Y/N]: 	|y|
2024-02-08 15:42:31,871 - [ DEBUG] - |-- P from unity	|12|
2024-02-08 15:42:48,905 - [ DEBUG] - |-- P1M:2 [FLOAT, EMPTY for old value]:  |-- P1M:2 [FLOAT, EMPTY for old value]: 	|105.697|
2024-02-08 15:42:48,907 - [ DEBUG] - |-- P1M:3 [FLOAT, EMPTY for old value]:  |-- P1M:3 [FLOAT, EMPTY for old value]: 	|92.572|
2024-02-08 15:42:48,908 - [ DEBUG] - |-- P1M:7 [FLOAT, EMPTY for old value]:  |-- P1M:7 [FLOAT, EMPTY for old value]: 	|79.312|
2024-02-08 15:42:48,908 - [ DEBUG] - |-- P1M:8 [FLOAT, EMPTY for old value]:  |-- P1M:8 [FLOAT, EMPTY for old value]: 	|62.459|
2024-02-08 15:42:48,908 - [ DEBUG] - |-- P2M:2 [FLOAT, EMPTY for old value]:  |-- P2M:2 [FLOAT, EMPTY for old value]: 	|59.960|
2024-02-08 15:42:48,909 - [ DEBUG] - |-- P2M:3 [FLOAT, EMPTY for old value]:  |-- P2M:3 [FLOAT, EMPTY for old value]: 	|54.758|
2024-02-08 15:42:48,910 - [ DEBUG] - |-- P2M:7 [FLOAT, EMPTY for old value]:  |-- P2M:7 [FLOAT, EMPTY for old value]: 	|78.680|
2024-02-08 15:42:50,108 - [ DEBUG] - |-- P2M:8 [FLOAT, EMPTY for old value]:  |-- P2M:8 [FLOAT, EMPTY for old value]: 	|73.225|
2024-02-08 15:42:50,111 - [  INFO] - PERFORM:	 test following string on fusion 360 (already copied in clipboard) -> 
{"datatype": "PA", "PHASE_id": "4a5c13", "ECP_id": "17fc4cd2", "id": "b9c3d4c55b", "comment": "", "time_init": 1707403054.22, "phase": 0, "ECP_number": 3, "PA_number": 1, "success": true, "entered_articulation": -1, "PA_D": -1.0, "PA_RPC": 11, "values_from_unity": "12", "P1A": 105.697, "P1B": 92.572, "P1C": 79.312, "P1D": 62.459, "P2A": 59.96, "P2B": 54.758, "P2C": 78.68, "P2D": 73.225, "P1A_F": 105.697, "P1B_F": 92.572, "P1C_F": 79.312, "P1D_F": 62.46, "P2A_F": 59.96, "P2B_F": 54.758, "P2C_F": 78.68, "P2D_F": 73.225, "P2eA": 71.382, "P2eB": 61.892, "P2eC": 72.116, "P2eD": 62.068, "P1A_U": 105.697, "P1B_U": 92.572, "P1C_U": 79.312, "P1D_U": 62.459, "P2eA_U": 59.96, "P2eB_U": 54.758, "P2eC_U": 78.68, "P2eD_U": 73.225, "P1_mean_max": 1.0, "P1_mean": 0.002, "P2_mean_max": 2.0, "P2_mean": 0.001, "confidence_position": 5.0, "confidence_angle": 20.0, "estimate_hit": true, "target": "ECP:3", "markers": {"A": "M:2", "B": "M:3", "C": "M:7", "D": "M:8"}, "fusion_computed": true, "anatomy": {"basilic vein": 16.152, "brachial artery": 18.51, "brachial vein": 16.302, "cephalic vein": 19.491, "inferior ulnar collateral artery": 21.293, "median antebrachial vein": 30.336, "median cubital vein": 17.494, "median cubital vein 1": 24.925, "middle collateral artery": 16.025, "radial artery": 36.824, "radial collateral artery": 9.038, "radial veins": 50.102, "random artery 1": 7.632, "random artery 2": 31.315, "ulnar artery": 36.824, "ulnar veins": 50.095, "anterior branch of medial antebrachial cutaneous nerve": 24.797, "anterior interosseous nerve of forearm": 31.183, "deep branch of radial nerve": 39.293, "lateral antebrachial cutaneous nerve": 33.797, "median nerve": 20.885, "muscular branches of radial nerve": 15.65, "musculocutaneous nerve": 14.912, "posterior antebrachial cutaneous nerve": 25.632, "posterior branch of medial antebrachial cutaneous nerve": 0.953, "radial nerve": 19.806, "superficial branch of radial nerve": 39.411, "ulnar nerve": 4.793}, "angle_PA_target": 15.927, "distance_P1_PA_target": 14.828, "distance_P1_PA_target_X": 12.895, "distance_P1_PA_target_Y": -0.914, "distance_P1_PA_target_Z": -7.264, "distance_P2_PA_target": 24.519, "distance_P2_PA_target_X": 12.901, "distance_P2_PA_target_Y": -7.966, "distance_P2_PA_target_Z": 19.269, "distance_P2e_PA_target": 3.09, "distance_P2e_PA_target_X": 2.847, "distance_P2e_PA_target_Y": -1.185, "distance_P2e_PA_target_Z": 0.199, "delta_id_PA_target": -0.177}
2024-02-08 15:43:05,969 - [ DEBUG] - PERFORM:	 enter data from fusion 360: 	|{"datatype": "PA", "PHASE_id": "4a5c13", "ECP_id": "17fc4cd2", "id": "b9c3d4c55b", "comment": "", "time_init": 1707403054.22, "phase": 0, "ECP_number": 3, "PA_number": 1, "success": true, "entered_articulation": -1, "PA_D": -1.0, "PA_RPC": 11, "values_from_unity": "12", "P1A": 105.697, "P1B": 92.572, "P1C": 79.312, "P1D": 62.459, "P2A": 59.96, "P2B": 54.758, "P2C": 78.68, "P2D": 73.225, "P1A_F": 105.697, "P1B_F": 92.572, "P1C_F": 79.312, "P1D_F": 62.46, "P2A_F": 59.96, "P2B_F": 54.758, "P2C_F": 78.68, "P2D_F": 73.225, "P2eA": 71.382, "P2eB": 61.892, "P2eC": 72.116, "P2eD": 62.068, "P1A_U": 105.697, "P1B_U": 92.572, "P1C_U": 79.312, "P1D_U": 62.459, "P2eA_U": 59.96, "P2eB_U": 54.758, "P2eC_U": 78.68, "P2eD_U": 73.225, "P1_mean_max": 1.0, "P1_mean": 0.002, "P2_mean_max": 2.0, "P2_mean": 0.001, "confidence_position": 5.0, "confidence_angle": 20.0, "estimate_hit": true, "target": "ECP:3", "markers": {"A": "M:2", "B": "M:3", "C": "M:7", "D": "M:8"}, "fusion_computed": true, "anatomy": {"basilic vein": 16.152, "brachial artery": 18.51, "brachial vein": 16.302, "cephalic vein": 19.491, "inferior ulnar collateral artery": 21.293, "median antebrachial vein": 30.336, "median cubital vein": 17.494, "median cubital vein 1": 24.925, "middle collateral artery": 16.025, "radial artery": 36.824, "radial collateral artery": 9.038, "radial veins": 50.102, "random artery 1": 7.632, "random artery 2": 31.315, "ulnar artery": 36.824, "ulnar veins": 50.095, "anterior branch of medial antebrachial cutaneous nerve": 24.797, "anterior interosseous nerve of forearm": 31.183, "deep branch of radial nerve": 39.293, "lateral antebrachial cutaneous nerve": 33.797, "median nerve": 20.885, "muscular branches of radial nerve": 15.65, "musculocutaneous nerve": 14.912, "posterior antebrachial cutaneous nerve": 25.632, "posterior branch of medial antebrachial cutaneous nerve": 0.953, "radial nerve": 19.806, "superficial branch of radial nerve": 39.411, "ulnar nerve": 4.793}, "angle_PA_target": 15.927, "distance_P1_PA_target": 14.828, "distance_P1_PA_target_X": 12.895, "distance_P1_PA_target_Y": -0.914, "distance_P1_PA_target_Z": -7.264, "distance_P2_PA_target": 24.519, "distance_P2_PA_target_X": 12.901, "distance_P2_PA_target_Y": -7.966, "distance_P2_PA_target_Z": 19.269, "distance_P2e_PA_target": 3.09, "distance_P2e_PA_target_X": 2.847, "distance_P2e_PA_target_Y": -1.185, "distance_P2e_PA_target_Z": 0.199, "delta_id_PA_target": -0.177}|
2024-02-08 15:43:07,291 - [ DEBUG] - TECHNICAL:	 want to remeasure P1 and/or P2? [Y/N]: 	|n|
2024-02-08 15:43:23,596 - [ DEBUG] - |-- ENTERED ARTICULATION [-1 / 0 (not entered) / 1 (entered)] : 	|0|
2024-02-08 15:43:29,781 - [ DEBUG] - TECHNICAL:	 comment on PA (b9c3d4c55b) [STRING]: 	||
2024-02-08 15:43:30,814 - [ DEBUG] - TECHNICAL:	 remove kwire from phanotm [ENTER when done]: 	||
2024-02-08 15:43:30,814 - [  INFO] - PA3.1 FINISHED!
2024-02-08 15:43:30,815 - [  INFO] - DATA COLLECTION - ECP3 - (17fc4cd2)
2024-02-08 15:43:46,162 - [ DEBUG] - |-- ease of placement [0 difficult - 5 easy]: 	|4|
2024-02-08 15:43:46,162 - [  INFO] - DATA COLLECTION - PHASE - (4a5c13)
2024-02-08 15:44:30,257 - [ DEBUG] - |-- realism xray    [-1 : 5]:            	|4|
2024-02-08 15:44:55,538 - [ DEBUG] - |-- simulation quality xray    [-1 : 5]: 	|4|
2024-02-08 15:45:11,694 - [ DEBUG] - |-- comfort xray [-1 : 5]:               	|4|
2024-02-08 15:45:14,506 - [ DEBUG] - |-- realism AR      [-1 : 5]:            	|-1|
2024-02-08 15:45:15,552 - [ DEBUG] - |-- simulation quality AR      [-1 : 5]: 	|-1|
2024-02-08 15:45:16,983 - [ DEBUG] - |-- comfort ar   [-1 : 5]:               	|-1|
2024-02-08 15:45:26,314 - [ DEBUG] - |-- realism phantom [-1 : 5]:            	|4|
2024-02-08 15:45:36,091 - [ DEBUG] - |-- simulation quality phantom [-1 : 5]: 	|4|
2024-02-08 15:46:02,683 - [ DEBUG] - TECHNICAL:	 comment on PHASE (4a5c13) [STRING]: 	|stato di origine o stato di dove studia?|
2024-02-08 15:46:02,694 - [  INFO] - SAVED ON DATABASE!
2024-02-08 15:46:02,696 - [  INFO] - bye!
