2024-02-20 11:20:28,572 - [  INFO] - flags: []
2024-02-20 11:20:28,573 - [  INFO] - # POSITIONING PHASE COMPANION (v1.27)
2024-02-20 11:20:28,573 - [  INFO] - # What a beautiful day to stick some anti-pigeon spikes into plastic!
2024-02-20 11:20:28,575 - [  INFO] - # BEGIN POSITIONING PHASE FOR A CANDIDATE, ONE SINGLE PHASE (6ec105)
2024-02-20 11:20:28,576 - [  INFO] - # 2024/02/20 - 11:20:28
2024-02-20 11:20:28,576 - [  INFO] - DATA COLLECTION - PHASE - (6ec105)
2024-02-20 11:20:30,282 - [ DEBUG] - |-- phase      [INTEGER]:           	|1|
2024-02-20 11:20:30,283 - [ DEBUG] - |-- phantom id [STRING]:            	|04|
2024-02-20 11:20:30,287 - [ DEBUG] - |-- country origin [STRING]:        	|italy|
2024-02-20 11:20:30,287 - [ DEBUG] - |-- country    [STRING]:            	|italy|
2024-02-20 11:20:30,288 - [ DEBUG] - |-- city       [STRING]:            	|turin|
2024-02-20 11:20:30,289 - [ DEBUG] - |-- institute  [STRING]:            	|unito|
2024-02-20 11:20:30,290 - [ DEBUG] - |-- name [STRING]:                  	|fiamma|
2024-02-20 11:20:30,290 - [ DEBUG] - |-- surname [STRING]:               	|cusumano|
2024-02-20 11:20:30,290 - [ DEBUG] - |-- gender                          	|f|
2024-02-20 11:20:30,291 - [ DEBUG] - |-- right-handed [Y/N]:             	|true|
2024-02-20 11:20:30,291 - [ DEBUG] - |-- age [INTEGER]:                  	|22|
2024-02-20 11:20:30,292 - [ DEBUG] - |-- career:   	|st|
2024-02-20 11:20:31,310 - [ DEBUG] - |-- medsurg year        [-1 : 7]:   	|3|
2024-02-20 11:20:32,306 - [ DEBUG] - |-- specialization year [-1 : 5]:   	|-1|
2024-02-20 11:20:33,257 - [ DEBUG] - |-- surgeon year        [-1 : 100]: 	|-1|
2024-02-20 11:20:56,358 - [ DEBUG] - |-- exp operation count [INTEGER]:  	|0|
2024-02-20 11:20:58,051 - [ DEBUG] - |-- glasses [Y/N]:                  	|y|
2024-02-20 11:21:00,446 - [ DEBUG] - |-- glasses type [None [] / Myopia (Nearsightedness) [M] / Hyperopia (Farsightedness) [H] / Astigmatism [AS] / Presbyopia [P] / Strabismus [S] / Amblyopia (Lazy Eye) [AM] / Cataract [C]: 	|m|
2024-02-20 11:21:05,807 - [ DEBUG] - |-- glasses power [-1 : 100]         |-- glasses power [-1 : 100]        	|2|
2024-02-20 11:21:07,545 - [ DEBUG] - |-- exp Virtual Reality   [0 : 5]:  	|1|
2024-02-20 11:21:08,750 - [ DEBUG] - |-- exp Augmented Reality [0 : 5]:  	|0|
2024-02-20 11:21:09,076 - [ DEBUG] - |-- exp 3D editors        [0 : 5]:  	|0|
2024-02-20 11:21:18,022 - [ DEBUG] - TECHNICAL:	 is data entered correct? [Y/N]: 	|y|
2024-02-20 11:21:18,024 - [  INFO] - ########################
2024-02-20 11:21:18,024 - [  INFO] - ECP1 START! (50780c42)
2024-02-20 11:21:18,025 - [  INFO] - ------------------------
2024-02-20 11:21:18,025 - [  INFO] - PA1.1 START! (3531c80054)
2024-02-20 11:21:18,761 - [ DEBUG] - PERFORM:	 reset x-ray machine [ENTER when done]: 	||
2024-02-20 11:30:05,877 - [ DEBUG] - PERFORM:	 give instruction to insert k-wire [ENTER when instruction given]: 	||
2024-02-20 11:32:33,059 - [ DEBUG] - CANDIDATE:	 inserting k-wire... -> checks it and declares it Failed or Successful (Restart timer)	|s|
2024-02-20 11:32:33,060 - [  INFO] - \_candidate has performed SUCCESSFUL positioning attempt!
2024-02-20 11:32:33,060 - [  INFO] - DATA COLLECTION - PA1.1 - (3531c80054)
2024-02-20 11:32:40,148 - [ DEBUG] - |-- CANDIDATE: entrance point distance from entrance point target? [FLOAT]:  |-- CANDIDATE: entrance point distance from entrance point target? [FLOAT]: 	|2|
2024-02-20 11:32:45,110 - [ DEBUG] - |-- CANDIDATE: confidence on angle in deg? [FLOAT]:                          |-- CANDIDATE: confidence on angle in deg? [FLOAT]:                         	|0|
2024-02-20 11:32:59,104 - [ DEBUG] - |-- CANDIDATE: estimate structures hit [Y/N]?:                              	|n|
2024-02-20 11:33:08,384 - [ DEBUG] - |-- RADIATION picture count [INT] : 	|0|
2024-02-20 11:33:11,239 - [ DEBUG] - |-- P from unity	|12|
2024-02-20 11:33:19,588 - [ DEBUG] - |-- P1M:2 [FLOAT]:  |-- P1M:2 [FLOAT]: 	|82.736|
2024-02-20 11:33:19,589 - [ DEBUG] - |-- P1M:3 [FLOAT]:  |-- P1M:3 [FLOAT]: 	|69.503|
2024-02-20 11:33:19,590 - [ DEBUG] - |-- P1M:7 [FLOAT]:  |-- P1M:7 [FLOAT]: 	|116.456|
2024-02-20 11:33:19,591 - [ DEBUG] - |-- P1M:8 [FLOAT]:  |-- P1M:8 [FLOAT]: 	|109.576|
2024-02-20 11:33:19,592 - [ DEBUG] - |-- P2M:2 [FLOAT]:  |-- P2M:2 [FLOAT]: 	|58.945|
2024-02-20 11:33:19,593 - [ DEBUG] - |-- P2M:3 [FLOAT]:  |-- P2M:3 [FLOAT]: 	|49.140|
2024-02-20 11:33:19,593 - [ DEBUG] - |-- P2M:7 [FLOAT]:  |-- P2M:7 [FLOAT]: 	|82.577|
2024-02-20 11:33:19,897 - [ DEBUG] - |-- P2M:8 [FLOAT]:  |-- P2M:8 [FLOAT]: 	|75.354|
2024-02-20 11:33:20,762 - [ DEBUG] - |-- P1M:2 unity [FLOAT]:   |-- P1M:2 unity [FLOAT]:  	|82.736|
2024-02-20 11:33:20,763 - [ DEBUG] - |-- P1M:3 unity [FLOAT]:   |-- P1M:3 unity [FLOAT]:  	|69.503|
2024-02-20 11:33:20,764 - [ DEBUG] - |-- P1M:7 unity [FLOAT]:   |-- P1M:7 unity [FLOAT]:  	|116.456|
2024-02-20 11:33:20,764 - [ DEBUG] - |-- P1M:8 unity [FLOAT]:   |-- P1M:8 unity [FLOAT]:  	|109.576|
2024-02-20 11:33:20,765 - [ DEBUG] - |-- P2eM:2 unity [FLOAT]:  |-- P2eM:2 unity [FLOAT]: 	|58.945|
2024-02-20 11:33:20,765 - [ DEBUG] - |-- P2eM:3 unity [FLOAT]:  |-- P2eM:3 unity [FLOAT]: 	|49.140|
2024-02-20 11:33:20,778 - [ DEBUG] - |-- P2eM:7 unity [FLOAT]:  |-- P2eM:7 unity [FLOAT]: 	|82.577|
2024-02-20 11:33:21,069 - [ DEBUG] - |-- P2eM:8 unity [FLOAT]:  |-- P2eM:8 unity [FLOAT]: 	|75.354|
2024-02-20 11:33:22,381 - [ DEBUG] - TECHNICAL:	 is data entered correct? [Y/N]: 	|y|
2024-02-20 11:33:22,387 - [  INFO] - PERFORM:	 test following string on fusion 360 (already copied in clipboard) -> 
{"datatype": "PA", "PHASE_id": "6ec105", "ECP_id": "50780c42", "id": "3531c80054", "comment": "", "time_init": 1708425005.88, "phase": 1, "ECP_number": 1, "PA_number": 1, "success": true, "entered_articulation": -1, "PA_D": -1.0, "PA_RPC": 0, "values_from_unity": "12", "P1A": 82.736, "P1B": 69.503, "P1C": 116.456, "P1D": 109.576, "P2A": 58.945, "P2B": 49.14, "P2C": 82.577, "P2D": 75.354, "P1A_F": -1.0, "P1B_F": -1.0, "P1C_F": -1.0, "P1D_F": -1.0, "P2A_F": -1.0, "P2B_F": -1.0, "P2C_F": -1.0, "P2D_F": -1.0, "P2eA_F": -1.0, "P2eB_F": -1.0, "P2eC_F": -1.0, "P2eD_F": -1.0, "P1A_U": 82.736, "P1B_U": 69.503, "P1C_U": 116.456, "P1D_U": 109.576, "P2eA_U": 58.945, "P2eB_U": 49.14, "P2eC_U": 82.577, "P2eD_U": 75.354, "P1_mean_max": 1.0, "P1_mean": -1.0, "P2_mean_max": 2.0, "P2_mean": -1.0, "confidence_position": 2.0, "confidence_angle": 0.0, "estimate_hit": false, "target": "ECP:1", "markers": {"A": "M:2", "B": "M:3", "C": "M:7", "D": "M:8"}, "fusion_computed": false, "anatomy": {"basilic vein": -1.0, "brachial artery": -1.0, "brachial vein": -1.0, "cephalic vein": -1.0, "inferior ulnar collateral artery": -1.0, "median antebrachial vein": -1.0, "median cubital vein": -1.0, "median cubital vein 1": -1.0, "middle collateral artery": -1.0, "radial artery": -1.0, "radial collateral artery": -1.0, "radial veins": -1.0, "random artery 1": -1.0, "random artery 2": -1.0, "ulnar artery": -1.0, "ulnar veins": -1.0, "anterior branch of medial antebrachial cutaneous nerve": -1.0, "anterior interosseous nerve of forearm": -1.0, "deep branch of radial nerve": -1.0, "lateral antebrachial cutaneous nerve": -1.0, "median nerve": -1.0, "muscular branches of radial nerve": -1.0, "musculocutaneous nerve": -1.0, "posterior antebrachial cutaneous nerve": -1.0, "posterior branch of medial antebrachial cutaneous nerve": -1.0, "radial nerve": -1.0, "superficial branch of radial nerve": -1.0, "ulnar nerve": -1.0}, "hit_count": -1.0, "angle_PA_target": -1.0, "distance_P1_PA_target": -1.0, "distance_P1_PA_target_X": -1.0, "distance_P1_PA_target_Y": -1.0, "distance_P1_PA_target_Z": -1.0, "distance_P2_PA_target": -1.0, "distance_P2_PA_target_X": -1.0, "distance_P2_PA_target_Y": -1.0, "distance_P2_PA_target_Z": -1.0, "distance_P2e_PA_target": -1.0, "distance_P2e_PA_target_X": -1.0, "distance_P2e_PA_target_Y": -1.0, "distance_P2e_PA_target_Z": -1.0, "delta_id_PA_target": -1.0}
2024-02-20 11:34:18,512 - [ DEBUG] - PERFORM:	 enter data from fusion 360: 	|{"datatype": "PA", "PHASE_id": "6ec105", "ECP_id": "50780c42", "id": "3531c80054", "comment": "", "time_init": 1708425005.88, "phase": 1, "ECP_number": 1, "PA_number": 1, "success": true, "entered_articulation": -1, "PA_D": -1.0, "PA_RPC": 0, "values_from_unity": "12", "P1A": 82.736, "P1B": 69.503, "P1C": 116.456, "P1D": 109.576, "P2A": 58.945, "P2B": 49.14, "P2C": 82.577, "P2D": 75.354, "P1A_F": 82.736, "P1B_F": 69.503, "P1C_F": 116.456, "P1D_F": 109.576, "P2A_F": 58.945, "P2B_F": 49.14, "P2C_F": 82.577, "P2D_F": 75.354, "P2eA_F": 58.912, "P2eB_F": 48.865, "P2eC_F": 83.045, "P2eD_F": 75.801, "P1A_U": 82.736, "P1B_U": 69.503, "P1C_U": 116.456, "P1D_U": 109.576, "P2eA_U": 58.945, "P2eB_U": 49.14, "P2eC_U": 82.577, "P2eD_U": 75.354, "P1_mean_max": 1.0, "P1_mean": 0.001, "P2_mean_max": 2.0, "P2_mean": 0.001, "confidence_position": 2.0, "confidence_angle": 0.0, "estimate_hit": false, "target": "ECP:1", "markers": {"A": "M:2", "B": "M:3", "C": "M:7", "D": "M:8"}, "fusion_computed": true, "anatomy": {"basilic vein": 18.435, "brachial artery": 22.224, "brachial vein": 18.398, "cephalic vein": 30.284, "inferior ulnar collateral artery": 21.925, "median antebrachial vein": 39.623, "median cubital vein": 22.255, "median cubital vein 1": 25.698, "middle collateral artery": 11.472, "radial artery": 28.257, "radial collateral artery": 21.378, "radial veins": 37.807, "random artery 1": 6.006, "random artery 2": 34.484, "ulnar artery": 28.257, "ulnar veins": 37.844, "anterior branch of medial antebrachial cutaneous nerve": 27.136, "anterior interosseous nerve of forearm": 27.866, "deep branch of radial nerve": 25.891, "lateral antebrachial cutaneous nerve": 25.358, "median nerve": 23.566, "muscular branches of radial nerve": 15.75, "musculocutaneous nerve": 19.511, "posterior antebrachial cutaneous nerve": 23.585, "posterior branch of medial antebrachial cutaneous nerve": 4.497, "radial nerve": 22.537, "superficial branch of radial nerve": 26.137, "ulnar nerve": 4.444}, "hit_count": -1.0, "angle_PA_target": 4.048, "distance_P1_PA_target": 11.983, "distance_P1_PA_target_X": 8.907, "distance_P1_PA_target_Y": 3.196, "distance_P1_PA_target_Z": -7.351, "distance_P2_PA_target": 5.07, "distance_P2_PA_target_X": 3.096, "distance_P2_PA_target_Y": -3.769, "distance_P2_PA_target_Z": 1.384, "distance_P2e_PA_target": 4.699, "distance_P2e_PA_target_X": 3.498, "distance_P2e_PA_target_Y": -3.135, "distance_P2e_PA_target_Z": 0.14, "delta_id_PA_target": -10.552}|
2024-02-20 11:34:19,874 - [ DEBUG] - TECHNICAL:	 want to remeasure P1 and/or P2? [Y/N]: 	|n|
2024-02-20 11:34:21,546 - [ DEBUG] - |-- ENTERED ARTICULATION [-1 / 0 (not entered) / 1 (entered)] : 	|0|
2024-02-20 11:34:22,178 - [ DEBUG] - TECHNICAL:	 comment on PA (3531c80054) [STRING]: 	||
2024-02-20 11:34:23,569 - [ DEBUG] - TECHNICAL:	 remove kwire from phanotm [ENTER when done]: 	||
2024-02-20 11:34:23,569 - [  INFO] - PA1.1 FINISHED!
2024-02-20 11:34:23,569 - [  INFO] - DATA COLLECTION - ECP1 - (50780c42)
2024-02-20 11:34:33,050 - [ DEBUG] - |-- ease of placement [0 difficult - 5 easy]: 	|4|
2024-02-20 11:34:33,051 - [  INFO] - ########################
2024-02-20 11:34:33,052 - [  INFO] - ECP2 START! (0b1963fc)
2024-02-20 11:34:33,053 - [  INFO] - ------------------------
2024-02-20 11:34:33,054 - [  INFO] - PA2.1 START! (499fd5623e)
2024-02-20 11:34:33,875 - [ DEBUG] - PERFORM:	 reset x-ray machine [ENTER when done]: 	||
2024-02-20 11:35:15,231 - [ DEBUG] - PERFORM:	 give instruction to insert k-wire [ENTER when instruction given]: 	||
2024-02-20 11:38:31,668 - [ DEBUG] - CANDIDATE:	 inserting k-wire... -> checks it and declares it Failed or Successful (Restart timer)	|s|
2024-02-20 11:38:31,668 - [  INFO] - \_candidate has performed SUCCESSFUL positioning attempt!
2024-02-20 11:38:31,669 - [  INFO] - DATA COLLECTION - PA2.1 - (499fd5623e)
2024-02-20 11:38:42,753 - [ DEBUG] - |-- CANDIDATE: entrance point distance from entrance point target? [FLOAT]:  |-- CANDIDATE: entrance point distance from entrance point target? [FLOAT]: 	|2|
2024-02-20 11:38:53,133 - [ DEBUG] - |-- CANDIDATE: confidence on angle in deg? [FLOAT]:                          |-- CANDIDATE: confidence on angle in deg? [FLOAT]:                         	|0|
2024-02-20 11:39:48,964 - [ DEBUG] - |-- CANDIDATE: estimate structures hit [Y/N]?:                              	|n|
2024-02-20 11:40:11,492 - [ DEBUG] - |-- RADIATION picture count [INT] : 	|6|
2024-02-20 11:40:15,331 - [ DEBUG] - |-- P from unity	|12|
2024-02-20 11:40:23,807 - [ DEBUG] - |-- P1M:3 [FLOAT]:  |-- P1M:3 [FLOAT]: 	|41.619|
2024-02-20 11:40:23,808 - [ DEBUG] - |-- P1M:4 [FLOAT]:  |-- P1M:4 [FLOAT]: 	|38.221|
2024-02-20 11:40:23,809 - [ DEBUG] - |-- P1M:8 [FLOAT]:  |-- P1M:8 [FLOAT]: 	|118.044|
2024-02-20 11:40:23,809 - [ DEBUG] - |-- P1M:9 [FLOAT]:  |-- P1M:9 [FLOAT]: 	|116.608|
2024-02-20 11:40:23,810 - [ DEBUG] - |-- P2M:3 [FLOAT]:  |-- P2M:3 [FLOAT]: 	|72.588|
2024-02-20 11:40:23,811 - [ DEBUG] - |-- P2M:4 [FLOAT]:  |-- P2M:4 [FLOAT]: 	|72.328|
2024-02-20 11:40:23,815 - [ DEBUG] - |-- P2M:8 [FLOAT]:  |-- P2M:8 [FLOAT]: 	|55.724|
2024-02-20 11:40:24,460 - [ DEBUG] - |-- P2M:9 [FLOAT]:  |-- P2M:9 [FLOAT]: 	|54.089|
2024-02-20 11:40:25,430 - [ DEBUG] - |-- P1M:3 unity [FLOAT]:   |-- P1M:3 unity [FLOAT]:  	|41.619|
2024-02-20 11:40:25,431 - [ DEBUG] - |-- P1M:4 unity [FLOAT]:   |-- P1M:4 unity [FLOAT]:  	|38.221|
2024-02-20 11:40:25,431 - [ DEBUG] - |-- P1M:8 unity [FLOAT]:   |-- P1M:8 unity [FLOAT]:  	|118.044|
2024-02-20 11:40:25,432 - [ DEBUG] - |-- P1M:9 unity [FLOAT]:   |-- P1M:9 unity [FLOAT]:  	|116.608|
2024-02-20 11:40:25,433 - [ DEBUG] - |-- P2eM:3 unity [FLOAT]:  |-- P2eM:3 unity [FLOAT]: 	|72.588|
2024-02-20 11:40:25,434 - [ DEBUG] - |-- P2eM:4 unity [FLOAT]:  |-- P2eM:4 unity [FLOAT]: 	|72.328|
2024-02-20 11:40:25,435 - [ DEBUG] - |-- P2eM:8 unity [FLOAT]:  |-- P2eM:8 unity [FLOAT]: 	|55.724|
2024-02-20 11:40:26,117 - [ DEBUG] - |-- P2eM:9 unity [FLOAT]:  |-- P2eM:9 unity [FLOAT]: 	|54.089|
2024-02-20 11:40:28,097 - [ DEBUG] - TECHNICAL:	 is data entered correct? [Y/N]: 	|y|
2024-02-20 11:40:28,100 - [  INFO] - PERFORM:	 test following string on fusion 360 (already copied in clipboard) -> 
{"datatype": "PA", "PHASE_id": "6ec105", "ECP_id": "0b1963fc", "id": "499fd5623e", "comment": "", "time_init": 1708425315.23, "phase": 1, "ECP_number": 2, "PA_number": 1, "success": true, "entered_articulation": -1, "PA_D": -1.0, "PA_RPC": 6, "values_from_unity": "12", "P1A": 41.619, "P1B": 38.221, "P1C": 118.044, "P1D": 116.608, "P2A": 72.588, "P2B": 72.328, "P2C": 55.724, "P2D": 54.089, "P1A_F": -1.0, "P1B_F": -1.0, "P1C_F": -1.0, "P1D_F": -1.0, "P2A_F": -1.0, "P2B_F": -1.0, "P2C_F": -1.0, "P2D_F": -1.0, "P2eA_F": -1.0, "P2eB_F": -1.0, "P2eC_F": -1.0, "P2eD_F": -1.0, "P1A_U": 41.619, "P1B_U": 38.221, "P1C_U": 118.044, "P1D_U": 116.608, "P2eA_U": 72.588, "P2eB_U": 72.328, "P2eC_U": 55.724, "P2eD_U": 54.089, "P1_mean_max": 1.0, "P1_mean": -1.0, "P2_mean_max": 2.0, "P2_mean": -1.0, "confidence_position": 2.0, "confidence_angle": 0.0, "estimate_hit": false, "target": "ECP:2", "markers": {"A": "M:3", "B": "M:4", "C": "M:8", "D": "M:9"}, "fusion_computed": false, "anatomy": {"basilic vein": -1.0, "brachial artery": -1.0, "brachial vein": -1.0, "cephalic vein": -1.0, "inferior ulnar collateral artery": -1.0, "median antebrachial vein": -1.0, "median cubital vein": -1.0, "median cubital vein 1": -1.0, "middle collateral artery": -1.0, "radial artery": -1.0, "radial collateral artery": -1.0, "radial veins": -1.0, "random artery 1": -1.0, "random artery 2": -1.0, "ulnar artery": -1.0, "ulnar veins": -1.0, "anterior branch of medial antebrachial cutaneous nerve": -1.0, "anterior interosseous nerve of forearm": -1.0, "deep branch of radial nerve": -1.0, "lateral antebrachial cutaneous nerve": -1.0, "median nerve": -1.0, "muscular branches of radial nerve": -1.0, "musculocutaneous nerve": -1.0, "posterior antebrachial cutaneous nerve": -1.0, "posterior branch of medial antebrachial cutaneous nerve": -1.0, "radial nerve": -1.0, "superficial branch of radial nerve": -1.0, "ulnar nerve": -1.0}, "hit_count": -1.0, "angle_PA_target": -1.0, "distance_P1_PA_target": -1.0, "distance_P1_PA_target_X": -1.0, "distance_P1_PA_target_Y": -1.0, "distance_P1_PA_target_Z": -1.0, "distance_P2_PA_target": -1.0, "distance_P2_PA_target_X": -1.0, "distance_P2_PA_target_Y": -1.0, "distance_P2_PA_target_Z": -1.0, "distance_P2e_PA_target": -1.0, "distance_P2e_PA_target_X": -1.0, "distance_P2e_PA_target_Y": -1.0, "distance_P2e_PA_target_Z": -1.0, "delta_id_PA_target": -1.0}
2024-02-20 11:40:45,215 - [ DEBUG] - PERFORM:	 enter data from fusion 360: 	|{"datatype": "PA", "PHASE_id": "6ec105", "ECP_id": "0b1963fc", "id": "499fd5623e", "comment": "", "time_init": 1708425315.23, "phase": 1, "ECP_number": 2, "PA_number": 1, "success": true, "entered_articulation": -1, "PA_D": -1.0, "PA_RPC": 6, "values_from_unity": "12", "P1A": 41.619, "P1B": 38.221, "P1C": 118.044, "P1D": 116.608, "P2A": 72.588, "P2B": 72.328, "P2C": 55.724, "P2D": 54.089, "P1A_F": 41.619, "P1B_F": 38.221, "P1C_F": 118.044, "P1D_F": 116.608, "P2A_F": 72.588, "P2B_F": 72.328, "P2C_F": 55.724, "P2D_F": 54.089, "P2eA_F": 75.264, "P2eB_F": 75.091, "P2eC_F": 52.818, "P2eD_F": 51.165, "P1A_U": 41.619, "P1B_U": 38.221, "P1C_U": 118.044, "P1D_U": 116.608, "P2eA_U": 72.588, "P2eB_U": 72.328, "P2eC_U": 55.724, "P2eD_U": 54.089, "P1_mean_max": 1.0, "P1_mean": 0.0, "P2_mean_max": 2.0, "P2_mean": 0.002, "confidence_position": 2.0, "confidence_angle": 0.0, "estimate_hit": false, "target": "ECP:2", "markers": {"A": "M:3", "B": "M:4", "C": "M:8", "D": "M:9"}, "fusion_computed": true, "anatomy": {"basilic vein": 41.615, "brachial artery": 51.269, "brachial vein": 42.467, "cephalic vein": 56.541, "inferior ulnar collateral artery": 27.613, "median antebrachial vein": 47.435, "median cubital vein": 60.342, "median cubital vein 1": 49.982, "middle collateral artery": 21.997, "radial artery": 43.194, "radial collateral artery": 46.116, "radial veins": 41.056, "random artery 1": 26.527, "random artery 2": 30.925, "ulnar artery": 35.082, "ulnar veins": 32.794, "anterior branch of medial antebrachial cutaneous nerve": 52.427, "anterior interosseous nerve of forearm": 32.14, "deep branch of radial nerve": 32.382, "lateral antebrachial cutaneous nerve": 49.897, "median nerve": 35.261, "muscular branches of radial nerve": 31.268, "musculocutaneous nerve": 49.995, "posterior antebrachial cutaneous nerve": 31.071, "posterior branch of medial antebrachial cutaneous nerve": 24.31, "radial nerve": 53.388, "superficial branch of radial nerve": 53.253, "ulnar nerve": 29.981}, "hit_count": -1.0, "angle_PA_target": 24.469, "distance_P1_PA_target": 18.563, "distance_P1_PA_target_X": 9.493, "distance_P1_PA_target_Y": 15.216, "distance_P1_PA_target_Z": -4.791, "distance_P2_PA_target": 25.774, "distance_P2_PA_target_X": -23.352, "distance_P2_PA_target_Y": 10.566, "distance_P2_PA_target_Z": -2.702, "distance_P2e_PA_target": 28.769, "distance_P2e_PA_target_X": -26.271, "distance_P2e_PA_target_Y": 11.589, "distance_P2e_PA_target_Z": -1.785, "delta_id_PA_target": -28.477}|
2024-02-20 11:41:16,705 - [ DEBUG] - TECHNICAL:	 want to remeasure P1 and/or P2? [Y/N]: 	|n|
2024-02-20 11:41:18,874 - [ DEBUG] - |-- ENTERED ARTICULATION [-1 / 0 (not entered) / 1 (entered)] : 	|0|
2024-02-20 11:41:19,490 - [ DEBUG] - TECHNICAL:	 comment on PA (499fd5623e) [STRING]: 	||
2024-02-20 11:41:20,025 - [ DEBUG] - TECHNICAL:	 remove kwire from phanotm [ENTER when done]: 	||
2024-02-20 11:41:20,025 - [  INFO] - PA2.1 FINISHED!
2024-02-20 11:41:20,025 - [  INFO] - DATA COLLECTION - ECP2 - (0b1963fc)
2024-02-20 11:41:28,459 - [ DEBUG] - |-- ease of placement [0 difficult - 5 easy]: 	|3|
2024-02-20 11:41:28,461 - [  INFO] - ########################
2024-02-20 11:41:28,461 - [  INFO] - ECP3 START! (4699b3c2)
2024-02-20 11:41:28,462 - [  INFO] - ------------------------
2024-02-20 11:41:28,463 - [  INFO] - PA3.1 START! (aa25af83d7)
2024-02-20 11:41:29,347 - [ DEBUG] - PERFORM:	 reset x-ray machine [ENTER when done]: 	||
2024-02-20 11:42:09,940 - [ DEBUG] - PERFORM:	 give instruction to insert k-wire [ENTER when instruction given]: 	||
2024-02-20 11:44:39,151 - [ DEBUG] - CANDIDATE:	 inserting k-wire... -> checks it and declares it Failed or Successful (Restart timer)	|r|
2024-02-20 11:44:39,151 - [  INFO] - \_restart timer!
2024-02-20 11:46:44,255 - [ DEBUG] - CANDIDATE:	 inserting k-wire... -> checks it and declares it Failed or Successful (Restart timer)	|s|
2024-02-20 11:46:44,255 - [  INFO] - \_candidate has performed SUCCESSFUL positioning attempt!
2024-02-20 11:46:44,256 - [  INFO] - DATA COLLECTION - PA3.1 - (aa25af83d7)
2024-02-20 11:46:53,323 - [ DEBUG] - |-- CANDIDATE: entrance point distance from entrance point target? [FLOAT]:  |-- CANDIDATE: entrance point distance from entrance point target? [FLOAT]: 	|1|
2024-02-20 11:47:00,329 - [ DEBUG] - |-- CANDIDATE: confidence on angle in deg? [FLOAT]:                          |-- CANDIDATE: confidence on angle in deg? [FLOAT]:                         	|0|
2024-02-20 11:48:14,265 - [ DEBUG] - |-- CANDIDATE: estimate structures hit [Y/N]?:                              	|n|
2024-02-20 11:48:27,887 - [ DEBUG] - |-- RADIATION picture count [INT] : 	|5|
2024-02-20 11:48:29,973 - [ DEBUG] - |-- P from unity	|12|
2024-02-20 11:48:31,066 - [ DEBUG] - |-- P1M:2 [FLOAT]:  |-- P1M:2 [FLOAT]: 	|114.686|
2024-02-20 11:48:31,067 - [ DEBUG] - |-- P1M:3 [FLOAT]:  |-- P1M:3 [FLOAT]: 	|105.101|
2024-02-20 11:48:31,068 - [ DEBUG] - |-- P1M:7 [FLOAT]:  |-- P1M:7 [FLOAT]: 	|71.934|
2024-02-20 11:48:31,069 - [ DEBUG] - |-- P1M:8 [FLOAT]:  |-- P1M:8 [FLOAT]: 	|56.704|
2024-02-20 11:48:31,070 - [ DEBUG] - |-- P2M:2 [FLOAT]:  |-- P2M:2 [FLOAT]: 	|62.850|
2024-02-20 11:48:31,071 - [ DEBUG] - |-- P2M:3 [FLOAT]:  |-- P2M:3 [FLOAT]: 	|53.689|
2024-02-20 11:48:31,071 - [ DEBUG] - |-- P2M:7 [FLOAT]:  |-- P2M:7 [FLOAT]: 	|78.331|
2024-02-20 11:48:31,359 - [ DEBUG] - |-- P2M:8 [FLOAT]:  |-- P2M:8 [FLOAT]: 	|70.519|
2024-02-20 11:48:32,145 - [ DEBUG] - |-- P1M:2 unity [FLOAT]:   |-- P1M:2 unity [FLOAT]:  	|114.686|
2024-02-20 11:48:32,145 - [ DEBUG] - |-- P1M:3 unity [FLOAT]:   |-- P1M:3 unity [FLOAT]:  	|105.101|
2024-02-20 11:48:32,146 - [ DEBUG] - |-- P1M:7 unity [FLOAT]:   |-- P1M:7 unity [FLOAT]:  	|71.934|
2024-02-20 11:48:32,147 - [ DEBUG] - |-- P1M:8 unity [FLOAT]:   |-- P1M:8 unity [FLOAT]:  	|56.704|
2024-02-20 11:48:32,147 - [ DEBUG] - |-- P2eM:2 unity [FLOAT]:  |-- P2eM:2 unity [FLOAT]: 	|62.850|
2024-02-20 11:48:32,148 - [ DEBUG] - |-- P2eM:3 unity [FLOAT]:  |-- P2eM:3 unity [FLOAT]: 	|53.689|
2024-02-20 11:48:32,165 - [ DEBUG] - |-- P2eM:7 unity [FLOAT]:  |-- P2eM:7 unity [FLOAT]: 	|78.331|
2024-02-20 11:48:32,423 - [ DEBUG] - |-- P2eM:8 unity [FLOAT]:  |-- P2eM:8 unity [FLOAT]: 	|70.519|
2024-02-20 11:48:34,219 - [ DEBUG] - TECHNICAL:	 is data entered correct? [Y/N]: 	|y|
2024-02-20 11:48:34,222 - [  INFO] - PERFORM:	 test following string on fusion 360 (already copied in clipboard) -> 
{"datatype": "PA", "PHASE_id": "6ec105", "ECP_id": "4699b3c2", "id": "aa25af83d7", "comment": "", "time_init": 1708425879.15, "phase": 1, "ECP_number": 3, "PA_number": 1, "success": true, "entered_articulation": -1, "PA_D": -1.0, "PA_RPC": 5, "values_from_unity": "12", "P1A": 114.686, "P1B": 105.101, "P1C": 71.934, "P1D": 56.704, "P2A": 62.85, "P2B": 53.689, "P2C": 78.331, "P2D": 70.519, "P1A_F": -1.0, "P1B_F": -1.0, "P1C_F": -1.0, "P1D_F": -1.0, "P2A_F": -1.0, "P2B_F": -1.0, "P2C_F": -1.0, "P2D_F": -1.0, "P2eA_F": -1.0, "P2eB_F": -1.0, "P2eC_F": -1.0, "P2eD_F": -1.0, "P1A_U": 114.686, "P1B_U": 105.101, "P1C_U": 71.934, "P1D_U": 56.704, "P2eA_U": 62.85, "P2eB_U": 53.689, "P2eC_U": 78.331, "P2eD_U": 70.519, "P1_mean_max": 1.0, "P1_mean": -1.0, "P2_mean_max": 2.0, "P2_mean": -1.0, "confidence_position": 1.0, "confidence_angle": 0.0, "estimate_hit": false, "target": "ECP:3", "markers": {"A": "M:2", "B": "M:3", "C": "M:7", "D": "M:8"}, "fusion_computed": false, "anatomy": {"basilic vein": -1.0, "brachial artery": -1.0, "brachial vein": -1.0, "cephalic vein": -1.0, "inferior ulnar collateral artery": -1.0, "median antebrachial vein": -1.0, "median cubital vein": -1.0, "median cubital vein 1": -1.0, "middle collateral artery": -1.0, "radial artery": -1.0, "radial collateral artery": -1.0, "radial veins": -1.0, "random artery 1": -1.0, "random artery 2": -1.0, "ulnar artery": -1.0, "ulnar veins": -1.0, "anterior branch of medial antebrachial cutaneous nerve": -1.0, "anterior interosseous nerve of forearm": -1.0, "deep branch of radial nerve": -1.0, "lateral antebrachial cutaneous nerve": -1.0, "median nerve": -1.0, "muscular branches of radial nerve": -1.0, "musculocutaneous nerve": -1.0, "posterior antebrachial cutaneous nerve": -1.0, "posterior branch of medial antebrachial cutaneous nerve": -1.0, "radial nerve": -1.0, "superficial branch of radial nerve": -1.0, "ulnar nerve": -1.0}, "hit_count": -1.0, "angle_PA_target": -1.0, "distance_P1_PA_target": -1.0, "distance_P1_PA_target_X": -1.0, "distance_P1_PA_target_Y": -1.0, "distance_P1_PA_target_Z": -1.0, "distance_P2_PA_target": -1.0, "distance_P2_PA_target_X": -1.0, "distance_P2_PA_target_Y": -1.0, "distance_P2_PA_target_Z": -1.0, "distance_P2e_PA_target": -1.0, "distance_P2e_PA_target_X": -1.0, "distance_P2e_PA_target_Y": -1.0, "distance_P2e_PA_target_Z": -1.0, "delta_id_PA_target": -1.0}
2024-02-20 11:49:19,967 - [ DEBUG] - PERFORM:	 enter data from fusion 360: 	|{"datatype": "PA", "PHASE_id": "6ec105", "ECP_id": "4699b3c2", "id": "aa25af83d7", "comment": "", "time_init": 1708425879.15, "phase": 1, "ECP_number": 3, "PA_number": 1, "success": true, "entered_articulation": -1, "PA_D": -1.0, "PA_RPC": 5, "values_from_unity": "12", "P1A": 114.686, "P1B": 105.101, "P1C": 71.934, "P1D": 56.704, "P2A": 62.85, "P2B": 53.689, "P2C": 78.331, "P2D": 70.519, "P1A_F": 114.686, "P1B_F": 105.101, "P1C_F": 71.934, "P1D_F": 56.704, "P2A_F": 62.85, "P2B_F": 53.689, "P2C_F": 78.331, "P2D_F": 70.519, "P2eA_F": 66.062, "P2eB_F": 56.747, "P2eC_F": 76.173, "P2eD_F": 67.682, "P1A_U": 114.686, "P1B_U": 105.101, "P1C_U": 71.934, "P1D_U": 56.704, "P2eA_U": 62.85, "P2eB_U": 53.689, "P2eC_U": 78.331, "P2eD_U": 70.519, "P1_mean_max": 1.0, "P1_mean": 0.0, "P2_mean_max": 2.0, "P2_mean": 0.003, "confidence_position": 1.0, "confidence_angle": 0.0, "estimate_hit": false, "target": "ECP:3", "markers": {"A": "M:2", "B": "M:3", "C": "M:7", "D": "M:8"}, "fusion_computed": true, "anatomy": {"basilic vein": 16.79, "brachial artery": 25.06, "brachial vein": 20.703, "cephalic vein": 34.217, "inferior ulnar collateral artery": 23.708, "median antebrachial vein": 29.987, "median cubital vein": 17.832, "median cubital vein 1": 34.575, "middle collateral artery": 14.787, "radial artery": 46.851, "radial collateral artery": 24.034, "radial veins": 58.345, "random artery 1": 3.926, "random artery 2": 34.495, "ulnar artery": 46.851, "ulnar veins": 58.373, "anterior branch of medial antebrachial cutaneous nerve": 25.087, "anterior interosseous nerve of forearm": 39.492, "deep branch of radial nerve": 52.203, "lateral antebrachial cutaneous nerve": 44.252, "median nerve": 23.351, "muscular branches of radial nerve": 13.66, "musculocutaneous nerve": 17.586, "posterior antebrachial cutaneous nerve": 43.897, "posterior branch of medial antebrachial cutaneous nerve": 2.414, "radial nerve": 36.049, "superficial branch of radial nerve": 52.198, "ulnar nerve": 4.706}, "hit_count": -1.0, "angle_PA_target": 1.421, "distance_P1_PA_target": 7.144, "distance_P1_PA_target_X": -0.163, "distance_P1_PA_target_Y": 3.745, "distance_P1_PA_target_Z": -6.082, "distance_P2_PA_target": 12.745, "distance_P2_PA_target_X": 11.648, "distance_P2_PA_target_Y": -2.42, "distance_P2_PA_target_Z": 4.57, "distance_P2e_PA_target": 8.75, "distance_P2e_PA_target_X": 8.559, "distance_P2e_PA_target_Y": -0.988, "distance_P2e_PA_target_Z": 1.526, "delta_id_PA_target": -12.44}|
2024-02-20 11:49:29,002 - [ DEBUG] - TECHNICAL:	 want to remeasure P1 and/or P2? [Y/N]: 	|n|
2024-02-20 11:49:30,593 - [ DEBUG] - |-- ENTERED ARTICULATION [-1 / 0 (not entered) / 1 (entered)] : 	|0|
2024-02-20 11:49:31,261 - [ DEBUG] - TECHNICAL:	 comment on PA (aa25af83d7) [STRING]: 	||
2024-02-20 11:49:31,802 - [ DEBUG] - TECHNICAL:	 remove kwire from phanotm [ENTER when done]: 	||
2024-02-20 11:49:31,802 - [  INFO] - PA3.1 FINISHED!
2024-02-20 11:49:31,802 - [  INFO] - DATA COLLECTION - ECP3 - (4699b3c2)
2024-02-20 11:49:44,185 - [ DEBUG] - |-- ease of placement [0 difficult - 5 easy]: 	|4|
2024-02-20 11:49:44,185 - [  INFO] - DATA COLLECTION - PHASE - (6ec105)
2024-02-20 11:49:59,926 - [ DEBUG] - |-- realism xray               [-1 : 5]: 	|4|
2024-02-20 11:50:04,813 - [ DEBUG] - |-- simulation quality xray    [-1 : 5]: 	|5|
2024-02-20 11:50:37,902 - [ DEBUG] - |-- comfort xray               [-1 : 5]: 	|5|
2024-02-20 11:52:56,520 - [ DEBUG] - |-- realism AR                 [-1 : 5]: 	|5|
2024-02-20 11:53:11,117 - [ DEBUG] - |-- simulation quality AR      [-1 : 5]: 	|5|
2024-02-20 11:53:21,387 - [ DEBUG] - |-- comfort AR                 [-1 : 5]: 	|5|
2024-02-20 11:53:46,083 - [ DEBUG] - |-- realism phantom            [-1 : 5]: 	|3|
2024-02-20 11:53:57,745 - [ DEBUG] - |-- simulation quality phantom [-1 : 5]: 	|4|
2024-02-20 11:53:58,443 - [ DEBUG] - TECHNICAL:	 comment on PHASE (6ec105) [STRING]: 	||
2024-02-20 11:53:58,457 - [  INFO] - SAVED ON DATABASE!
2024-02-20 11:53:58,459 - [  INFO] - bye!
