2024-02-23 08:47:33,226 - [  INFO] - flags: []
2024-02-23 08:47:33,227 - [  INFO] - # POSITIONING PHASE COMPANION (v1.27)
2024-02-23 08:47:33,228 - [  INFO] - # What a beautiful day to stick some anti-pigeon spikes into plastic!
2024-02-23 08:47:33,235 - [  INFO] - # BEGIN POSITIONING PHASE FOR A CANDIDATE, ONE SINGLE PHASE (3b1491)
2024-02-23 08:47:33,235 - [  INFO] - # 2024/02/23 - 08:47:33
2024-02-23 08:47:33,235 - [  INFO] - DATA COLLECTION - PHASE - (3b1491)
2024-02-23 08:47:50,752 - [ DEBUG] - |-- phase      [INTEGER]:           	|0|
2024-02-23 08:47:53,141 - [ DEBUG] - |-- phantom id [STRING]:            	|05|
2024-02-23 08:48:13,388 - [ DEBUG] - |-- country origin [STRING]:        	|italy|
2024-02-23 08:48:14,717 - [ DEBUG] - |-- country    [STRING]:            	|italy|
2024-02-23 08:48:16,477 - [ DEBUG] - |-- city       [STRING]:            	|turin|
2024-02-23 08:48:17,778 - [ DEBUG] - |-- institute  [STRING]:            	|cto|
2024-02-23 08:48:21,785 - [ DEBUG] - |-- name [STRING]:                  	|andrea|
2024-02-23 08:48:26,997 - [ DEBUG] - |-- surname [STRING]:               	|michelauz|
2024-02-23 08:48:38,409 - [ DEBUG] - |-- gender                          	|m|
2024-02-23 08:48:42,170 - [ DEBUG] - |-- right-handed [Y/N]:             	|y|
2024-02-23 08:48:45,862 - [ DEBUG] - |-- age [INTEGER]:                  	|33|
2024-02-23 08:48:47,853 - [ DEBUG] - |-- career:   	|sp|
2024-02-23 08:48:49,690 - [ DEBUG] - |-- medsurg year        [-1 : 7]:   	|-1|
2024-02-23 08:49:02,291 - [ DEBUG] - |-- specialization year [-1 : 5]:   	|3|
2024-02-23 08:49:04,312 - [ DEBUG] - |-- surgeon year        [-1 : 100]: 	|-1|
2024-02-23 08:49:48,922 - [ DEBUG] - |-- exp operation count [INTEGER]:  	|30|
2024-02-23 08:50:21,354 - [ DEBUG] - |-- glasses [Y/N]:                  	|y|
2024-02-23 08:50:27,499 - [ DEBUG] - |-- glasses type [None [] / Myopia (Nearsightedness) [M] / Hyperopia (Farsightedness) [H] / Astigmatism [AS] / Presbyopia [P] / Strabismus [S] / Amblyopia (Lazy Eye) [AM] / Cataract [C]: 	|m|
2024-02-23 08:50:29,908 - [ DEBUG] - |-- glasses power [-1 : 100]         |-- glasses power [-1 : 100]        	|2.5|
2024-02-23 08:50:56,572 - [ DEBUG] - |-- exp Virtual Reality   [0 : 5]:  	|2|
2024-02-23 08:51:21,127 - [ DEBUG] - |-- exp Augmented Reality [0 : 5]:  	|2|
2024-02-23 08:52:03,772 - [ DEBUG] - |-- exp 3D editors        [0 : 5]:  	|4|
2024-02-23 08:52:58,568 - [ DEBUG] - TECHNICAL:	 is data entered correct? [Y/N]: 	|y|
2024-02-23 08:52:58,569 - [  INFO] - ########################
2024-02-23 08:52:58,569 - [  INFO] - ECP1 START! (68e8a570)
2024-02-23 08:52:58,571 - [  INFO] - ------------------------
2024-02-23 08:52:58,571 - [  INFO] - PA1.1 START! (ca8885ba44)
2024-02-23 08:52:59,874 - [ DEBUG] - PERFORM:	 reset x-ray machine [ENTER when done]: 	||
2024-02-23 08:56:21,733 - [ DEBUG] - PERFORM:	 give instruction to insert k-wire [ENTER when instruction given]: 	||
2024-02-23 08:57:13,179 - [ DEBUG] - CANDIDATE:	 inserting k-wire... -> checks it and declares it Failed or Successful (Restart timer)	|r|
2024-02-23 08:57:13,179 - [  INFO] - \_restart timer!
2024-02-23 08:58:19,951 - [ DEBUG] - CANDIDATE:	 inserting k-wire... -> checks it and declares it Failed or Successful (Restart timer)	|f|
2024-02-23 08:58:19,951 - [  INFO] - \_candidate has FAILED positioning attempt!
2024-02-23 08:58:19,951 - [  INFO] - DATA COLLECTION - PA1.1 - (ca8885ba44)
2024-02-23 09:00:18,222 - [ DEBUG] - |-- CANDIDATE: entrance point distance from entrance point target? [FLOAT]:  |-- CANDIDATE: entrance point distance from entrance point target? [FLOAT]: 	|0|
2024-02-23 09:00:41,642 - [ DEBUG] - |-- CANDIDATE: confidence on angle in deg? [FLOAT]:                          |-- CANDIDATE: confidence on angle in deg? [FLOAT]:                         	|20|
2024-02-23 09:01:08,525 - [ DEBUG] - |-- CANDIDATE: estimate structures hit [Y/N]?:                              	|y|
2024-02-23 09:01:18,508 - [ DEBUG] - |-- RADIATION picture count [INT] : 	|2|
2024-02-23 09:01:25,981 - [ DEBUG] - |-- P from unity	|12|
2024-02-23 09:01:35,301 - [ DEBUG] - |-- P1M:2 [FLOAT]:  |-- P1M:2 [FLOAT]: 	|71.151|
2024-02-23 09:01:35,302 - [ DEBUG] - |-- P1M:3 [FLOAT]:  |-- P1M:3 [FLOAT]: 	|65.822|
2024-02-23 09:01:35,303 - [ DEBUG] - |-- P1M:7 [FLOAT]:  |-- P1M:7 [FLOAT]: 	|79.595|
2024-02-23 09:01:35,304 - [ DEBUG] - |-- P1M:8 [FLOAT]:  |-- P1M:8 [FLOAT]: 	|75.356|
2024-02-23 09:01:35,305 - [ DEBUG] - |-- P2M:2 [FLOAT]:  |-- P2M:2 [FLOAT]: 	|63.475|
2024-02-23 09:01:35,306 - [ DEBUG] - |-- P2M:3 [FLOAT]:  |-- P2M:3 [FLOAT]: 	|59.962|
2024-02-23 09:01:35,306 - [ DEBUG] - |-- P2M:7 [FLOAT]:  |-- P2M:7 [FLOAT]: 	|72.693|
2024-02-23 09:01:37,029 - [ DEBUG] - |-- P2M:8 [FLOAT]:  |-- P2M:8 [FLOAT]: 	|68.858|
2024-02-23 09:01:40,860 - [ DEBUG] - |-- P1M:2 unity [FLOAT]:   |-- P1M:2 unity [FLOAT]:  	|71.151|
2024-02-23 09:01:40,861 - [ DEBUG] - |-- P1M:3 unity [FLOAT]:   |-- P1M:3 unity [FLOAT]:  	|65.822|
2024-02-23 09:01:40,862 - [ DEBUG] - |-- P1M:7 unity [FLOAT]:   |-- P1M:7 unity [FLOAT]:  	|79.595|
2024-02-23 09:01:40,863 - [ DEBUG] - |-- P1M:8 unity [FLOAT]:   |-- P1M:8 unity [FLOAT]:  	|75.356|
2024-02-23 09:01:40,863 - [ DEBUG] - |-- P2eM:2 unity [FLOAT]:  |-- P2eM:2 unity [FLOAT]: 	|63.475|
2024-02-23 09:01:40,863 - [ DEBUG] - |-- P2eM:3 unity [FLOAT]:  |-- P2eM:3 unity [FLOAT]: 	|59.962|
2024-02-23 09:01:40,864 - [ DEBUG] - |-- P2eM:7 unity [FLOAT]:  |-- P2eM:7 unity [FLOAT]: 	|72.693|
2024-02-23 09:01:46,460 - [ DEBUG] - |-- P2eM:8 unity [FLOAT]:  |-- P2eM:8 unity [FLOAT]: 	|68.858|
2024-02-23 09:01:49,416 - [ DEBUG] - TECHNICAL:	 is data entered correct? [Y/N]: 	|y|
2024-02-23 09:01:49,420 - [  INFO] - PERFORM:	 test following string on fusion 360 (already copied in clipboard) -> 
{"datatype": "PA", "PHASE_id": "3b1491", "ECP_id": "68e8a570", "id": "ca8885ba44", "comment": "", "time_init": 1708675033.18, "phase": 0, "ECP_number": 1, "PA_number": 1, "success": false, "entered_articulation": -1, "PA_D": -1.0, "PA_RPC": 2, "values_from_unity": "12", "P1A": 71.151, "P1B": 65.822, "P1C": 79.595, "P1D": 75.356, "P2A": 63.475, "P2B": 59.962, "P2C": 72.693, "P2D": 68.858, "P1A_F": -1.0, "P1B_F": -1.0, "P1C_F": -1.0, "P1D_F": -1.0, "P2A_F": -1.0, "P2B_F": -1.0, "P2C_F": -1.0, "P2D_F": -1.0, "P2eA_F": -1.0, "P2eB_F": -1.0, "P2eC_F": -1.0, "P2eD_F": -1.0, "P1A_U": 71.151, "P1B_U": 65.822, "P1C_U": 79.595, "P1D_U": 75.356, "P2eA_U": 63.475, "P2eB_U": 59.962, "P2eC_U": 72.693, "P2eD_U": 68.858, "P1_mean_max": 1.0, "P1_mean": -1.0, "P2_mean_max": 2.0, "P2_mean": -1.0, "confidence_position": 0.0, "confidence_angle": 20.0, "estimate_hit": true, "target": "ECP:1", "markers": {"A": "M:2", "B": "M:3", "C": "M:7", "D": "M:8"}, "fusion_computed": false, "anatomy": {"basilic vein": -1.0, "brachial artery": -1.0, "brachial vein": -1.0, "cephalic vein": -1.0, "inferior ulnar collateral artery": -1.0, "median antebrachial vein": -1.0, "median cubital vein": -1.0, "median cubital vein 1": -1.0, "middle collateral artery": -1.0, "radial artery": -1.0, "radial collateral artery": -1.0, "radial veins": -1.0, "random artery 1": -1.0, "random artery 2": -1.0, "ulnar artery": -1.0, "ulnar veins": -1.0, "anterior branch of medial antebrachial cutaneous nerve": -1.0, "anterior interosseous nerve of forearm": -1.0, "deep branch of radial nerve": -1.0, "lateral antebrachial cutaneous nerve": -1.0, "median nerve": -1.0, "muscular branches of radial nerve": -1.0, "musculocutaneous nerve": -1.0, "posterior antebrachial cutaneous nerve": -1.0, "posterior branch of medial antebrachial cutaneous nerve": -1.0, "radial nerve": -1.0, "superficial branch of radial nerve": -1.0, "ulnar nerve": -1.0}, "hit_count": -1.0, "angle_PA_target": -1.0, "distance_P1_PA_target": -1.0, "distance_P1_PA_target_X": -1.0, "distance_P1_PA_target_Y": -1.0, "distance_P1_PA_target_Z": -1.0, "distance_P2_PA_target": -1.0, "distance_P2_PA_target_X": -1.0, "distance_P2_PA_target_Y": -1.0, "distance_P2_PA_target_Z": -1.0, "distance_P2e_PA_target": -1.0, "distance_P2e_PA_target_X": -1.0, "distance_P2e_PA_target_Y": -1.0, "distance_P2e_PA_target_Z": -1.0, "delta_id_PA_target": -1.0}
2024-02-23 09:02:38,615 - [ DEBUG] - PERFORM:	 enter data from fusion 360: 	|{"datatype": "PA", "PHASE_id": "3b1491", "ECP_id": "68e8a570", "id": "ca8885ba44", "comment": "", "time_init": 1708675033.18, "phase": 0, "ECP_number": 1, "PA_number": 1, "success": false, "entered_articulation": -1, "PA_D": -1.0, "PA_RPC": 2, "values_from_unity": "12", "P1A": 71.151, "P1B": 65.822, "P1C": 79.595, "P1D": 75.356, "P2A": 63.475, "P2B": 59.962, "P2C": 72.693, "P2D": 68.858, "P1A_F": 71.151, "P1B_F": 65.822, "P1C_F": 79.595, "P1D_F": 75.356, "P2A_F": 63.475, "P2B_F": 59.962, "P2C_F": 72.693, "P2D_F": 68.858, "P2eA_F": 63.475, "P2eB_F": 59.962, "P2eC_F": 72.693, "P2eD_F": 68.858, "P1A_U": 71.151, "P1B_U": 65.822, "P1C_U": 79.595, "P1D_U": 75.356, "P2eA_U": 63.475, "P2eB_U": 59.962, "P2eC_U": 72.693, "P2eD_U": 68.858, "P1_mean_max": 1.0, "P1_mean": 0.0, "P2_mean_max": 2.0, "P2_mean": 0.0, "confidence_position": 0.0, "confidence_angle": 20.0, "estimate_hit": true, "target": "ECP:1", "markers": {"A": "M:2", "B": "M:3", "C": "M:7", "D": "M:8"}, "fusion_computed": true, "anatomy": {"basilic vein": 13.232, "brachial artery": 17.188, "brachial vein": 13.25, "cephalic vein": 24.242, "inferior ulnar collateral artery": 17.088, "median antebrachial vein": 30.231, "median cubital vein": 19.204, "median cubital vein 1": 20.594, "middle collateral artery": 15.79, "radial artery": 25.104, "radial collateral artery": 8.401, "radial veins": 37.379, "random artery 1": 11.83, "random artery 2": 29.625, "ulnar artery": 25.104, "ulnar veins": 37.376, "anterior branch of medial antebrachial cutaneous nerve": 22.058, "anterior interosseous nerve of forearm": 22.65, "deep branch of radial nerve": 23.904, "lateral antebrachial cutaneous nerve": 21.974, "median nerve": 18.123, "muscular branches of radial nerve": 1.701, "musculocutaneous nerve": 14.453, "posterior antebrachial cutaneous nerve": 15.57, "posterior branch of medial antebrachial cutaneous nerve": 1.653, "radial nerve": 17.563, "superficial branch of radial nerve": 24.208, "ulnar nerve": 10.915}, "hit_count": 0, "angle_PA_target": 11.469, "distance_P1_PA_target": 28.395, "distance_P1_PA_target_X": -15.318, "distance_P1_PA_target_Y": -4.693, "distance_P1_PA_target_Z": 23.444, "distance_P2_PA_target": 6.766, "distance_P2_PA_target_X": -5.429, "distance_P2_PA_target_Y": 4.038, "distance_P2_PA_target_Z": -0.071, "distance_P2e_PA_target": 6.766, "distance_P2e_PA_target_X": -5.429, "distance_P2e_PA_target_Y": 4.037, "distance_P2e_PA_target_Z": -0.07, "delta_id_PA_target": 26.165}|
2024-02-23 09:02:43,485 - [ DEBUG] - TECHNICAL:	 want to remeasure P1 and/or P2? [Y/N]: 	|n|
2024-02-23 09:03:21,163 - [ DEBUG] - |-- ENTERED ARTICULATION [-1 / 0 (not entered) / 1 (entered)] : 	|0|
2024-02-23 09:03:32,980 - [ DEBUG] - TECHNICAL:	 comment on PA (ca8885ba44) [STRING]: 	||
2024-02-23 09:03:39,807 - [ DEBUG] - TECHNICAL:	 remove kwire from phanotm [ENTER when done]: 	||
2024-02-23 09:03:39,807 - [  INFO] - PA1.1 FINISHED!
2024-02-23 09:03:39,809 - [  INFO] - ------------------------
2024-02-23 09:03:39,810 - [  INFO] - PA1.2 START! (e74de2f0ef)
2024-02-23 09:03:44,483 - [ DEBUG] - PERFORM:	 reset x-ray machine [ENTER when done]: 	||
2024-02-23 09:04:08,405 - [ DEBUG] - PERFORM:	 give instruction to insert k-wire [ENTER when instruction given]: 	||
2024-02-23 09:06:35,717 - [ DEBUG] - CANDIDATE:	 inserting k-wire... -> checks it and declares it Failed or Successful (Restart timer)	|r|
2024-02-23 09:06:35,717 - [  INFO] - \_restart timer!
2024-02-23 09:07:53,500 - [ DEBUG] - CANDIDATE:	 inserting k-wire... -> checks it and declares it Failed or Successful (Restart timer)	|s|
2024-02-23 09:07:53,500 - [  INFO] - \_candidate has performed SUCCESSFUL positioning attempt!
2024-02-23 09:07:53,500 - [  INFO] - DATA COLLECTION - PA1.2 - (e74de2f0ef)
2024-02-23 09:08:05,759 - [ DEBUG] - |-- CANDIDATE: entrance point distance from entrance point target? [FLOAT]:  |-- CANDIDATE: entrance point distance from entrance point target? [FLOAT]: 	|0|
2024-02-23 09:08:13,832 - [ DEBUG] - |-- CANDIDATE: confidence on angle in deg? [FLOAT]:                          |-- CANDIDATE: confidence on angle in deg? [FLOAT]:                         	|5|
2024-02-23 09:08:35,782 - [ DEBUG] - |-- CANDIDATE: estimate structures hit [Y/N]?:                              	|n|
2024-02-23 09:08:50,103 - [ DEBUG] - |-- RADIATION picture count [INT] : 	|11|
2024-02-23 09:08:58,460 - [ DEBUG] - |-- P from unity	|12|
2024-02-23 09:09:27,993 - [ DEBUG] - |-- P1M:2 [FLOAT]:  |-- P1M:2 [FLOAT]: 	|79.568|
2024-02-23 09:09:27,994 - [ DEBUG] - |-- P1M:3 [FLOAT]:  |-- P1M:3 [FLOAT]: 	|70.480|
2024-02-23 09:09:28,000 - [ DEBUG] - |-- P1M:7 [FLOAT]:  |-- P1M:7 [FLOAT]: 	|99.587|
2024-02-23 09:09:28,001 - [ DEBUG] - |-- P1M:8 [FLOAT]:  |-- P1M:8 [FLOAT]: 	|94.139|
2024-02-23 09:09:28,003 - [ DEBUG] - |-- P2M:2 [FLOAT]:  |-- P2M:2 [FLOAT]: 	|64.517|
2024-02-23 09:09:28,026 - [ DEBUG] - |-- P2M:3 [FLOAT]:  |-- P2M:3 [FLOAT]: 	|54.588|
2024-02-23 09:09:28,027 - [ DEBUG] - |-- P2M:7 [FLOAT]:  |-- P2M:7 [FLOAT]: 	|78.065|
2024-02-23 09:09:29,957 - [ DEBUG] - |-- P2M:8 [FLOAT]:  |-- P2M:8 [FLOAT]: 	|69.559|
2024-02-23 09:09:33,759 - [ DEBUG] - |-- P1M:2 unity [FLOAT]:   |-- P1M:2 unity [FLOAT]:  	|79.568|
2024-02-23 09:09:33,760 - [ DEBUG] - |-- P1M:3 unity [FLOAT]:   |-- P1M:3 unity [FLOAT]:  	|70.480|
2024-02-23 09:09:33,760 - [ DEBUG] - |-- P1M:7 unity [FLOAT]:   |-- P1M:7 unity [FLOAT]:  	|99.587|
2024-02-23 09:09:33,761 - [ DEBUG] - |-- P1M:8 unity [FLOAT]:   |-- P1M:8 unity [FLOAT]:  	|94.139|
2024-02-23 09:09:33,762 - [ DEBUG] - |-- P2eM:2 unity [FLOAT]:  |-- P2eM:2 unity [FLOAT]: 	|64.517|
2024-02-23 09:09:33,763 - [ DEBUG] - |-- P2eM:3 unity [FLOAT]:  |-- P2eM:3 unity [FLOAT]: 	|54.588|
2024-02-23 09:09:33,763 - [ DEBUG] - |-- P2eM:7 unity [FLOAT]:  |-- P2eM:7 unity [FLOAT]: 	|78.065|
2024-02-23 09:09:34,364 - [ DEBUG] - |-- P2eM:8 unity [FLOAT]:  |-- P2eM:8 unity [FLOAT]: 	|69.559|
2024-02-23 09:09:38,623 - [ DEBUG] - TECHNICAL:	 is data entered correct? [Y/N]: 	|y|
2024-02-23 09:09:38,625 - [  INFO] - PERFORM:	 test following string on fusion 360 (already copied in clipboard) -> 
{"datatype": "PA", "PHASE_id": "3b1491", "ECP_id": "68e8a570", "id": "e74de2f0ef", "comment": "", "time_init": 1708675595.72, "phase": 0, "ECP_number": 1, "PA_number": 2, "success": true, "entered_articulation": -1, "PA_D": -1.0, "PA_RPC": 11, "values_from_unity": "12", "P1A": 79.568, "P1B": 70.48, "P1C": 99.587, "P1D": 94.139, "P2A": 64.517, "P2B": 54.588, "P2C": 78.065, "P2D": 69.559, "P1A_F": -1.0, "P1B_F": -1.0, "P1C_F": -1.0, "P1D_F": -1.0, "P2A_F": -1.0, "P2B_F": -1.0, "P2C_F": -1.0, "P2D_F": -1.0, "P2eA_F": -1.0, "P2eB_F": -1.0, "P2eC_F": -1.0, "P2eD_F": -1.0, "P1A_U": 79.568, "P1B_U": 70.48, "P1C_U": 99.587, "P1D_U": 94.139, "P2eA_U": 64.517, "P2eB_U": 54.588, "P2eC_U": 78.065, "P2eD_U": 69.559, "P1_mean_max": 1.0, "P1_mean": -1.0, "P2_mean_max": 2.0, "P2_mean": -1.0, "confidence_position": 0.0, "confidence_angle": 5.0, "estimate_hit": false, "target": "ECP:1", "markers": {"A": "M:2", "B": "M:3", "C": "M:7", "D": "M:8"}, "fusion_computed": false, "anatomy": {"basilic vein": -1.0, "brachial artery": -1.0, "brachial vein": -1.0, "cephalic vein": -1.0, "inferior ulnar collateral artery": -1.0, "median antebrachial vein": -1.0, "median cubital vein": -1.0, "median cubital vein 1": -1.0, "middle collateral artery": -1.0, "radial artery": -1.0, "radial collateral artery": -1.0, "radial veins": -1.0, "random artery 1": -1.0, "random artery 2": -1.0, "ulnar artery": -1.0, "ulnar veins": -1.0, "anterior branch of medial antebrachial cutaneous nerve": -1.0, "anterior interosseous nerve of forearm": -1.0, "deep branch of radial nerve": -1.0, "lateral antebrachial cutaneous nerve": -1.0, "median nerve": -1.0, "muscular branches of radial nerve": -1.0, "musculocutaneous nerve": -1.0, "posterior antebrachial cutaneous nerve": -1.0, "posterior branch of medial antebrachial cutaneous nerve": -1.0, "radial nerve": -1.0, "superficial branch of radial nerve": -1.0, "ulnar nerve": -1.0}, "hit_count": -1.0, "angle_PA_target": -1.0, "distance_P1_PA_target": -1.0, "distance_P1_PA_target_X": -1.0, "distance_P1_PA_target_Y": -1.0, "distance_P1_PA_target_Z": -1.0, "distance_P2_PA_target": -1.0, "distance_P2_PA_target_X": -1.0, "distance_P2_PA_target_Y": -1.0, "distance_P2_PA_target_Z": -1.0, "distance_P2e_PA_target": -1.0, "distance_P2e_PA_target_X": -1.0, "distance_P2e_PA_target_Y": -1.0, "distance_P2e_PA_target_Z": -1.0, "delta_id_PA_target": -1.0}
2024-02-23 09:10:40,699 - [ DEBUG] - PERFORM:	 enter data from fusion 360: 	|{"datatype": "PA", "PHASE_id": "3b1491", "ECP_id": "68e8a570", "id": "e74de2f0ef", "comment": "", "time_init": 1708675595.72, "phase": 0, "ECP_number": 1, "PA_number": 2, "success": true, "entered_articulation": -1, "PA_D": -1.0, "PA_RPC": 11, "values_from_unity": "12", "P1A": 79.568, "P1B": 70.48, "P1C": 99.587, "P1D": 94.139, "P2A": 64.517, "P2B": 54.588, "P2C": 78.065, "P2D": 69.559, "P1A_F": 79.568, "P1B_F": 70.48, "P1C_F": 99.587, "P1D_F": 94.139, "P2A_F": 64.517, "P2B_F": 54.588, "P2C_F": 78.065, "P2D_F": 69.559, "P2eA_F": 64.517, "P2eB_F": 54.588, "P2eC_F": 78.065, "P2eD_F": 69.559, "P1A_U": 79.568, "P1B_U": 70.48, "P1C_U": 99.587, "P1D_U": 94.139, "P2eA_U": 64.517, "P2eB_U": 54.588, "P2eC_U": 78.065, "P2eD_U": 69.559, "P1_mean_max": 1.0, "P1_mean": 0.0, "P2_mean_max": 2.0, "P2_mean": 0.001, "confidence_position": 0.0, "confidence_angle": 5.0, "estimate_hit": false, "target": "ECP:1", "markers": {"A": "M:2", "B": "M:3", "C": "M:7", "D": "M:8"}, "fusion_computed": true, "anatomy": {"basilic vein": 20.887, "brachial artery": 26.947, "brachial vein": 22.641, "cephalic vein": 36.24, "inferior ulnar collateral artery": 18.379, "median antebrachial vein": 35.591, "median cubital vein": 27.045, "median cubital vein 1": 30.148, "middle collateral artery": 4.604, "radial artery": 31.035, "radial collateral artery": 22.407, "radial veins": 39.327, "random artery 1": 3.745, "random artery 2": 30.884, "ulnar artery": 31.035, "ulnar veins": 39.29, "anterior branch of medial antebrachial cutaneous nerve": 29.98, "anterior interosseous nerve of forearm": 29.769, "deep branch of radial nerve": 29.828, "lateral antebrachial cutaneous nerve": 28.004, "median nerve": 26.805, "muscular branches of radial nerve": 9.358, "musculocutaneous nerve": 23.927, "posterior antebrachial cutaneous nerve": 20.565, "posterior branch of medial antebrachial cutaneous nerve": 3.022, "radial nerve": 27.89, "superficial branch of radial nerve": 30.012, "ulnar nerve": 3.705}, "hit_count": 0, "angle_PA_target": 9.019, "distance_P1_PA_target": 6.278, "distance_P1_PA_target_X": -4.676, "distance_P1_PA_target_Y": 3.102, "distance_P1_PA_target_Z": 2.814, "distance_P2_PA_target": 4.323, "distance_P2_PA_target_X": -2.875, "distance_P2_PA_target_Y": -2.81, "distance_P2_PA_target_Z": -1.591, "distance_P2e_PA_target": 4.323, "distance_P2e_PA_target_X": -2.875, "distance_P2e_PA_target_Y": -2.81, "distance_P2e_PA_target_Z": -1.59, "delta_id_PA_target": 1.366}|
2024-02-23 09:10:47,438 - [ DEBUG] - TECHNICAL:	 want to remeasure P1 and/or P2? [Y/N]: 	|n|
2024-02-23 09:11:10,973 - [ DEBUG] - |-- ENTERED ARTICULATION [-1 / 0 (not entered) / 1 (entered)] : 	|1|
2024-02-23 09:11:12,929 - [ DEBUG] - TECHNICAL:	 comment on PA (e74de2f0ef) [STRING]: 	||
2024-02-23 09:11:16,119 - [ DEBUG] - TECHNICAL:	 remove kwire from phanotm [ENTER when done]: 	||
2024-02-23 09:11:16,119 - [  INFO] - PA1.2 FINISHED!
2024-02-23 09:11:16,119 - [  INFO] - DATA COLLECTION - ECP1 - (68e8a570)
2024-02-23 09:11:47,577 - [ DEBUG] - |-- ease of placement [0 difficult - 5 easy]: 	|2|
2024-02-23 09:11:47,579 - [  INFO] - ########################
2024-02-23 09:11:47,579 - [  INFO] - ECP2 START! (2b7356f4)
2024-02-23 09:11:47,580 - [  INFO] - ------------------------
2024-02-23 09:11:47,581 - [  INFO] - PA2.1 START! (f26156460a)
2024-02-23 09:11:54,164 - [ DEBUG] - PERFORM:	 reset x-ray machine [ENTER when done]: 	||
2024-02-23 09:12:25,280 - [ DEBUG] - PERFORM:	 give instruction to insert k-wire [ENTER when instruction given]: 	||
2024-02-23 09:16:22,820 - [ DEBUG] - CANDIDATE:	 inserting k-wire... -> checks it and declares it Failed or Successful (Restart timer)	|f|
2024-02-23 09:16:22,820 - [  INFO] - \_candidate has FAILED positioning attempt!
2024-02-23 09:16:22,821 - [  INFO] - DATA COLLECTION - PA2.1 - (f26156460a)
2024-02-23 09:17:00,347 - [ DEBUG] - |-- CANDIDATE: entrance point distance from entrance point target? [FLOAT]:  |-- CANDIDATE: entrance point distance from entrance point target? [FLOAT]: 	|0|
2024-02-23 09:17:19,116 - [ DEBUG] - |-- CANDIDATE: confidence on angle in deg? [FLOAT]:                          |-- CANDIDATE: confidence on angle in deg? [FLOAT]:                         	|30|
2024-02-23 09:17:25,001 - [ DEBUG] - |-- CANDIDATE: estimate structures hit [Y/N]?:                              	|n|
2024-02-23 09:17:31,408 - [ DEBUG] - |-- RADIATION picture count [INT] : 	|24|
2024-02-23 09:17:34,499 - [ DEBUG] - |-- P from unity	|12|
2024-02-23 09:18:12,671 - [ DEBUG] - |-- P1M:3 [FLOAT]:  |-- P1M:3 [FLOAT]: 	|61.456|
2024-02-23 09:18:12,672 - [ DEBUG] - |-- P1M:4 [FLOAT]:  |-- P1M:4 [FLOAT]: 	|45.230|
2024-02-23 09:18:12,672 - [ DEBUG] - |-- P1M:8 [FLOAT]:  |-- P1M:8 [FLOAT]: 	|116.163|
2024-02-23 09:18:12,673 - [ DEBUG] - |-- P1M:9 [FLOAT]:  |-- P1M:9 [FLOAT]: 	|109.017|
2024-02-23 09:18:12,674 - [ DEBUG] - |-- P2M:3 [FLOAT]:  |-- P2M:3 [FLOAT]: 	|57.072|
2024-02-23 09:18:12,674 - [ DEBUG] - |-- P2M:4 [FLOAT]:  |-- P2M:4 [FLOAT]: 	|48.087|
2024-02-23 09:18:12,684 - [ DEBUG] - |-- P2M:8 [FLOAT]:  |-- P2M:8 [FLOAT]: 	|81.068|
2024-02-23 09:18:14,314 - [ DEBUG] - |-- P2M:9 [FLOAT]:  |-- P2M:9 [FLOAT]: 	|74.725|
2024-02-23 09:18:16,136 - [ DEBUG] - |-- P1M:3 unity [FLOAT]:   |-- P1M:3 unity [FLOAT]:  	|61.456|
2024-02-23 09:18:16,137 - [ DEBUG] - |-- P1M:4 unity [FLOAT]:   |-- P1M:4 unity [FLOAT]:  	|45.230|
2024-02-23 09:18:16,137 - [ DEBUG] - |-- P1M:8 unity [FLOAT]:   |-- P1M:8 unity [FLOAT]:  	|116.163|
2024-02-23 09:18:16,138 - [ DEBUG] - |-- P1M:9 unity [FLOAT]:   |-- P1M:9 unity [FLOAT]:  	|109.017|
2024-02-23 09:18:16,138 - [ DEBUG] - |-- P2eM:3 unity [FLOAT]:  |-- P2eM:3 unity [FLOAT]: 	|57.072|
2024-02-23 09:18:16,139 - [ DEBUG] - |-- P2eM:4 unity [FLOAT]:  |-- P2eM:4 unity [FLOAT]: 	|48.087|
2024-02-23 09:18:16,149 - [ DEBUG] - |-- P2eM:8 unity [FLOAT]:  |-- P2eM:8 unity [FLOAT]: 	|81.068|
2024-02-23 09:18:17,878 - [ DEBUG] - |-- P2eM:9 unity [FLOAT]:  |-- P2eM:9 unity [FLOAT]: 	|74.725|
2024-02-23 09:18:23,032 - [ DEBUG] - TECHNICAL:	 is data entered correct? [Y/N]: 	|y|
2024-02-23 09:18:23,037 - [  INFO] - PERFORM:	 test following string on fusion 360 (already copied in clipboard) -> 
{"datatype": "PA", "PHASE_id": "3b1491", "ECP_id": "2b7356f4", "id": "f26156460a", "comment": "", "time_init": 1708675945.28, "phase": 0, "ECP_number": 2, "PA_number": 1, "success": false, "entered_articulation": -1, "PA_D": -1.0, "PA_RPC": 24, "values_from_unity": "12", "P1A": 61.456, "P1B": 45.23, "P1C": 116.163, "P1D": 109.017, "P2A": 57.072, "P2B": 48.087, "P2C": 81.068, "P2D": 74.725, "P1A_F": -1.0, "P1B_F": -1.0, "P1C_F": -1.0, "P1D_F": -1.0, "P2A_F": -1.0, "P2B_F": -1.0, "P2C_F": -1.0, "P2D_F": -1.0, "P2eA_F": -1.0, "P2eB_F": -1.0, "P2eC_F": -1.0, "P2eD_F": -1.0, "P1A_U": 61.456, "P1B_U": 45.23, "P1C_U": 116.163, "P1D_U": 109.017, "P2eA_U": 57.072, "P2eB_U": 48.087, "P2eC_U": 81.068, "P2eD_U": 74.725, "P1_mean_max": 1.0, "P1_mean": -1.0, "P2_mean_max": 2.0, "P2_mean": -1.0, "confidence_position": 0.0, "confidence_angle": 30.0, "estimate_hit": false, "target": "ECP:2", "markers": {"A": "M:3", "B": "M:4", "C": "M:8", "D": "M:9"}, "fusion_computed": false, "anatomy": {"basilic vein": -1.0, "brachial artery": -1.0, "brachial vein": -1.0, "cephalic vein": -1.0, "inferior ulnar collateral artery": -1.0, "median antebrachial vein": -1.0, "median cubital vein": -1.0, "median cubital vein 1": -1.0, "middle collateral artery": -1.0, "radial artery": -1.0, "radial collateral artery": -1.0, "radial veins": -1.0, "random artery 1": -1.0, "random artery 2": -1.0, "ulnar artery": -1.0, "ulnar veins": -1.0, "anterior branch of medial antebrachial cutaneous nerve": -1.0, "anterior interosseous nerve of forearm": -1.0, "deep branch of radial nerve": -1.0, "lateral antebrachial cutaneous nerve": -1.0, "median nerve": -1.0, "muscular branches of radial nerve": -1.0, "musculocutaneous nerve": -1.0, "posterior antebrachial cutaneous nerve": -1.0, "posterior branch of medial antebrachial cutaneous nerve": -1.0, "radial nerve": -1.0, "superficial branch of radial nerve": -1.0, "ulnar nerve": -1.0}, "hit_count": -1.0, "angle_PA_target": -1.0, "distance_P1_PA_target": -1.0, "distance_P1_PA_target_X": -1.0, "distance_P1_PA_target_Y": -1.0, "distance_P1_PA_target_Z": -1.0, "distance_P2_PA_target": -1.0, "distance_P2_PA_target_X": -1.0, "distance_P2_PA_target_Y": -1.0, "distance_P2_PA_target_Z": -1.0, "distance_P2e_PA_target": -1.0, "distance_P2e_PA_target_X": -1.0, "distance_P2e_PA_target_Y": -1.0, "distance_P2e_PA_target_Z": -1.0, "delta_id_PA_target": -1.0}
2024-02-23 09:25:00,010 - [ DEBUG] - PERFORM:	 enter data from fusion 360: 	|{"datatype": "PA", "PHASE_id": "3b1491", "ECP_id": "2b7356f4", "id": "f26156460a", "comment": "", "time_init": 1708675945.28, "phase": 0, "ECP_number": 2, "PA_number": 1, "success": false, "entered_articulation": -1, "PA_D": -1.0, "PA_RPC": 24, "values_from_unity": "12", "P1A": 61.456, "P1B": 45.23, "P1C": 116.163, "P1D": 109.017, "P2A": 57.072, "P2B": 48.087, "P2C": 81.068, "P2D": 74.725, "P1A_F": 61.456, "P1B_F": 45.23, "P1C_F": 116.163, "P1D_F": 109.017, "P2A_F": 57.072, "P2B_F": 48.087, "P2C_F": 81.068, "P2D_F": 74.725, "P2eA_F": 57.072, "P2eB_F": 48.087, "P2eC_F": 81.068, "P2eD_F": 74.725, "P1A_U": 61.456, "P1B_U": 45.23, "P1C_U": 116.163, "P1D_U": 109.017, "P2eA_U": 57.072, "P2eB_U": 48.087, "P2eC_U": 81.068, "P2eD_U": 74.725, "P1_mean_max": 1.0, "P1_mean": 0.0, "P2_mean_max": 2.0, "P2_mean": 0.0, "confidence_position": 0.0, "confidence_angle": 30.0, "estimate_hit": false, "target": "ECP:2", "markers": {"A": "M:3", "B": "M:4", "C": "M:8", "D": "M:9"}, "fusion_computed": true, "anatomy": {"basilic vein": 34.324, "brachial artery": 17.766, "brachial vein": 9.333, "cephalic vein": 26.028, "inferior ulnar collateral artery": 15.532, "median antebrachial vein": 34.843, "median cubital vein": 29.864, "median cubital vein 1": 19.739, "middle collateral artery": 15.79, "radial artery": 12.466, "radial collateral artery": 25.239, "radial veins": 10.43, "random artery 1": 17.904, "random artery 2": 17.372, "ulnar artery": 9.999, "ulnar veins": 10.376, "anterior branch of medial antebrachial cutaneous nerve": 29.099, "anterior interosseous nerve of forearm": 9.714, "deep branch of radial nerve": 17.948, "lateral antebrachial cutaneous nerve": 15.933, "median nerve": 12.162, "muscular branches of radial nerve": 15.116, "musculocutaneous nerve": 17.967, "posterior antebrachial cutaneous nerve": 30.885, "posterior branch of medial antebrachial cutaneous nerve": 35.133, "radial nerve": 19.816, "superficial branch of radial nerve": 18.388, "ulnar nerve": 30.975}, "hit_count": 0, "angle_PA_target": 4.415, "distance_P1_PA_target": 3.803, "distance_P1_PA_target_X": -2.008, "distance_P1_PA_target_Y": -2.501, "distance_P1_PA_target_Z": -2.044, "distance_P2_PA_target": 1.056, "distance_P2_PA_target_X": -0.754, "distance_P2_PA_target_Y": -0.449, "distance_P2_PA_target_Z": 0.587, "distance_P2e_PA_target": 1.056, "distance_P2e_PA_target_X": -0.754, "distance_P2e_PA_target_Y": -0.449, "distance_P2e_PA_target_Z": 0.587, "delta_id_PA_target": -1.689}|
2024-02-23 09:25:01,746 - [ DEBUG] - TECHNICAL:	 want to remeasure P1 and/or P2? [Y/N]: 	|n|
2024-02-23 09:25:03,252 - [ DEBUG] - |-- ENTERED ARTICULATION [-1 / 0 (not entered) / 1 (entered)] : 	|0|
2024-02-23 09:25:04,318 - [ DEBUG] - TECHNICAL:	 comment on PA (f26156460a) [STRING]: 	||
2024-02-23 09:25:05,545 - [ DEBUG] - TECHNICAL:	 remove kwire from phanotm [ENTER when done]: 	||
2024-02-23 09:25:05,545 - [  INFO] - PA2.1 FINISHED!
2024-02-23 09:25:05,546 - [  INFO] - ------------------------
2024-02-23 09:25:05,547 - [  INFO] - PA2.2 START! (7795d777b0)
2024-02-23 09:28:22,405 - [ DEBUG] - PERFORM:	 reset x-ray machine [ENTER when done]: 	||
2024-02-23 09:28:41,667 - [ DEBUG] - PERFORM:	 give instruction to insert k-wire [ENTER when instruction given]: 	||
2024-02-23 09:31:48,050 - [ DEBUG] - CANDIDATE:	 inserting k-wire... -> checks it and declares it Failed or Successful (Restart timer)	|s|
2024-02-23 09:31:48,051 - [  INFO] - \_candidate has performed SUCCESSFUL positioning attempt!
2024-02-23 09:31:48,051 - [  INFO] - DATA COLLECTION - PA2.2 - (7795d777b0)
2024-02-23 09:31:55,281 - [ DEBUG] - |-- CANDIDATE: entrance point distance from entrance point target? [FLOAT]:  |-- CANDIDATE: entrance point distance from entrance point target? [FLOAT]: 	|0|
2024-02-23 09:32:19,102 - [ DEBUG] - |-- CANDIDATE: confidence on angle in deg? [FLOAT]:                          |-- CANDIDATE: confidence on angle in deg? [FLOAT]:                         	|5|
2024-02-23 09:32:24,573 - [ DEBUG] - |-- CANDIDATE: estimate structures hit [Y/N]?:                              	|n|
2024-02-23 09:32:34,110 - [ DEBUG] - |-- RADIATION picture count [INT] : 	|16|
2024-02-23 09:32:35,785 - [ DEBUG] - |-- P from unity	|12|
2024-02-23 09:32:52,364 - [ DEBUG] - |-- P1M:3 [FLOAT]:  |-- P1M:3 [FLOAT]: 	|64.561|
2024-02-23 09:32:52,364 - [ DEBUG] - |-- P1M:4 [FLOAT]:  |-- P1M:4 [FLOAT]: 	|45.454|
2024-02-23 09:32:52,365 - [ DEBUG] - |-- P1M:8 [FLOAT]:  |-- P1M:8 [FLOAT]: 	|117.754|
2024-02-23 09:32:52,366 - [ DEBUG] - |-- P1M:9 [FLOAT]:  |-- P1M:9 [FLOAT]: 	|109.210|
2024-02-23 09:32:52,367 - [ DEBUG] - |-- P2M:3 [FLOAT]:  |-- P2M:3 [FLOAT]: 	|58.107|
2024-02-23 09:32:52,368 - [ DEBUG] - |-- P2M:4 [FLOAT]:  |-- P2M:4 [FLOAT]: 	|50.541|
2024-02-23 09:32:52,383 - [ DEBUG] - |-- P2M:8 [FLOAT]:  |-- P2M:8 [FLOAT]: 	|78.651|
2024-02-23 09:32:54,501 - [ DEBUG] - |-- P2M:9 [FLOAT]:  |-- P2M:9 [FLOAT]: 	|45.454|
2024-02-23 09:32:54,502 - [ DEBUG] - |-- P1M:3 unity [FLOAT]:   |-- P1M:3 unity [FLOAT]:  	|117.754|
2024-02-23 09:32:54,503 - [ DEBUG] - |-- P1M:4 unity [FLOAT]:   |-- P1M:4 unity [FLOAT]:  	|109.210|
2024-02-23 09:32:54,504 - [ DEBUG] - |-- P1M:8 unity [FLOAT]:   |-- P1M:8 unity [FLOAT]:  	|58.107|
2024-02-23 09:32:54,505 - [ DEBUG] - |-- P1M:9 unity [FLOAT]:   |-- P1M:9 unity [FLOAT]:  	|50.541|
2024-02-23 09:32:54,506 - [ DEBUG] - |-- P2eM:3 unity [FLOAT]:  |-- P2eM:3 unity [FLOAT]: 	|78.651|
2024-02-23 09:32:56,169 - [ DEBUG] - |-- P2eM:4 unity [FLOAT]:  |-- P2eM:4 unity [FLOAT]: 	|72.866|
2024-02-23 09:33:23,001 - [ DEBUG] - |-- P2eM:8 unity [FLOAT]:  |-- P2eM:8 unity [FLOAT]: 	|88|
2024-02-23 09:33:24,891 - [ DEBUG] - |-- P2eM:9 unity [FLOAT]:  |-- P2eM:9 unity [FLOAT]: 	|2|
2024-02-23 09:33:28,649 - [ DEBUG] - TECHNICAL:	 is data entered correct? [Y/N]: 	|n|
2024-02-23 09:33:31,225 - [ DEBUG] - |-- CANDIDATE: entrance point distance from entrance point target? [FLOAT]:  |-- CANDIDATE: entrance point distance from entrance point target? [FLOAT]: 	|0|
2024-02-23 09:33:32,107 - [ DEBUG] - |-- CANDIDATE: confidence on angle in deg? [FLOAT]:                          |-- CANDIDATE: confidence on angle in deg? [FLOAT]:                         	|5|
2024-02-23 09:33:33,993 - [ DEBUG] - |-- CANDIDATE: estimate structures hit [Y/N]?:                              	|n|
2024-02-23 09:33:37,528 - [ DEBUG] - |-- RADIATION picture count [INT] : 	|16|
2024-02-23 09:33:38,855 - [ DEBUG] - |-- P from unity	|12|
2024-02-23 09:33:41,365 - [ DEBUG] - |-- P1M:3 [FLOAT]:  |-- P1M:3 [FLOAT]: 	|64.561|
2024-02-23 09:33:41,367 - [ DEBUG] - |-- P1M:4 [FLOAT]:  |-- P1M:4 [FLOAT]: 	|45.454|
2024-02-23 09:33:41,367 - [ DEBUG] - |-- P1M:8 [FLOAT]:  |-- P1M:8 [FLOAT]: 	|117.754|
2024-02-23 09:33:41,368 - [ DEBUG] - |-- P1M:9 [FLOAT]:  |-- P1M:9 [FLOAT]: 	|109.210|
2024-02-23 09:33:41,369 - [ DEBUG] - |-- P2M:3 [FLOAT]:  |-- P2M:3 [FLOAT]: 	|58.107|
2024-02-23 09:33:41,370 - [ DEBUG] - |-- P2M:4 [FLOAT]:  |-- P2M:4 [FLOAT]: 	|50.541|
2024-02-23 09:33:41,370 - [ DEBUG] - |-- P2M:8 [FLOAT]:  |-- P2M:8 [FLOAT]: 	|78.651|
2024-02-23 09:33:41,812 - [ DEBUG] - |-- P2M:9 [FLOAT]:  |-- P2M:9 [FLOAT]: 	|72.866|
2024-02-23 09:33:44,643 - [ DEBUG] - |-- P1M:3 unity [FLOAT]:   |-- P1M:3 unity [FLOAT]:  	|64.561|
2024-02-23 09:33:44,644 - [ DEBUG] - |-- P1M:4 unity [FLOAT]:   |-- P1M:4 unity [FLOAT]:  	|45.454|
2024-02-23 09:33:44,644 - [ DEBUG] - |-- P1M:8 unity [FLOAT]:   |-- P1M:8 unity [FLOAT]:  	|117.754|
2024-02-23 09:33:44,645 - [ DEBUG] - |-- P1M:9 unity [FLOAT]:   |-- P1M:9 unity [FLOAT]:  	|109.210|
2024-02-23 09:33:44,645 - [ DEBUG] - |-- P2eM:3 unity [FLOAT]:  |-- P2eM:3 unity [FLOAT]: 	|58.107|
2024-02-23 09:33:44,646 - [ DEBUG] - |-- P2eM:4 unity [FLOAT]:  |-- P2eM:4 unity [FLOAT]: 	|50.541|
2024-02-23 09:33:44,654 - [ DEBUG] - |-- P2eM:8 unity [FLOAT]:  |-- P2eM:8 unity [FLOAT]: 	|78.651|
2024-02-23 09:33:45,885 - [ DEBUG] - |-- P2eM:9 unity [FLOAT]:  |-- P2eM:9 unity [FLOAT]: 	|72.866|
2024-02-23 09:33:53,874 - [ DEBUG] - TECHNICAL:	 is data entered correct? [Y/N]: 	|y|
2024-02-23 09:33:53,879 - [  INFO] - PERFORM:	 test following string on fusion 360 (already copied in clipboard) -> 
{"datatype": "PA", "PHASE_id": "3b1491", "ECP_id": "2b7356f4", "id": "7795d777b0", "comment": "", "time_init": 1708676921.67, "phase": 0, "ECP_number": 2, "PA_number": 2, "success": true, "entered_articulation": -1, "PA_D": -1.0, "PA_RPC": 16, "values_from_unity": "12", "P1A": 64.561, "P1B": 45.454, "P1C": 117.754, "P1D": 109.21, "P2A": 58.107, "P2B": 50.541, "P2C": 78.651, "P2D": 72.866, "P1A_F": -1.0, "P1B_F": -1.0, "P1C_F": -1.0, "P1D_F": -1.0, "P2A_F": -1.0, "P2B_F": -1.0, "P2C_F": -1.0, "P2D_F": -1.0, "P2eA_F": -1.0, "P2eB_F": -1.0, "P2eC_F": -1.0, "P2eD_F": -1.0, "P1A_U": 64.561, "P1B_U": 45.454, "P1C_U": 117.754, "P1D_U": 109.21, "P2eA_U": 58.107, "P2eB_U": 50.541, "P2eC_U": 78.651, "P2eD_U": 72.866, "P1_mean_max": 1.0, "P1_mean": -1.0, "P2_mean_max": 2.0, "P2_mean": -1.0, "confidence_position": 0.0, "confidence_angle": 5.0, "estimate_hit": false, "target": "ECP:2", "markers": {"A": "M:3", "B": "M:4", "C": "M:8", "D": "M:9"}, "fusion_computed": false, "anatomy": {"basilic vein": -1.0, "brachial artery": -1.0, "brachial vein": -1.0, "cephalic vein": -1.0, "inferior ulnar collateral artery": -1.0, "median antebrachial vein": -1.0, "median cubital vein": -1.0, "median cubital vein 1": -1.0, "middle collateral artery": -1.0, "radial artery": -1.0, "radial collateral artery": -1.0, "radial veins": -1.0, "random artery 1": -1.0, "random artery 2": -1.0, "ulnar artery": -1.0, "ulnar veins": -1.0, "anterior branch of medial antebrachial cutaneous nerve": -1.0, "anterior interosseous nerve of forearm": -1.0, "deep branch of radial nerve": -1.0, "lateral antebrachial cutaneous nerve": -1.0, "median nerve": -1.0, "muscular branches of radial nerve": -1.0, "musculocutaneous nerve": -1.0, "posterior antebrachial cutaneous nerve": -1.0, "posterior branch of medial antebrachial cutaneous nerve": -1.0, "radial nerve": -1.0, "superficial branch of radial nerve": -1.0, "ulnar nerve": -1.0}, "hit_count": -1.0, "angle_PA_target": -1.0, "distance_P1_PA_target": -1.0, "distance_P1_PA_target_X": -1.0, "distance_P1_PA_target_Y": -1.0, "distance_P1_PA_target_Z": -1.0, "distance_P2_PA_target": -1.0, "distance_P2_PA_target_X": -1.0, "distance_P2_PA_target_Y": -1.0, "distance_P2_PA_target_Z": -1.0, "distance_P2e_PA_target": -1.0, "distance_P2e_PA_target_X": -1.0, "distance_P2e_PA_target_Y": -1.0, "distance_P2e_PA_target_Z": -1.0, "delta_id_PA_target": -1.0}
2024-02-23 09:35:17,354 - [ DEBUG] - PERFORM:	 enter data from fusion 360: 	|{"datatype": "PA", "PHASE_id": "3b1491", "ECP_id": "2b7356f4", "id": "7795d777b0", "comment": "", "time_init": 1708676921.67, "phase": 0, "ECP_number": 2, "PA_number": 2, "success": true, "entered_articulation": -1, "PA_D": -1.0, "PA_RPC": 16, "values_from_unity": "12", "P1A": 64.561, "P1B": 45.454, "P1C": 117.754, "P1D": 109.21, "P2A": 58.107, "P2B": 50.541, "P2C": 78.651, "P2D": 72.866, "P1A_F": 64.561, "P1B_F": 45.454, "P1C_F": 117.754, "P1D_F": 109.21, "P2A_F": 58.107, "P2B_F": 50.541, "P2C_F": 78.651, "P2D_F": 72.866, "P2eA_F": 58.107, "P2eB_F": 50.542, "P2eC_F": 78.65, "P2eD_F": 72.864, "P1A_U": 64.561, "P1B_U": 45.454, "P1C_U": 117.754, "P1D_U": 109.21, "P2eA_U": 58.107, "P2eB_U": 50.541, "P2eC_U": 78.651, "P2eD_U": 72.866, "P1_mean_max": 1.0, "P1_mean": 0.001, "P2_mean_max": 2.0, "P2_mean": 0.002, "confidence_position": 0.0, "confidence_angle": 5.0, "estimate_hit": false, "target": "ECP:2", "markers": {"A": "M:3", "B": "M:4", "C": "M:8", "D": "M:9"}, "fusion_computed": true, "anatomy": {"basilic vein": 26.346, "brachial artery": 21.717, "brachial vein": 15.344, "cephalic vein": 31.97, "inferior ulnar collateral artery": 8.954, "median antebrachial vein": 26.825, "median cubital vein": 34.149, "median cubital vein 1": 21.663, "middle collateral artery": 18.7, "radial artery": 17.474, "radial collateral artery": 34.24, "radial veins": 16.067, "random artery 1": 11.652, "random artery 2": 9.297, "ulnar artery": 11.947, "ulnar veins": 16.03, "anterior branch of medial antebrachial cutaneous nerve": 25.781, "anterior interosseous nerve of forearm": 11.592, "deep branch of radial nerve": 26.15, "lateral antebrachial cutaneous nerve": 20.597, "median nerve": 14.451, "muscular branches of radial nerve": 20.073, "musculocutaneous nerve": 21.645, "posterior antebrachial cutaneous nerve": 38.129, "posterior branch of medial antebrachial cutaneous nerve": 27.316, "radial nerve": 26.807, "superficial branch of radial nerve": 25.493, "ulnar nerve": 25.411}, "hit_count": 0, "angle_PA_target": 6.354, "distance_P1_PA_target": 6.319, "distance_P1_PA_target_X": -2.23, "distance_P1_PA_target_Y": -5.91, "distance_P1_PA_target_Z": 0.162, "distance_P2_PA_target": 2.951, "distance_P2_PA_target_X": -2.866, "distance_P2_PA_target_Y": 0.479, "distance_P2_PA_target_Z": -0.511, "distance_P2e_PA_target": 2.952, "distance_P2e_PA_target_X": -2.867, "distance_P2e_PA_target_Y": 0.481, "distance_P2e_PA_target_Z": -0.51, "delta_id_PA_target": -4.465}|
2024-02-23 09:35:21,235 - [ DEBUG] - TECHNICAL:	 want to remeasure P1 and/or P2? [Y/N]: 	|n|
2024-02-23 09:35:28,498 - [ DEBUG] - |-- ENTERED ARTICULATION [-1 / 0 (not entered) / 1 (entered)] : 	|0|
2024-02-23 09:35:38,697 - [ DEBUG] - TECHNICAL:	 comment on PA (7795d777b0) [STRING]: 	||
2024-02-23 09:35:41,068 - [ DEBUG] - TECHNICAL:	 remove kwire from phanotm [ENTER when done]: 	||
2024-02-23 09:35:41,068 - [  INFO] - PA2.2 FINISHED!
2024-02-23 09:35:41,069 - [  INFO] - DATA COLLECTION - ECP2 - (2b7356f4)
2024-02-23 09:35:53,136 - [ DEBUG] - |-- ease of placement [0 difficult - 5 easy]: 	|2|
2024-02-23 09:35:53,137 - [  INFO] - ########################
2024-02-23 09:35:53,138 - [  INFO] - ECP3 START! (d13bffde)
2024-02-23 09:35:53,139 - [  INFO] - ------------------------
2024-02-23 09:35:53,140 - [  INFO] - PA3.1 START! (5f7a2021ab)
2024-02-23 09:36:21,039 - [ DEBUG] - PERFORM:	 reset x-ray machine [ENTER when done]: 	||
2024-02-23 09:36:39,690 - [ DEBUG] - PERFORM:	 give instruction to insert k-wire [ENTER when instruction given]: 	||
2024-02-23 09:43:21,605 - [ DEBUG] - CANDIDATE:	 inserting k-wire... -> checks it and declares it Failed or Successful (Restart timer)	|s|
2024-02-23 09:43:21,605 - [  INFO] - \_candidate has performed SUCCESSFUL positioning attempt!
2024-02-23 09:43:21,605 - [  INFO] - DATA COLLECTION - PA3.1 - (5f7a2021ab)
2024-02-23 09:43:53,918 - [ DEBUG] - |-- CANDIDATE: entrance point distance from entrance point target? [FLOAT]:  |-- CANDIDATE: entrance point distance from entrance point target? [FLOAT]: 	|0|
2024-02-23 09:44:12,716 - [ DEBUG] - |-- CANDIDATE: confidence on angle in deg? [FLOAT]:                          |-- CANDIDATE: confidence on angle in deg? [FLOAT]:                         	|0|
2024-02-23 09:44:20,137 - [ DEBUG] - |-- CANDIDATE: estimate structures hit [Y/N]?:                              	|n|
2024-02-23 09:44:24,836 - [ DEBUG] - |-- RADIATION picture count [INT] : 	|38|
2024-02-23 09:44:26,604 - [ DEBUG] - |-- P from unity	|12|
2024-02-23 09:44:46,321 - [ DEBUG] - |-- P1M:2 [FLOAT]:  |-- P1M:2 [FLOAT]: 	|99.037|
2024-02-23 09:44:46,322 - [ DEBUG] - |-- P1M:3 [FLOAT]:  |-- P1M:3 [FLOAT]: 	|95.118|
2024-02-23 09:44:46,323 - [ DEBUG] - |-- P1M:7 [FLOAT]:  |-- P1M:7 [FLOAT]: 	|71.494|
2024-02-23 09:44:46,324 - [ DEBUG] - |-- P1M:8 [FLOAT]:  |-- P1M:8 [FLOAT]: 	|66.842|
2024-02-23 09:44:46,325 - [ DEBUG] - |-- P2M:2 [FLOAT]:  |-- P2M:2 [FLOAT]: 	|68.553|
2024-02-23 09:44:46,325 - [ DEBUG] - |-- P2M:3 [FLOAT]:  |-- P2M:3 [FLOAT]: 	|65.693|
2024-02-23 09:44:46,326 - [ DEBUG] - |-- P2M:7 [FLOAT]:  |-- P2M:7 [FLOAT]: 	|67.533|
2024-02-23 09:44:47,501 - [ DEBUG] - |-- P2M:8 [FLOAT]:  |-- P2M:8 [FLOAT]: 	|63.671|
2024-02-23 09:44:50,793 - [ DEBUG] - |-- P1M:2 unity [FLOAT]:   |-- P1M:2 unity [FLOAT]:  	|99.037|
2024-02-23 09:44:50,793 - [ DEBUG] - |-- P1M:3 unity [FLOAT]:   |-- P1M:3 unity [FLOAT]:  	|95.118|
2024-02-23 09:44:50,794 - [ DEBUG] - |-- P1M:7 unity [FLOAT]:   |-- P1M:7 unity [FLOAT]:  	|71.494|
2024-02-23 09:44:50,795 - [ DEBUG] - |-- P1M:8 unity [FLOAT]:   |-- P1M:8 unity [FLOAT]:  	|66.842|
2024-02-23 09:44:50,795 - [ DEBUG] - |-- P2eM:2 unity [FLOAT]:  |-- P2eM:2 unity [FLOAT]: 	|68.553|
2024-02-23 09:44:50,796 - [ DEBUG] - |-- P2eM:3 unity [FLOAT]:  |-- P2eM:3 unity [FLOAT]: 	|65.693|
2024-02-23 09:44:50,796 - [ DEBUG] - |-- P2eM:7 unity [FLOAT]:  |-- P2eM:7 unity [FLOAT]: 	|67.533|
2024-02-23 09:44:51,924 - [ DEBUG] - |-- P2eM:8 unity [FLOAT]:  |-- P2eM:8 unity [FLOAT]: 	|63.671|
2024-02-23 09:44:56,405 - [ DEBUG] - TECHNICAL:	 is data entered correct? [Y/N]: 	|y|
2024-02-23 09:44:56,408 - [  INFO] - PERFORM:	 test following string on fusion 360 (already copied in clipboard) -> 
{"datatype": "PA", "PHASE_id": "3b1491", "ECP_id": "d13bffde", "id": "5f7a2021ab", "comment": "", "time_init": 1708677399.69, "phase": 0, "ECP_number": 3, "PA_number": 1, "success": true, "entered_articulation": -1, "PA_D": -1.0, "PA_RPC": 38, "values_from_unity": "12", "P1A": 99.037, "P1B": 95.118, "P1C": 71.494, "P1D": 66.842, "P2A": 68.553, "P2B": 65.693, "P2C": 67.533, "P2D": 63.671, "P1A_F": -1.0, "P1B_F": -1.0, "P1C_F": -1.0, "P1D_F": -1.0, "P2A_F": -1.0, "P2B_F": -1.0, "P2C_F": -1.0, "P2D_F": -1.0, "P2eA_F": -1.0, "P2eB_F": -1.0, "P2eC_F": -1.0, "P2eD_F": -1.0, "P1A_U": 99.037, "P1B_U": 95.118, "P1C_U": 71.494, "P1D_U": 66.842, "P2eA_U": 68.553, "P2eB_U": 65.693, "P2eC_U": 67.533, "P2eD_U": 63.671, "P1_mean_max": 1.0, "P1_mean": -1.0, "P2_mean_max": 2.0, "P2_mean": -1.0, "confidence_position": 0.0, "confidence_angle": 0.0, "estimate_hit": false, "target": "ECP:3", "markers": {"A": "M:2", "B": "M:3", "C": "M:7", "D": "M:8"}, "fusion_computed": false, "anatomy": {"basilic vein": -1.0, "brachial artery": -1.0, "brachial vein": -1.0, "cephalic vein": -1.0, "inferior ulnar collateral artery": -1.0, "median antebrachial vein": -1.0, "median cubital vein": -1.0, "median cubital vein 1": -1.0, "middle collateral artery": -1.0, "radial artery": -1.0, "radial collateral artery": -1.0, "radial veins": -1.0, "random artery 1": -1.0, "random artery 2": -1.0, "ulnar artery": -1.0, "ulnar veins": -1.0, "anterior branch of medial antebrachial cutaneous nerve": -1.0, "anterior interosseous nerve of forearm": -1.0, "deep branch of radial nerve": -1.0, "lateral antebrachial cutaneous nerve": -1.0, "median nerve": -1.0, "muscular branches of radial nerve": -1.0, "musculocutaneous nerve": -1.0, "posterior antebrachial cutaneous nerve": -1.0, "posterior branch of medial antebrachial cutaneous nerve": -1.0, "radial nerve": -1.0, "superficial branch of radial nerve": -1.0, "ulnar nerve": -1.0}, "hit_count": -1.0, "angle_PA_target": -1.0, "distance_P1_PA_target": -1.0, "distance_P1_PA_target_X": -1.0, "distance_P1_PA_target_Y": -1.0, "distance_P1_PA_target_Z": -1.0, "distance_P2_PA_target": -1.0, "distance_P2_PA_target_X": -1.0, "distance_P2_PA_target_Y": -1.0, "distance_P2_PA_target_Z": -1.0, "distance_P2e_PA_target": -1.0, "distance_P2e_PA_target_X": -1.0, "distance_P2e_PA_target_Y": -1.0, "distance_P2e_PA_target_Z": -1.0, "delta_id_PA_target": -1.0}
2024-02-23 09:46:16,160 - [ DEBUG] - PERFORM:	 enter data from fusion 360: 	|{"datatype": "PA", "PHASE_id": "3b1491", "ECP_id": "d13bffde", "id": "5f7a2021ab", "comment": "", "time_init": 1708677399.69, "phase": 0, "ECP_number": 3, "PA_number": 1, "success": true, "entered_articulation": -1, "PA_D": -1.0, "PA_RPC": 38, "values_from_unity": "12", "P1A": 99.037, "P1B": 95.118, "P1C": 71.494, "P1D": 66.842, "P2A": 68.553, "P2B": 65.693, "P2C": 67.533, "P2D": 63.671, "P1A_F": 99.037, "P1B_F": 95.118, "P1C_F": 71.494, "P1D_F": 66.842, "P2A_F": 68.553, "P2B_F": 65.693, "P2C_F": 67.533, "P2D_F": 63.671, "P2eA_F": 68.553, "P2eB_F": 65.693, "P2eC_F": 67.533, "P2eD_F": 63.671, "P1A_U": 99.037, "P1B_U": 95.118, "P1C_U": 71.494, "P1D_U": 66.842, "P2eA_U": 68.553, "P2eB_U": 65.693, "P2eC_U": 67.533, "P2eD_U": 63.671, "P1_mean_max": 1.0, "P1_mean": 0.0, "P2_mean_max": 2.0, "P2_mean": 0.001, "confidence_position": 0.0, "confidence_angle": 0.0, "estimate_hit": false, "target": "ECP:3", "markers": {"A": "M:2", "B": "M:3", "C": "M:7", "D": "M:8"}, "fusion_computed": true, "anatomy": {"basilic vein": 12.971, "brachial artery": 18.685, "brachial vein": 15.204, "cephalic vein": 22.439, "inferior ulnar collateral artery": 18.524, "median antebrachial vein": 24.902, "median cubital vein": 15.998, "median cubital vein 1": 23.434, "middle collateral artery": 13.509, "radial artery": 34.924, "radial collateral artery": 6.747, "radial veins": 48.356, "random artery 1": 11.647, "random artery 2": 30.172, "ulnar artery": 34.924, "ulnar veins": 48.339, "anterior branch of medial antebrachial cutaneous nerve": 21.675, "anterior interosseous nerve of forearm": 28.558, "deep branch of radial nerve": 38.12, "lateral antebrachial cutaneous nerve": 32.013, "median nerve": 18.46, "muscular branches of radial nerve": 14.044, "musculocutaneous nerve": 16.137, "posterior antebrachial cutaneous nerve": 26.605, "posterior branch of medial antebrachial cutaneous nerve": 3.177, "radial nerve": 21.68, "superficial branch of radial nerve": 38.208, "ulnar nerve": 11.329}, "hit_count": 0, "angle_PA_target": 18.107, "distance_P1_PA_target": 19.367, "distance_P1_PA_target_X": 14.337, "distance_P1_PA_target_Y": 13.017, "distance_P1_PA_target_Z": 0.315, "distance_P2_PA_target": 7.238, "distance_P2_PA_target_X": 2.177, "distance_P2_PA_target_Y": 6.413, "distance_P2_PA_target_Z": 2.553, "distance_P2e_PA_target": 7.238, "distance_P2e_PA_target_X": 2.178, "distance_P2e_PA_target_Y": 6.413, "distance_P2e_PA_target_Z": 2.554, "delta_id_PA_target": 2.559}|
2024-02-23 09:46:20,612 - [ DEBUG] - TECHNICAL:	 want to remeasure P1 and/or P2? [Y/N]: 	|n|
2024-02-23 09:46:27,155 - [ DEBUG] - |-- ENTERED ARTICULATION [-1 / 0 (not entered) / 1 (entered)] : 	|0|
2024-02-23 09:46:30,273 - [ DEBUG] - TECHNICAL:	 comment on PA (5f7a2021ab) [STRING]: 	||
2024-02-23 09:46:33,392 - [ DEBUG] - TECHNICAL:	 remove kwire from phanotm [ENTER when done]: 	||
2024-02-23 09:46:33,392 - [  INFO] - PA3.1 FINISHED!
2024-02-23 09:46:33,393 - [  INFO] - DATA COLLECTION - ECP3 - (d13bffde)
2024-02-23 09:46:49,387 - [ DEBUG] - |-- ease of placement [0 difficult - 5 easy]: 	|2|
2024-02-23 09:46:49,388 - [  INFO] - DATA COLLECTION - PHASE - (3b1491)
2024-02-23 09:47:19,581 - [ DEBUG] - |-- realism xray               [-1 : 5]: 	|4|
2024-02-23 09:47:30,440 - [ DEBUG] - |-- simulation quality xray    [-1 : 5]: 	|5|
2024-02-23 09:47:38,946 - [ DEBUG] - |-- comfort xray               [-1 : 5]: 	|5|
2024-02-23 09:47:44,774 - [ DEBUG] - |-- realism AR                 [-1 : 5]: 	|-1|
2024-02-23 09:47:46,869 - [ DEBUG] - |-- simulation quality AR      [-1 : 5]: 	|-1|
2024-02-23 09:47:48,671 - [ DEBUG] - |-- comfort AR                 [-1 : 5]: 	|-1|
2024-02-23 09:48:14,962 - [ DEBUG] - |-- realism phantom            [-1 : 5]: 	|4|
2024-02-23 09:48:18,201 - [ DEBUG] - |-- simulation quality phantom [-1 : 5]: 	|5|
2024-02-23 09:48:37,773 - [ DEBUG] - TECHNICAL:	 comment on PHASE (3b1491) [STRING]: 	|ecp1 ecp2 difficolta 3 al posto di 2|
2024-02-23 09:48:37,787 - [  INFO] - SAVED ON DATABASE!
2024-02-23 09:48:37,788 - [  INFO] - bye!
