2024-02-12 12:05:16,771 - [  INFO] - flags: []
2024-02-12 12:05:16,771 - [  INFO] - # POSITIONING PHASE COMPANION (v1.26)
2024-02-12 12:05:16,771 - [  INFO] - # What a beautiful day to stick some anti-pigeon spikes into plastic!
2024-02-12 12:05:16,773 - [  INFO] - # BEGIN POSITIONING PHASE FOR A CANDIDATE, ONE SINGLE PHASE (f647f7)
2024-02-12 12:05:16,773 - [  INFO] - # 2024/02/12 - 12:05:16
2024-02-12 12:05:16,774 - [  INFO] - DATA COLLECTION - PHASE - (f647f7)
2024-02-12 12:05:26,182 - [ DEBUG] - |-- phase      [INTEGER]:           	|2|
2024-02-12 12:05:28,228 - [ DEBUG] - |-- phantom id [STRING]:            	|03|
2024-02-12 12:05:33,754 - [ DEBUG] - |-- country origin [STRING]:        	|washington (usa)|
2024-02-12 12:05:36,806 - [ DEBUG] - |-- country    [STRING]:            	|italy|
2024-02-12 12:05:38,158 - [ DEBUG] - |-- city       [STRING]:            	|turin|
2024-02-12 12:05:39,914 - [ DEBUG] - |-- institute  [STRING]:            	|unito|
2024-02-12 12:05:41,808 - [ DEBUG] - |-- name [STRING]:                  	|ana|
2024-02-12 12:05:44,432 - [ DEBUG] - |-- surname [STRING]:               	|stoumbos|
2024-02-12 12:05:46,176 - [ DEBUG] - |-- gender                          	|f|
2024-02-12 12:05:55,200 - [ DEBUG] - |-- right-handed [Y/N]:             	|y|
2024-02-12 12:05:58,145 - [ DEBUG] - |-- age [INTEGER]:                  	|23|
2024-02-12 12:06:01,795 - [ DEBUG] - |-- career:   	|st|
2024-02-12 12:06:04,457 - [ DEBUG] - |-- medsurg year        [-1 : 6]:   	|3|
2024-02-12 12:06:05,820 - [ DEBUG] - |-- specialization year [-1 : 5]:   	|-1|
2024-02-12 12:06:08,186 - [ DEBUG] - |-- surgeon year        [-1 : 100]: 	|-1|
2024-02-12 12:06:10,402 - [ DEBUG] - |-- exp operation count [INTEGER]:  	|0|
2024-02-12 12:06:12,039 - [ DEBUG] - |-- glasses [Y/N]:                  	|y|
2024-02-12 12:06:23,548 - [ DEBUG] - |-- glasses type [None [] / Myopia (Nearsightedness) [M] / Hyperopia (Farsightedness) [H] / Astigmatism [AS] / Presbyopia [P] / Strabismus [S] / Amblyopia (Lazy Eye) [AM] / Cataract [C]: 	|m|
2024-02-12 12:06:25,592 - [ DEBUG] - |-- glasses power [-1 : 100]         |-- glasses power [-1 : 100]        	|2|
2024-02-12 12:06:29,025 - [ DEBUG] - |-- exp Virtual Reality   [0 : 5]:  	|1|
2024-02-12 12:06:29,573 - [ DEBUG] - |-- exp Augmented Reality [0 : 5]:  	|2|
2024-02-12 12:06:31,606 - [ DEBUG] - |-- exp 3D editors        [0 : 5]:  	|1|
2024-02-12 12:06:32,658 - [ DEBUG] - TECHNICAL:	 is data entered correct? [Y/N]: 	|y|
2024-02-12 12:06:32,659 - [  INFO] - ########################
2024-02-12 12:06:32,660 - [  INFO] - ECP1 START! (3f0519a0)
2024-02-12 12:06:32,661 - [  INFO] - ------------------------
2024-02-12 12:06:32,661 - [  INFO] - PA1.1 START! (d1dcf4b260)
2024-02-12 12:06:33,166 - [ DEBUG] - PERFORM:	 reset x-ray machine [ENTER when done]: 	||
2024-02-12 12:11:00,823 - [ DEBUG] - PERFORM:	 give instruction to insert k-wire [ENTER when instruction given]: 	||
2024-02-12 12:12:51,142 - [ DEBUG] - CANDIDATE:	 inserting k-wire... -> checks it and declares it Failed or Successful (Restart timer)	|s|
2024-02-12 12:12:51,143 - [  INFO] - \_candidate has performed SUCCESSFUL positioning attempt!
2024-02-12 12:12:51,143 - [  INFO] - DATA COLLECTION - PA1.1 - (d1dcf4b260)
2024-02-12 12:13:10,425 - [ DEBUG] - |-- CANDIDATE: entrance point distance from entrance point target? [FLOAT]:  |-- CANDIDATE: entrance point distance from entrance point target? [FLOAT]: 	|5|
2024-02-12 12:13:11,793 - [ DEBUG] - |-- CANDIDATE: confidence on angle in deg? [FLOAT]:                          |-- CANDIDATE: confidence on angle in deg? [FLOAT]:                         	|10|
2024-02-12 12:13:15,373 - [ DEBUG] - |-- CANDIDATE: estimate structures hit [Y/N]?:                              	|n|
2024-02-12 12:13:19,083 - [ DEBUG] - |-- RADIATION picture count [INT] : 	|4|
2024-02-12 12:13:20,718 - [ DEBUG] - |-- P from unity	|12|
2024-02-12 12:14:10,048 - [ DEBUG] - |-- P1M:2 [FLOAT]:  |-- P1M:2 [FLOAT]: 	|78.995|
2024-02-12 12:14:10,049 - [ DEBUG] - |-- P1M:3 [FLOAT]:  |-- P1M:3 [FLOAT]: 	|60.840|
2024-02-12 12:14:10,049 - [ DEBUG] - |-- P1M:7 [FLOAT]:  |-- P1M:7 [FLOAT]: 	|110.592|
2024-02-12 12:14:10,050 - [ DEBUG] - |-- P1M:8 [FLOAT]:  |-- P1M:8 [FLOAT]: 	|100.447|
2024-02-12 12:14:10,050 - [ DEBUG] - |-- P2M:2 [FLOAT]:  |-- P2M:2 [FLOAT]: 	|59.193|
2024-02-12 12:14:10,050 - [ DEBUG] - |-- P2M:3 [FLOAT]:  |-- P2M:3 [FLOAT]: 	|45.811|
2024-02-12 12:14:10,057 - [ DEBUG] - |-- P2M:7 [FLOAT]:  |-- P2M:7 [FLOAT]: 	|87.359|
2024-02-12 12:14:10,390 - [ DEBUG] - |-- P2M:8 [FLOAT]:  |-- P2M:8 [FLOAT]: 	|77.975|
2024-02-12 12:14:11,162 - [ DEBUG] - |-- P1M:2 virtual [FLOAT]:  |-- P1M:2 virtual [FLOAT]: 	|78.995|
2024-02-12 12:14:11,162 - [ DEBUG] - |-- P1M:3 virtual [FLOAT]:  |-- P1M:3 virtual [FLOAT]: 	|60.840|
2024-02-12 12:14:11,163 - [ DEBUG] - |-- P1M:7 virtual [FLOAT]:  |-- P1M:7 virtual [FLOAT]: 	|110.592|
2024-02-12 12:14:11,164 - [ DEBUG] - |-- P1M:8 virtual [FLOAT]:  |-- P1M:8 virtual [FLOAT]: 	|100.447|
2024-02-12 12:14:11,165 - [ DEBUG] - |-- P2M:2 virtual [FLOAT]:  |-- P2M:2 virtual [FLOAT]: 	|59.193|
2024-02-12 12:14:11,165 - [ DEBUG] - |-- P2M:3 virtual [FLOAT]:  |-- P2M:3 virtual [FLOAT]: 	|45.811|
2024-02-12 12:14:11,180 - [ DEBUG] - |-- P2M:7 virtual [FLOAT]:  |-- P2M:7 virtual [FLOAT]: 	|87.359|
2024-02-12 12:14:11,501 - [ DEBUG] - |-- P2M:8 virtual [FLOAT]:  |-- P2M:8 virtual [FLOAT]: 	|77.975|
2024-02-12 12:14:14,023 - [ DEBUG] - TECHNICAL:	 is data entered correct? [Y/N]: 	|y|
2024-02-12 12:14:14,028 - [  INFO] - PERFORM:	 test following string on fusion 360 (already copied in clipboard) -> 
{"datatype": "PA", "PHASE_id": "f647f7", "ECP_id": "3f0519a0", "id": "d1dcf4b260", "comment": "", "time_init": 1707736260.82, "phase": 2, "ECP_number": 1, "PA_number": 1, "success": true, "entered_articulation": -1, "PA_D": -1.0, "PA_RPC": 4, "values_from_unity": "12", "P1A": 78.995, "P1B": 60.84, "P1C": 110.592, "P1D": 100.447, "P2A": 59.193, "P2B": 45.811, "P2C": 87.359, "P2D": 77.975, "P1A_F": -1.0, "P1B_F": -1.0, "P1C_F": -1.0, "P1D_F": -1.0, "P2A_F": -1.0, "P2B_F": -1.0, "P2C_F": -1.0, "P2D_F": -1.0, "P2eA": -1.0, "P2eB": -1.0, "P2eC": -1.0, "P2eD": -1.0, "P1A_U": 78.995, "P1B_U": 60.84, "P1C_U": 110.592, "P1D_U": 100.447, "P2eA_U": 59.193, "P2eB_U": 45.811, "P2eC_U": 87.359, "P2eD_U": 77.975, "P1_mean_max": 1.0, "P1_mean": -1.0, "P2_mean_max": 2.0, "P2_mean": -1.0, "confidence_position": 5.0, "confidence_angle": 10.0, "estimate_hit": false, "target": "ECP:1", "markers": {"A": "M:2", "B": "M:3", "C": "M:7", "D": "M:8"}, "fusion_computed": false, "anatomy": {"basilic vein": -1.0, "brachial artery": -1.0, "brachial vein": -1.0, "cephalic vein": -1.0, "inferior ulnar collateral artery": -1.0, "median antebrachial vein": -1.0, "median cubital vein": -1.0, "median cubital vein 1": -1.0, "middle collateral artery": -1.0, "radial artery": -1.0, "radial collateral artery": -1.0, "radial veins": -1.0, "random artery 1": -1.0, "random artery 2": -1.0, "ulnar artery": -1.0, "ulnar veins": -1.0, "anterior branch of medial antebrachial cutaneous nerve": -1.0, "anterior interosseous nerve of forearm": -1.0, "deep branch of radial nerve": -1.0, "lateral antebrachial cutaneous nerve": -1.0, "median nerve": -1.0, "muscular branches of radial nerve": -1.0, "musculocutaneous nerve": -1.0, "posterior antebrachial cutaneous nerve": -1.0, "posterior branch of medial antebrachial cutaneous nerve": -1.0, "radial nerve": -1.0, "superficial branch of radial nerve": -1.0, "ulnar nerve": -1.0}, "angle_PA_target": -1.0, "distance_P1_PA_target": -1.0, "distance_P1_PA_target_X": -1.0, "distance_P1_PA_target_Y": -1.0, "distance_P1_PA_target_Z": -1.0, "distance_P2_PA_target": -1.0, "distance_P2_PA_target_X": -1.0, "distance_P2_PA_target_Y": -1.0, "distance_P2_PA_target_Z": -1.0, "distance_P2e_PA_target": -1.0, "distance_P2e_PA_target_X": -1.0, "distance_P2e_PA_target_Y": -1.0, "distance_P2e_PA_target_Z": -1.0, "delta_id_PA_target": -1.0}
2024-02-12 12:14:45,975 - [ DEBUG] - PERFORM:	 enter data from fusion 360: 	|{"datatype": "PA", "PHASE_id": "f647f7", "ECP_id": "3f0519a0", "id": "d1dcf4b260", "comment": "", "time_init": 1707736260.82, "phase": 2, "ECP_number": 1, "PA_number": 1, "success": true, "entered_articulation": -1, "PA_D": -1.0, "PA_RPC": 4, "values_from_unity": "12", "P1A": 78.995, "P1B": 60.84, "P1C": 110.592, "P1D": 100.447, "P2A": 59.193, "P2B": 45.811, "P2C": 87.359, "P2D": 77.975, "P1A_F": 78.995, "P1B_F": 60.84, "P1C_F": 110.592, "P1D_F": 100.447, "P2A_F": 59.193, "P2B_F": 45.811, "P2C_F": 87.359, "P2D_F": 77.975, "P2eA": 58.792, "P2eB": 42.699, "P2eC": 89.213, "P2eD": 79.302, "P1A_U": 78.995, "P1B_U": 60.84, "P1C_U": 110.592, "P1D_U": 100.447, "P2eA_U": 59.193, "P2eB_U": 45.811, "P2eC_U": 87.359, "P2eD_U": 77.975, "P1_mean_max": 1.0, "P1_mean": 0.0, "P2_mean_max": 2.0, "P2_mean": 0.002, "confidence_position": 5.0, "confidence_angle": 10.0, "estimate_hit": false, "target": "ECP:1", "markers": {"A": "M:2", "B": "M:3", "C": "M:7", "D": "M:8"}, "fusion_computed": true, "anatomy": {"basilic vein": 22.69, "brachial artery": 26.874, "brachial vein": 23.92, "cephalic vein": 31.177, "inferior ulnar collateral artery": 28.668, "median antebrachial vein": 47.062, "median cubital vein": 24.014, "median cubital vein 1": 31.071, "middle collateral artery": 6.774, "radial artery": 37.752, "radial collateral artery": 12.482, "radial veins": 48.647, "random artery 1": 0.298, "random artery 2": 42.653, "ulnar artery": 37.752, "ulnar veins": 48.679, "anterior branch of medial antebrachial cutaneous nerve": 31.298, "anterior interosseous nerve of forearm": 36.369, "deep branch of radial nerve": 35.44, "lateral antebrachial cutaneous nerve": 34.774, "median nerve": 28.392, "muscular branches of radial nerve": 7.131, "musculocutaneous nerve": 24.548, "posterior antebrachial cutaneous nerve": 26.024, "posterior branch of medial antebrachial cutaneous nerve": 11.021, "radial nerve": 26.625, "superficial branch of radial nerve": 35.746, "ulnar nerve": 0.0}, "angle_PA_target": 3.75, "distance_P1_PA_target": 8.587, "distance_P1_PA_target_X": 5.158, "distance_P1_PA_target_Y": -6.801, "distance_P1_PA_target_Z": -0.933, "distance_P2_PA_target": 18.229, "distance_P2_PA_target_X": 5.787, "distance_P2_PA_target_Y": -13.845, "distance_P2_PA_target_Z": 10.349, "distance_P2e_PA_target": 11.604, "distance_P2e_PA_target_X": 7.835, "distance_P2e_PA_target_Y": -8.543, "distance_P2e_PA_target_Z": -0.527, "delta_id_PA_target": -0.562}|
2024-02-12 12:14:48,082 - [ DEBUG] - TECHNICAL:	 want to remeasure P1 and/or P2? [Y/N]: 	|y|
2024-02-12 12:14:49,902 - [ DEBUG] - |-- P from unity	|12|
2024-02-12 12:15:34,771 - [ DEBUG] - |-- P1M:2 [FLOAT, EMPTY for old value]:  |-- P1M:2 [FLOAT, EMPTY for old value]: 	|80.922|
2024-02-12 12:15:34,771 - [ DEBUG] - |-- P1M:3 [FLOAT, EMPTY for old value]:  |-- P1M:3 [FLOAT, EMPTY for old value]: 	|62.082|
2024-02-12 12:15:34,772 - [ DEBUG] - |-- P1M:7 [FLOAT, EMPTY for old value]:  |-- P1M:7 [FLOAT, EMPTY for old value]: 	|109.653|
2024-02-12 12:15:34,773 - [ DEBUG] - |-- P1M:8 [FLOAT, EMPTY for old value]:  |-- P1M:8 [FLOAT, EMPTY for old value]: 	|98.644|
2024-02-12 12:15:34,773 - [ DEBUG] - |-- P2M:2 [FLOAT, EMPTY for old value]:  |-- P2M:2 [FLOAT, EMPTY for old value]: 	|61.627|
2024-02-12 12:15:34,774 - [ DEBUG] - |-- P2M:3 [FLOAT, EMPTY for old value]:  |-- P2M:3 [FLOAT, EMPTY for old value]: 	|46.687|
2024-02-12 12:15:34,775 - [ DEBUG] - |-- P2M:7 [FLOAT, EMPTY for old value]:  |-- P2M:7 [FLOAT, EMPTY for old value]: 	|86.989|
2024-02-12 12:15:37,194 - [ DEBUG] - |-- P2M:8 [FLOAT, EMPTY for old value]:  |-- P2M:8 [FLOAT, EMPTY for old value]: 	|76.207|
2024-02-12 12:15:37,197 - [  INFO] - PERFORM:	 test following string on fusion 360 (already copied in clipboard) -> 
{"datatype": "PA", "PHASE_id": "f647f7", "ECP_id": "3f0519a0", "id": "d1dcf4b260", "comment": "", "time_init": 1707736260.82, "phase": 2, "ECP_number": 1, "PA_number": 1, "success": true, "entered_articulation": -1, "PA_D": -1.0, "PA_RPC": 4, "values_from_unity": "12", "P1A": 80.922, "P1B": 62.082, "P1C": 109.653, "P1D": 98.644, "P2A": 61.627, "P2B": 46.687, "P2C": 86.989, "P2D": 76.207, "P1A_F": 78.995, "P1B_F": 60.84, "P1C_F": 110.592, "P1D_F": 100.447, "P2A_F": 59.193, "P2B_F": 45.811, "P2C_F": 87.359, "P2D_F": 77.975, "P2eA": 58.792, "P2eB": 42.699, "P2eC": 89.213, "P2eD": 79.302, "P1A_U": 78.995, "P1B_U": 60.84, "P1C_U": 110.592, "P1D_U": 100.447, "P2eA_U": 59.193, "P2eB_U": 45.811, "P2eC_U": 87.359, "P2eD_U": 77.975, "P1_mean_max": 1.0, "P1_mean": 0.0, "P2_mean_max": 2.0, "P2_mean": 0.002, "confidence_position": 5.0, "confidence_angle": 10.0, "estimate_hit": false, "target": "ECP:1", "markers": {"A": "M:2", "B": "M:3", "C": "M:7", "D": "M:8"}, "fusion_computed": true, "anatomy": {"basilic vein": 22.69, "brachial artery": 26.874, "brachial vein": 23.92, "cephalic vein": 31.177, "inferior ulnar collateral artery": 28.668, "median antebrachial vein": 47.062, "median cubital vein": 24.014, "median cubital vein 1": 31.071, "middle collateral artery": 6.774, "radial artery": 37.752, "radial collateral artery": 12.482, "radial veins": 48.647, "random artery 1": 0.298, "random artery 2": 42.653, "ulnar artery": 37.752, "ulnar veins": 48.679, "anterior branch of medial antebrachial cutaneous nerve": 31.298, "anterior interosseous nerve of forearm": 36.369, "deep branch of radial nerve": 35.44, "lateral antebrachial cutaneous nerve": 34.774, "median nerve": 28.392, "muscular branches of radial nerve": 7.131, "musculocutaneous nerve": 24.548, "posterior antebrachial cutaneous nerve": 26.024, "posterior branch of medial antebrachial cutaneous nerve": 11.021, "radial nerve": 26.625, "superficial branch of radial nerve": 35.746, "ulnar nerve": 0.0}, "angle_PA_target": 3.75, "distance_P1_PA_target": 8.587, "distance_P1_PA_target_X": 5.158, "distance_P1_PA_target_Y": -6.801, "distance_P1_PA_target_Z": -0.933, "distance_P2_PA_target": 18.229, "distance_P2_PA_target_X": 5.787, "distance_P2_PA_target_Y": -13.845, "distance_P2_PA_target_Z": 10.349, "distance_P2e_PA_target": 11.604, "distance_P2e_PA_target_X": 7.835, "distance_P2e_PA_target_Y": -8.543, "distance_P2e_PA_target_Z": -0.527, "delta_id_PA_target": -0.562}
2024-02-12 12:16:02,937 - [ DEBUG] - PERFORM:	 enter data from fusion 360: 	|{"datatype": "PA", "PHASE_id": "f647f7", "ECP_id": "3f0519a0", "id": "d1dcf4b260", "comment": "", "time_init": 1707736260.82, "phase": 2, "ECP_number": 1, "PA_number": 1, "success": true, "entered_articulation": -1, "PA_D": -1.0, "PA_RPC": 4, "values_from_unity": "12", "P1A": 80.922, "P1B": 62.082, "P1C": 109.653, "P1D": 98.644, "P2A": 61.627, "P2B": 46.687, "P2C": 86.989, "P2D": 76.207, "P1A_F": 80.922, "P1B_F": 62.082, "P1C_F": 109.653, "P1D_F": 98.644, "P2A_F": 61.627, "P2B_F": 46.687, "P2C_F": 86.989, "P2D_F": 76.207, "P2eA": 61.193, "P2eB": 43.727, "P2eC": 88.62, "P2eD": 77.381, "P1A_U": 78.995, "P1B_U": 60.84, "P1C_U": 110.592, "P1D_U": 100.447, "P2eA_U": 59.193, "P2eB_U": 45.811, "P2eC_U": 87.359, "P2eD_U": 77.975, "P1_mean_max": 1.0, "P1_mean": 0.0, "P2_mean_max": 2.0, "P2_mean": 0.001, "confidence_position": 5.0, "confidence_angle": 10.0, "estimate_hit": false, "target": "ECP:1", "markers": {"A": "M:2", "B": "M:3", "C": "M:7", "D": "M:8"}, "fusion_computed": true, "anatomy": {"basilic vein": 24.664, "brachial artery": 28.869, "brachial vein": 25.727, "cephalic vein": 33.607, "inferior ulnar collateral artery": 29.306, "median antebrachial vein": 46.666, "median cubital vein": 26.241, "median cubital vein 1": 32.786, "middle collateral artery": 4.641, "radial artery": 38.483, "radial collateral artery": 14.93, "radial veins": 48.782, "random artery 1": 0.0, "random artery 2": 41.812, "ulnar artery": 38.483, "ulnar veins": 48.803, "anterior branch of medial antebrachial cutaneous nerve": 33.292, "anterior interosseous nerve of forearm": 37.17, "deep branch of radial nerve": 36.308, "lateral antebrachial cutaneous nerve": 35.462, "median nerve": 30.271, "muscular branches of radial nerve": 5.399, "musculocutaneous nerve": 26.538, "posterior antebrachial cutaneous nerve": 27.517, "posterior branch of medial antebrachial cutaneous nerve": 11.982, "radial nerve": 28.816, "superficial branch of radial nerve": 36.599, "ulnar nerve": 0.0}, "angle_PA_target": 4.588, "distance_P1_PA_target": 8.452, "distance_P1_PA_target_X": 2.911, "distance_P1_PA_target_Y": -7.706, "distance_P1_PA_target_Z": -1.888, "distance_P2_PA_target": 18.697, "distance_P2_PA_target_X": 4.169, "distance_P2_PA_target_Y": -15.504, "distance_P2_PA_target_Z": 9.583, "distance_P2e_PA_target": 11.851, "distance_P2e_PA_target_X": 6.071, "distance_P2e_PA_target_Y": -10.105, "distance_P2e_PA_target_Z": -1.221, "delta_id_PA_target": -1.003}|
2024-02-12 12:16:04,092 - [ DEBUG] - TECHNICAL:	 want to remeasure P1 and/or P2? [Y/N]: 	|n|
2024-02-12 12:16:06,417 - [ DEBUG] - |-- ENTERED ARTICULATION [-1 / 0 (not entered) / 1 (entered)] : 	|0|
2024-02-12 12:16:07,153 - [ DEBUG] - TECHNICAL:	 comment on PA (d1dcf4b260) [STRING]: 	||
2024-02-12 12:16:09,508 - [ DEBUG] - TECHNICAL:	 remove kwire from phanotm [ENTER when done]: 	||
2024-02-12 12:16:09,509 - [  INFO] - PA1.1 FINISHED!
2024-02-12 12:16:09,509 - [  INFO] - DATA COLLECTION - ECP1 - (3f0519a0)
2024-02-12 12:16:18,377 - [ DEBUG] - |-- ease of placement [0 difficult - 5 easy]: 	|5|
2024-02-12 12:16:18,379 - [  INFO] - ########################
2024-02-12 12:16:18,379 - [  INFO] - ECP2 START! (6abb1cf1)
2024-02-12 12:16:18,380 - [  INFO] - ------------------------
2024-02-12 12:16:18,381 - [  INFO] - PA2.1 START! (5512aaa317)
2024-02-12 12:16:21,602 - [ DEBUG] - PERFORM:	 reset x-ray machine [ENTER when done]: 	||
2024-02-12 12:22:09,205 - [ DEBUG] - PERFORM:	 give instruction to insert k-wire [ENTER when instruction given]: 	||
2024-02-12 12:22:14,721 - [ DEBUG] - CANDIDATE:	 inserting k-wire... -> checks it and declares it Failed or Successful (Restart timer)	|r|
2024-02-12 12:22:14,721 - [  INFO] - \_restart timer!
2024-02-12 12:25:42,453 - [ DEBUG] - CANDIDATE:	 inserting k-wire... -> checks it and declares it Failed or Successful (Restart timer)	|s|
2024-02-12 12:25:42,453 - [  INFO] - \_candidate has performed SUCCESSFUL positioning attempt!
2024-02-12 12:25:42,454 - [  INFO] - DATA COLLECTION - PA2.1 - (5512aaa317)
2024-02-12 12:26:24,078 - [ DEBUG] - |-- CANDIDATE: entrance point distance from entrance point target? [FLOAT]:  |-- CANDIDATE: entrance point distance from entrance point target? [FLOAT]: 	|10|
2024-02-12 12:26:25,849 - [ DEBUG] - |-- CANDIDATE: confidence on angle in deg? [FLOAT]:                          |-- CANDIDATE: confidence on angle in deg? [FLOAT]:                         	|20|
2024-02-12 12:26:33,743 - [ DEBUG] - |-- CANDIDATE: estimate structures hit [Y/N]?:                              	|n|
2024-02-12 12:26:38,814 - [ DEBUG] - |-- RADIATION picture count [INT] : 	|10|
2024-02-12 12:26:40,504 - [ DEBUG] - |-- P from unity	|12|
2024-02-12 12:27:04,837 - [ DEBUG] - |-- P1M:3 [FLOAT]:  |-- P1M:3 [FLOAT]: 	|60.152|
2024-02-12 12:27:04,838 - [ DEBUG] - |-- P1M:4 [FLOAT]:  |-- P1M:4 [FLOAT]: 	|39.379|
2024-02-12 12:27:04,839 - [ DEBUG] - |-- P1M:8 [FLOAT]:  |-- P1M:8 [FLOAT]: 	|125.890|
2024-02-12 12:27:04,840 - [ DEBUG] - |-- P1M:9 [FLOAT]:  |-- P1M:9 [FLOAT]: 	|118.017|
2024-02-12 12:27:04,841 - [ DEBUG] - |-- P2M:3 [FLOAT]:  |-- P2M:3 [FLOAT]: 	|53.590|
2024-02-12 12:27:04,842 - [ DEBUG] - |-- P2M:4 [FLOAT]:  |-- P2M:4 [FLOAT]: 	|46.568|
2024-02-12 12:27:04,842 - [ DEBUG] - |-- P2M:8 [FLOAT]:  |-- P2M:8 [FLOAT]: 	|80.435|
2024-02-12 12:27:05,400 - [ DEBUG] - |-- P2M:9 [FLOAT]:  |-- P2M:9 [FLOAT]: 	|75.220|
2024-02-12 12:27:06,199 - [ DEBUG] - |-- P1M:3 virtual [FLOAT]:  |-- P1M:3 virtual [FLOAT]: 	|60.152|
2024-02-12 12:27:06,200 - [ DEBUG] - |-- P1M:4 virtual [FLOAT]:  |-- P1M:4 virtual [FLOAT]: 	|39.379|
2024-02-12 12:27:06,200 - [ DEBUG] - |-- P1M:8 virtual [FLOAT]:  |-- P1M:8 virtual [FLOAT]: 	|125.890|
2024-02-12 12:27:06,201 - [ DEBUG] - |-- P1M:9 virtual [FLOAT]:  |-- P1M:9 virtual [FLOAT]: 	|118.017|
2024-02-12 12:27:06,202 - [ DEBUG] - |-- P2M:3 virtual [FLOAT]:  |-- P2M:3 virtual [FLOAT]: 	|53.590|
2024-02-12 12:27:06,203 - [ DEBUG] - |-- P2M:4 virtual [FLOAT]:  |-- P2M:4 virtual [FLOAT]: 	|46.568|
2024-02-12 12:27:06,204 - [ DEBUG] - |-- P2M:8 virtual [FLOAT]:  |-- P2M:8 virtual [FLOAT]: 	|80.435|
2024-02-12 12:27:06,526 - [ DEBUG] - |-- P2M:9 virtual [FLOAT]:  |-- P2M:9 virtual [FLOAT]: 	|75.220|
2024-02-12 12:27:07,962 - [ DEBUG] - TECHNICAL:	 is data entered correct? [Y/N]: 	|y|
2024-02-12 12:27:07,966 - [  INFO] - PERFORM:	 test following string on fusion 360 (already copied in clipboard) -> 
{"datatype": "PA", "PHASE_id": "f647f7", "ECP_id": "6abb1cf1", "id": "5512aaa317", "comment": "", "time_init": 1707736934.72, "phase": 2, "ECP_number": 2, "PA_number": 1, "success": true, "entered_articulation": -1, "PA_D": -1.0, "PA_RPC": 10, "values_from_unity": "12", "P1A": 60.152, "P1B": 39.379, "P1C": 125.89, "P1D": 118.017, "P2A": 53.59, "P2B": 46.568, "P2C": 80.435, "P2D": 75.22, "P1A_F": -1.0, "P1B_F": -1.0, "P1C_F": -1.0, "P1D_F": -1.0, "P2A_F": -1.0, "P2B_F": -1.0, "P2C_F": -1.0, "P2D_F": -1.0, "P2eA": -1.0, "P2eB": -1.0, "P2eC": -1.0, "P2eD": -1.0, "P1A_U": 60.152, "P1B_U": 39.379, "P1C_U": 125.89, "P1D_U": 118.017, "P2eA_U": 53.59, "P2eB_U": 46.568, "P2eC_U": 80.435, "P2eD_U": 75.22, "P1_mean_max": 1.0, "P1_mean": -1.0, "P2_mean_max": 2.0, "P2_mean": -1.0, "confidence_position": 10.0, "confidence_angle": 20.0, "estimate_hit": false, "target": "ECP:2", "markers": {"A": "M:3", "B": "M:4", "C": "M:8", "D": "M:9"}, "fusion_computed": false, "anatomy": {"basilic vein": -1.0, "brachial artery": -1.0, "brachial vein": -1.0, "cephalic vein": -1.0, "inferior ulnar collateral artery": -1.0, "median antebrachial vein": -1.0, "median cubital vein": -1.0, "median cubital vein 1": -1.0, "middle collateral artery": -1.0, "radial artery": -1.0, "radial collateral artery": -1.0, "radial veins": -1.0, "random artery 1": -1.0, "random artery 2": -1.0, "ulnar artery": -1.0, "ulnar veins": -1.0, "anterior branch of medial antebrachial cutaneous nerve": -1.0, "anterior interosseous nerve of forearm": -1.0, "deep branch of radial nerve": -1.0, "lateral antebrachial cutaneous nerve": -1.0, "median nerve": -1.0, "muscular branches of radial nerve": -1.0, "musculocutaneous nerve": -1.0, "posterior antebrachial cutaneous nerve": -1.0, "posterior branch of medial antebrachial cutaneous nerve": -1.0, "radial nerve": -1.0, "superficial branch of radial nerve": -1.0, "ulnar nerve": -1.0}, "angle_PA_target": -1.0, "distance_P1_PA_target": -1.0, "distance_P1_PA_target_X": -1.0, "distance_P1_PA_target_Y": -1.0, "distance_P1_PA_target_Z": -1.0, "distance_P2_PA_target": -1.0, "distance_P2_PA_target_X": -1.0, "distance_P2_PA_target_Y": -1.0, "distance_P2_PA_target_Z": -1.0, "distance_P2e_PA_target": -1.0, "distance_P2e_PA_target_X": -1.0, "distance_P2e_PA_target_Y": -1.0, "distance_P2e_PA_target_Z": -1.0, "delta_id_PA_target": -1.0}
2024-02-12 12:27:39,105 - [ DEBUG] - PERFORM:	 enter data from fusion 360: 	|{"datatype": "PA", "PHASE_id": "f647f7", "ECP_id": "6abb1cf1", "id": "5512aaa317", "comment": "", "time_init": 1707736934.72, "phase": 2, "ECP_number": 2, "PA_number": 1, "success": true, "entered_articulation": -1, "PA_D": -1.0, "PA_RPC": 10, "values_from_unity": "12", "P1A": 60.152, "P1B": 39.379, "P1C": 125.89, "P1D": 118.017, "P2A": 53.59, "P2B": 46.568, "P2C": 80.435, "P2D": 75.22, "P1A_F": 60.152, "P1B_F": 39.38, "P1C_F": 125.89, "P1D_F": 118.017, "P2A_F": 53.59, "P2B_F": 46.568, "P2C_F": 80.435, "P2D_F": 75.22, "P2eA": 49.355, "P2eB": 36.962, "P2eC": 91.392, "P2eD": 85.105, "P1A_U": 60.152, "P1B_U": 39.379, "P1C_U": 125.89, "P1D_U": 118.017, "P2eA_U": 53.59, "P2eB_U": 46.568, "P2eC_U": 80.435, "P2eD_U": 75.22, "P1_mean_max": 1.0, "P1_mean": 0.001, "P2_mean_max": 2.0, "P2_mean": 0.003, "confidence_position": 10.0, "confidence_angle": 20.0, "estimate_hit": false, "target": "ECP:2", "markers": {"A": "M:3", "B": "M:4", "C": "M:8", "D": "M:9"}, "fusion_computed": true, "anatomy": {"basilic vein": 29.611, "brachial artery": 10.746, "brachial vein": 6.971, "cephalic vein": 25.149, "inferior ulnar collateral artery": 15.348, "median antebrachial vein": 33.574, "median cubital vein": 20.491, "median cubital vein 1": 16.213, "middle collateral artery": 15.06, "radial artery": 10.684, "radial collateral artery": 28.824, "radial veins": 17.139, "random artery 1": 17.021, "random artery 2": 21.993, "ulnar artery": 10.625, "ulnar veins": 17.107, "anterior branch of medial antebrachial cutaneous nerve": 25.667, "anterior interosseous nerve of forearm": 11.081, "deep branch of radial nerve": 14.58, "lateral antebrachial cutaneous nerve": 8.936, "median nerve": 11.619, "muscular branches of radial nerve": 15.133, "musculocutaneous nerve": 8.946, "posterior antebrachial cutaneous nerve": 28.954, "posterior branch of medial antebrachial cutaneous nerve": 34.37, "radial nerve": 14.62, "superficial branch of radial nerve": 14.588, "ulnar nerve": 29.741}, "angle_PA_target": 5.169, "distance_P1_PA_target": 9.893, "distance_P1_PA_target_X": 8.623, "distance_P1_PA_target_Y": -4.42, "distance_P1_PA_target_Z": 1.995, "distance_P2_PA_target": 13.527, "distance_P2_PA_target_X": 1.319, "distance_P2_PA_target_Y": 9.786, "distance_P2_PA_target_Z": 9.245, "distance_P2e_PA_target": 10.721, "distance_P2e_PA_target_X": 10.293, "distance_P2e_PA_target_Y": -0.829, "distance_P2e_PA_target_Z": 2.88, "delta_id_PA_target": -1.718}|
2024-02-12 12:27:41,045 - [ DEBUG] - TECHNICAL:	 want to remeasure P1 and/or P2? [Y/N]: 	|n|
2024-02-12 12:27:46,384 - [ DEBUG] - |-- ENTERED ARTICULATION [-1 / 0 (not entered) / 1 (entered)] : 	|1|
2024-02-12 12:27:47,158 - [ DEBUG] - TECHNICAL:	 comment on PA (5512aaa317) [STRING]: 	||
2024-02-12 12:27:47,840 - [ DEBUG] - TECHNICAL:	 remove kwire from phanotm [ENTER when done]: 	||
2024-02-12 12:27:47,840 - [  INFO] - PA2.1 FINISHED!
2024-02-12 12:27:47,841 - [  INFO] - DATA COLLECTION - ECP2 - (6abb1cf1)
2024-02-12 12:28:12,148 - [ DEBUG] - |-- ease of placement [0 difficult - 5 easy]: 	|3|
2024-02-12 12:28:12,150 - [  INFO] - ########################
2024-02-12 12:28:12,150 - [  INFO] - ECP3 START! (4cfbfd74)
2024-02-12 12:28:12,151 - [  INFO] - ------------------------
2024-02-12 12:28:12,152 - [  INFO] - PA3.1 START! (5fbe1b98a6)
2024-02-12 12:28:12,822 - [ DEBUG] - PERFORM:	 reset x-ray machine [ENTER when done]: 	||
2024-02-12 12:28:26,729 - [ DEBUG] - PERFORM:	 give instruction to insert k-wire [ENTER when instruction given]: 	||
2024-02-12 12:29:42,714 - [ DEBUG] - CANDIDATE:	 inserting k-wire... -> checks it and declares it Failed or Successful (Restart timer)	|f|
2024-02-12 12:29:42,714 - [  INFO] - \_candidate has FAILED positioning attempt!
2024-02-12 12:29:42,715 - [  INFO] - DATA COLLECTION - PA3.1 - (5fbe1b98a6)
2024-02-12 12:30:04,759 - [ DEBUG] - |-- CANDIDATE: entrance point distance from entrance point target? [FLOAT]:  |-- CANDIDATE: entrance point distance from entrance point target? [FLOAT]: 	|8|
2024-02-12 12:30:06,574 - [ DEBUG] - |-- CANDIDATE: confidence on angle in deg? [FLOAT]:                          |-- CANDIDATE: confidence on angle in deg? [FLOAT]:                         	|15|
2024-02-12 12:30:10,306 - [ DEBUG] - |-- CANDIDATE: estimate structures hit [Y/N]?:                              	|n|
2024-02-12 12:30:13,939 - [ DEBUG] - |-- RADIATION picture count [INT] : 	|2|
2024-02-12 12:30:17,694 - [ DEBUG] - |-- P from unity	|12|
2024-02-12 12:31:32,042 - [ DEBUG] - |-- P1M:2 [FLOAT]:  |-- P1M:2 [FLOAT]: 	|92.334|
2024-02-12 12:31:32,043 - [ DEBUG] - |-- P1M:3 [FLOAT]:  |-- P1M:3 [FLOAT]: 	|83.497|
2024-02-12 12:31:32,044 - [ DEBUG] - |-- P1M:7 [FLOAT]:  |-- P1M:7 [FLOAT]: 	|66.491|
2024-02-12 12:31:32,044 - [ DEBUG] - |-- P1M:8 [FLOAT]:  |-- P1M:8 [FLOAT]: 	|53.861|
2024-02-12 12:31:32,045 - [ DEBUG] - |-- P2M:2 [FLOAT]:  |-- P2M:2 [FLOAT]: 	|53.222|
2024-02-12 12:31:32,045 - [ DEBUG] - |-- P2M:3 [FLOAT]:  |-- P2M:3 [FLOAT]: 	|43.729|
2024-02-12 12:31:32,045 - [ DEBUG] - |-- P2M:7 [FLOAT]:  |-- P2M:7 [FLOAT]: 	|89.365|
2024-02-12 12:31:32,757 - [ DEBUG] - |-- P2M:8 [FLOAT]:  |-- P2M:8 [FLOAT]: 	|83.082|
2024-02-12 12:31:34,069 - [ DEBUG] - |-- P1M:2 virtual [FLOAT]:  |-- P1M:2 virtual [FLOAT]: 	|92.334|
2024-02-12 12:31:34,070 - [ DEBUG] - |-- P1M:3 virtual [FLOAT]:  |-- P1M:3 virtual [FLOAT]: 	|83.497|
2024-02-12 12:31:34,070 - [ DEBUG] - |-- P1M:7 virtual [FLOAT]:  |-- P1M:7 virtual [FLOAT]: 	|66.491|
2024-02-12 12:31:34,071 - [ DEBUG] - |-- P1M:8 virtual [FLOAT]:  |-- P1M:8 virtual [FLOAT]: 	|53.861|
2024-02-12 12:31:34,072 - [ DEBUG] - |-- P2M:2 virtual [FLOAT]:  |-- P2M:2 virtual [FLOAT]: 	|53.222|
2024-02-12 12:31:34,073 - [ DEBUG] - |-- P2M:3 virtual [FLOAT]:  |-- P2M:3 virtual [FLOAT]: 	|43.729|
2024-02-12 12:31:34,073 - [ DEBUG] - |-- P2M:7 virtual [FLOAT]:  |-- P2M:7 virtual [FLOAT]: 	|89.365|
2024-02-12 12:31:35,017 - [ DEBUG] - |-- P2M:8 virtual [FLOAT]:  |-- P2M:8 virtual [FLOAT]: 	|83.082|
2024-02-12 12:31:44,541 - [ DEBUG] - TECHNICAL:	 is data entered correct? [Y/N]: 	|y|
2024-02-12 12:31:44,545 - [  INFO] - PERFORM:	 test following string on fusion 360 (already copied in clipboard) -> 
{"datatype": "PA", "PHASE_id": "f647f7", "ECP_id": "4cfbfd74", "id": "5fbe1b98a6", "comment": "", "time_init": 1707737306.73, "phase": 2, "ECP_number": 3, "PA_number": 1, "success": false, "entered_articulation": -1, "PA_D": -1.0, "PA_RPC": 2, "values_from_unity": "12", "P1A": 92.334, "P1B": 83.497, "P1C": 66.491, "P1D": 53.861, "P2A": 53.222, "P2B": 43.729, "P2C": 89.365, "P2D": 83.082, "P1A_F": -1.0, "P1B_F": -1.0, "P1C_F": -1.0, "P1D_F": -1.0, "P2A_F": -1.0, "P2B_F": -1.0, "P2C_F": -1.0, "P2D_F": -1.0, "P2eA": -1.0, "P2eB": -1.0, "P2eC": -1.0, "P2eD": -1.0, "P1A_U": 92.334, "P1B_U": 83.497, "P1C_U": 66.491, "P1D_U": 53.861, "P2eA_U": 53.222, "P2eB_U": 43.729, "P2eC_U": 89.365, "P2eD_U": 83.082, "P1_mean_max": 1.0, "P1_mean": -1.0, "P2_mean_max": 2.0, "P2_mean": -1.0, "confidence_position": 8.0, "confidence_angle": 15.0, "estimate_hit": false, "target": "ECP:3", "markers": {"A": "M:2", "B": "M:3", "C": "M:7", "D": "M:8"}, "fusion_computed": false, "anatomy": {"basilic vein": -1.0, "brachial artery": -1.0, "brachial vein": -1.0, "cephalic vein": -1.0, "inferior ulnar collateral artery": -1.0, "median antebrachial vein": -1.0, "median cubital vein": -1.0, "median cubital vein 1": -1.0, "middle collateral artery": -1.0, "radial artery": -1.0, "radial collateral artery": -1.0, "radial veins": -1.0, "random artery 1": -1.0, "random artery 2": -1.0, "ulnar artery": -1.0, "ulnar veins": -1.0, "anterior branch of medial antebrachial cutaneous nerve": -1.0, "anterior interosseous nerve of forearm": -1.0, "deep branch of radial nerve": -1.0, "lateral antebrachial cutaneous nerve": -1.0, "median nerve": -1.0, "muscular branches of radial nerve": -1.0, "musculocutaneous nerve": -1.0, "posterior antebrachial cutaneous nerve": -1.0, "posterior branch of medial antebrachial cutaneous nerve": -1.0, "radial nerve": -1.0, "superficial branch of radial nerve": -1.0, "ulnar nerve": -1.0}, "angle_PA_target": -1.0, "distance_P1_PA_target": -1.0, "distance_P1_PA_target_X": -1.0, "distance_P1_PA_target_Y": -1.0, "distance_P1_PA_target_Z": -1.0, "distance_P2_PA_target": -1.0, "distance_P2_PA_target_X": -1.0, "distance_P2_PA_target_Y": -1.0, "distance_P2_PA_target_Z": -1.0, "distance_P2e_PA_target": -1.0, "distance_P2e_PA_target_X": -1.0, "distance_P2e_PA_target_Y": -1.0, "distance_P2e_PA_target_Z": -1.0, "delta_id_PA_target": -1.0}
2024-02-12 12:32:09,519 - [ DEBUG] - PERFORM:	 enter data from fusion 360: 	|{"datatype": "PA", "PHASE_id": "f647f7", "ECP_id": "4cfbfd74", "id": "5fbe1b98a6", "comment": "", "time_init": 1707737306.73, "phase": 2, "ECP_number": 3, "PA_number": 1, "success": false, "entered_articulation": -1, "PA_D": -1.0, "PA_RPC": 2, "values_from_unity": "12", "P1A": 92.334, "P1B": 83.497, "P1C": 66.491, "P1D": 53.861, "P2A": 53.222, "P2B": 43.729, "P2C": 89.365, "P2D": 83.082, "P1A_F": 92.334, "P1B_F": 83.497, "P1C_F": 66.491, "P1D_F": 53.861, "P2A_F": 53.222, "P2B_F": 43.728, "P2C_F": 89.365, "P2D_F": 83.082, "P2eA": 67.354, "P2eB": 57.807, "P2eC": 75.358, "P2eD": 66.379, "P1A_U": 92.334, "P1B_U": 83.497, "P1C_U": 66.491, "P1D_U": 53.861, "P2eA_U": 53.222, "P2eB_U": 43.729, "P2eC_U": 89.365, "P2eD_U": 83.082, "P1_mean_max": 1.0, "P1_mean": 0.001, "P2_mean_max": 2.0, "P2_mean": 0.003, "confidence_position": 8.0, "confidence_angle": 15.0, "estimate_hit": false, "target": "ECP:3", "markers": {"A": "M:2", "B": "M:3", "C": "M:7", "D": "M:8"}, "fusion_computed": true, "anatomy": {"basilic vein": 18.538, "brachial artery": 27.189, "brachial vein": 22.738, "cephalic vein": 29.869, "inferior ulnar collateral artery": 25.485, "median antebrachial vein": 28.954, "median cubital vein": 19.443, "median cubital vein 1": 35.452, "middle collateral artery": 5.878, "radial artery": 46.869, "radial collateral artery": 3.362, "radial veins": 57.899, "random artery 1": 2.896, "random artery 2": 33.613, "ulnar artery": 46.869, "ulnar veins": 57.927, "anterior branch of medial antebrachial cutaneous nerve": 26.825, "anterior interosseous nerve of forearm": 39.589, "deep branch of radial nerve": 52.336, "lateral antebrachial cutaneous nerve": 44.281, "median nerve": 24.979, "muscular branches of radial nerve": 9.414, "musculocutaneous nerve": 18.348, "posterior antebrachial cutaneous nerve": 45.007, "posterior branch of medial antebrachial cutaneous nerve": 2.456, "radial nerve": 19.341, "superficial branch of radial nerve": 52.331, "ulnar nerve": 3.986}, "angle_PA_target": 4.11, "distance_P1_PA_target": 19.995, "distance_P1_PA_target_X": 15.827, "distance_P1_PA_target_Y": -3.471, "distance_P1_PA_target_Z": 11.715, "distance_P2_PA_target": 30.595, "distance_P2_PA_target_X": 23.827, "distance_P2_PA_target_Y": -9.687, "distance_P2_PA_target_Z": 16.568, "distance_P2e_PA_target": 7.473, "distance_P2e_PA_target_X": 7.282, "distance_P2e_PA_target_Y": -1.226, "distance_P2e_PA_target_Z": 1.15, "delta_id_PA_target": 13.504}|
2024-02-12 12:32:10,701 - [ DEBUG] - TECHNICAL:	 want to remeasure P1 and/or P2? [Y/N]: 	|n|
2024-02-12 12:32:12,518 - [ DEBUG] - |-- ENTERED ARTICULATION [-1 / 0 (not entered) / 1 (entered)] : 	|0|
2024-02-12 12:32:13,445 - [ DEBUG] - TECHNICAL:	 comment on PA (5fbe1b98a6) [STRING]: 	||
2024-02-12 12:32:14,456 - [ DEBUG] - TECHNICAL:	 remove kwire from phanotm [ENTER when done]: 	||
2024-02-12 12:32:14,456 - [  INFO] - PA3.1 FINISHED!
2024-02-12 12:32:14,458 - [  INFO] - ------------------------
2024-02-12 12:32:14,458 - [  INFO] - PA3.2 START! (61892c7d23)
2024-02-12 12:32:21,748 - [ DEBUG] - PERFORM:	 reset x-ray machine [ENTER when done]: 	||
2024-02-12 12:32:26,110 - [ DEBUG] - PERFORM:	 give instruction to insert k-wire [ENTER when instruction given]: 	||
2024-02-12 12:32:28,584 - [ DEBUG] - CANDIDATE:	 inserting k-wire... -> checks it and declares it Failed or Successful (Restart timer)	|s|
2024-02-12 12:32:28,585 - [  INFO] - \_candidate has performed SUCCESSFUL positioning attempt!
2024-02-12 12:32:28,585 - [  INFO] - DATA COLLECTION - PA3.2 - (61892c7d23)
2024-02-12 12:32:33,450 - [ DEBUG] - |-- CANDIDATE: entrance point distance from entrance point target? [FLOAT]:  |-- CANDIDATE: entrance point distance from entrance point target? [FLOAT]: 	|0|
2024-02-12 12:32:33,719 - [ DEBUG] - |-- CANDIDATE: confidence on angle in deg? [FLOAT]:                          |-- CANDIDATE: confidence on angle in deg? [FLOAT]:                         	|0|
2024-02-12 12:32:35,821 - [ DEBUG] - |-- CANDIDATE: estimate structures hit [Y/N]?:                              	|0|
2024-02-12 12:32:36,828 - [ DEBUG] - |-- RADIATION picture count [INT] : 	|0|
2024-02-12 12:32:39,414 - [ DEBUG] - |-- P from unity	|12|
2024-02-12 12:32:50,173 - [ DEBUG] - |-- P1M:2 [FLOAT]:  |-- P1M:2 [FLOAT]: 	|92.334|
2024-02-12 12:32:50,173 - [ DEBUG] - |-- P1M:3 [FLOAT]:  |-- P1M:3 [FLOAT]: 	|83.497|
2024-02-12 12:32:50,174 - [ DEBUG] - |-- P1M:7 [FLOAT]:  |-- P1M:7 [FLOAT]: 	|66.491|
2024-02-12 12:32:50,175 - [ DEBUG] - |-- P1M:8 [FLOAT]:  |-- P1M:8 [FLOAT]: 	|53.861|
2024-02-12 12:32:50,175 - [ DEBUG] - |-- P2M:2 [FLOAT]:  |-- P2M:2 [FLOAT]: 	|53.222|
2024-02-12 12:32:50,175 - [ DEBUG] - |-- P2M:3 [FLOAT]:  |-- P2M:3 [FLOAT]: 	|43.729|
2024-02-12 12:32:50,176 - [ DEBUG] - |-- P2M:7 [FLOAT]:  |-- P2M:7 [FLOAT]: 	|89.365|
2024-02-12 12:32:50,601 - [ DEBUG] - |-- P2M:8 [FLOAT]:  |-- P2M:8 [FLOAT]: 	|83.082|
2024-02-12 12:32:51,464 - [ DEBUG] - |-- P1M:2 virtual [FLOAT]:  |-- P1M:2 virtual [FLOAT]: 	|92.334|
2024-02-12 12:32:51,465 - [ DEBUG] - |-- P1M:3 virtual [FLOAT]:  |-- P1M:3 virtual [FLOAT]: 	|83.497|
2024-02-12 12:32:51,466 - [ DEBUG] - |-- P1M:7 virtual [FLOAT]:  |-- P1M:7 virtual [FLOAT]: 	|66.491|
2024-02-12 12:32:51,466 - [ DEBUG] - |-- P1M:8 virtual [FLOAT]:  |-- P1M:8 virtual [FLOAT]: 	|53.861|
2024-02-12 12:32:51,467 - [ DEBUG] - |-- P2M:2 virtual [FLOAT]:  |-- P2M:2 virtual [FLOAT]: 	|53.222|
2024-02-12 12:32:51,468 - [ DEBUG] - |-- P2M:3 virtual [FLOAT]:  |-- P2M:3 virtual [FLOAT]: 	|43.729|
2024-02-12 12:32:51,469 - [ DEBUG] - |-- P2M:7 virtual [FLOAT]:  |-- P2M:7 virtual [FLOAT]: 	|89.365|
2024-02-12 12:32:51,770 - [ DEBUG] - |-- P2M:8 virtual [FLOAT]:  |-- P2M:8 virtual [FLOAT]: 	|83.082|
2024-02-12 12:32:53,269 - [ DEBUG] - TECHNICAL:	 is data entered correct? [Y/N]: 	|y|
2024-02-12 12:32:53,273 - [  INFO] - PERFORM:	 test following string on fusion 360 (already copied in clipboard) -> 
{"datatype": "PA", "PHASE_id": "f647f7", "ECP_id": "4cfbfd74", "id": "61892c7d23", "comment": "", "time_init": 1707737546.11, "phase": 2, "ECP_number": 3, "PA_number": 2, "success": true, "entered_articulation": -1, "PA_D": -1.0, "PA_RPC": 0, "values_from_unity": "12", "P1A": 92.334, "P1B": 83.497, "P1C": 66.491, "P1D": 53.861, "P2A": 53.222, "P2B": 43.729, "P2C": 89.365, "P2D": 83.082, "P1A_F": -1.0, "P1B_F": -1.0, "P1C_F": -1.0, "P1D_F": -1.0, "P2A_F": -1.0, "P2B_F": -1.0, "P2C_F": -1.0, "P2D_F": -1.0, "P2eA": -1.0, "P2eB": -1.0, "P2eC": -1.0, "P2eD": -1.0, "P1A_U": 92.334, "P1B_U": 83.497, "P1C_U": 66.491, "P1D_U": 53.861, "P2eA_U": 53.222, "P2eB_U": 43.729, "P2eC_U": 89.365, "P2eD_U": 83.082, "P1_mean_max": 1.0, "P1_mean": -1.0, "P2_mean_max": 2.0, "P2_mean": -1.0, "confidence_position": 0.0, "confidence_angle": 0.0, "estimate_hit": false, "target": "ECP:3", "markers": {"A": "M:2", "B": "M:3", "C": "M:7", "D": "M:8"}, "fusion_computed": false, "anatomy": {"basilic vein": -1.0, "brachial artery": -1.0, "brachial vein": -1.0, "cephalic vein": -1.0, "inferior ulnar collateral artery": -1.0, "median antebrachial vein": -1.0, "median cubital vein": -1.0, "median cubital vein 1": -1.0, "middle collateral artery": -1.0, "radial artery": -1.0, "radial collateral artery": -1.0, "radial veins": -1.0, "random artery 1": -1.0, "random artery 2": -1.0, "ulnar artery": -1.0, "ulnar veins": -1.0, "anterior branch of medial antebrachial cutaneous nerve": -1.0, "anterior interosseous nerve of forearm": -1.0, "deep branch of radial nerve": -1.0, "lateral antebrachial cutaneous nerve": -1.0, "median nerve": -1.0, "muscular branches of radial nerve": -1.0, "musculocutaneous nerve": -1.0, "posterior antebrachial cutaneous nerve": -1.0, "posterior branch of medial antebrachial cutaneous nerve": -1.0, "radial nerve": -1.0, "superficial branch of radial nerve": -1.0, "ulnar nerve": -1.0}, "angle_PA_target": -1.0, "distance_P1_PA_target": -1.0, "distance_P1_PA_target_X": -1.0, "distance_P1_PA_target_Y": -1.0, "distance_P1_PA_target_Z": -1.0, "distance_P2_PA_target": -1.0, "distance_P2_PA_target_X": -1.0, "distance_P2_PA_target_Y": -1.0, "distance_P2_PA_target_Z": -1.0, "distance_P2e_PA_target": -1.0, "distance_P2e_PA_target_X": -1.0, "distance_P2e_PA_target_Y": -1.0, "distance_P2e_PA_target_Z": -1.0, "delta_id_PA_target": -1.0}
2024-02-12 12:33:04,306 - [ DEBUG] - PERFORM:	 enter data from fusion 360: 	|{"datatype": "PA", "PHASE_id": "f647f7", "ECP_id": "4cfbfd74", "id": "61892c7d23", "comment": "", "time_init": 1707737546.11, "phase": 2, "ECP_number": 3, "PA_number": 2, "success": true, "entered_articulation": -1, "PA_D": -1.0, "PA_RPC": 0, "values_from_unity": "12", "P1A": 92.334, "P1B": 83.497, "P1C": 66.491, "P1D": 53.861, "P2A": 53.222, "P2B": 43.729, "P2C": 89.365, "P2D": 83.082, "P1A_F": 92.334, "P1B_F": 83.497, "P1C_F": 66.491, "P1D_F": 53.861, "P2A_F": 53.222, "P2B_F": 43.728, "P2C_F": 89.365, "P2D_F": 83.082, "P2eA": 67.354, "P2eB": 57.807, "P2eC": 75.358, "P2eD": 66.379, "P1A_U": 92.334, "P1B_U": 83.497, "P1C_U": 66.491, "P1D_U": 53.861, "P2eA_U": 53.222, "P2eB_U": 43.729, "P2eC_U": 89.365, "P2eD_U": 83.082, "P1_mean_max": 1.0, "P1_mean": 0.001, "P2_mean_max": 2.0, "P2_mean": 0.003, "confidence_position": 0.0, "confidence_angle": 0.0, "estimate_hit": false, "target": "ECP:3", "markers": {"A": "M:2", "B": "M:3", "C": "M:7", "D": "M:8"}, "fusion_computed": true, "anatomy": {"basilic vein": 18.538, "brachial artery": 27.189, "brachial vein": 22.738, "cephalic vein": 29.869, "inferior ulnar collateral artery": 25.485, "median antebrachial vein": 28.954, "median cubital vein": 19.443, "median cubital vein 1": 35.452, "middle collateral artery": 5.878, "radial artery": 46.869, "radial collateral artery": 3.362, "radial veins": 57.899, "random artery 1": 2.896, "random artery 2": 33.613, "ulnar artery": 46.869, "ulnar veins": 57.927, "anterior branch of medial antebrachial cutaneous nerve": 26.825, "anterior interosseous nerve of forearm": 39.589, "deep branch of radial nerve": 52.336, "lateral antebrachial cutaneous nerve": 44.281, "median nerve": 24.979, "muscular branches of radial nerve": 9.414, "musculocutaneous nerve": 18.348, "posterior antebrachial cutaneous nerve": 45.007, "posterior branch of medial antebrachial cutaneous nerve": 2.456, "radial nerve": 19.341, "superficial branch of radial nerve": 52.331, "ulnar nerve": 3.986}, "angle_PA_target": 4.11, "distance_P1_PA_target": 19.995, "distance_P1_PA_target_X": 15.827, "distance_P1_PA_target_Y": -3.471, "distance_P1_PA_target_Z": 11.715, "distance_P2_PA_target": 30.595, "distance_P2_PA_target_X": 23.827, "distance_P2_PA_target_Y": -9.687, "distance_P2_PA_target_Z": 16.568, "distance_P2e_PA_target": 7.473, "distance_P2e_PA_target_X": 7.282, "distance_P2e_PA_target_Y": -1.226, "distance_P2e_PA_target_Z": 1.15, "delta_id_PA_target": 13.504}|
2024-02-12 12:33:05,672 - [ DEBUG] - TECHNICAL:	 want to remeasure P1 and/or P2? [Y/N]: 	|n|
2024-02-12 12:33:07,562 - [ DEBUG] - |-- ENTERED ARTICULATION [-1 / 0 (not entered) / 1 (entered)] : 	|0|
2024-02-12 12:33:34,540 - [ DEBUG] - TECHNICAL:	 comment on PA (61892c7d23) [STRING]: 	|delete pa  and update ecp, phase + set previous pa as successful|
2024-02-12 12:33:35,659 - [ DEBUG] - TECHNICAL:	 remove kwire from phanotm [ENTER when done]: 	||
2024-02-12 12:33:35,660 - [  INFO] - PA3.2 FINISHED!
2024-02-12 12:33:35,660 - [  INFO] - DATA COLLECTION - ECP3 - (4cfbfd74)
2024-02-12 12:33:43,122 - [ DEBUG] - |-- ease of placement [0 difficult - 5 easy]: 	|4|
2024-02-12 12:33:43,122 - [  INFO] - DATA COLLECTION - PHASE - (f647f7)
2024-02-12 12:33:55,503 - [ DEBUG] - |-- realism xray    [-1 : 5]:            	|4|
2024-02-12 12:34:02,183 - [ DEBUG] - |-- simulation quality xray    [-1 : 5]: 	|3|
2024-02-12 12:34:07,649 - [ DEBUG] - |-- comfort xray [-1 : 5]:               	|5|
2024-02-12 12:34:15,057 - [ DEBUG] - |-- realism AR      [-1 : 5]:            	|4|
2024-02-12 12:34:21,456 - [ DEBUG] - |-- simulation quality AR      [-1 : 5]: 	|4|
2024-02-12 12:34:26,101 - [ DEBUG] - |-- comfort ar   [-1 : 5]:               	|3|
2024-02-12 12:34:37,548 - [ DEBUG] - |-- realism phantom [-1 : 5]:            	|3|
2024-02-12 12:34:42,886 - [ DEBUG] - |-- simulation quality phantom [-1 : 5]: 	|3|
2024-02-12 12:34:45,892 - [ DEBUG] - TECHNICAL:	 comment on PHASE (f647f7) [STRING]: 	||
2024-02-12 12:34:45,904 - [  INFO] - SAVED ON DATABASE!
2024-02-12 12:34:45,905 - [  INFO] - bye!
