2024-01-31 09:16:15,184 - [  INFO] - flags: []
2024-01-31 09:16:15,185 - [  INFO] - # POSITIONING TEST COMPANION (v1.21)
2024-01-31 09:16:15,185 - [  INFO] - # What a beautiful day to stick some anti-pigeon spikes into plastic!
2024-01-31 09:16:15,187 - [  INFO] - # BEGIN POSITIONING TEST FOR A CANDIDATE, ONE SINGLE PHASE (87a6ce)
2024-01-31 09:16:15,187 - [  INFO] - # 2024/01/31 - 09:16:15
2024-01-31 09:16:15,187 - [  INFO] - DATA COLLECTION - TEST - (87a6ce)
2024-01-31 09:16:22,704 - [ DEBUG] - |-- phase [INTEGER]:                	|1|
2024-01-31 09:16:23,850 - [ DEBUG] - |-- phantom id [STRING]:            	|01|
2024-01-31 09:16:25,112 - [ DEBUG] - |-- name [STRING]:                  	|sofia|
2024-01-31 09:16:26,915 - [ DEBUG] - |-- surname [STRING]:               	|garruto|
2024-01-31 09:16:27,950 - [ DEBUG] - |-- gender [M/F]:                   	|f|
2024-01-31 09:16:29,080 - [ DEBUG] - |-- right-handed [Y/N]:             	|y|
2024-01-31 09:16:30,199 - [ DEBUG] - |-- age [INTEGER]:                  	|29|
2024-01-31 09:16:31,625 - [ DEBUG] - |-- medsurg year        [-1 : 6]:   	|-1|
2024-01-31 09:16:36,108 - [ DEBUG] - |-- specialization year [-1 : 5]:   	|4|
2024-01-31 09:16:37,181 - [ DEBUG] - |-- surgeon year        [-1 : 100]: 	|-1|
2024-01-31 09:16:38,061 - [ DEBUG] - |-- exp operation count [INTEGER]:  	|2|
2024-01-31 09:16:38,910 - [ DEBUG] - |-- glasses [Y/N]:                  	|y|
2024-01-31 09:16:40,670 - [ DEBUG] - |-- glasses type [None [] / Myopia (Nearsightedness) [M] / Hyperopia (Farsightedness) [H] / Astigmatism [AS] / Presbyopia [P] / Strabismus [S] / Amblyopia (Lazy Eye) [AM] / Cataract [C]: 	|m|
2024-01-31 09:16:44,252 - [ DEBUG] - |-- glasses power [-1 : 100]:       	|5|
2024-01-31 09:16:45,057 - [ DEBUG] - |-- exp Virtual Reality   [0 : 5]:  	|1|
2024-01-31 09:16:45,748 - [ DEBUG] - |-- exp Augmented Reality [0 : 5]:  	|0|
2024-01-31 09:16:47,035 - [ DEBUG] - |-- exp 3D editors        [0 : 5]:  	|1|
2024-01-31 09:16:48,084 - [ DEBUG] - TECHNICAL:	 is data entered correct? [Y/N]: 	|y|
2024-01-31 09:16:48,085 - [  INFO] - ########################
2024-01-31 09:16:48,086 - [  INFO] - ECP1 START! (38ed3bb5)
2024-01-31 09:16:48,087 - [  INFO] - ------------------------
2024-01-31 09:16:48,088 - [  INFO] - PA1.1 START! (a5f019d2d0)
2024-01-31 09:16:49,122 - [ DEBUG] - PERFORM:	 reset x-ray machine [ENTER when done]: 	||
2024-01-31 09:28:50,691 - [ DEBUG] - PERFORM:	 give instruction to insert k-wire [ENTER when instruction given]: 	||
2024-01-31 09:30:21,529 - [ DEBUG] - CANDIDATE:	 inserting k-wire... -> checks it and declares it failed [f] or successful [s] (restart timer [r]): 	|f|
2024-01-31 09:30:21,529 - [  INFO] - \_candidate has FAILED positioning attempt!
2024-01-31 09:30:21,529 - [  INFO] - DATA COLLECTION - PA1.1 - (a5f019d2d0)
2024-01-31 09:30:25,194 - [ DEBUG] - |-- RADIATION picture count       [INT]  : 	|0|
2024-01-31 09:31:00,317 - [ DEBUG] - |-- P1M:2 [FLOAT]: 	|75.69|
2024-01-31 09:31:17,282 - [ DEBUG] - |-- P1M:3 [FLOAT]: 	|62.01|
2024-01-31 09:31:40,896 - [ DEBUG] - |-- P1M:7 [FLOAT]: 	|103.73|
2024-01-31 09:32:05,029 - [ DEBUG] - |-- P1M:8 [FLOAT]: 	|96.27|
2024-01-31 09:32:21,683 - [ DEBUG] - |-- P2M:2 [FLOAT]: 	|60.97|
2024-01-31 09:32:31,752 - [ DEBUG] - |-- P2M:3 [FLOAT]: 	|45.73|
2024-01-31 09:33:07,060 - [ DEBUG] - |-- P2M:7 [FLOAT]: 	|86.93|
2024-01-31 09:33:25,566 - [ DEBUG] - |-- P2M:8 [FLOAT]: 	|76.70|
2024-01-31 09:34:33,890 - [ DEBUG] - |-- P1M:2 virtual [FLOAT]: 	|75.361|
2024-01-31 09:34:33,891 - [ DEBUG] - |-- P1M:3 virtual [FLOAT]: 	|62.491|
2024-01-31 09:34:33,892 - [ DEBUG] - |-- P1M:7 virtual [FLOAT]: 	|105.079|
2024-01-31 09:34:33,892 - [ DEBUG] - |-- P1M:8 virtual [FLOAT]: 	|97.982|
2024-01-31 09:34:33,892 - [ DEBUG] - |-- P2M:2 virtual [FLOAT]: 	|63.592|
2024-01-31 09:34:33,893 - [ DEBUG] - |-- P2M:3 virtual [FLOAT]: 	|49.273|
2024-01-31 09:34:33,893 - [ DEBUG] - |-- P2M:7 virtual [FLOAT]: 	|89.553|
2024-01-31 09:34:34,900 - [ DEBUG] - |-- P2M:8 virtual [FLOAT]: 	|78.649|
2024-01-31 09:34:49,016 - [ DEBUG] - |-- CANDIDATE: confidence on entrance position in mm? [FLOAT]: 	|0|
2024-01-31 09:35:00,849 - [ DEBUG] - |-- CANDIDATE: confidence on angle in deg? [FLOAT]:            	|10|
2024-01-31 09:35:06,356 - [ DEBUG] - |-- CANDIDATE: estimate structures hit [Y/N]?:                 	|y|
2024-01-31 09:35:12,711 - [ DEBUG] - TECHNICAL:	 is data entered correct? [Y/N]: 	|y|
2024-01-31 09:35:12,716 - [  INFO] - PERFORM:	 test following string on fusion 360 (already copied in clipboard) -> 
{"datatype": "PA", "TEST_id": "87a6ce", "ECP_id": "38ed3bb5", "id": "a5f019d2d0", "comment": "", "time_init": 1706689730.69, "phase": 1, "ECP_number": 1, "PA_number": 1, "success": false, "PA_D": -1.0, "PA_RPC": 0, "P1A": 74.89, "P1B": 61.21, "P1C": 102.93, "P1D": 95.47, "P2A": 60.17, "P2B": 44.93, "P2C": 86.13000000000001, "P2D": 75.9, "P1A_F": -1.0, "P1B_F": -1.0, "P1C_F": -1.0, "P1D_F": -1.0, "P2A_F": -1.0, "P2B_F": -1.0, "P2C_F": -1.0, "P2D_F": -1.0, "P2eA": -1.0, "P2eB": -1.0, "P2eC": -1.0, "P2eD": -1.0, "P1A_U": 75.361, "P1B_U": 62.491, "P1C_U": 105.079, "P1D_U": 97.982, "P2eA_U": 63.592, "P2eB_U": 49.273, "P2eC_U": 89.553, "P2eD_U": 78.649, "P1_mean_max": 1.0, "P1_mean": -1.0, "P2_mean_max": 2.0, "P2_mean": -1.0, "confidence_position": 0.0, "confidence_angle": 10.0, "estimate_hit": true, "target": "ECP:1", "markers": {"A": "M:2", "B": "M:3", "C": "M:7", "D": "M:8"}, "fusion_computed": false, "anatomy": {"basilic vein": -1.0, "brachial artery": -1.0, "brachial vein": -1.0, "cephalic vein": -1.0, "inferior ulnar collateral artery": -1.0, "median antebrachial vein": -1.0, "median cubital vein": -1.0, "median cubital vein 1": -1.0, "middle collateral artery": -1.0, "radial artery": -1.0, "radial collateral artery": -1.0, "radial veins": -1.0, "random artery 1": -1.0, "random artery 2": -1.0, "ulnar artery": -1.0, "ulnar veins": -1.0, "anterior branch of medial antebrachial cutaneous nerve": -1.0, "anterior interosseous nerve of forearm": -1.0, "deep branch of radial nerve": -1.0, "lateral antebrachial cutaneous nerve": -1.0, "median nerve": -1.0, "muscular branches of radial nerve": -1.0, "musculocutaneous nerve": -1.0, "posterior antebrachial cutaneous nerve": -1.0, "posterior branch of medial antebrachial cutaneous nerve": -1.0, "radial nerve": -1.0, "superficial branch of radial nerve": -1.0, "ulnar nerve": -1.0}, "angle_PA_target": -1.0, "distance_P1_PA_target": -1.0, "distance_P1_PA_target_X": -1.0, "distance_P1_PA_target_Y": -1.0, "distance_P1_PA_target_Z": -1.0, "distance_P2_PA_target": -1.0, "distance_P2_PA_target_X": -1.0, "distance_P2_PA_target_Y": -1.0, "distance_P2_PA_target_Z": -1.0, "distance_P2e_PA_target": -1.0, "distance_P2e_PA_target_X": -1.0, "distance_P2e_PA_target_Y": -1.0, "distance_P2e_PA_target_Z": -1.0, "delta_id_PA_target": -1.0}
2024-01-31 09:36:13,105 - [ DEBUG] - PERFORM:	 enter data from fusion 360: 	|{"datatype": "PA", "TEST_id": "87a6ce", "ECP_id": "38ed3bb5", "id": "a5f019d2d0", "comment": "", "time_init": 1706689730.69, "phase": 1, "ECP_number": 1, "PA_number": 1, "success": false, "PA_D": -1.0, "PA_RPC": 0, "P1A": 74.89, "P1B": 61.21, "P1C": 102.93, "P1D": 95.47, "P2A": 60.17, "P2B": 44.93, "P2C": 86.13000000000001, "P2D": 75.9, "P1A_F": 74.769, "P1B_F": 61.349, "P1C_F": 103.01, "P1D_F": 95.379, "P2A_F": 60.631, "P2B_F": 45.431, "P2C_F": 86.603, "P2D_F": 76.362, "P2eA": 60.606, "P2eB": 45.317, "P2eC": 86.817, "P2eD": 76.639, "P1A_U": 75.361, "P1B_U": 62.491, "P1C_U": 105.079, "P1D_U": 97.982, "P2eA_U": 63.592, "P2eB_U": 49.273, "P2eC_U": 89.553, "P2eD_U": 78.649, "P1_mean_max": 1.0, "P1_mean": 0.399, "P2_mean_max": 2.0, "P2_mean": 0.817, "confidence_position": 0.0, "confidence_angle": 10.0, "estimate_hit": true, "target": "ECP:1", "markers": {"A": "M:2", "B": "M:3", "C": "M:7", "D": "M:8"}, "fusion_computed": true, "anatomy": {"basilic vein": 24.419, "brachial artery": 30.8, "brachial vein": 27.072, "cephalic vein": 37.736, "inferior ulnar collateral artery": 28.495, "median antebrachial vein": 45.02, "median cubital vein": 26.344, "median cubital vein 1": 34.186, "middle collateral artery": 1.174, "radial artery": 39.762, "radial collateral artery": 19.313, "radial veins": 49.755, "random artery 1": 0.0, "random artery 2": 40.938, "ulnar artery": 39.762, "ulnar veins": 49.726, "anterior branch of medial antebrachial cutaneous nerve": 32.933, "anterior interosseous nerve of forearm": 37.728, "deep branch of radial nerve": 38.431, "lateral antebrachial cutaneous nerve": 36.641, "median nerve": 30.447, "muscular branches of radial nerve": 1.462, "musculocutaneous nerve": 28.451, "posterior antebrachial cutaneous nerve": 28.694, "posterior branch of medial antebrachial cutaneous nerve": 9.828, "radial nerve": 32.8, "superficial branch of radial nerve": 38.686, "ulnar nerve": 0.0}, "angle_PA_target": 9.458, "distance_P1_PA_target": 6.757, "distance_P1_PA_target_X": 1.069, "distance_P1_PA_target_Y": -3.796, "distance_P1_PA_target_Z": 5.486, "distance_P2_PA_target": 10.234, "distance_P2_PA_target_X": 4.885, "distance_P2_PA_target_Y": -8.98, "distance_P2_PA_target_Z": 0.49, "distance_P2e_PA_target": 9.661, "distance_P2e_PA_target_X": 5.12, "distance_P2e_PA_target_Y": -8.156, "distance_P2e_PA_target_Z": -0.78, "delta_id_PA_target": 4.128}|
2024-01-31 09:36:14,357 - [ DEBUG] - TECHNICAL:	 want to remeasure P1? [Y/N]: 	|n|
2024-01-31 09:36:14,620 - [ DEBUG] - TECHNICAL:	 want to remeasure P2? [Y/N]: 	|n|
2024-01-31 09:36:15,732 - [ DEBUG] - TECHNICAL:	 comment on PA (a5f019d2d0) [STRING]: 	||
2024-01-31 09:36:15,732 - [  INFO] - PA1.1 FINISHED!
2024-01-31 09:36:15,733 - [  INFO] - ------------------------
2024-01-31 09:36:15,734 - [  INFO] - PA1.2 START! (d5eb2df0eb)
2024-01-31 09:36:18,138 - [ DEBUG] - PERFORM:	 reset x-ray machine [ENTER when done]: 	||
2024-01-31 09:36:54,435 - [ DEBUG] - PERFORM:	 give instruction to insert k-wire [ENTER when instruction given]: 	||
2024-01-31 09:37:35,631 - [ DEBUG] - CANDIDATE:	 inserting k-wire... -> checks it and declares it failed [f] or successful [s] (restart timer [r]): 	|s|
2024-01-31 09:37:35,632 - [  INFO] - \_candidate has performed SUCCESSFUL positioning attempt!
2024-01-31 09:37:35,632 - [  INFO] - DATA COLLECTION - PA1.2 - (d5eb2df0eb)
2024-01-31 09:37:40,128 - [ DEBUG] - |-- RADIATION picture count       [INT]  : 	|0|
2024-01-31 09:39:06,106 - [ DEBUG] - |-- P1M:2 [FLOAT]: 	|84.50|
2024-01-31 09:39:21,684 - [ DEBUG] - |-- P1M:3 [FLOAT]: 	|74.07|
2024-01-31 09:39:40,224 - [ DEBUG] - |-- P1M:7 [FLOAT]: 	|100.76|
2024-01-31 09:40:14,063 - [ DEBUG] - |-- P1M:8 [FLOAT]: 	|93.24|
2024-01-31 09:40:40,841 - [ DEBUG] - |-- P2M:2 [FLOAT]: 	|63.14|
2024-01-31 09:41:03,163 - [ DEBUG] - |-- P2M:3 [FLOAT]: 	|49.58|
2024-01-31 09:41:23,082 - [ DEBUG] - |-- P2M:7 [FLOAT]: 	|83.15|
2024-01-31 09:41:42,810 - [ DEBUG] - |-- P2M:8 [FLOAT]: 	|73.67|
2024-01-31 09:42:14,581 - [ DEBUG] - |-- P1M:2 virtual [FLOAT]: 	|84.777|
2024-01-31 09:42:14,582 - [ DEBUG] - |-- P1M:3 virtual [FLOAT]: 	|77.277|
2024-01-31 09:42:14,582 - [ DEBUG] - |-- P1M:7 virtual [FLOAT]: 	|100.186|
2024-01-31 09:42:14,583 - [ DEBUG] - |-- P1M:8 virtual [FLOAT]: 	|95.687|
2024-01-31 09:42:14,583 - [ DEBUG] - |-- P2M:2 virtual [FLOAT]: 	|62.489|
2024-01-31 09:42:14,584 - [ DEBUG] - |-- P2M:3 virtual [FLOAT]: 	|51.366|
2024-01-31 09:42:14,584 - [ DEBUG] - |-- P2M:7 virtual [FLOAT]: 	|84.627|
2024-01-31 09:42:19,406 - [ DEBUG] - |-- P2M:8 virtual [FLOAT]: 	|75.346|
2024-01-31 09:42:34,875 - [ DEBUG] - |-- CANDIDATE: confidence on entrance position in mm? [FLOAT]: 	|5|
2024-01-31 09:42:49,112 - [ DEBUG] - |-- CANDIDATE: confidence on angle in deg? [FLOAT]:            	|5|
2024-01-31 09:42:54,725 - [ DEBUG] - |-- CANDIDATE: estimate structures hit [Y/N]?:                 	|n|
2024-01-31 09:42:58,528 - [ DEBUG] - TECHNICAL:	 is data entered correct? [Y/N]: 	|y|
2024-01-31 09:42:58,531 - [  INFO] - PERFORM:	 test following string on fusion 360 (already copied in clipboard) -> 
{"datatype": "PA", "TEST_id": "87a6ce", "ECP_id": "38ed3bb5", "id": "d5eb2df0eb", "comment": "", "time_init": 1706690214.44, "phase": 1, "ECP_number": 1, "PA_number": 2, "success": true, "PA_D": -1.0, "PA_RPC": 0, "P1A": 83.7, "P1B": 73.27, "P1C": 99.96000000000001, "P1D": 92.44, "P2A": 62.34, "P2B": 48.78, "P2C": 82.35000000000001, "P2D": 72.87, "P1A_F": -1.0, "P1B_F": -1.0, "P1C_F": -1.0, "P1D_F": -1.0, "P2A_F": -1.0, "P2B_F": -1.0, "P2C_F": -1.0, "P2D_F": -1.0, "P2eA": -1.0, "P2eB": -1.0, "P2eC": -1.0, "P2eD": -1.0, "P1A_U": 84.777, "P1B_U": 77.277, "P1C_U": 100.186, "P1D_U": 95.687, "P2eA_U": 62.489, "P2eB_U": 51.366, "P2eC_U": 84.627, "P2eD_U": 75.346, "P1_mean_max": 1.0, "P1_mean": -1.0, "P2_mean_max": 2.0, "P2_mean": -1.0, "confidence_position": 5.0, "confidence_angle": 5.0, "estimate_hit": false, "target": "ECP:1", "markers": {"A": "M:2", "B": "M:3", "C": "M:7", "D": "M:8"}, "fusion_computed": false, "anatomy": {"basilic vein": -1.0, "brachial artery": -1.0, "brachial vein": -1.0, "cephalic vein": -1.0, "inferior ulnar collateral artery": -1.0, "median antebrachial vein": -1.0, "median cubital vein": -1.0, "median cubital vein 1": -1.0, "middle collateral artery": -1.0, "radial artery": -1.0, "radial collateral artery": -1.0, "radial veins": -1.0, "random artery 1": -1.0, "random artery 2": -1.0, "ulnar artery": -1.0, "ulnar veins": -1.0, "anterior branch of medial antebrachial cutaneous nerve": -1.0, "anterior interosseous nerve of forearm": -1.0, "deep branch of radial nerve": -1.0, "lateral antebrachial cutaneous nerve": -1.0, "median nerve": -1.0, "muscular branches of radial nerve": -1.0, "musculocutaneous nerve": -1.0, "posterior antebrachial cutaneous nerve": -1.0, "posterior branch of medial antebrachial cutaneous nerve": -1.0, "radial nerve": -1.0, "superficial branch of radial nerve": -1.0, "ulnar nerve": -1.0}, "angle_PA_target": -1.0, "distance_P1_PA_target": -1.0, "distance_P1_PA_target_X": -1.0, "distance_P1_PA_target_Y": -1.0, "distance_P1_PA_target_Z": -1.0, "distance_P2_PA_target": -1.0, "distance_P2_PA_target_X": -1.0, "distance_P2_PA_target_Y": -1.0, "distance_P2_PA_target_Z": -1.0, "distance_P2e_PA_target": -1.0, "distance_P2e_PA_target_X": -1.0, "distance_P2e_PA_target_Y": -1.0, "distance_P2e_PA_target_Z": -1.0, "delta_id_PA_target": -1.0}
2024-01-31 09:43:29,333 - [ DEBUG] - PERFORM:	 enter data from fusion 360: 	|{"datatype": "PA", "TEST_id": "87a6ce", "ECP_id": "38ed3bb5", "id": "d5eb2df0eb", "comment": "", "time_init": 1706690214.44, "phase": 1, "ECP_number": 1, "PA_number": 2, "success": true, "PA_D": -1.0, "PA_RPC": 0, "P1A": 83.7, "P1B": 73.27, "P1C": 99.96000000000001, "P1D": 92.44, "P2A": 62.34, "P2B": 48.78, "P2C": 82.35000000000001, "P2D": 72.87, "P1A_F": 83.918, "P1B_F": 73.019, "P1C_F": 99.785, "P1D_F": 92.63, "P2A_F": 62.446, "P2B_F": 49.363, "P2C_F": 82.838, "P2D_F": 73.009, "P2eA": 62.564, "P2eB": 49.443, "P2eC": 82.918, "P2eD": 73.129, "P1A_U": 84.777, "P1B_U": 77.277, "P1C_U": 100.186, "P1D_U": 95.687, "P2eA_U": 62.489, "P2eB_U": 51.366, "P2eC_U": 84.627, "P2eD_U": 75.346, "P1_mean_max": 1.0, "P1_mean": 0.791, "P2_mean_max": 2.0, "P2_mean": 0.781, "confidence_position": 5.0, "confidence_angle": 5.0, "estimate_hit": false, "target": "ECP:1", "markers": {"A": "M:2", "B": "M:3", "C": "M:7", "D": "M:8"}, "fusion_computed": true, "anatomy": {"basilic vein": 23.158, "brachial artery": 29.464, "brachial vein": 25.69, "cephalic vein": 36.026, "inferior ulnar collateral artery": 26.483, "median antebrachial vein": 41.158, "median cubital vein": 25.82, "median cubital vein 1": 32.798, "middle collateral artery": 2.44, "radial artery": 38.947, "radial collateral artery": 17.249, "radial veins": 49.738, "random artery 1": 0.99, "random artery 2": 38.639, "ulnar artery": 38.947, "ulnar veins": 49.729, "anterior branch of medial antebrachial cutaneous nerve": 31.806, "anterior interosseous nerve of forearm": 36.195, "deep branch of radial nerve": 38.315, "lateral antebrachial cutaneous nerve": 35.794, "median nerve": 29.112, "muscular branches of radial nerve": 3.892, "musculocutaneous nerve": 27.127, "posterior antebrachial cutaneous nerve": 31.59, "posterior branch of medial antebrachial cutaneous nerve": 7.08, "radial nerve": 31.779, "superficial branch of radial nerve": 38.576, "ulnar nerve": 0.795}, "angle_PA_target": 13.882, "distance_P1_PA_target": 7.819, "distance_P1_PA_target_X": -7.581, "distance_P1_PA_target_Y": 1.856, "distance_P1_PA_target_Z": -0.465, "distance_P2_PA_target": 7.195, "distance_P2_PA_target_X": 1.295, "distance_P2_PA_target_Y": -7.076, "distance_P2_PA_target_Z": 0.133, "distance_P2e_PA_target": 6.529, "distance_P2e_PA_target_X": 1.348, "distance_P2e_PA_target_Y": -6.3, "distance_P2e_PA_target_Z": -1.059, "delta_id_PA_target": -2.21}|
2024-01-31 09:43:30,582 - [ DEBUG] - TECHNICAL:	 want to remeasure P1? [Y/N]: 	|n|
2024-01-31 09:43:30,882 - [ DEBUG] - TECHNICAL:	 want to remeasure P2? [Y/N]: 	|n|
2024-01-31 09:43:32,025 - [ DEBUG] - TECHNICAL:	 comment on PA (d5eb2df0eb) [STRING]: 	||
2024-01-31 09:43:32,025 - [  INFO] - PA1.2 FINISHED!
2024-01-31 09:43:32,026 - [  INFO] - DATA COLLECTION - ECP1 - (38ed3bb5)
2024-01-31 09:43:41,788 - [ DEBUG] - |-- ease of placement [0 difficult - 5 easy]: 	|3|
2024-01-31 09:43:41,789 - [  INFO] - ########################
2024-01-31 09:43:41,790 - [  INFO] - ECP2 START! (b18c402e)
2024-01-31 09:43:41,791 - [  INFO] - ------------------------
2024-01-31 09:43:41,792 - [  INFO] - PA2.1 START! (9c8cc2f35d)
2024-01-31 09:43:44,942 - [ DEBUG] - PERFORM:	 reset x-ray machine [ENTER when done]: 	||
2024-01-31 09:44:54,841 - [ DEBUG] - PERFORM:	 give instruction to insert k-wire [ENTER when instruction given]: 	||
2024-01-31 09:46:52,286 - [ DEBUG] - CANDIDATE:	 inserting k-wire... -> checks it and declares it failed [f] or successful [s] (restart timer [r]): 	|s|
2024-01-31 09:46:52,286 - [  INFO] - \_candidate has performed SUCCESSFUL positioning attempt!
2024-01-31 09:46:52,286 - [  INFO] - DATA COLLECTION - PA2.1 - (9c8cc2f35d)
2024-01-31 09:47:39,702 - [ DEBUG] - |-- RADIATION picture count       [INT]  : 	|3|
2024-01-31 09:48:26,990 - [ DEBUG] - |-- P1M:3 [FLOAT]: 	|63.84|
2024-01-31 09:49:04,997 - [ DEBUG] - |-- P1M:4 [FLOAT]: 	|43.03|
2024-01-31 09:49:40,111 - [ DEBUG] - |-- P1M:8 [FLOAT]: 	|121.56|
2024-01-31 09:50:01,666 - [ DEBUG] - |-- P1M:9 [FLOAT]: 	|112.81|
2024-01-31 09:50:23,941 - [ DEBUG] - |-- P2M:3 [FLOAT]: 	|60.77|
2024-01-31 09:50:34,353 - [ DEBUG] - |-- P2M:4 [FLOAT]: 	|52.23|
2024-01-31 09:50:48,491 - [ DEBUG] - |-- P2M:8 [FLOAT]: 	|74.47|
2024-01-31 09:51:02,209 - [ DEBUG] - |-- P2M:9 [FLOAT]: 	|68.95|
2024-01-31 09:51:11,304 - [ DEBUG] - |-- P1M:3 virtual [FLOAT]: 	|63.313|
2024-01-31 09:51:11,305 - [ DEBUG] - |-- P1M:4 virtual [FLOAT]: 	|46.539|
2024-01-31 09:51:11,305 - [ DEBUG] - |-- P1M:8 virtual [FLOAT]: 	|117.128|
2024-01-31 09:51:11,306 - [ DEBUG] - |-- P1M:9 virtual [FLOAT]: 	|109.612|
2024-01-31 09:51:11,306 - [ DEBUG] - |-- P2M:3 virtual [FLOAT]: 	|58.516|
2024-01-31 09:51:11,307 - [ DEBUG] - |-- P2M:4 virtual [FLOAT]: 	|58.165|
2024-01-31 09:51:11,324 - [ DEBUG] - |-- P2M:8 virtual [FLOAT]: 	|69.053|
2024-01-31 09:51:12,687 - [ DEBUG] - |-- P2M:9 virtual [FLOAT]: 	|67.419|
2024-01-31 09:51:32,715 - [ DEBUG] - |-- CANDIDATE: confidence on entrance position in mm? [FLOAT]: 	|0|
2024-01-31 09:51:33,785 - [ DEBUG] - |-- CANDIDATE: confidence on angle in deg? [FLOAT]:            	|0|
2024-01-31 09:51:38,700 - [ DEBUG] - |-- CANDIDATE: estimate structures hit [Y/N]?:                 	|n|
2024-01-31 09:51:45,124 - [ DEBUG] - TECHNICAL:	 is data entered correct? [Y/N]: 	|n|
2024-01-31 09:51:56,312 - [ DEBUG] - |-- RADIATION picture count       [INT]  : 	|3|
2024-01-31 09:51:59,988 - [ DEBUG] - |-- P1M:3 [FLOAT]: 	|63.84|
2024-01-31 09:52:23,507 - [ DEBUG] - |-- P1M:4 [FLOAT]: 	|45.03|
2024-01-31 09:52:25,137 - [ DEBUG] - |-- P1M:8 [FLOAT]: 	|121.56|
2024-01-31 09:52:31,544 - [ DEBUG] - |-- P1M:9 [FLOAT]: 	|112.81|
2024-01-31 09:52:37,053 - [ DEBUG] - |-- P2M:3 [FLOAT]: 	|60.77|
2024-01-31 09:52:42,028 - [ DEBUG] - |-- P2M:4 [FLOAT]: 	|52.23|
2024-01-31 09:52:47,166 - [ DEBUG] - |-- P2M:8 [FLOAT]: 	|74.47|
2024-01-31 09:52:53,222 - [ DEBUG] - |-- P2M:9 [FLOAT]: 	|68.95|
2024-01-31 09:53:00,862 - [ DEBUG] - |-- P1M:3 virtual [FLOAT]: 	|63.313|
2024-01-31 09:53:00,862 - [ DEBUG] - |-- P1M:4 virtual [FLOAT]: 	|46.539|
2024-01-31 09:53:00,863 - [ DEBUG] - |-- P1M:8 virtual [FLOAT]: 	|117.128|
2024-01-31 09:53:00,863 - [ DEBUG] - |-- P1M:9 virtual [FLOAT]: 	|109.612|
2024-01-31 09:53:00,864 - [ DEBUG] - |-- P2M:3 virtual [FLOAT]: 	|58.516|
2024-01-31 09:53:00,864 - [ DEBUG] - |-- P2M:4 virtual [FLOAT]: 	|58.165|
2024-01-31 09:53:00,868 - [ DEBUG] - |-- P2M:8 virtual [FLOAT]: 	|69.053|
2024-01-31 09:53:01,536 - [ DEBUG] - |-- P2M:9 virtual [FLOAT]: 	|67.419|
2024-01-31 09:53:04,472 - [ DEBUG] - |-- CANDIDATE: confidence on entrance position in mm? [FLOAT]: 	|0|
2024-01-31 09:53:04,936 - [ DEBUG] - |-- CANDIDATE: confidence on angle in deg? [FLOAT]:            	|0|
2024-01-31 09:53:05,923 - [ DEBUG] - |-- CANDIDATE: estimate structures hit [Y/N]?:                 	|n|
2024-01-31 09:53:07,116 - [ DEBUG] - TECHNICAL:	 is data entered correct? [Y/N]: 	|y|
2024-01-31 09:53:07,119 - [  INFO] - PERFORM:	 test following string on fusion 360 (already copied in clipboard) -> 
{"datatype": "PA", "TEST_id": "87a6ce", "ECP_id": "b18c402e", "id": "9c8cc2f35d", "comment": "", "time_init": 1706690694.84, "phase": 1, "ECP_number": 2, "PA_number": 1, "success": true, "PA_D": -1.0, "PA_RPC": 3, "P1A": 63.040000000000006, "P1B": 44.230000000000004, "P1C": 120.76, "P1D": 112.01, "P2A": 59.970000000000006, "P2B": 51.43, "P2C": 73.67, "P2D": 68.15, "P1A_F": -1.0, "P1B_F": -1.0, "P1C_F": -1.0, "P1D_F": -1.0, "P2A_F": -1.0, "P2B_F": -1.0, "P2C_F": -1.0, "P2D_F": -1.0, "P2eA": -1.0, "P2eB": -1.0, "P2eC": -1.0, "P2eD": -1.0, "P1A_U": 63.313, "P1B_U": 46.539, "P1C_U": 117.128, "P1D_U": 109.612, "P2eA_U": 58.516, "P2eB_U": 58.165, "P2eC_U": 69.053, "P2eD_U": 67.419, "P1_mean_max": 1.0, "P1_mean": -1.0, "P2_mean_max": 2.0, "P2_mean": -1.0, "confidence_position": 0.0, "confidence_angle": 0.0, "estimate_hit": false, "target": "ECP:2", "markers": {"A": "M:3", "B": "M:4", "C": "M:8", "D": "M:9"}, "fusion_computed": false, "anatomy": {"basilic vein": -1.0, "brachial artery": -1.0, "brachial vein": -1.0, "cephalic vein": -1.0, "inferior ulnar collateral artery": -1.0, "median antebrachial vein": -1.0, "median cubital vein": -1.0, "median cubital vein 1": -1.0, "middle collateral artery": -1.0, "radial artery": -1.0, "radial collateral artery": -1.0, "radial veins": -1.0, "random artery 1": -1.0, "random artery 2": -1.0, "ulnar artery": -1.0, "ulnar veins": -1.0, "anterior branch of medial antebrachial cutaneous nerve": -1.0, "anterior interosseous nerve of forearm": -1.0, "deep branch of radial nerve": -1.0, "lateral antebrachial cutaneous nerve": -1.0, "median nerve": -1.0, "muscular branches of radial nerve": -1.0, "musculocutaneous nerve": -1.0, "posterior antebrachial cutaneous nerve": -1.0, "posterior branch of medial antebrachial cutaneous nerve": -1.0, "radial nerve": -1.0, "superficial branch of radial nerve": -1.0, "ulnar nerve": -1.0}, "angle_PA_target": -1.0, "distance_P1_PA_target": -1.0, "distance_P1_PA_target_X": -1.0, "distance_P1_PA_target_Y": -1.0, "distance_P1_PA_target_Z": -1.0, "distance_P2_PA_target": -1.0, "distance_P2_PA_target_X": -1.0, "distance_P2_PA_target_Y": -1.0, "distance_P2_PA_target_Z": -1.0, "distance_P2e_PA_target": -1.0, "distance_P2e_PA_target_X": -1.0, "distance_P2e_PA_target_Y": -1.0, "distance_P2e_PA_target_Z": -1.0, "delta_id_PA_target": -1.0}
2024-01-31 09:54:09,439 - [ DEBUG] - PERFORM:	 enter data from fusion 360: 	|{"datatype": "PA", "TEST_id": "87a6ce", "ECP_id": "b18c402e", "id": "9c8cc2f35d", "comment": "", "time_init": 1706690694.84, "phase": 1, "ECP_number": 2, "PA_number": 1, "success": true, "PA_D": -1.0, "PA_RPC": 3, "P1A": 63.040000000000006, "P1B": 44.230000000000004, "P1C": 120.76, "P1D": 112.01, "P2A": 59.970000000000006, "P2B": 51.43, "P2C": 73.67, "P2D": 68.15, "P1A_F": 62.872, "P1B_F": 44.467, "P1C_F": 120.835, "P1D_F": 111.926, "P2A_F": 60.215, "P2B_F": 52.206, "P2C_F": 75.271, "P2D_F": 68.42, "P2eA": 62.872, "P2eB": 44.467, "P2eC": 120.835, "P2eD": 111.926, "P1A_U": 63.313, "P1B_U": 46.539, "P1C_U": 117.128, "P1D_U": 109.612, "P2eA_U": 58.516, "P2eB_U": 58.165, "P2eC_U": 69.053, "P2eD_U": 67.419, "P1_mean_max": 1.0, "P1_mean": 0.615, "P2_mean_max": 2.0, "P2_mean": 1.525, "confidence_position": 0.0, "confidence_angle": 0.0, "estimate_hit": false, "target": "ECP:2", "markers": {"A": "M:3", "B": "M:4", "C": "M:8", "D": "M:9"}, "fusion_computed": true, "anatomy": {"basilic vein": 41.897, "brachial artery": 38.576, "brachial vein": 39.817, "cephalic vein": 25.404, "inferior ulnar collateral artery": 39.063, "median antebrachial vein": 64.24, "median cubital vein": 42.894, "median cubital vein 1": 47.437, "middle collateral artery": 0.0, "radial artery": 54.47, "radial collateral artery": 0.0, "radial veins": 62.397, "random artery 1": 27.45, "random artery 2": 50.341, "ulnar artery": 54.47, "ulnar veins": 62.432, "anterior branch of medial antebrachial cutaneous nerve": 49.549, "anterior interosseous nerve of forearm": 53.994, "deep branch of radial nerve": 53.243, "lateral antebrachial cutaneous nerve": 51.403, "median nerve": 47.532, "muscular branches of radial nerve": 0.0, "musculocutaneous nerve": 25.815, "posterior antebrachial cutaneous nerve": 40.563, "posterior branch of medial antebrachial cutaneous nerve": 45.649, "radial nerve": 17.937, "superficial branch of radial nerve": 53.5, "ulnar nerve": 36.922}, "angle_PA_target": 89.033, "distance_P1_PA_target": 80.24, "distance_P1_PA_target_X": 6.9, "distance_P1_PA_target_Y": 47.133, "distance_P1_PA_target_Z": 64.57, "distance_P2_PA_target": 14.32, "distance_P2_PA_target_X": -5.328, "distance_P2_PA_target_Y": 8.254, "distance_P2_PA_target_Z": 10.418, "distance_P2e_PA_target": 62.3, "distance_P2e_PA_target_X": 33.009, "distance_P2e_PA_target_Y": 21.821, "distance_P2e_PA_target_Z": 48.12, "delta_id_PA_target": 39.912}|
2024-01-31 09:54:10,764 - [ DEBUG] - TECHNICAL:	 want to remeasure P1? [Y/N]: 	|y|
2024-01-31 09:54:43,511 - [ DEBUG] - |-- P1M:3 [FLOAT]: 	|63.66|
2024-01-31 09:56:04,087 - [ DEBUG] - |-- P1M:4 [FLOAT]: 	|44.84|
2024-01-31 09:56:26,332 - [ DEBUG] - |-- P1M:8 [FLOAT]: 	|121.61|
2024-01-31 09:56:43,819 - [ DEBUG] - |-- P1M:9 [FLOAT]: 	|113.11|
2024-01-31 09:56:43,822 - [  INFO] - PERFORM:	 test following string on fusion 360 (already copied in clipboard) -> 
{"datatype": "PA", "TEST_id": "87a6ce", "ECP_id": "b18c402e", "id": "9c8cc2f35d", "comment": "", "time_init": 1706690694.84, "phase": 1, "ECP_number": 2, "PA_number": 1, "success": true, "PA_D": -1.0, "PA_RPC": 3, "P1A": 63.66, "P1B": 44.84, "P1C": 121.61, "P1D": 113.11, "P2A": 59.970000000000006, "P2B": 51.43, "P2C": 73.67, "P2D": 68.15, "P1A_F": 62.872, "P1B_F": 44.467, "P1C_F": 120.835, "P1D_F": 111.926, "P2A_F": 60.215, "P2B_F": 52.206, "P2C_F": 75.271, "P2D_F": 68.42, "P2eA": 62.872, "P2eB": 44.467, "P2eC": 120.835, "P2eD": 111.926, "P1A_U": 63.313, "P1B_U": 46.539, "P1C_U": 117.128, "P1D_U": 109.612, "P2eA_U": 58.516, "P2eB_U": 58.165, "P2eC_U": 69.053, "P2eD_U": 67.419, "P1_mean_max": 1.0, "P1_mean": 0.615, "P2_mean_max": 2.0, "P2_mean": 1.525, "confidence_position": 0.0, "confidence_angle": 0.0, "estimate_hit": false, "target": "ECP:2", "markers": {"A": "M:3", "B": "M:4", "C": "M:8", "D": "M:9"}, "fusion_computed": true, "anatomy": {"basilic vein": 41.897, "brachial artery": 38.576, "brachial vein": 39.817, "cephalic vein": 25.404, "inferior ulnar collateral artery": 39.063, "median antebrachial vein": 64.24, "median cubital vein": 42.894, "median cubital vein 1": 47.437, "middle collateral artery": 0.0, "radial artery": 54.47, "radial collateral artery": 0.0, "radial veins": 62.397, "random artery 1": 27.45, "random artery 2": 50.341, "ulnar artery": 54.47, "ulnar veins": 62.432, "anterior branch of medial antebrachial cutaneous nerve": 49.549, "anterior interosseous nerve of forearm": 53.994, "deep branch of radial nerve": 53.243, "lateral antebrachial cutaneous nerve": 51.403, "median nerve": 47.532, "muscular branches of radial nerve": 0.0, "musculocutaneous nerve": 25.815, "posterior antebrachial cutaneous nerve": 40.563, "posterior branch of medial antebrachial cutaneous nerve": 45.649, "radial nerve": 17.937, "superficial branch of radial nerve": 53.5, "ulnar nerve": 36.922}, "angle_PA_target": 89.033, "distance_P1_PA_target": 80.24, "distance_P1_PA_target_X": 6.9, "distance_P1_PA_target_Y": 47.133, "distance_P1_PA_target_Z": 64.57, "distance_P2_PA_target": 14.32, "distance_P2_PA_target_X": -5.328, "distance_P2_PA_target_Y": 8.254, "distance_P2_PA_target_Z": 10.418, "distance_P2e_PA_target": 62.3, "distance_P2e_PA_target_X": 33.009, "distance_P2e_PA_target_Y": 21.821, "distance_P2e_PA_target_Z": 48.12, "delta_id_PA_target": 39.912}
2024-01-31 09:57:23,011 - [ DEBUG] - PERFORM:	 enter data from fusion 360: 	|{"datatype": "PA", "TEST_id": "87a6ce", "ECP_id": "b18c402e", "id": "9c8cc2f35d", "comment": "", "time_init": 1706690694.84, "phase": 1, "ECP_number": 2, "PA_number": 1, "success": true, "PA_D": -1.0, "PA_RPC": 3, "P1A": 63.66, "P1B": 44.84, "P1C": 121.61, "P1D": 113.11, "P2A": 59.970000000000006, "P2B": 51.43, "P2C": 73.67, "P2D": 68.15, "P1A_F": 63.897, "P1B_F": 44.495, "P1C_F": 121.492, "P1D_F": 113.229, "P2A_F": 60.215, "P2B_F": 52.206, "P2C_F": 75.271, "P2D_F": 68.42, "P2eA": 55.532, "P2eB": 43.304, "P2eC": 85.658, "P2eD": 78.154, "P1A_U": 63.313, "P1B_U": 46.539, "P1C_U": 117.128, "P1D_U": 109.612, "P2eA_U": 58.516, "P2eB_U": 58.165, "P2eC_U": 69.053, "P2eD_U": 67.419, "P1_mean_max": 1.0, "P1_mean": 0.896, "P2_mean_max": 2.0, "P2_mean": 1.525, "confidence_position": 0.0, "confidence_angle": 0.0, "estimate_hit": false, "target": "ECP:2", "markers": {"A": "M:3", "B": "M:4", "C": "M:8", "D": "M:9"}, "fusion_computed": true, "anatomy": {"basilic vein": 35.553, "brachial artery": 13.673, "brachial vein": 8.56, "cephalic vein": 25.049, "inferior ulnar collateral artery": 18.411, "median antebrachial vein": 37.225, "median cubital vein": 24.016, "median cubital vein 1": 19.482, "middle collateral artery": 12.656, "radial artery": 12.429, "radial collateral artery": 24.282, "radial veins": 14.157, "random artery 1": 20.222, "random artery 2": 23.206, "ulnar artery": 11.97, "ulnar veins": 14.196, "anterior branch of medial antebrachial cutaneous nerve": 30.231, "anterior interosseous nerve of forearm": 13.168, "deep branch of radial nerve": 14.033, "lateral antebrachial cutaneous nerve": 12.283, "median nerve": 14.199, "muscular branches of radial nerve": 11.498, "musculocutaneous nerve": 12.922, "posterior antebrachial cutaneous nerve": 27.783, "posterior branch of medial antebrachial cutaneous nerve": 38.177, "radial nerve": 14.634, "superficial branch of radial nerve": 14.542, "ulnar nerve": 33.177}, "angle_PA_target": 6.437, "distance_P1_PA_target": 6.797, "distance_P1_PA_target_X": 1.86, "distance_P1_PA_target_Y": -6.527, "distance_P1_PA_target_Z": -0.374, "distance_P2_PA_target": 14.32, "distance_P2_PA_target_X": -5.328, "distance_P2_PA_target_Y": 8.254, "distance_P2_PA_target_Z": 10.418, "distance_P2e_PA_target": 5.115, "distance_P2e_PA_target_X": 3.205, "distance_P2e_PA_target_Y": -2.021, "distance_P2e_PA_target_Z": 3.437, "delta_id_PA_target": -3.824}|
2024-01-31 09:57:24,327 - [ DEBUG] - TECHNICAL:	 want to remeasure P1? [Y/N]: 	|n|
2024-01-31 09:57:24,650 - [ DEBUG] - TECHNICAL:	 want to remeasure P2? [Y/N]: 	|n|
2024-01-31 09:57:26,087 - [ DEBUG] - TECHNICAL:	 comment on PA (9c8cc2f35d) [STRING]: 	||
2024-01-31 09:57:26,087 - [  INFO] - PA2.1 FINISHED!
2024-01-31 09:57:26,087 - [  INFO] - DATA COLLECTION - ECP2 - (b18c402e)
2024-01-31 09:57:33,355 - [ DEBUG] - |-- ease of placement [0 difficult - 5 easy]: 	|5|
2024-01-31 09:57:33,356 - [  INFO] - ########################
2024-01-31 09:57:33,356 - [  INFO] - ECP3 START! (0df20dfc)
2024-01-31 09:57:33,358 - [  INFO] - ------------------------
2024-01-31 09:57:33,358 - [  INFO] - PA3.1 START! (9d2f2fe122)
2024-01-31 09:57:34,970 - [ DEBUG] - PERFORM:	 reset x-ray machine [ENTER when done]: 	||
2024-01-31 09:58:33,197 - [ DEBUG] - PERFORM:	 give instruction to insert k-wire [ENTER when instruction given]: 	||
2024-01-31 09:59:39,053 - [ DEBUG] - CANDIDATE:	 inserting k-wire... -> checks it and declares it failed [f] or successful [s] (restart timer [r]): 	|s|
2024-01-31 09:59:39,053 - [  INFO] - \_candidate has performed SUCCESSFUL positioning attempt!
2024-01-31 09:59:39,054 - [  INFO] - DATA COLLECTION - PA3.1 - (9d2f2fe122)
2024-01-31 09:59:55,050 - [ DEBUG] - |-- RADIATION picture count       [INT]  : 	|3|
2024-01-31 10:06:14,941 - [ DEBUG] - |-- P1M:2 [FLOAT]: 	|102.67|
2024-01-31 10:06:32,369 - [ DEBUG] - |-- P1M:3 [FLOAT]: 	|93.99|
2024-01-31 10:07:12,475 - [ DEBUG] - |-- P1M:7 [FLOAT]: 	|61.10|
2024-01-31 10:07:29,337 - [ DEBUG] - |-- P1M:8 [FLOAT]: 	|45.98|
2024-01-31 10:07:58,101 - [ DEBUG] - |-- P2M:2 [FLOAT]: 	|76.39|
2024-01-31 10:08:14,861 - [ DEBUG] - |-- P2M:3 [FLOAT]: 	|64.62|
2024-01-31 10:09:15,034 - [ DEBUG] - |-- P2M:7 [FLOAT]: 	|69.41|
2024-01-31 10:09:19,035 - [ DEBUG] - |-- P2M:8 [FLOAT]: 	|67.48|
2024-01-31 10:10:50,674 - [ DEBUG] - |-- P1M:2 virtual [FLOAT]: 	|103.164|
2024-01-31 10:10:50,674 - [ DEBUG] - |-- P1M:3 virtual [FLOAT]: 	|96.410|
2024-01-31 10:10:50,675 - [ DEBUG] - |-- P1M:7 virtual [FLOAT]: 	|59.473|
2024-01-31 10:10:50,675 - [ DEBUG] - |-- P1M:8 virtual [FLOAT]: 	|46.732|
2024-01-31 10:10:50,676 - [ DEBUG] - |-- P2M:2 virtual [FLOAT]: 	|64.679|
2024-01-31 10:10:50,676 - [ DEBUG] - |-- P2M:3 virtual [FLOAT]: 	|55.114|
2024-01-31 10:10:50,677 - [ DEBUG] - |-- P2M:7 virtual [FLOAT]: 	|80.289|
2024-01-31 10:10:51,559 - [ DEBUG] - |-- P2M:8 virtual [FLOAT]: 	|71.206|
2024-01-31 10:10:56,214 - [ DEBUG] - |-- CANDIDATE: confidence on entrance position in mm? [FLOAT]: 	|0|
2024-01-31 10:10:56,962 - [ DEBUG] - |-- CANDIDATE: confidence on angle in deg? [FLOAT]:            	|0|
2024-01-31 10:10:57,916 - [ DEBUG] - |-- CANDIDATE: estimate structures hit [Y/N]?:                 	|n|
2024-01-31 10:10:59,685 - [ DEBUG] - TECHNICAL:	 is data entered correct? [Y/N]: 	|y|
2024-01-31 10:10:59,689 - [  INFO] - PERFORM:	 test following string on fusion 360 (already copied in clipboard) -> 
{"datatype": "PA", "TEST_id": "87a6ce", "ECP_id": "0df20dfc", "id": "9d2f2fe122", "comment": "", "time_init": 1706691513.2, "phase": 1, "ECP_number": 3, "PA_number": 1, "success": true, "PA_D": -1.0, "PA_RPC": 3, "P1A": 101.87, "P1B": 93.19, "P1C": 60.300000000000004, "P1D": 45.18, "P2A": 75.59, "P2B": 63.82000000000001, "P2C": 68.61, "P2D": 66.68, "P1A_F": -1.0, "P1B_F": -1.0, "P1C_F": -1.0, "P1D_F": -1.0, "P2A_F": -1.0, "P2B_F": -1.0, "P2C_F": -1.0, "P2D_F": -1.0, "P2eA": -1.0, "P2eB": -1.0, "P2eC": -1.0, "P2eD": -1.0, "P1A_U": 103.164, "P1B_U": 96.41, "P1C_U": 59.473, "P1D_U": 46.732, "P2eA_U": 64.679, "P2eB_U": 55.114, "P2eC_U": 80.289, "P2eD_U": 71.206, "P1_mean_max": 1.0, "P1_mean": -1.0, "P2_mean_max": 2.0, "P2_mean": -1.0, "confidence_position": 0.0, "confidence_angle": 0.0, "estimate_hit": false, "target": "ECP:3", "markers": {"A": "M:2", "B": "M:3", "C": "M:7", "D": "M:8"}, "fusion_computed": false, "anatomy": {"basilic vein": -1.0, "brachial artery": -1.0, "brachial vein": -1.0, "cephalic vein": -1.0, "inferior ulnar collateral artery": -1.0, "median antebrachial vein": -1.0, "median cubital vein": -1.0, "median cubital vein 1": -1.0, "middle collateral artery": -1.0, "radial artery": -1.0, "radial collateral artery": -1.0, "radial veins": -1.0, "random artery 1": -1.0, "random artery 2": -1.0, "ulnar artery": -1.0, "ulnar veins": -1.0, "anterior branch of medial antebrachial cutaneous nerve": -1.0, "anterior interosseous nerve of forearm": -1.0, "deep branch of radial nerve": -1.0, "lateral antebrachial cutaneous nerve": -1.0, "median nerve": -1.0, "muscular branches of radial nerve": -1.0, "musculocutaneous nerve": -1.0, "posterior antebrachial cutaneous nerve": -1.0, "posterior branch of medial antebrachial cutaneous nerve": -1.0, "radial nerve": -1.0, "superficial branch of radial nerve": -1.0, "ulnar nerve": -1.0}, "angle_PA_target": -1.0, "distance_P1_PA_target": -1.0, "distance_P1_PA_target_X": -1.0, "distance_P1_PA_target_Y": -1.0, "distance_P1_PA_target_Z": -1.0, "distance_P2_PA_target": -1.0, "distance_P2_PA_target_X": -1.0, "distance_P2_PA_target_Y": -1.0, "distance_P2_PA_target_Z": -1.0, "distance_P2e_PA_target": -1.0, "distance_P2e_PA_target_X": -1.0, "distance_P2e_PA_target_Y": -1.0, "distance_P2e_PA_target_Z": -1.0, "delta_id_PA_target": -1.0}
2024-01-31 10:11:58,853 - [ DEBUG] - PERFORM:	 enter data from fusion 360: 	|{"datatype": "PA", "TEST_id": "87a6ce", "ECP_id": "0df20dfc", "id": "9d2f2fe122", "comment": "", "time_init": 1706691513.2, "phase": 1, "ECP_number": 3, "PA_number": 1, "success": true, "PA_D": -1.0, "PA_RPC": 3, "P1A": 101.87, "P1B": 93.19, "P1C": 60.300000000000004, "P1D": 45.18, "P2A": 75.59, "P2B": 63.82000000000001, "P2C": 68.61, "P2D": 66.68, "P1A_F": 101.736, "P1B_F": 93.327, "P1C_F": 60.497, "P1D_F": 44.871, "P2A_F": 70.243, "P2B_F": 63.795, "P2C_F": 68.639, "P2D_F": 60.637, "P2eA": 79.667, "P2eB": 72.319, "P2eC": 63.402, "P2eD": 52.785, "P1A_U": 103.164, "P1B_U": 96.41, "P1C_U": 59.473, "P1D_U": 46.732, "P2eA_U": 64.679, "P2eB_U": 55.114, "P2eC_U": 80.289, "P2eD_U": 71.206, "P1_mean_max": 1.0, "P1_mean": 0.733, "P2_mean_max": 2.0, "P2_mean": 9.892, "confidence_position": 0.0, "confidence_angle": 0.0, "estimate_hit": false, "target": "ECP:3", "markers": {"A": "M:2", "B": "M:3", "C": "M:7", "D": "M:8"}, "fusion_computed": true, "anatomy": {"basilic vein": 15.864, "brachial artery": 20.439, "brachial vein": 17.381, "cephalic vein": 21.0, "inferior ulnar collateral artery": 17.684, "median antebrachial vein": 22.692, "median cubital vein": 16.996, "median cubital vein 1": 26.723, "middle collateral artery": 13.258, "radial artery": 37.211, "radial collateral artery": 5.761, "radial veins": 48.377, "random artery 1": 8.302, "random artery 2": 24.479, "ulnar artery": 37.211, "ulnar veins": 48.384, "anterior branch of medial antebrachial cutaneous nerve": 24.552, "anterior interosseous nerve of forearm": 30.64, "deep branch of radial nerve": 42.069, "lateral antebrachial cutaneous nerve": 34.466, "median nerve": 20.999, "muscular branches of radial nerve": 15.994, "musculocutaneous nerve": 14.97, "posterior antebrachial cutaneous nerve": 33.732, "posterior branch of medial antebrachial cutaneous nerve": 0.084, "radial nerve": 17.202, "superficial branch of radial nerve": 42.087, "ulnar nerve": 6.221}, "angle_PA_target": 0.066, "distance_P1_PA_target": 13.524, "distance_P1_PA_target_X": 4.68, "distance_P1_PA_target_Y": -4.294, "distance_P1_PA_target_Z": 11.94, "distance_P2_PA_target": 8.901, "distance_P2_PA_target_X": 1.239, "distance_P2_PA_target_Y": -2.76, "distance_P2_PA_target_Z": 8.371, "distance_P2e_PA_target": 7.554, "distance_P2e_PA_target_X": -7.463, "distance_P2e_PA_target_Y": 1.072, "distance_P2e_PA_target_Z": -0.466, "delta_id_PA_target": 18.17}|
2024-01-31 10:11:58,853 - [  INFO] - TECHNICAL:	 ATTENTION: P2 measurement error is above max allowed! Please take measurement again:
2024-01-31 10:12:31,552 - [ DEBUG] - |-- P2M:2 [FLOAT]: 	|75.96|
2024-01-31 10:12:59,686 - [ DEBUG] - |-- P2M:3 [FLOAT]: 	|65.29|
2024-01-31 10:13:28,604 - [ DEBUG] - |-- P2M:7 [FLOAT]: 	|69.40|
2024-01-31 10:13:46,936 - [ DEBUG] - |-- P2M:8 [FLOAT]: 	|57.42|
2024-01-31 10:13:46,939 - [  INFO] - PERFORM:	 test following string on fusion 360 (already copied in clipboard) -> 
{"datatype": "PA", "TEST_id": "87a6ce", "ECP_id": "0df20dfc", "id": "9d2f2fe122", "comment": "", "time_init": 1706691513.2, "phase": 1, "ECP_number": 3, "PA_number": 1, "success": true, "PA_D": -1.0, "PA_RPC": 3, "P1A": 101.87, "P1B": 93.19, "P1C": 60.300000000000004, "P1D": 45.18, "P2A": 75.96, "P2B": 65.29, "P2C": 69.4, "P2D": 57.42, "P1A_F": 101.736, "P1B_F": 93.327, "P1C_F": 60.497, "P1D_F": 44.871, "P2A_F": 70.243, "P2B_F": 63.795, "P2C_F": 68.639, "P2D_F": 60.637, "P2eA": 79.667, "P2eB": 72.319, "P2eC": 63.402, "P2eD": 52.785, "P1A_U": 103.164, "P1B_U": 96.41, "P1C_U": 59.473, "P1D_U": 46.732, "P2eA_U": 64.679, "P2eB_U": 55.114, "P2eC_U": 80.289, "P2eD_U": 71.206, "P1_mean_max": 1.0, "P1_mean": 0.733, "P2_mean_max": 2.0, "P2_mean": 9.892, "confidence_position": 0.0, "confidence_angle": 0.0, "estimate_hit": false, "target": "ECP:3", "markers": {"A": "M:2", "B": "M:3", "C": "M:7", "D": "M:8"}, "fusion_computed": true, "anatomy": {"basilic vein": 15.864, "brachial artery": 20.439, "brachial vein": 17.381, "cephalic vein": 21.0, "inferior ulnar collateral artery": 17.684, "median antebrachial vein": 22.692, "median cubital vein": 16.996, "median cubital vein 1": 26.723, "middle collateral artery": 13.258, "radial artery": 37.211, "radial collateral artery": 5.761, "radial veins": 48.377, "random artery 1": 8.302, "random artery 2": 24.479, "ulnar artery": 37.211, "ulnar veins": 48.384, "anterior branch of medial antebrachial cutaneous nerve": 24.552, "anterior interosseous nerve of forearm": 30.64, "deep branch of radial nerve": 42.069, "lateral antebrachial cutaneous nerve": 34.466, "median nerve": 20.999, "muscular branches of radial nerve": 15.994, "musculocutaneous nerve": 14.97, "posterior antebrachial cutaneous nerve": 33.732, "posterior branch of medial antebrachial cutaneous nerve": 0.084, "radial nerve": 17.202, "superficial branch of radial nerve": 42.087, "ulnar nerve": 6.221}, "angle_PA_target": 0.066, "distance_P1_PA_target": 13.524, "distance_P1_PA_target_X": 4.68, "distance_P1_PA_target_Y": -4.294, "distance_P1_PA_target_Z": 11.94, "distance_P2_PA_target": 8.901, "distance_P2_PA_target_X": 1.239, "distance_P2_PA_target_Y": -2.76, "distance_P2_PA_target_Z": 8.371, "distance_P2e_PA_target": 7.554, "distance_P2e_PA_target_X": -7.463, "distance_P2e_PA_target_Y": 1.072, "distance_P2e_PA_target_Z": -0.466, "delta_id_PA_target": 18.17}
2024-01-31 10:15:15,659 - [ DEBUG] - PERFORM:	 enter data from fusion 360: 	|{"datatype": "PA", "TEST_id": "87a6ce", "ECP_id": "0df20dfc", "id": "9d2f2fe122", "comment": "", "time_init": 1706691513.2, "phase": 1, "ECP_number": 3, "PA_number": 1, "success": true, "PA_D": -1.0, "PA_RPC": 3, "P1A": 101.87, "P1B": 93.19, "P1C": 60.300000000000004, "P1D": 45.18, "P2A": 75.96, "P2B": 65.29, "P2C": 69.4, "P2D": 57.42, "P1A_F": 101.736, "P1B_F": 93.327, "P1C_F": 60.497, "P1D_F": 44.871, "P2A_F": 75.778, "P2B_F": 65.399, "P2C_F": 69.505, "P2D_F": 57.134, "P2eA": 77.766, "P2eB": 67.583, "P2eC": 68.153, "P2eD": 55.42, "P1A_U": 103.164, "P1B_U": 96.41, "P1C_U": 59.473, "P1D_U": 46.732, "P2eA_U": 64.679, "P2eB_U": 55.114, "P2eC_U": 80.289, "P2eD_U": 71.206, "P1_mean_max": 1.0, "P1_mean": 0.733, "P2_mean_max": 2.0, "P2_mean": 1.86, "confidence_position": 0.0, "confidence_angle": 0.0, "estimate_hit": false, "target": "ECP:3", "markers": {"A": "M:2", "B": "M:3", "C": "M:7", "D": "M:8"}, "fusion_computed": true, "anatomy": {"basilic vein": 22.544, "brachial artery": 30.378, "brachial vein": 26.294, "cephalic vein": 34.963, "inferior ulnar collateral artery": 21.218, "median antebrachial vein": 25.281, "median cubital vein": 23.588, "median cubital vein 1": 35.39, "middle collateral artery": 0.736, "radial artery": 43.679, "radial collateral artery": 8.462, "radial veins": 53.039, "random artery 1": 1.334, "random artery 2": 27.284, "ulnar artery": 43.679, "ulnar veins": 53.042, "anterior branch of medial antebrachial cutaneous nerve": 31.159, "anterior interosseous nerve of forearm": 37.275, "deep branch of radial nerve": 48.99, "lateral antebrachial cutaneous nerve": 41.017, "median nerve": 28.527, "muscular branches of radial nerve": 4.315, "musculocutaneous nerve": 24.619, "posterior antebrachial cutaneous nerve": 44.108, "posterior branch of medial antebrachial cutaneous nerve": 1.522, "radial nerve": 27.866, "superficial branch of radial nerve": 49.005, "ulnar nerve": 1.801}, "angle_PA_target": 7.689, "distance_P1_PA_target": 13.524, "distance_P1_PA_target_X": 4.68, "distance_P1_PA_target_Y": -4.294, "distance_P1_PA_target_Z": 11.94, "distance_P2_PA_target": 4.054, "distance_P2_PA_target_X": -1.658, "distance_P2_PA_target_Y": -3.615, "distance_P2_PA_target_Z": 0.789, "distance_P2e_PA_target": 4.561, "distance_P2e_PA_target_X": -3.686, "distance_P2e_PA_target_Y": -2.54, "distance_P2e_PA_target_Z": -0.876, "delta_id_PA_target": 14.58}|
2024-01-31 10:15:17,092 - [ DEBUG] - TECHNICAL:	 want to remeasure P1? [Y/N]: 	|n|
2024-01-31 10:15:17,855 - [ DEBUG] - TECHNICAL:	 want to remeasure P2? [Y/N]: 	|n|
2024-01-31 10:15:18,721 - [ DEBUG] - TECHNICAL:	 comment on PA (9d2f2fe122) [STRING]: 	||
2024-01-31 10:15:18,721 - [  INFO] - PA3.1 FINISHED!
2024-01-31 10:15:18,722 - [  INFO] - DATA COLLECTION - ECP3 - (0df20dfc)
2024-01-31 10:15:25,564 - [ DEBUG] - |-- ease of placement [0 difficult - 5 easy]: 	|5|
2024-01-31 10:15:25,564 - [  INFO] - DATA COLLECTION - TEST - (87a6ce)
2024-01-31 10:15:31,097 - [ DEBUG] - |-- realism xray    [-1 : 5]:            	|4|
2024-01-31 10:15:31,686 - [ DEBUG] - |-- realism AR      [-1 : 5]:            	|5|
2024-01-31 10:15:32,339 - [ DEBUG] - |-- realism phantom [-1 : 5]:            	|4|
2024-01-31 10:15:36,860 - [ DEBUG] - |-- simulation quality xray    [-1 : 5]: 	|5|
2024-01-31 10:15:37,273 - [ DEBUG] - |-- simulation quality AR      [-1 : 5]: 	|5|
2024-01-31 10:15:37,683 - [ DEBUG] - |-- simulation quality phantom [-1 : 5]: 	|4|
2024-01-31 10:15:43,029 - [ DEBUG] - |-- comfort xray [-1 : 5]:               	|4|
2024-01-31 10:15:43,615 - [ DEBUG] - |-- comfort ar   [-1 : 5]:               	|5|
2024-01-31 10:15:46,303 - [ DEBUG] - TECHNICAL:	 comment on TEST (87a6ce) [STRING]: 	||
2024-01-31 10:15:46,309 - [  INFO] - SAVED ON DATABASE!
2024-01-31 10:15:46,311 - [  INFO] - bye!
