2024-01-30 14:13:06 v1.21

###### PA1.1 - (dbfbc9ec3d) ######
// following 8 values have already +0.8 inside (ready to paste in companion)
75.4
65.07
103.43
98.48
58.68
52.78
78.97
74.53
------
74.59
64.64
103.56
98.26
56.42
59.76
75.73
76.18


###### PA2.1 - (6e3396a797) ######
// following 8 values have already +0.8 inside (ready to paste in companion)
54.63
40.38
113.54
107.49
58.26
55.03
73.62
70.94
------
53.291
38.292
112.604
106.609
65.198
63.641
63.347
60.556


###### PA2.2 - (6ad1c98ce7) ######
// following 8 values have already +0.8 inside (ready to paste in companion)
57.23
43.55
120.68
114.91
56.93
50.47
78.0
73.92
------
57.986
38.168
116.772
108.861
63.179
57.569
69.777
63.926


###### PA3.1 - (b520f08d15) ######
// following 8 values have already +0.8 inside (ready to paste in companion)
109.28
102.82
66.42
54.72
68.59
58.47
75.1
65.32
------
110.528
101.688
66.314
51.025
61.343
61.542
71.088
69.343

2024-01-30 16:17:17 v1.21

###### PA1.1 - (f4a398ea8d) ######
// following 8 values have already +0.8 inside (ready to paste in companion)
74.72
57.49
104.66
95.08
61.15
49.62
82.9
74.62
------
74.869
66.004
100.247
95.337
59.525
51.228
81.791
74.688


###### PA2.1 - (d1076f5751) ######
// following 8 values have already +0.8 inside (ready to paste in companion)
48.12
43.87
106.09
103.76
51.39
48.63
81.01
78.3
------
50.458
46.006
110.13
108.037
61.322
61.014
66.944
65.197


###### PA3.1 - (b221f1bc7f) ######
// following 8 values have already +0.8 inside (ready to paste in companion)
1.0
1.0
1.0
1.0
1.0
1.0
11.0
1.0
------
1.0
1.0
1.0
1.0
1.0
1.0
1.0
11.0


###### PA3.2 - (ad22c179fc) ######
// following 8 values have already +0.8 inside (ready to paste in companion)
97.0
93.96
61.169999999999995
56.89
70.01
63.49
70.76
63.81
------
96.608
92.665
61.654
55.36
60.5
49.878
82.944
74.437

2024-01-30 17:15:19 v1.21

###### PA1.1 - (7b6aa6aa5a) ######
// following 8 values have already +0.8 inside (ready to paste in companion)
79.57
65.88
102.04
94.48
63.37
50.75
81.82
72.68
------
80.569
67.517
102.874
94.839
62.695
49.77
83.525
73.278


###### PA2.1 - (f4fd865884) ######
// following 8 values have already +0.8 inside (ready to paste in companion)
53.419999999999995
49.55
112.81
110.74
54.04
53.56
76.55
75.5
------
53.336
48.939
112.845
110.774
57.981
60.988
66.81
67.78


###### PA3.1 - (2f4e455712) ######
// following 8 values have already +0.8 inside (ready to paste in companion)
109.15
101.87
63.03
50.44
70.83
62.2
71.07
64.52
------
110.283
102.256
65.631
51.741
63.934
53.896
78.324
69.327

2024-01-30 18:18:51 v1.21

###### PA1.1 - (47b74830ac) ######
// following 8 values have already +0.8 inside (ready to paste in companion)
54.05
49.65
105.15
104.05
50.39
37.9
93.18
87.53
------
55.267
49.067
105.903
103.789
59.363
41.371
95.032
84.068


###### PA1.2 - (14ef4d79de) ######
// following 8 values have already +0.8 inside (ready to paste in companion)
84.71
62.91
109.17
95.97
63.73
47.3
85.92
75.16
------
84.206
59.897
117.149
103.417
60.596
46.6
85.557
75.595


###### PA2.1 - (2606eae16b) ######
// following 8 values have already +0.8 inside (ready to paste in companion)
59.37
39.22
118.63
110.44
61.01
48.05
81.55
72.56
------
56.266
37.15
118.47
111.157
63.046
56.281
72.101
65.435


###### PA3.1 - (924d42feab) ######
// following 8 values have already +0.8 inside (ready to paste in companion)
98.25
88.47
74.66
63.69
62.58
58.58
74.17
71.08
------
102.699
93.687
73.35
61.307
56.204
53.488
78.669
75.391

2024-01-30 19:02:42 v1.21

###### PA1.1 - (70d3eb8844) ######
// following 8 values have already +0.8 inside (ready to paste in companion)
76.02
63.75
105.33
98.76
63.3
49.71
82.26
73.33
------
79.24
70.325
107.095
102.474
60.087
49.903
82.283
74.156


###### PA2.1 - (8a25209579) ######
// following 8 values have already +0.8 inside (ready to paste in companion)
48.94
36.01
110.41
105.64
57.809999999999995
54.4
76.42
72.6
------
58.854
52.139
107.615
104.213
61.822
65.525
62.816
64.582


###### PA3.1 - (667bfa8182) ######
// following 8 values have already +0.8 inside (ready to paste in companion)
105.64
97.21
71.84
60.75
61.15
57.23
75.1
71.68
------
106.298
96.383
74.405
60.766
57.66
50.574
81.066
75.164

2024-01-30 19:41:08 v1.21

###### PA1.1 - (81dfa9bfe2) ######
// following 8 values have already +0.8 inside (ready to paste in companion)
71.24
60.5
102.25
97.04
56.19
54.95
78.04
76.7
------
73.828
61.229
104.182
97.309
57.201
56.447
76.474
74.259


###### PA2.1 - (b671bc9e57) ######
// following 8 values have already +0.8 inside (ready to paste in companion)
63.56
47.77
112.04
104.05
64.09
59.05
68.85
64.75
------
63.494
48.367
110.902
103.576
64.142
65.276
62.245
61.768


###### PA3.1 - (a87a39302f) ######
// following 8 values have already +0.8 inside (ready to paste in companion)
106.14
97.13
65.53
51.0
79.29
73.69
62.2
54.12
------
107.112
97.222
68.267
52.317
65.676
61.489
72.122
66.392

